<?xml version="1.0" encoding="UTF-8"?>
<testsuite xmlns:xsi="http://www.w3.org/2001/XMLSchema-instance" xsi:noNamespaceSchemaLocation="https://maven.apache.org/surefire/maven-surefire-plugin/xsd/surefire-test-report-3.0.xsd" version="3.0" name="com.example.ProjectService.ProjectControllerTests" time="12.097" tests="6" errors="0" skipped="0" failures="0">
  <properties>
    <property name="java.specification.version" value="17"/>
    <property name="sun.cpu.isalist" value="amd64"/>
    <property name="sun.jnu.encoding" value="Cp1252"/>
    <property name="java.class.path" value="D:\projecten\semester6individueel\ProjectService\target\test-classes;D:\projecten\semester6individueel\ProjectService\target\classes;C:\Users\mitch\.m2\repository\org\springframework\boot\spring-boot-starter-data-jpa\3.1.5\spring-boot-starter-data-jpa-3.1.5.jar;C:\Users\mitch\.m2\repository\org\springframework\boot\spring-boot-starter-aop\3.1.5\spring-boot-starter-aop-3.1.5.jar;C:\Users\mitch\.m2\repository\org\springframework\spring-aop\6.0.13\spring-aop-6.0.13.jar;C:\Users\mitch\.m2\repository\org\aspectj\aspectjweaver\1.9.20\aspectjweaver-1.9.20.jar;C:\Users\mitch\.m2\repository\org\springframework\boot\spring-boot-starter-jdbc\3.1.5\spring-boot-starter-jdbc-3.1.5.jar;C:\Users\mitch\.m2\repository\com\zaxxer\HikariCP\5.0.1\HikariCP-5.0.1.jar;C:\Users\mitch\.m2\repository\org\springframework\spring-jdbc\6.0.13\spring-jdbc-6.0.13.jar;C:\Users\mitch\.m2\repository\org\hibernate\orm\hibernate-core\6.2.13.Final\hibernate-core-6.2.13.Final.jar;C:\Users\mitch\.m2\repository\jakarta\persistence\jakarta.persistence-api\3.1.0\jakarta.persistence-api-3.1.0.jar;C:\Users\mitch\.m2\repository\jakarta\transaction\jakarta.transaction-api\2.0.1\jakarta.transaction-api-2.0.1.jar;C:\Users\mitch\.m2\repository\org\jboss\logging\jboss-logging\3.5.3.Final\jboss-logging-3.5.3.Final.jar;C:\Users\mitch\.m2\repository\org\hibernate\common\hibernate-commons-annotations\6.0.6.Final\hibernate-commons-annotations-6.0.6.Final.jar;C:\Users\mitch\.m2\repository\io\smallrye\jandex\3.0.5\jandex-3.0.5.jar;C:\Users\mitch\.m2\repository\com\fasterxml\classmate\1.5.1\classmate-1.5.1.jar;C:\Users\mitch\.m2\repository\net\bytebuddy\byte-buddy\1.14.9\byte-buddy-1.14.9.jar;C:\Users\mitch\.m2\repository\org\glassfish\jaxb\jaxb-runtime\4.0.3\jaxb-runtime-4.0.3.jar;C:\Users\mitch\.m2\repository\org\glassfish\jaxb\jaxb-core\4.0.3\jaxb-core-4.0.3.jar;C:\Users\mitch\.m2\repository\org\eclipse\angus\angus-activation\2.0.1\angus-activation-2.0.1.jar;C:\Users\mitch\.m2\repository\org\glassfish\jaxb\txw2\4.0.3\txw2-4.0.3.jar;C:\Users\mitch\.m2\repository\com\sun\istack\istack-commons-runtime\4.1.2\istack-commons-runtime-4.1.2.jar;C:\Users\mitch\.m2\repository\jakarta\inject\jakarta.inject-api\2.0.1\jakarta.inject-api-2.0.1.jar;C:\Users\mitch\.m2\repository\org\antlr\antlr4-runtime\4.10.1\antlr4-runtime-4.10.1.jar;C:\Users\mitch\.m2\repository\org\springframework\data\spring-data-jpa\3.1.5\spring-data-jpa-3.1.5.jar;C:\Users\mitch\.m2\repository\org\springframework\data\spring-data-commons\3.1.5\spring-data-commons-3.1.5.jar;C:\Users\mitch\.m2\repository\org\springframework\spring-orm\6.0.13\spring-orm-6.0.13.jar;C:\Users\mitch\.m2\repository\org\springframework\spring-beans\6.0.13\spring-beans-6.0.13.jar;C:\Users\mitch\.m2\repository\jakarta\annotation\jakarta.annotation-api\2.1.1\jakarta.annotation-api-2.1.1.jar;C:\Users\mitch\.m2\repository\org\slf4j\slf4j-api\2.0.9\slf4j-api-2.0.9.jar;C:\Users\mitch\.m2\repository\org\springframework\spring-aspects\6.0.13\spring-aspects-6.0.13.jar;C:\Users\mitch\.m2\repository\org\springframework\boot\spring-boot-starter-web\3.1.5\spring-boot-starter-web-3.1.5.jar;C:\Users\mitch\.m2\repository\org\springframework\boot\spring-boot-starter\3.1.5\spring-boot-starter-3.1.5.jar;C:\Users\mitch\.m2\repository\org\springframework\boot\spring-boot\3.1.5\spring-boot-3.1.5.jar;C:\Users\mitch\.m2\repository\org\springframework\boot\spring-boot-autoconfigure\3.1.5\spring-boot-autoconfigure-3.1.5.jar;C:\Users\mitch\.m2\repository\org\springframework\boot\spring-boot-starter-logging\3.1.5\spring-boot-starter-logging-3.1.5.jar;C:\Users\mitch\.m2\repository\ch\qos\logback\logback-classic\1.4.11\logback-classic-1.4.11.jar;C:\Users\mitch\.m2\repository\ch\qos\logback\logback-core\1.4.11\logback-core-1.4.11.jar;C:\Users\mitch\.m2\repository\org\apache\logging\log4j\log4j-to-slf4j\2.20.0\log4j-to-slf4j-2.20.0.jar;C:\Users\mitch\.m2\repository\org\apache\logging\log4j\log4j-api\2.20.0\log4j-api-2.20.0.jar;C:\Users\mitch\.m2\repository\org\slf4j\jul-to-slf4j\2.0.9\jul-to-slf4j-2.0.9.jar;C:\Users\mitch\.m2\repository\org\yaml\snakeyaml\1.33\snakeyaml-1.33.jar;C:\Users\mitch\.m2\repository\org\springframework\boot\spring-boot-starter-json\3.1.5\spring-boot-starter-json-3.1.5.jar;C:\Users\mitch\.m2\repository\com\fasterxml\jackson\core\jackson-databind\2.15.3\jackson-databind-2.15.3.jar;C:\Users\mitch\.m2\repository\com\fasterxml\jackson\core\jackson-annotations\2.15.3\jackson-annotations-2.15.3.jar;C:\Users\mitch\.m2\repository\com\fasterxml\jackson\core\jackson-core\2.15.3\jackson-core-2.15.3.jar;C:\Users\mitch\.m2\repository\com\fasterxml\jackson\datatype\jackson-datatype-jdk8\2.15.3\jackson-datatype-jdk8-2.15.3.jar;C:\Users\mitch\.m2\repository\com\fasterxml\jackson\datatype\jackson-datatype-jsr310\2.15.3\jackson-datatype-jsr310-2.15.3.jar;C:\Users\mitch\.m2\repository\com\fasterxml\jackson\module\jackson-module-parameter-names\2.15.3\jackson-module-parameter-names-2.15.3.jar;C:\Users\mitch\.m2\repository\org\springframework\boot\spring-boot-starter-tomcat\3.1.5\spring-boot-starter-tomcat-3.1.5.jar;C:\Users\mitch\.m2\repository\org\apache\tomcat\embed\tomcat-embed-core\10.1.15\tomcat-embed-core-10.1.15.jar;C:\Users\mitch\.m2\repository\org\apache\tomcat\embed\tomcat-embed-el\10.1.15\tomcat-embed-el-10.1.15.jar;C:\Users\mitch\.m2\repository\org\apache\tomcat\embed\tomcat-embed-websocket\10.1.15\tomcat-embed-websocket-10.1.15.jar;C:\Users\mitch\.m2\repository\org\springframework\spring-web\6.0.13\spring-web-6.0.13.jar;C:\Users\mitch\.m2\repository\org\springframework\spring-webmvc\6.0.13\spring-webmvc-6.0.13.jar;C:\Users\mitch\.m2\repository\org\springframework\spring-expression\6.0.13\spring-expression-6.0.13.jar;C:\Users\mitch\.m2\repository\org\springframework\boot\spring-boot-starter-test\3.1.5\spring-boot-starter-test-3.1.5.jar;C:\Users\mitch\.m2\repository\org\springframework\boot\spring-boot-test\3.1.5\spring-boot-test-3.1.5.jar;C:\Users\mitch\.m2\repository\org\springframework\boot\spring-boot-test-autoconfigure\3.1.5\spring-boot-test-autoconfigure-3.1.5.jar;C:\Users\mitch\.m2\repository\com\jayway\jsonpath\json-path\2.8.0\json-path-2.8.0.jar;C:\Users\mitch\.m2\repository\jakarta\xml\bind\jakarta.xml.bind-api\4.0.1\jakarta.xml.bind-api-4.0.1.jar;C:\Users\mitch\.m2\repository\jakarta\activation\jakarta.activation-api\2.1.2\jakarta.activation-api-2.1.2.jar;C:\Users\mitch\.m2\repository\net\minidev\json-smart\2.4.11\json-smart-2.4.11.jar;C:\Users\mitch\.m2\repository\net\minidev\accessors-smart\2.4.11\accessors-smart-2.4.11.jar;C:\Users\mitch\.m2\repository\org\ow2\asm\asm\9.3\asm-9.3.jar;C:\Users\mitch\.m2\repository\org\assertj\assertj-core\3.24.2\assertj-core-3.24.2.jar;C:\Users\mitch\.m2\repository\org\hamcrest\hamcrest\2.2\hamcrest-2.2.jar;C:\Users\mitch\.m2\repository\org\junit\jupiter\junit-jupiter\5.9.3\junit-jupiter-5.9.3.jar;C:\Users\mitch\.m2\repository\org\junit\jupiter\junit-jupiter-params\5.9.3\junit-jupiter-params-5.9.3.jar;C:\Users\mitch\.m2\repository\org\junit\jupiter\junit-jupiter-engine\5.9.3\junit-jupiter-engine-5.9.3.jar;C:\Users\mitch\.m2\repository\org\mockito\mockito-core\5.3.1\mockito-core-5.3.1.jar;C:\Users\mitch\.m2\repository\net\bytebuddy\byte-buddy-agent\1.14.9\byte-buddy-agent-1.14.9.jar;C:\Users\mitch\.m2\repository\org\objenesis\objenesis\3.3\objenesis-3.3.jar;C:\Users\mitch\.m2\repository\org\mockito\mockito-junit-jupiter\5.3.1\mockito-junit-jupiter-5.3.1.jar;C:\Users\mitch\.m2\repository\org\skyscreamer\jsonassert\1.5.1\jsonassert-1.5.1.jar;C:\Users\mitch\.m2\repository\com\vaadin\external\google\android-json\0.0.20131108.vaadin1\android-json-0.0.20131108.vaadin1.jar;C:\Users\mitch\.m2\repository\org\springframework\spring-core\6.0.13\spring-core-6.0.13.jar;C:\Users\mitch\.m2\repository\org\springframework\spring-jcl\6.0.13\spring-jcl-6.0.13.jar;C:\Users\mitch\.m2\repository\org\springframework\spring-test\6.0.13\spring-test-6.0.13.jar;C:\Users\mitch\.m2\repository\org\xmlunit\xmlunit-core\2.9.1\xmlunit-core-2.9.1.jar;C:\Users\mitch\.m2\repository\org\springframework\kafka\spring-kafka\3.0.12\spring-kafka-3.0.12.jar;C:\Users\mitch\.m2\repository\org\springframework\spring-context\6.0.13\spring-context-6.0.13.jar;C:\Users\mitch\.m2\repository\org\springframework\spring-messaging\6.0.13\spring-messaging-6.0.13.jar;C:\Users\mitch\.m2\repository\org\springframework\spring-tx\6.0.13\spring-tx-6.0.13.jar;C:\Users\mitch\.m2\repository\org\springframework\retry\spring-retry\2.0.4\spring-retry-2.0.4.jar;C:\Users\mitch\.m2\repository\org\apache\kafka\kafka-clients\3.4.1\kafka-clients-3.4.1.jar;C:\Users\mitch\.m2\repository\com\github\luben\zstd-jni\1.5.2-1\zstd-jni-1.5.2-1.jar;C:\Users\mitch\.m2\repository\org\lz4\lz4-java\1.8.0\lz4-java-1.8.0.jar;C:\Users\mitch\.m2\repository\org\xerial\snappy\snappy-java\1.1.8.4\snappy-java-1.1.8.4.jar;C:\Users\mitch\.m2\repository\io\micrometer\micrometer-observation\1.11.5\micrometer-observation-1.11.5.jar;C:\Users\mitch\.m2\repository\io\micrometer\micrometer-commons\1.11.5\micrometer-commons-1.11.5.jar;C:\Users\mitch\.m2\repository\com\google\code\findbugs\jsr305\3.0.2\jsr305-3.0.2.jar;C:\Users\mitch\.m2\repository\org\springframework\kafka\spring-kafka-test\3.0.11\spring-kafka-test-3.0.11.jar;C:\Users\mitch\.m2\repository\org\apache\zookeeper\zookeeper\3.6.3\zookeeper-3.6.3.jar;C:\Users\mitch\.m2\repository\org\apache\zookeeper\zookeeper-jute\3.6.3\zookeeper-jute-3.6.3.jar;C:\Users\mitch\.m2\repository\org\apache\yetus\audience-annotations\0.5.0\audience-annotations-0.5.0.jar;C:\Users\mitch\.m2\repository\io\netty\netty-handler\4.1.100.Final\netty-handler-4.1.100.Final.jar;C:\Users\mitch\.m2\repository\io\netty\netty-common\4.1.100.Final\netty-common-4.1.100.Final.jar;C:\Users\mitch\.m2\repository\io\netty\netty-resolver\4.1.100.Final\netty-resolver-4.1.100.Final.jar;C:\Users\mitch\.m2\repository\io\netty\netty-buffer\4.1.100.Final\netty-buffer-4.1.100.Final.jar;C:\Users\mitch\.m2\repository\io\netty\netty-transport\4.1.100.Final\netty-transport-4.1.100.Final.jar;C:\Users\mitch\.m2\repository\io\netty\netty-transport-native-unix-common\4.1.100.Final\netty-transport-native-unix-common-4.1.100.Final.jar;C:\Users\mitch\.m2\repository\io\netty\netty-codec\4.1.100.Final\netty-codec-4.1.100.Final.jar;C:\Users\mitch\.m2\repository\io\netty\netty-transport-native-epoll\4.1.100.Final\netty-transport-native-epoll-4.1.100.Final.jar;C:\Users\mitch\.m2\repository\io\netty\netty-transport-classes-epoll\4.1.100.Final\netty-transport-classes-epoll-4.1.100.Final.jar;C:\Users\mitch\.m2\repository\org\apache\kafka\kafka-clients\3.4.1\kafka-clients-3.4.1-test.jar;C:\Users\mitch\.m2\repository\org\apache\kafka\kafka-metadata\3.4.1\kafka-metadata-3.4.1.jar;C:\Users\mitch\.m2\repository\org\apache\kafka\kafka-server-common\3.4.1\kafka-server-common-3.4.1.jar;C:\Users\mitch\.m2\repository\org\apache\kafka\kafka-raft\3.4.1\kafka-raft-3.4.1.jar;C:\Users\mitch\.m2\repository\com\yammer\metrics\metrics-core\2.2.0\metrics-core-2.2.0.jar;C:\Users\mitch\.m2\repository\org\apache\kafka\kafka-streams-test-utils\3.4.1\kafka-streams-test-utils-3.4.1.jar;C:\Users\mitch\.m2\repository\org\apache\kafka\kafka-streams\3.4.1\kafka-streams-3.4.1.jar;C:\Users\mitch\.m2\repository\org\rocksdb\rocksdbjni\7.1.2\rocksdbjni-7.1.2.jar;C:\Users\mitch\.m2\repository\org\apache\kafka\kafka_2.13\3.4.1\kafka_2.13-3.4.1.jar;C:\Users\mitch\.m2\repository\org\scala-lang\scala-library\2.13.10\scala-library-2.13.10.jar;C:\Users\mitch\.m2\repository\org\apache\kafka\kafka-group-coordinator\3.4.1\kafka-group-coordinator-3.4.1.jar;C:\Users\mitch\.m2\repository\org\apache\kafka\kafka-storage\3.4.1\kafka-storage-3.4.1.jar;C:\Users\mitch\.m2\repository\org\apache\kafka\kafka-storage-api\3.4.1\kafka-storage-api-3.4.1.jar;C:\Users\mitch\.m2\repository\net\sourceforge\argparse4j\argparse4j\0.7.0\argparse4j-0.7.0.jar;C:\Users\mitch\.m2\repository\com\fasterxml\jackson\module\jackson-module-scala_2.13\2.15.3\jackson-module-scala_2.13-2.15.3.jar;C:\Users\mitch\.m2\repository\com\thoughtworks\paranamer\paranamer\2.8\paranamer-2.8.jar;C:\Users\mitch\.m2\repository\com\fasterxml\jackson\dataformat\jackson-dataformat-csv\2.15.3\jackson-dataformat-csv-2.15.3.jar;C:\Users\mitch\.m2\repository\net\sf\jopt-simple\jopt-simple\5.0.4\jopt-simple-5.0.4.jar;C:\Users\mitch\.m2\repository\org\bitbucket\b_c\jose4j\0.9.3\jose4j-0.9.3.jar;C:\Users\mitch\.m2\repository\org\scala-lang\modules\scala-collection-compat_2.13\2.10.0\scala-collection-compat_2.13-2.10.0.jar;C:\Users\mitch\.m2\repository\org\scala-lang\modules\scala-java8-compat_2.13\1.0.2\scala-java8-compat_2.13-1.0.2.jar;C:\Users\mitch\.m2\repository\org\scala-lang\scala-reflect\2.13.10\scala-reflect-2.13.10.jar;C:\Users\mitch\.m2\repository\com\typesafe\scala-logging\scala-logging_2.13\3.9.4\scala-logging_2.13-3.9.4.jar;C:\Users\mitch\.m2\repository\io\dropwizard\metrics\metrics-core\4.2.21\metrics-core-4.2.21.jar;C:\Users\mitch\.m2\repository\commons-cli\commons-cli\1.4\commons-cli-1.4.jar;C:\Users\mitch\.m2\repository\org\apache\kafka\kafka_2.13\3.4.1\kafka_2.13-3.4.1-test.jar;C:\Users\mitch\.m2\repository\org\junit\jupiter\junit-jupiter-api\5.9.3\junit-jupiter-api-5.9.3.jar;C:\Users\mitch\.m2\repository\org\opentest4j\opentest4j\1.2.0\opentest4j-1.2.0.jar;C:\Users\mitch\.m2\repository\org\junit\platform\junit-platform-commons\1.9.3\junit-platform-commons-1.9.3.jar;C:\Users\mitch\.m2\repository\org\apiguardian\apiguardian-api\1.1.2\apiguardian-api-1.1.2.jar;C:\Users\mitch\.m2\repository\org\junit\platform\junit-platform-launcher\1.9.3\junit-platform-launcher-1.9.3.jar;C:\Users\mitch\.m2\repository\org\junit\platform\junit-platform-engine\1.9.3\junit-platform-engine-1.9.3.jar;C:\Users\mitch\.m2\repository\com\h2database\h2\2.1.214\h2-2.1.214.jar;C:\Users\mitch\.m2\repository\com\mysql\mysql-connector-j\8.0.33\mysql-connector-j-8.0.33.jar;C:\Users\mitch\.m2\repository\junit\junit\4.13.2\junit-4.13.2.jar;C:\Users\mitch\.m2\repository\org\hamcrest\hamcrest-core\2.2\hamcrest-core-2.2.jar;"/>
    <property name="java.vm.vendor" value="Amazon.com Inc."/>
    <property name="sun.arch.data.model" value="64"/>
    <property name="user.variant" value=""/>
    <property name="catalina.useNaming" value="false"/>
    <property name="java.vendor.url" value="https://aws.amazon.com/corretto/"/>
    <property name="user.timezone" value="Europe/Amsterdam"/>
    <property name="org.jboss.logging.provider" value="slf4j"/>
    <property name="os.name" value="Windows 11"/>
    <property name="java.vm.specification.version" value="17"/>
    <property name="sun.java.launcher" value="SUN_STANDARD"/>
    <property name="user.country" value="NL"/>
    <property name="sun.boot.library.path" value="C:\Users\mitch\.jdks\corretto-17.0.8.1\bin"/>
    <property name="sun.java.command" value="C:\Users\mitch\AppData\Local\Temp\surefire17565734054427320320\surefirebooter-20231121212826421_3.jar C:\Users\mitch\AppData\Local\Temp\surefire17565734054427320320 2023-11-21T21-28-26_247-jvmRun1 surefire-20231121212826421_1tmp surefire_0-20231121212826421_2tmp"/>
    <property name="jdk.debug" value="release"/>
    <property name="surefire.test.class.path" value="D:\projecten\semester6individueel\ProjectService\target\test-classes;D:\projecten\semester6individueel\ProjectService\target\classes;C:\Users\mitch\.m2\repository\org\springframework\boot\spring-boot-starter-data-jpa\3.1.5\spring-boot-starter-data-jpa-3.1.5.jar;C:\Users\mitch\.m2\repository\org\springframework\boot\spring-boot-starter-aop\3.1.5\spring-boot-starter-aop-3.1.5.jar;C:\Users\mitch\.m2\repository\org\springframework\spring-aop\6.0.13\spring-aop-6.0.13.jar;C:\Users\mitch\.m2\repository\org\aspectj\aspectjweaver\1.9.20\aspectjweaver-1.9.20.jar;C:\Users\mitch\.m2\repository\org\springframework\boot\spring-boot-starter-jdbc\3.1.5\spring-boot-starter-jdbc-3.1.5.jar;C:\Users\mitch\.m2\repository\com\zaxxer\HikariCP\5.0.1\HikariCP-5.0.1.jar;C:\Users\mitch\.m2\repository\org\springframework\spring-jdbc\6.0.13\spring-jdbc-6.0.13.jar;C:\Users\mitch\.m2\repository\org\hibernate\orm\hibernate-core\6.2.13.Final\hibernate-core-6.2.13.Final.jar;C:\Users\mitch\.m2\repository\jakarta\persistence\jakarta.persistence-api\3.1.0\jakarta.persistence-api-3.1.0.jar;C:\Users\mitch\.m2\repository\jakarta\transaction\jakarta.transaction-api\2.0.1\jakarta.transaction-api-2.0.1.jar;C:\Users\mitch\.m2\repository\org\jboss\logging\jboss-logging\3.5.3.Final\jboss-logging-3.5.3.Final.jar;C:\Users\mitch\.m2\repository\org\hibernate\common\hibernate-commons-annotations\6.0.6.Final\hibernate-commons-annotations-6.0.6.Final.jar;C:\Users\mitch\.m2\repository\io\smallrye\jandex\3.0.5\jandex-3.0.5.jar;C:\Users\mitch\.m2\repository\com\fasterxml\classmate\1.5.1\classmate-1.5.1.jar;C:\Users\mitch\.m2\repository\net\bytebuddy\byte-buddy\1.14.9\byte-buddy-1.14.9.jar;C:\Users\mitch\.m2\repository\org\glassfish\jaxb\jaxb-runtime\4.0.3\jaxb-runtime-4.0.3.jar;C:\Users\mitch\.m2\repository\org\glassfish\jaxb\jaxb-core\4.0.3\jaxb-core-4.0.3.jar;C:\Users\mitch\.m2\repository\org\eclipse\angus\angus-activation\2.0.1\angus-activation-2.0.1.jar;C:\Users\mitch\.m2\repository\org\glassfish\jaxb\txw2\4.0.3\txw2-4.0.3.jar;C:\Users\mitch\.m2\repository\com\sun\istack\istack-commons-runtime\4.1.2\istack-commons-runtime-4.1.2.jar;C:\Users\mitch\.m2\repository\jakarta\inject\jakarta.inject-api\2.0.1\jakarta.inject-api-2.0.1.jar;C:\Users\mitch\.m2\repository\org\antlr\antlr4-runtime\4.10.1\antlr4-runtime-4.10.1.jar;C:\Users\mitch\.m2\repository\org\springframework\data\spring-data-jpa\3.1.5\spring-data-jpa-3.1.5.jar;C:\Users\mitch\.m2\repository\org\springframework\data\spring-data-commons\3.1.5\spring-data-commons-3.1.5.jar;C:\Users\mitch\.m2\repository\org\springframework\spring-orm\6.0.13\spring-orm-6.0.13.jar;C:\Users\mitch\.m2\repository\org\springframework\spring-beans\6.0.13\spring-beans-6.0.13.jar;C:\Users\mitch\.m2\repository\jakarta\annotation\jakarta.annotation-api\2.1.1\jakarta.annotation-api-2.1.1.jar;C:\Users\mitch\.m2\repository\org\slf4j\slf4j-api\2.0.9\slf4j-api-2.0.9.jar;C:\Users\mitch\.m2\repository\org\springframework\spring-aspects\6.0.13\spring-aspects-6.0.13.jar;C:\Users\mitch\.m2\repository\org\springframework\boot\spring-boot-starter-web\3.1.5\spring-boot-starter-web-3.1.5.jar;C:\Users\mitch\.m2\repository\org\springframework\boot\spring-boot-starter\3.1.5\spring-boot-starter-3.1.5.jar;C:\Users\mitch\.m2\repository\org\springframework\boot\spring-boot\3.1.5\spring-boot-3.1.5.jar;C:\Users\mitch\.m2\repository\org\springframework\boot\spring-boot-autoconfigure\3.1.5\spring-boot-autoconfigure-3.1.5.jar;C:\Users\mitch\.m2\repository\org\springframework\boot\spring-boot-starter-logging\3.1.5\spring-boot-starter-logging-3.1.5.jar;C:\Users\mitch\.m2\repository\ch\qos\logback\logback-classic\1.4.11\logback-classic-1.4.11.jar;C:\Users\mitch\.m2\repository\ch\qos\logback\logback-core\1.4.11\logback-core-1.4.11.jar;C:\Users\mitch\.m2\repository\org\apache\logging\log4j\log4j-to-slf4j\2.20.0\log4j-to-slf4j-2.20.0.jar;C:\Users\mitch\.m2\repository\org\apache\logging\log4j\log4j-api\2.20.0\log4j-api-2.20.0.jar;C:\Users\mitch\.m2\repository\org\slf4j\jul-to-slf4j\2.0.9\jul-to-slf4j-2.0.9.jar;C:\Users\mitch\.m2\repository\org\yaml\snakeyaml\1.33\snakeyaml-1.33.jar;C:\Users\mitch\.m2\repository\org\springframework\boot\spring-boot-starter-json\3.1.5\spring-boot-starter-json-3.1.5.jar;C:\Users\mitch\.m2\repository\com\fasterxml\jackson\core\jackson-databind\2.15.3\jackson-databind-2.15.3.jar;C:\Users\mitch\.m2\repository\com\fasterxml\jackson\core\jackson-annotations\2.15.3\jackson-annotations-2.15.3.jar;C:\Users\mitch\.m2\repository\com\fasterxml\jackson\core\jackson-core\2.15.3\jackson-core-2.15.3.jar;C:\Users\mitch\.m2\repository\com\fasterxml\jackson\datatype\jackson-datatype-jdk8\2.15.3\jackson-datatype-jdk8-2.15.3.jar;C:\Users\mitch\.m2\repository\com\fasterxml\jackson\datatype\jackson-datatype-jsr310\2.15.3\jackson-datatype-jsr310-2.15.3.jar;C:\Users\mitch\.m2\repository\com\fasterxml\jackson\module\jackson-module-parameter-names\2.15.3\jackson-module-parameter-names-2.15.3.jar;C:\Users\mitch\.m2\repository\org\springframework\boot\spring-boot-starter-tomcat\3.1.5\spring-boot-starter-tomcat-3.1.5.jar;C:\Users\mitch\.m2\repository\org\apache\tomcat\embed\tomcat-embed-core\10.1.15\tomcat-embed-core-10.1.15.jar;C:\Users\mitch\.m2\repository\org\apache\tomcat\embed\tomcat-embed-el\10.1.15\tomcat-embed-el-10.1.15.jar;C:\Users\mitch\.m2\repository\org\apache\tomcat\embed\tomcat-embed-websocket\10.1.15\tomcat-embed-websocket-10.1.15.jar;C:\Users\mitch\.m2\repository\org\springframework\spring-web\6.0.13\spring-web-6.0.13.jar;C:\Users\mitch\.m2\repository\org\springframework\spring-webmvc\6.0.13\spring-webmvc-6.0.13.jar;C:\Users\mitch\.m2\repository\org\springframework\spring-expression\6.0.13\spring-expression-6.0.13.jar;C:\Users\mitch\.m2\repository\org\springframework\boot\spring-boot-starter-test\3.1.5\spring-boot-starter-test-3.1.5.jar;C:\Users\mitch\.m2\repository\org\springframework\boot\spring-boot-test\3.1.5\spring-boot-test-3.1.5.jar;C:\Users\mitch\.m2\repository\org\springframework\boot\spring-boot-test-autoconfigure\3.1.5\spring-boot-test-autoconfigure-3.1.5.jar;C:\Users\mitch\.m2\repository\com\jayway\jsonpath\json-path\2.8.0\json-path-2.8.0.jar;C:\Users\mitch\.m2\repository\jakarta\xml\bind\jakarta.xml.bind-api\4.0.1\jakarta.xml.bind-api-4.0.1.jar;C:\Users\mitch\.m2\repository\jakarta\activation\jakarta.activation-api\2.1.2\jakarta.activation-api-2.1.2.jar;C:\Users\mitch\.m2\repository\net\minidev\json-smart\2.4.11\json-smart-2.4.11.jar;C:\Users\mitch\.m2\repository\net\minidev\accessors-smart\2.4.11\accessors-smart-2.4.11.jar;C:\Users\mitch\.m2\repository\org\ow2\asm\asm\9.3\asm-9.3.jar;C:\Users\mitch\.m2\repository\org\assertj\assertj-core\3.24.2\assertj-core-3.24.2.jar;C:\Users\mitch\.m2\repository\org\hamcrest\hamcrest\2.2\hamcrest-2.2.jar;C:\Users\mitch\.m2\repository\org\junit\jupiter\junit-jupiter\5.9.3\junit-jupiter-5.9.3.jar;C:\Users\mitch\.m2\repository\org\junit\jupiter\junit-jupiter-params\5.9.3\junit-jupiter-params-5.9.3.jar;C:\Users\mitch\.m2\repository\org\junit\jupiter\junit-jupiter-engine\5.9.3\junit-jupiter-engine-5.9.3.jar;C:\Users\mitch\.m2\repository\org\mockito\mockito-core\5.3.1\mockito-core-5.3.1.jar;C:\Users\mitch\.m2\repository\net\bytebuddy\byte-buddy-agent\1.14.9\byte-buddy-agent-1.14.9.jar;C:\Users\mitch\.m2\repository\org\objenesis\objenesis\3.3\objenesis-3.3.jar;C:\Users\mitch\.m2\repository\org\mockito\mockito-junit-jupiter\5.3.1\mockito-junit-jupiter-5.3.1.jar;C:\Users\mitch\.m2\repository\org\skyscreamer\jsonassert\1.5.1\jsonassert-1.5.1.jar;C:\Users\mitch\.m2\repository\com\vaadin\external\google\android-json\0.0.20131108.vaadin1\android-json-0.0.20131108.vaadin1.jar;C:\Users\mitch\.m2\repository\org\springframework\spring-core\6.0.13\spring-core-6.0.13.jar;C:\Users\mitch\.m2\repository\org\springframework\spring-jcl\6.0.13\spring-jcl-6.0.13.jar;C:\Users\mitch\.m2\repository\org\springframework\spring-test\6.0.13\spring-test-6.0.13.jar;C:\Users\mitch\.m2\repository\org\xmlunit\xmlunit-core\2.9.1\xmlunit-core-2.9.1.jar;C:\Users\mitch\.m2\repository\org\springframework\kafka\spring-kafka\3.0.12\spring-kafka-3.0.12.jar;C:\Users\mitch\.m2\repository\org\springframework\spring-context\6.0.13\spring-context-6.0.13.jar;C:\Users\mitch\.m2\repository\org\springframework\spring-messaging\6.0.13\spring-messaging-6.0.13.jar;C:\Users\mitch\.m2\repository\org\springframework\spring-tx\6.0.13\spring-tx-6.0.13.jar;C:\Users\mitch\.m2\repository\org\springframework\retry\spring-retry\2.0.4\spring-retry-2.0.4.jar;C:\Users\mitch\.m2\repository\org\apache\kafka\kafka-clients\3.4.1\kafka-clients-3.4.1.jar;C:\Users\mitch\.m2\repository\com\github\luben\zstd-jni\1.5.2-1\zstd-jni-1.5.2-1.jar;C:\Users\mitch\.m2\repository\org\lz4\lz4-java\1.8.0\lz4-java-1.8.0.jar;C:\Users\mitch\.m2\repository\org\xerial\snappy\snappy-java\1.1.8.4\snappy-java-1.1.8.4.jar;C:\Users\mitch\.m2\repository\io\micrometer\micrometer-observation\1.11.5\micrometer-observation-1.11.5.jar;C:\Users\mitch\.m2\repository\io\micrometer\micrometer-commons\1.11.5\micrometer-commons-1.11.5.jar;C:\Users\mitch\.m2\repository\com\google\code\findbugs\jsr305\3.0.2\jsr305-3.0.2.jar;C:\Users\mitch\.m2\repository\org\springframework\kafka\spring-kafka-test\3.0.11\spring-kafka-test-3.0.11.jar;C:\Users\mitch\.m2\repository\org\apache\zookeeper\zookeeper\3.6.3\zookeeper-3.6.3.jar;C:\Users\mitch\.m2\repository\org\apache\zookeeper\zookeeper-jute\3.6.3\zookeeper-jute-3.6.3.jar;C:\Users\mitch\.m2\repository\org\apache\yetus\audience-annotations\0.5.0\audience-annotations-0.5.0.jar;C:\Users\mitch\.m2\repository\io\netty\netty-handler\4.1.100.Final\netty-handler-4.1.100.Final.jar;C:\Users\mitch\.m2\repository\io\netty\netty-common\4.1.100.Final\netty-common-4.1.100.Final.jar;C:\Users\mitch\.m2\repository\io\netty\netty-resolver\4.1.100.Final\netty-resolver-4.1.100.Final.jar;C:\Users\mitch\.m2\repository\io\netty\netty-buffer\4.1.100.Final\netty-buffer-4.1.100.Final.jar;C:\Users\mitch\.m2\repository\io\netty\netty-transport\4.1.100.Final\netty-transport-4.1.100.Final.jar;C:\Users\mitch\.m2\repository\io\netty\netty-transport-native-unix-common\4.1.100.Final\netty-transport-native-unix-common-4.1.100.Final.jar;C:\Users\mitch\.m2\repository\io\netty\netty-codec\4.1.100.Final\netty-codec-4.1.100.Final.jar;C:\Users\mitch\.m2\repository\io\netty\netty-transport-native-epoll\4.1.100.Final\netty-transport-native-epoll-4.1.100.Final.jar;C:\Users\mitch\.m2\repository\io\netty\netty-transport-classes-epoll\4.1.100.Final\netty-transport-classes-epoll-4.1.100.Final.jar;C:\Users\mitch\.m2\repository\org\apache\kafka\kafka-clients\3.4.1\kafka-clients-3.4.1-test.jar;C:\Users\mitch\.m2\repository\org\apache\kafka\kafka-metadata\3.4.1\kafka-metadata-3.4.1.jar;C:\Users\mitch\.m2\repository\org\apache\kafka\kafka-server-common\3.4.1\kafka-server-common-3.4.1.jar;C:\Users\mitch\.m2\repository\org\apache\kafka\kafka-raft\3.4.1\kafka-raft-3.4.1.jar;C:\Users\mitch\.m2\repository\com\yammer\metrics\metrics-core\2.2.0\metrics-core-2.2.0.jar;C:\Users\mitch\.m2\repository\org\apache\kafka\kafka-streams-test-utils\3.4.1\kafka-streams-test-utils-3.4.1.jar;C:\Users\mitch\.m2\repository\org\apache\kafka\kafka-streams\3.4.1\kafka-streams-3.4.1.jar;C:\Users\mitch\.m2\repository\org\rocksdb\rocksdbjni\7.1.2\rocksdbjni-7.1.2.jar;C:\Users\mitch\.m2\repository\org\apache\kafka\kafka_2.13\3.4.1\kafka_2.13-3.4.1.jar;C:\Users\mitch\.m2\repository\org\scala-lang\scala-library\2.13.10\scala-library-2.13.10.jar;C:\Users\mitch\.m2\repository\org\apache\kafka\kafka-group-coordinator\3.4.1\kafka-group-coordinator-3.4.1.jar;C:\Users\mitch\.m2\repository\org\apache\kafka\kafka-storage\3.4.1\kafka-storage-3.4.1.jar;C:\Users\mitch\.m2\repository\org\apache\kafka\kafka-storage-api\3.4.1\kafka-storage-api-3.4.1.jar;C:\Users\mitch\.m2\repository\net\sourceforge\argparse4j\argparse4j\0.7.0\argparse4j-0.7.0.jar;C:\Users\mitch\.m2\repository\com\fasterxml\jackson\module\jackson-module-scala_2.13\2.15.3\jackson-module-scala_2.13-2.15.3.jar;C:\Users\mitch\.m2\repository\com\thoughtworks\paranamer\paranamer\2.8\paranamer-2.8.jar;C:\Users\mitch\.m2\repository\com\fasterxml\jackson\dataformat\jackson-dataformat-csv\2.15.3\jackson-dataformat-csv-2.15.3.jar;C:\Users\mitch\.m2\repository\net\sf\jopt-simple\jopt-simple\5.0.4\jopt-simple-5.0.4.jar;C:\Users\mitch\.m2\repository\org\bitbucket\b_c\jose4j\0.9.3\jose4j-0.9.3.jar;C:\Users\mitch\.m2\repository\org\scala-lang\modules\scala-collection-compat_2.13\2.10.0\scala-collection-compat_2.13-2.10.0.jar;C:\Users\mitch\.m2\repository\org\scala-lang\modules\scala-java8-compat_2.13\1.0.2\scala-java8-compat_2.13-1.0.2.jar;C:\Users\mitch\.m2\repository\org\scala-lang\scala-reflect\2.13.10\scala-reflect-2.13.10.jar;C:\Users\mitch\.m2\repository\com\typesafe\scala-logging\scala-logging_2.13\3.9.4\scala-logging_2.13-3.9.4.jar;C:\Users\mitch\.m2\repository\io\dropwizard\metrics\metrics-core\4.2.21\metrics-core-4.2.21.jar;C:\Users\mitch\.m2\repository\commons-cli\commons-cli\1.4\commons-cli-1.4.jar;C:\Users\mitch\.m2\repository\org\apache\kafka\kafka_2.13\3.4.1\kafka_2.13-3.4.1-test.jar;C:\Users\mitch\.m2\repository\org\junit\jupiter\junit-jupiter-api\5.9.3\junit-jupiter-api-5.9.3.jar;C:\Users\mitch\.m2\repository\org\opentest4j\opentest4j\1.2.0\opentest4j-1.2.0.jar;C:\Users\mitch\.m2\repository\org\junit\platform\junit-platform-commons\1.9.3\junit-platform-commons-1.9.3.jar;C:\Users\mitch\.m2\repository\org\apiguardian\apiguardian-api\1.1.2\apiguardian-api-1.1.2.jar;C:\Users\mitch\.m2\repository\org\junit\platform\junit-platform-launcher\1.9.3\junit-platform-launcher-1.9.3.jar;C:\Users\mitch\.m2\repository\org\junit\platform\junit-platform-engine\1.9.3\junit-platform-engine-1.9.3.jar;C:\Users\mitch\.m2\repository\com\h2database\h2\2.1.214\h2-2.1.214.jar;C:\Users\mitch\.m2\repository\com\mysql\mysql-connector-j\8.0.33\mysql-connector-j-8.0.33.jar;C:\Users\mitch\.m2\repository\junit\junit\4.13.2\junit-4.13.2.jar;C:\Users\mitch\.m2\repository\org\hamcrest\hamcrest-core\2.2\hamcrest-core-2.2.jar;"/>
    <property name="sun.cpu.endian" value="little"/>
    <property name="user.home" value="C:\Users\mitch"/>
    <property name="user.language" value="nl"/>
    <property name="java.specification.vendor" value="Oracle Corporation"/>
    <property name="java.version.date" value="2023-08-22"/>
    <property name="java.home" value="C:\Users\mitch\.jdks\corretto-17.0.8.1"/>
    <property name="file.separator" value="\"/>
    <property name="basedir" value="D:\projecten\semester6individueel\ProjectService"/>
    <property name="java.vm.compressedOopsMode" value="Zero based"/>
    <property name="line.separator" value="&#10;"/>
    <property name="java.vm.specification.vendor" value="Oracle Corporation"/>
    <property name="java.specification.name" value="Java Platform API Specification"/>
    <property name="FILE_LOG_CHARSET" value="windows-1252"/>
    <property name="java.awt.headless" value="true"/>
    <property name="surefire.real.class.path" value="C:\Users\mitch\AppData\Local\Temp\surefire17565734054427320320\surefirebooter-20231121212826421_3.jar"/>
    <property name="user.script" value=""/>
    <property name="sun.management.compiler" value="HotSpot 64-Bit Tiered Compilers"/>
    <property name="java.runtime.version" value="17.0.8.1+8-LTS"/>
    <property name="user.name" value="mitch"/>
    <property name="path.separator" value=";"/>
    <property name="os.version" value="10.0"/>
    <property name="java.runtime.name" value="OpenJDK Runtime Environment"/>
    <property name="file.encoding" value="Cp1252"/>
    <property name="java.vm.name" value="OpenJDK 64-Bit Server VM"/>
    <property name="java.vendor.version" value="Corretto-17.0.8.8.1"/>
    <property name="localRepository" value="C:\Users\mitch\.m2\repository"/>
    <property name="java.vendor.url.bug" value="https://github.com/corretto/corretto-17/issues/"/>
    <property name="java.io.tmpdir" value="C:\Users\mitch\AppData\Local\Temp\"/>
    <property name="idea.version" value="2022.1.4"/>
    <property name="catalina.home" value="C:\Users\mitch\AppData\Local\Temp\tomcat.0.3872352090551620383"/>
    <property name="com.zaxxer.hikari.pool_number" value="7"/>
    <property name="java.version" value="17.0.8.1"/>
    <property name="user.dir" value="D:\projecten\semester6individueel\ProjectService"/>
    <property name="os.arch" value="amd64"/>
    <property name="java.vm.specification.name" value="Java Virtual Machine Specification"/>
    <property name="PID" value="14288"/>
    <property name="sun.os.patch.level" value=""/>
    <property name="CONSOLE_LOG_CHARSET" value="windows-1252"/>
    <property name="catalina.base" value="C:\Users\mitch\AppData\Local\Temp\tomcat.0.14826953591727630142"/>
    <property name="native.encoding" value="Cp1252"/>
    <property name="java.library.path" value="C:\Users\mitch\.jdks\corretto-17.0.8.1\bin;C:\WINDOWS\Sun\Java\bin;C:\WINDOWS\system32;C:\WINDOWS;C:\Program Files\Microsoft\jdk-11.0.12.7-hotspot\bin;C:\Windows\system32;C:\Windows;C:\Windows\System32\Wbem;C:\Windows\System32\WindowsPowerShell\v1.0\;C:\Windows\System32\OpenSSH\;C:\Program Files (x86)\NVIDIA Corporation\PhysX\Common;C:\Program Files\NVIDIA Corporation\NVIDIA NvDLISR;C:\Program Files\Microsoft SQL Server\150\Tools\Binn\;C:\Program Files\Microsoft SQL Server\Client SDK\ODBC\170\Tools\Binn\;C:\Program Files\dotnet\;C:\WINDOWS\system32;C:\WINDOWS;C:\WINDOWS\System32\Wbem;C:\WINDOWS\System32\WindowsPowerShell\v1.0\;C:\WINDOWS\System32\OpenSSH\;C:\Program Files (x86)\Microsoft SQL Server\150\DTS\Binn\;C:\Program Files\Azure Data Studio\bin;D:\Program Files\nodejs\;C:\Program Files\Docker\Docker\resources\bin;D:\Program Files\Git\cmd;C:\Users\mitch\AppData\Local\Microsoft\WindowsApps;C:\Users\mitch\.dotnet\tools;D:\Users\mitch\AppData\Local\Programs\Microsoft VS Code\bin;C:\Program Files\Azure Data Studio\bin;C:\Users\mitch\AppData\Roaming\npm;C:\Users\mitch\AppData\Local\GitHubDesktop\bin;D:\Program Files (x86)\cmake-3.26.0-windows-x86_64\bin;;."/>
    <property name="java.vm.info" value="mixed mode, sharing"/>
    <property name="java.vendor" value="Amazon.com Inc."/>
    <property name="java.vm.version" value="17.0.8.1+8-LTS"/>
    <property name="sun.io.unicode.encoding" value="UnicodeLittle"/>
    <property name="java.class.version" value="61.0"/>
  </properties>
  <testcase name="shouldGetNoProjectsFromAccounts" classname="com.example.ProjectService.ProjectControllerTests" time="1.083">
    <system-out><![CDATA[
  .   ____          _            __ _ _
 /\\ / ___'_ __ _ _(_)_ __  __ _ \ \ \ \
( ( )\___ | '_ | '_| | '_ \/ _` | \ \ \ \
 \\/  ___)| |_)| | | | | || (_| |  ) ) ) )
  '  |____| .__|_| |_|_| |_\__, | / / / /
 =========|_|==============|___/=/_/_/_/
 :: Spring Boot ::                (v3.1.5)

2023-11-21T21:28:27.676+01:00  INFO 14288 --- [           main] c.e.P.ProjectControllerTests             : Starting ProjectControllerTests using Java 17.0.8.1 with PID 14288 (started by mitch in D:\projecten\semester6individueel\ProjectService)
2023-11-21T21:28:27.679+01:00  INFO 14288 --- [           main] c.e.P.ProjectControllerTests             : The following 1 profile is active: "test"
2023-11-21T21:28:28.287+01:00  INFO 14288 --- [           main] .s.d.r.c.RepositoryConfigurationDelegate : Bootstrapping Spring Data JPA repositories in DEFAULT mode.
2023-11-21T21:28:28.352+01:00  INFO 14288 --- [           main] .s.d.r.c.RepositoryConfigurationDelegate : Finished Spring Data repository scanning in 58 ms. Found 2 JPA repository interfaces.
2023-11-21T21:28:30.772+01:00  INFO 14288 --- [           main] o.s.b.w.embedded.tomcat.TomcatWebServer  : Tomcat initialized with port(s): 0 (http)
2023-11-21T21:28:30.802+01:00  INFO 14288 --- [           main] o.apache.catalina.core.StandardService   : Starting service [Tomcat]
2023-11-21T21:28:30.803+01:00  INFO 14288 --- [           main] o.apache.catalina.core.StandardEngine    : Starting Servlet engine: [Apache Tomcat/10.1.15]
2023-11-21T21:28:31.022+01:00  INFO 14288 --- [           main] o.a.c.c.C.[Tomcat].[localhost].[/]       : Initializing Spring embedded WebApplicationContext
2023-11-21T21:28:31.025+01:00  INFO 14288 --- [           main] w.s.c.ServletWebServerApplicationContext : Root WebApplicationContext: initialization completed in 3331 ms
2023-11-21T21:28:31.377+01:00  INFO 14288 --- [           main] o.hibernate.jpa.internal.util.LogHelper  : HHH000204: Processing PersistenceUnitInfo [name: default]
2023-11-21T21:28:31.546+01:00  INFO 14288 --- [           main] org.hibernate.Version                    : HHH000412: Hibernate ORM core version 6.2.13.Final
2023-11-21T21:28:31.552+01:00  INFO 14288 --- [           main] org.hibernate.cfg.Environment            : HHH000406: Using bytecode reflection optimizer
2023-11-21T21:28:31.837+01:00  INFO 14288 --- [           main] o.s.o.j.p.SpringPersistenceUnitInfo      : No LoadTimeWeaver setup: ignoring JPA class transformer
2023-11-21T21:28:31.870+01:00  INFO 14288 --- [           main] com.zaxxer.hikari.HikariDataSource       : HikariPool-1 - Starting...
2023-11-21T21:28:32.112+01:00  INFO 14288 --- [           main] com.zaxxer.hikari.pool.HikariPool        : HikariPool-1 - Added connection conn0: url=jdbc:h2:mem:db user=SA
2023-11-21T21:28:32.114+01:00  INFO 14288 --- [           main] com.zaxxer.hikari.HikariDataSource       : HikariPool-1 - Start completed.
2023-11-21T21:28:32.141+01:00  WARN 14288 --- [           main] org.hibernate.orm.deprecation            : HHH90000025: H2Dialect does not need to be specified explicitly using 'hibernate.dialect' (remove the property setting and it will be selected by default)
2023-11-21T21:28:32.407+01:00  WARN 14288 --- [           main] org.hibernate.mapping.RootClass          : HHH000038: Composite-id class does not override equals(): com.example.ProjectService.JoinTable.ProjectMembership
2023-11-21T21:28:32.408+01:00  WARN 14288 --- [           main] org.hibernate.mapping.RootClass          : HHH000039: Composite-id class does not override hashCode(): com.example.ProjectService.JoinTable.ProjectMembership
2023-11-21T21:28:32.823+01:00  INFO 14288 --- [           main] o.h.e.t.j.p.i.JtaPlatformInitiator       : HHH000489: No JTA platform available (set 'hibernate.transaction.jta.platform' to enable JTA platform integration)
2023-11-21T21:28:32.870+01:00  INFO 14288 --- [           main] j.LocalContainerEntityManagerFactoryBean : Initialized JPA EntityManagerFactory for persistence unit 'default'
2023-11-21T21:28:33.335+01:00  INFO 14288 --- [           main] o.s.d.j.r.query.QueryEnhancerFactory     : Hibernate is in classpath; If applicable, HQL parser will be used.
2023-11-21T21:28:33.443+01:00  WARN 14288 --- [           main] JpaBaseConfiguration$JpaWebConfiguration : spring.jpa.open-in-view is enabled by default. Therefore, database queries may be performed during view rendering. Explicitly configure spring.jpa.open-in-view to disable this warning
2023-11-21T21:28:34.287+01:00  INFO 14288 --- [           main] o.a.c.c.C.[Tomcat].[localhost].[/]       : Initializing Spring TestDispatcherServlet ''
2023-11-21T21:28:34.287+01:00  INFO 14288 --- [           main] o.s.t.web.servlet.TestDispatcherServlet  : Initializing Servlet ''
2023-11-21T21:28:34.289+01:00  INFO 14288 --- [           main] o.s.t.web.servlet.TestDispatcherServlet  : Completed initialization in 2 ms
2023-11-21T21:28:34.409+01:00  INFO 14288 --- [           main] o.s.b.w.embedded.tomcat.TomcatWebServer  : Tomcat started on port(s): 60765 (http) with context path ''
2023-11-21T21:28:34.429+01:00  INFO 14288 --- [           main] c.e.P.ProjectControllerTests             : Started ProjectControllerTests in 7.044 seconds (process running for 7.866)
2023-11-21T21:28:34.510+01:00  INFO 14288 --- [           main] o.apache.catalina.core.StandardService   : Stopping service [Tomcat]
2023-11-21T21:28:34.520+01:00  INFO 14288 --- [           main] j.LocalContainerEntityManagerFactoryBean : Closing JPA EntityManagerFactory for persistence unit 'default'
2023-11-21T21:28:34.530+01:00  INFO 14288 --- [           main] com.zaxxer.hikari.HikariDataSource       : HikariPool-1 - Shutdown initiated...
2023-11-21T21:28:34.534+01:00  INFO 14288 --- [           main] com.zaxxer.hikari.HikariDataSource       : HikariPool-1 - Shutdown completed.

  .   ____          _            __ _ _
 /\\ / ___'_ __ _ _(_)_ __  __ _ \ \ \ \
( ( )\___ | '_ | '_| | '_ \/ _` | \ \ \ \
 \\/  ___)| |_)| | | | | || (_| |  ) ) ) )
  '  |____| .__|_| |_|_| |_\__, | / / / /
 =========|_|==============|___/=/_/_/_/
 :: Spring Boot ::                (v3.1.5)

2023-11-21T21:28:34.585+01:00  INFO 14288 --- [           main] c.e.P.ProjectControllerTests             : Starting ProjectControllerTests using Java 17.0.8.1 with PID 14288 (started by mitch in D:\projecten\semester6individueel\ProjectService)
2023-11-21T21:28:34.586+01:00  INFO 14288 --- [           main] c.e.P.ProjectControllerTests             : The following 1 profile is active: "test"
2023-11-21T21:28:34.802+01:00  INFO 14288 --- [           main] .s.d.r.c.RepositoryConfigurationDelegate : Bootstrapping Spring Data JPA repositories in DEFAULT mode.
2023-11-21T21:28:34.827+01:00  INFO 14288 --- [           main] .s.d.r.c.RepositoryConfigurationDelegate : Finished Spring Data repository scanning in 24 ms. Found 2 JPA repository interfaces.
2023-11-21T21:28:34.925+01:00  INFO 14288 --- [           main] o.s.b.w.embedded.tomcat.TomcatWebServer  : Tomcat initialized with port(s): 0 (http)
2023-11-21T21:28:34.927+01:00  INFO 14288 --- [           main] o.apache.catalina.core.StandardService   : Starting service [Tomcat]
2023-11-21T21:28:34.927+01:00  INFO 14288 --- [           main] o.apache.catalina.core.StandardEngine    : Starting Servlet engine: [Apache Tomcat/10.1.15]
2023-11-21T21:28:34.972+01:00  INFO 14288 --- [           main] o.a.c.c.C.[Tomcat].[localhost].[/]       : Initializing Spring embedded WebApplicationContext
2023-11-21T21:28:34.973+01:00  INFO 14288 --- [           main] w.s.c.ServletWebServerApplicationContext : Root WebApplicationContext: initialization completed in 384 ms
2023-11-21T21:28:35.002+01:00  INFO 14288 --- [           main] o.hibernate.jpa.internal.util.LogHelper  : HHH000204: Processing PersistenceUnitInfo [name: default]
2023-11-21T21:28:35.008+01:00  INFO 14288 --- [           main] o.s.o.j.p.SpringPersistenceUnitInfo      : No LoadTimeWeaver setup: ignoring JPA class transformer
2023-11-21T21:28:35.009+01:00  INFO 14288 --- [           main] com.zaxxer.hikari.HikariDataSource       : HikariPool-2 - Starting...
2023-11-21T21:28:35.010+01:00  INFO 14288 --- [           main] com.zaxxer.hikari.pool.HikariPool        : HikariPool-2 - Added connection conn10: url=jdbc:h2:mem:db user=SA
2023-11-21T21:28:35.010+01:00  INFO 14288 --- [           main] com.zaxxer.hikari.HikariDataSource       : HikariPool-2 - Start completed.
2023-11-21T21:28:35.010+01:00  WARN 14288 --- [           main] org.hibernate.orm.deprecation            : HHH90000025: H2Dialect does not need to be specified explicitly using 'hibernate.dialect' (remove the property setting and it will be selected by default)
2023-11-21T21:28:35.025+01:00  WARN 14288 --- [           main] org.hibernate.mapping.RootClass          : HHH000038: Composite-id class does not override equals(): com.example.ProjectService.JoinTable.ProjectMembership
2023-11-21T21:28:35.025+01:00  WARN 14288 --- [           main] org.hibernate.mapping.RootClass          : HHH000039: Composite-id class does not override hashCode(): com.example.ProjectService.JoinTable.ProjectMembership
2023-11-21T21:28:35.073+01:00  INFO 14288 --- [           main] o.h.e.t.j.p.i.JtaPlatformInitiator       : HHH000489: No JTA platform available (set 'hibernate.transaction.jta.platform' to enable JTA platform integration)
2023-11-21T21:28:35.080+01:00  INFO 14288 --- [           main] j.LocalContainerEntityManagerFactoryBean : Initialized JPA EntityManagerFactory for persistence unit 'default'
2023-11-21T21:28:35.165+01:00  WARN 14288 --- [           main] JpaBaseConfiguration$JpaWebConfiguration : spring.jpa.open-in-view is enabled by default. Therefore, database queries may be performed during view rendering. Explicitly configure spring.jpa.open-in-view to disable this warning
2023-11-21T21:28:35.303+01:00  INFO 14288 --- [           main] o.a.c.c.C.[Tomcat].[localhost].[/]       : Initializing Spring TestDispatcherServlet ''
2023-11-21T21:28:35.303+01:00  INFO 14288 --- [           main] o.s.t.web.servlet.TestDispatcherServlet  : Initializing Servlet ''
2023-11-21T21:28:35.304+01:00  INFO 14288 --- [           main] o.s.t.web.servlet.TestDispatcherServlet  : Completed initialization in 0 ms
2023-11-21T21:28:35.315+01:00  INFO 14288 --- [           main] o.s.b.w.embedded.tomcat.TomcatWebServer  : Tomcat started on port(s): 60768 (http) with context path ''
2023-11-21T21:28:35.318+01:00  INFO 14288 --- [           main] c.e.P.ProjectControllerTests             : Started ProjectControllerTests in 0.776 seconds (process running for 8.756)
2023-11-21T21:28:35.498+01:00  WARN 14288 --- [           main] .w.s.m.s.DefaultHandlerExceptionResolver : Resolved [org.springframework.http.converter.HttpMessageNotReadableException: Required request body is missing: public org.springframework.http.ResponseEntity<java.util.List<com.example.ProjectService.Project.dtos.ProjectDto>> com.example.ProjectService.Project.ProjectController.GetAllProjectsFromOwner(com.example.ProjectService.Project.dtos.ProjectMemberDto)]
]]></system-out>
  </testcase>
  <testcase name="shouldNotCreateProject" classname="com.example.ProjectService.ProjectControllerTests" time="1.174">
    <system-out><![CDATA[2023-11-21T21:28:35.547+01:00  INFO 14288 --- [           main] o.apache.catalina.core.StandardService   : Stopping service [Tomcat]
2023-11-21T21:28:35.551+01:00  INFO 14288 --- [           main] j.LocalContainerEntityManagerFactoryBean : Closing JPA EntityManagerFactory for persistence unit 'default'
2023-11-21T21:28:35.556+01:00  INFO 14288 --- [           main] com.zaxxer.hikari.HikariDataSource       : HikariPool-2 - Shutdown initiated...
2023-11-21T21:28:35.557+01:00  INFO 14288 --- [           main] com.zaxxer.hikari.HikariDataSource       : HikariPool-2 - Shutdown completed.

  .   ____          _            __ _ _
 /\\ / ___'_ __ _ _(_)_ __  __ _ \ \ \ \
( ( )\___ | '_ | '_| | '_ \/ _` | \ \ \ \
 \\/  ___)| |_)| | | | | || (_| |  ) ) ) )
  '  |____| .__|_| |_|_| |_\__, | / / / /
 =========|_|==============|___/=/_/_/_/
 :: Spring Boot ::                (v3.1.5)

2023-11-21T21:28:35.609+01:00  INFO 14288 --- [           main] c.e.P.ProjectControllerTests             : Starting ProjectControllerTests using Java 17.0.8.1 with PID 14288 (started by mitch in D:\projecten\semester6individueel\ProjectService)
2023-11-21T21:28:35.610+01:00  INFO 14288 --- [           main] c.e.P.ProjectControllerTests             : The following 1 profile is active: "test"
2023-11-21T21:28:35.870+01:00  INFO 14288 --- [           main] .s.d.r.c.RepositoryConfigurationDelegate : Bootstrapping Spring Data JPA repositories in DEFAULT mode.
2023-11-21T21:28:35.887+01:00  INFO 14288 --- [           main] .s.d.r.c.RepositoryConfigurationDelegate : Finished Spring Data repository scanning in 16 ms. Found 2 JPA repository interfaces.
2023-11-21T21:28:35.971+01:00  INFO 14288 --- [           main] o.s.b.w.embedded.tomcat.TomcatWebServer  : Tomcat initialized with port(s): 0 (http)
2023-11-21T21:28:35.972+01:00  INFO 14288 --- [           main] o.apache.catalina.core.StandardService   : Starting service [Tomcat]
2023-11-21T21:28:35.973+01:00  INFO 14288 --- [           main] o.apache.catalina.core.StandardEngine    : Starting Servlet engine: [Apache Tomcat/10.1.15]
2023-11-21T21:28:36.019+01:00  INFO 14288 --- [           main] o.a.c.c.C.[Tomcat].[localhost].[/]       : Initializing Spring embedded WebApplicationContext
2023-11-21T21:28:36.019+01:00  INFO 14288 --- [           main] w.s.c.ServletWebServerApplicationContext : Root WebApplicationContext: initialization completed in 404 ms
2023-11-21T21:28:36.060+01:00  INFO 14288 --- [           main] o.hibernate.jpa.internal.util.LogHelper  : HHH000204: Processing PersistenceUnitInfo [name: default]
2023-11-21T21:28:36.068+01:00  INFO 14288 --- [           main] o.s.o.j.p.SpringPersistenceUnitInfo      : No LoadTimeWeaver setup: ignoring JPA class transformer
2023-11-21T21:28:36.070+01:00  INFO 14288 --- [           main] com.zaxxer.hikari.HikariDataSource       : HikariPool-3 - Starting...
2023-11-21T21:28:36.071+01:00  INFO 14288 --- [           main] com.zaxxer.hikari.pool.HikariPool        : HikariPool-3 - Added connection conn20: url=jdbc:h2:mem:db user=SA
2023-11-21T21:28:36.071+01:00  INFO 14288 --- [           main] com.zaxxer.hikari.HikariDataSource       : HikariPool-3 - Start completed.
2023-11-21T21:28:36.072+01:00  WARN 14288 --- [           main] org.hibernate.orm.deprecation            : HHH90000025: H2Dialect does not need to be specified explicitly using 'hibernate.dialect' (remove the property setting and it will be selected by default)
2023-11-21T21:28:36.094+01:00  WARN 14288 --- [           main] org.hibernate.mapping.RootClass          : HHH000038: Composite-id class does not override equals(): com.example.ProjectService.JoinTable.ProjectMembership
2023-11-21T21:28:36.095+01:00  WARN 14288 --- [           main] org.hibernate.mapping.RootClass          : HHH000039: Composite-id class does not override hashCode(): com.example.ProjectService.JoinTable.ProjectMembership
2023-11-21T21:28:36.160+01:00  INFO 14288 --- [           main] o.h.e.t.j.p.i.JtaPlatformInitiator       : HHH000489: No JTA platform available (set 'hibernate.transaction.jta.platform' to enable JTA platform integration)
2023-11-21T21:28:36.174+01:00  INFO 14288 --- [           main] j.LocalContainerEntityManagerFactoryBean : Initialized JPA EntityManagerFactory for persistence unit 'default'
2023-11-21T21:28:36.237+01:00  WARN 14288 --- [           main] JpaBaseConfiguration$JpaWebConfiguration : spring.jpa.open-in-view is enabled by default. Therefore, database queries may be performed during view rendering. Explicitly configure spring.jpa.open-in-view to disable this warning
2023-11-21T21:28:36.374+01:00  INFO 14288 --- [           main] o.a.c.c.C.[Tomcat].[localhost].[/]       : Initializing Spring TestDispatcherServlet ''
2023-11-21T21:28:36.374+01:00  INFO 14288 --- [           main] o.s.t.web.servlet.TestDispatcherServlet  : Initializing Servlet ''
2023-11-21T21:28:36.374+01:00  INFO 14288 --- [           main] o.s.t.web.servlet.TestDispatcherServlet  : Completed initialization in 0 ms
2023-11-21T21:28:36.386+01:00  INFO 14288 --- [           main] o.s.b.w.embedded.tomcat.TomcatWebServer  : Tomcat started on port(s): 60771 (http) with context path ''
2023-11-21T21:28:36.389+01:00  INFO 14288 --- [           main] c.e.P.ProjectControllerTests             : Started ProjectControllerTests in 0.829 seconds (process running for 9.826)
2023-11-21T21:28:36.608+01:00  INFO 14288 --- [           main] c.e.P.Project.ProjectService             : new project dto => Project{Id=null, Projectname='project666666', Projectdescription='description16666', Createdat=Tue Nov 21 21:28:36 CET 2023, Lastupdatedat=Tue Nov 21 21:28:36 CET 2023, Owner=ProjectMember{Id=140, Email='testuser140@gmail.com'}, Memberships=[]}
2023-11-21T21:28:36.663+01:00  WARN 14288 --- [           main] o.h.engine.jdbc.spi.SqlExceptionHelper   : SQL Error: 23505, SQLState: 23505
2023-11-21T21:28:36.664+01:00 ERROR 14288 --- [           main] o.h.engine.jdbc.spi.SqlExceptionHelper   : Unique index or primary key violation: "PRIMARY KEY ON PUBLIC.project(id) ( /* key:1 */ TIMESTAMP '2023-11-16 23:51:28', CAST(1 AS BIGINT), TIMESTAMP '2023-11-11 23:51:28', CAST(140 AS BIGINT), 'test beschrijving 1', 'test project 1')"; SQL statement:
insert into project (createdat,lastupdatedat,owner_id,projectdescription,projectname,id) values (?,?,?,?,?,default) [23505-214]
2023-11-21T21:28:36.681+01:00 ERROR 14288 --- [           main] c.e.P.Project.ProjectController          : Error creating project

org.springframework.dao.DataIntegrityViolationException: could not execute statement [Unique index or primary key violation: "PRIMARY KEY ON PUBLIC.project(id) ( /* key:1 */ TIMESTAMP '2023-11-16 23:51:28', CAST(1 AS BIGINT), TIMESTAMP '2023-11-11 23:51:28', CAST(140 AS BIGINT), 'test beschrijving 1', 'test project 1')"; SQL statement:
insert into project (createdat,lastupdatedat,owner_id,projectdescription,projectname,id) values (?,?,?,?,?,default) [23505-214]] [insert into project (createdat,lastupdatedat,owner_id,projectdescription,projectname,id) values (?,?,?,?,?,default)]; SQL [insert into project (createdat,lastupdatedat,owner_id,projectdescription,projectname,id) values (?,?,?,?,?,default)]; constraint ["PRIMARY KEY ON PUBLIC.project(id) ( /* key:1 */ TIMESTAMP '2023-11-16 23:51:28', CAST(1 AS BIGINT), TIMESTAMP '2023-11-11 23:51:28', CAST(140 AS BIGINT), 'test beschrijving 1', 'test project 1')"; SQL statement:
insert into project (createdat,lastupdatedat,owner_id,projectdescription,projectname,id) values (?,?,?,?,?,default) [23505-214]]
	at org.springframework.orm.jpa.vendor.HibernateJpaDialect.convertHibernateAccessException(HibernateJpaDialect.java:269) ~[spring-orm-6.0.13.jar:6.0.13]
	at org.springframework.orm.jpa.vendor.HibernateJpaDialect.translateExceptionIfPossible(HibernateJpaDialect.java:229) ~[spring-orm-6.0.13.jar:6.0.13]
	at org.springframework.orm.jpa.AbstractEntityManagerFactoryBean.translateExceptionIfPossible(AbstractEntityManagerFactoryBean.java:550) ~[spring-orm-6.0.13.jar:6.0.13]
	at org.springframework.dao.support.ChainedPersistenceExceptionTranslator.translateExceptionIfPossible(ChainedPersistenceExceptionTranslator.java:61) ~[spring-tx-6.0.13.jar:6.0.13]
	at org.springframework.dao.support.DataAccessUtils.translateIfNecessary(DataAccessUtils.java:243) ~[spring-tx-6.0.13.jar:6.0.13]
	at org.springframework.dao.support.PersistenceExceptionTranslationInterceptor.invoke(PersistenceExceptionTranslationInterceptor.java:152) ~[spring-tx-6.0.13.jar:6.0.13]
	at org.springframework.aop.framework.ReflectiveMethodInvocation.proceed(ReflectiveMethodInvocation.java:184) ~[spring-aop-6.0.13.jar:6.0.13]
	at org.springframework.data.jpa.repository.support.CrudMethodMetadataPostProcessor$CrudMethodMetadataPopulatingMethodInterceptor.invoke(CrudMethodMetadataPostProcessor.java:164) ~[spring-data-jpa-3.1.5.jar:3.1.5]
	at org.springframework.aop.framework.ReflectiveMethodInvocation.proceed(ReflectiveMethodInvocation.java:184) ~[spring-aop-6.0.13.jar:6.0.13]
	at org.springframework.aop.interceptor.ExposeInvocationInterceptor.invoke(ExposeInvocationInterceptor.java:97) ~[spring-aop-6.0.13.jar:6.0.13]
	at org.springframework.aop.framework.ReflectiveMethodInvocation.proceed(ReflectiveMethodInvocation.java:184) ~[spring-aop-6.0.13.jar:6.0.13]
	at org.springframework.aop.framework.JdkDynamicAopProxy.invoke(JdkDynamicAopProxy.java:244) ~[spring-aop-6.0.13.jar:6.0.13]
	at jdk.proxy2/jdk.proxy2.$Proxy162.save(Unknown Source) ~[na:na]
	at com.example.ProjectService.Project.ProjectService.CreateProject(ProjectService.java:79) ~[test-classes/:na]
	at com.example.ProjectService.Project.ProjectController.CreateProject(ProjectController.java:36) ~[test-classes/:na]
	at java.base/jdk.internal.reflect.NativeMethodAccessorImpl.invoke0(Native Method) ~[na:na]
	at java.base/jdk.internal.reflect.NativeMethodAccessorImpl.invoke(NativeMethodAccessorImpl.java:77) ~[na:na]
	at java.base/jdk.internal.reflect.DelegatingMethodAccessorImpl.invoke(DelegatingMethodAccessorImpl.java:43) ~[na:na]
	at java.base/java.lang.reflect.Method.invoke(Method.java:568) ~[na:na]
	at org.springframework.web.method.support.InvocableHandlerMethod.doInvoke(InvocableHandlerMethod.java:205) ~[spring-web-6.0.13.jar:6.0.13]
	at org.springframework.web.method.support.InvocableHandlerMethod.invokeForRequest(InvocableHandlerMethod.java:150) ~[spring-web-6.0.13.jar:6.0.13]
	at org.springframework.web.servlet.mvc.method.annotation.ServletInvocableHandlerMethod.invokeAndHandle(ServletInvocableHandlerMethod.java:118) ~[spring-webmvc-6.0.13.jar:6.0.13]
	at org.springframework.web.servlet.mvc.method.annotation.RequestMappingHandlerAdapter.invokeHandlerMethod(RequestMappingHandlerAdapter.java:884) ~[spring-webmvc-6.0.13.jar:6.0.13]
	at org.springframework.web.servlet.mvc.method.annotation.RequestMappingHandlerAdapter.handleInternal(RequestMappingHandlerAdapter.java:797) ~[spring-webmvc-6.0.13.jar:6.0.13]
	at org.springframework.web.servlet.mvc.method.AbstractHandlerMethodAdapter.handle(AbstractHandlerMethodAdapter.java:87) ~[spring-webmvc-6.0.13.jar:6.0.13]
	at org.springframework.web.servlet.DispatcherServlet.doDispatch(DispatcherServlet.java:1081) ~[spring-webmvc-6.0.13.jar:6.0.13]
	at org.springframework.web.servlet.DispatcherServlet.doService(DispatcherServlet.java:974) ~[spring-webmvc-6.0.13.jar:6.0.13]
	at org.springframework.web.servlet.FrameworkServlet.processRequest(FrameworkServlet.java:1011) ~[spring-webmvc-6.0.13.jar:6.0.13]
	at org.springframework.web.servlet.FrameworkServlet.doPost(FrameworkServlet.java:914) ~[spring-webmvc-6.0.13.jar:6.0.13]
	at jakarta.servlet.http.HttpServlet.service(HttpServlet.java:590) ~[tomcat-embed-core-10.1.15.jar:6.0]
	at org.springframework.web.servlet.FrameworkServlet.service(FrameworkServlet.java:885) ~[spring-webmvc-6.0.13.jar:6.0.13]
	at org.springframework.test.web.servlet.TestDispatcherServlet.service(TestDispatcherServlet.java:72) ~[spring-test-6.0.13.jar:6.0.13]
	at jakarta.servlet.http.HttpServlet.service(HttpServlet.java:658) ~[tomcat-embed-core-10.1.15.jar:6.0]
	at org.springframework.mock.web.MockFilterChain$ServletFilterProxy.doFilter(MockFilterChain.java:165) ~[spring-test-6.0.13.jar:6.0.13]
	at org.springframework.mock.web.MockFilterChain.doFilter(MockFilterChain.java:132) ~[spring-test-6.0.13.jar:6.0.13]
	at org.springframework.web.filter.RequestContextFilter.doFilterInternal(RequestContextFilter.java:100) ~[spring-web-6.0.13.jar:6.0.13]
	at org.springframework.web.filter.OncePerRequestFilter.doFilter(OncePerRequestFilter.java:116) ~[spring-web-6.0.13.jar:6.0.13]
	at org.springframework.mock.web.MockFilterChain.doFilter(MockFilterChain.java:132) ~[spring-test-6.0.13.jar:6.0.13]
	at org.springframework.web.filter.FormContentFilter.doFilterInternal(FormContentFilter.java:93) ~[spring-web-6.0.13.jar:6.0.13]
	at org.springframework.web.filter.OncePerRequestFilter.doFilter(OncePerRequestFilter.java:116) ~[spring-web-6.0.13.jar:6.0.13]
	at org.springframework.mock.web.MockFilterChain.doFilter(MockFilterChain.java:132) ~[spring-test-6.0.13.jar:6.0.13]
	at org.springframework.web.filter.CharacterEncodingFilter.doFilterInternal(CharacterEncodingFilter.java:201) ~[spring-web-6.0.13.jar:6.0.13]
	at org.springframework.web.filter.OncePerRequestFilter.doFilter(OncePerRequestFilter.java:116) ~[spring-web-6.0.13.jar:6.0.13]
	at org.springframework.mock.web.MockFilterChain.doFilter(MockFilterChain.java:132) ~[spring-test-6.0.13.jar:6.0.13]
	at org.springframework.test.web.servlet.MockMvc.perform(MockMvc.java:201) ~[spring-test-6.0.13.jar:6.0.13]
	at com.example.ProjectService.ProjectControllerTests.shouldNotCreateProject(ProjectControllerTests.java:142) ~[test-classes/:na]
	at java.base/jdk.internal.reflect.NativeMethodAccessorImpl.invoke0(Native Method) ~[na:na]
	at java.base/jdk.internal.reflect.NativeMethodAccessorImpl.invoke(NativeMethodAccessorImpl.java:77) ~[na:na]
	at java.base/jdk.internal.reflect.DelegatingMethodAccessorImpl.invoke(DelegatingMethodAccessorImpl.java:43) ~[na:na]
	at java.base/java.lang.reflect.Method.invoke(Method.java:568) ~[na:na]
	at org.junit.platform.commons.util.ReflectionUtils.invokeMethod(ReflectionUtils.java:727) ~[junit-platform-commons-1.9.3.jar:1.9.3]
	at org.junit.jupiter.engine.execution.MethodInvocation.proceed(MethodInvocation.java:60) ~[junit-jupiter-engine-5.9.3.jar:5.9.3]
	at org.junit.jupiter.engine.execution.InvocationInterceptorChain$ValidatingInvocation.proceed(InvocationInterceptorChain.java:131) ~[junit-jupiter-engine-5.9.3.jar:5.9.3]
	at org.junit.jupiter.engine.extension.TimeoutExtension.intercept(TimeoutExtension.java:156) ~[junit-jupiter-engine-5.9.3.jar:5.9.3]
	at org.junit.jupiter.engine.extension.TimeoutExtension.interceptTestableMethod(TimeoutExtension.java:147) ~[junit-jupiter-engine-5.9.3.jar:5.9.3]
	at org.junit.jupiter.engine.extension.TimeoutExtension.interceptTestMethod(TimeoutExtension.java:86) ~[junit-jupiter-engine-5.9.3.jar:5.9.3]
	at org.junit.jupiter.engine.execution.InterceptingExecutableInvoker$ReflectiveInterceptorCall.lambda$ofVoidMethod$0(InterceptingExecutableInvoker.java:103) ~[junit-jupiter-engine-5.9.3.jar:5.9.3]
	at org.junit.jupiter.engine.execution.InterceptingExecutableInvoker.lambda$invoke$0(InterceptingExecutableInvoker.java:93) ~[junit-jupiter-engine-5.9.3.jar:5.9.3]
	at org.junit.jupiter.engine.execution.InvocationInterceptorChain$InterceptedInvocation.proceed(InvocationInterceptorChain.java:106) ~[junit-jupiter-engine-5.9.3.jar:5.9.3]
	at org.junit.jupiter.engine.execution.InvocationInterceptorChain.proceed(InvocationInterceptorChain.java:64) ~[junit-jupiter-engine-5.9.3.jar:5.9.3]
	at org.junit.jupiter.engine.execution.InvocationInterceptorChain.chainAndInvoke(InvocationInterceptorChain.java:45) ~[junit-jupiter-engine-5.9.3.jar:5.9.3]
	at org.junit.jupiter.engine.execution.InvocationInterceptorChain.invoke(InvocationInterceptorChain.java:37) ~[junit-jupiter-engine-5.9.3.jar:5.9.3]
	at org.junit.jupiter.engine.execution.InterceptingExecutableInvoker.invoke(InterceptingExecutableInvoker.java:92) ~[junit-jupiter-engine-5.9.3.jar:5.9.3]
	at org.junit.jupiter.engine.execution.InterceptingExecutableInvoker.invoke(InterceptingExecutableInvoker.java:86) ~[junit-jupiter-engine-5.9.3.jar:5.9.3]
	at org.junit.jupiter.engine.descriptor.TestMethodTestDescriptor.lambda$invokeTestMethod$7(TestMethodTestDescriptor.java:217) ~[junit-jupiter-engine-5.9.3.jar:5.9.3]
	at org.junit.platform.engine.support.hierarchical.ThrowableCollector.execute(ThrowableCollector.java:73) ~[junit-platform-engine-1.9.3.jar:1.9.3]
	at org.junit.jupiter.engine.descriptor.TestMethodTestDescriptor.invokeTestMethod(TestMethodTestDescriptor.java:213) ~[junit-jupiter-engine-5.9.3.jar:5.9.3]
	at org.junit.jupiter.engine.descriptor.TestMethodTestDescriptor.execute(TestMethodTestDescriptor.java:138) ~[junit-jupiter-engine-5.9.3.jar:5.9.3]
	at org.junit.jupiter.engine.descriptor.TestMethodTestDescriptor.execute(TestMethodTestDescriptor.java:68) ~[junit-jupiter-engine-5.9.3.jar:5.9.3]
	at org.junit.platform.engine.support.hierarchical.NodeTestTask.lambda$executeRecursively$6(NodeTestTask.java:151) ~[junit-platform-engine-1.9.3.jar:1.9.3]
	at org.junit.platform.engine.support.hierarchical.ThrowableCollector.execute(ThrowableCollector.java:73) ~[junit-platform-engine-1.9.3.jar:1.9.3]
	at org.junit.platform.engine.support.hierarchical.NodeTestTask.lambda$executeRecursively$8(NodeTestTask.java:141) ~[junit-platform-engine-1.9.3.jar:1.9.3]
	at org.junit.platform.engine.support.hierarchical.Node.around(Node.java:137) ~[junit-platform-engine-1.9.3.jar:1.9.3]
	at org.junit.platform.engine.support.hierarchical.NodeTestTask.lambda$executeRecursively$9(NodeTestTask.java:139) ~[junit-platform-engine-1.9.3.jar:1.9.3]
	at org.junit.platform.engine.support.hierarchical.ThrowableCollector.execute(ThrowableCollector.java:73) ~[junit-platform-engine-1.9.3.jar:1.9.3]
	at org.junit.platform.engine.support.hierarchical.NodeTestTask.executeRecursively(NodeTestTask.java:138) ~[junit-platform-engine-1.9.3.jar:1.9.3]
	at org.junit.platform.engine.support.hierarchical.NodeTestTask.execute(NodeTestTask.java:95) ~[junit-platform-engine-1.9.3.jar:1.9.3]
	at java.base/java.util.ArrayList.forEach(ArrayList.java:1511) ~[na:na]
	at org.junit.platform.engine.support.hierarchical.SameThreadHierarchicalTestExecutorService.invokeAll(SameThreadHierarchicalTestExecutorService.java:41) ~[junit-platform-engine-1.9.3.jar:1.9.3]
	at org.junit.platform.engine.support.hierarchical.NodeTestTask.lambda$executeRecursively$6(NodeTestTask.java:155) ~[junit-platform-engine-1.9.3.jar:1.9.3]
	at org.junit.platform.engine.support.hierarchical.ThrowableCollector.execute(ThrowableCollector.java:73) ~[junit-platform-engine-1.9.3.jar:1.9.3]
	at org.junit.platform.engine.support.hierarchical.NodeTestTask.lambda$executeRecursively$8(NodeTestTask.java:141) ~[junit-platform-engine-1.9.3.jar:1.9.3]
	at org.junit.platform.engine.support.hierarchical.Node.around(Node.java:137) ~[junit-platform-engine-1.9.3.jar:1.9.3]
	at org.junit.platform.engine.support.hierarchical.NodeTestTask.lambda$executeRecursively$9(NodeTestTask.java:139) ~[junit-platform-engine-1.9.3.jar:1.9.3]
	at org.junit.platform.engine.support.hierarchical.ThrowableCollector.execute(ThrowableCollector.java:73) ~[junit-platform-engine-1.9.3.jar:1.9.3]
	at org.junit.platform.engine.support.hierarchical.NodeTestTask.executeRecursively(NodeTestTask.java:138) ~[junit-platform-engine-1.9.3.jar:1.9.3]
	at org.junit.platform.engine.support.hierarchical.NodeTestTask.execute(NodeTestTask.java:95) ~[junit-platform-engine-1.9.3.jar:1.9.3]
	at java.base/java.util.ArrayList.forEach(ArrayList.java:1511) ~[na:na]
	at org.junit.platform.engine.support.hierarchical.SameThreadHierarchicalTestExecutorService.invokeAll(SameThreadHierarchicalTestExecutorService.java:41) ~[junit-platform-engine-1.9.3.jar:1.9.3]
	at org.junit.platform.engine.support.hierarchical.NodeTestTask.lambda$executeRecursively$6(NodeTestTask.java:155) ~[junit-platform-engine-1.9.3.jar:1.9.3]
	at org.junit.platform.engine.support.hierarchical.ThrowableCollector.execute(ThrowableCollector.java:73) ~[junit-platform-engine-1.9.3.jar:1.9.3]
	at org.junit.platform.engine.support.hierarchical.NodeTestTask.lambda$executeRecursively$8(NodeTestTask.java:141) ~[junit-platform-engine-1.9.3.jar:1.9.3]
	at org.junit.platform.engine.support.hierarchical.Node.around(Node.java:137) ~[junit-platform-engine-1.9.3.jar:1.9.3]
	at org.junit.platform.engine.support.hierarchical.NodeTestTask.lambda$executeRecursively$9(NodeTestTask.java:139) ~[junit-platform-engine-1.9.3.jar:1.9.3]
	at org.junit.platform.engine.support.hierarchical.ThrowableCollector.execute(ThrowableCollector.java:73) ~[junit-platform-engine-1.9.3.jar:1.9.3]
	at org.junit.platform.engine.support.hierarchical.NodeTestTask.executeRecursively(NodeTestTask.java:138) ~[junit-platform-engine-1.9.3.jar:1.9.3]
	at org.junit.platform.engine.support.hierarchical.NodeTestTask.execute(NodeTestTask.java:95) ~[junit-platform-engine-1.9.3.jar:1.9.3]
	at org.junit.platform.engine.support.hierarchical.SameThreadHierarchicalTestExecutorService.submit(SameThreadHierarchicalTestExecutorService.java:35) ~[junit-platform-engine-1.9.3.jar:1.9.3]
	at org.junit.platform.engine.support.hierarchical.HierarchicalTestExecutor.execute(HierarchicalTestExecutor.java:57) ~[junit-platform-engine-1.9.3.jar:1.9.3]
	at org.junit.platform.engine.support.hierarchical.HierarchicalTestEngine.execute(HierarchicalTestEngine.java:54) ~[junit-platform-engine-1.9.3.jar:1.9.3]
	at org.junit.platform.launcher.core.EngineExecutionOrchestrator.execute(EngineExecutionOrchestrator.java:147) ~[junit-platform-launcher-1.9.3.jar:1.9.3]
	at org.junit.platform.launcher.core.EngineExecutionOrchestrator.execute(EngineExecutionOrchestrator.java:127) ~[junit-platform-launcher-1.9.3.jar:1.9.3]
	at org.junit.platform.launcher.core.EngineExecutionOrchestrator.execute(EngineExecutionOrchestrator.java:90) ~[junit-platform-launcher-1.9.3.jar:1.9.3]
	at org.junit.platform.launcher.core.EngineExecutionOrchestrator.lambda$execute$0(EngineExecutionOrchestrator.java:55) ~[junit-platform-launcher-1.9.3.jar:1.9.3]
	at org.junit.platform.launcher.core.EngineExecutionOrchestrator.withInterceptedStreams(EngineExecutionOrchestrator.java:102) ~[junit-platform-launcher-1.9.3.jar:1.9.3]
	at org.junit.platform.launcher.core.EngineExecutionOrchestrator.execute(EngineExecutionOrchestrator.java:54) ~[junit-platform-launcher-1.9.3.jar:1.9.3]
	at org.junit.platform.launcher.core.DefaultLauncher.execute(DefaultLauncher.java:114) ~[junit-platform-launcher-1.9.3.jar:1.9.3]
	at org.junit.platform.launcher.core.DefaultLauncher.execute(DefaultLauncher.java:86) ~[junit-platform-launcher-1.9.3.jar:1.9.3]
	at org.junit.platform.launcher.core.DefaultLauncherSession$DelegatingLauncher.execute(DefaultLauncherSession.java:86) ~[junit-platform-launcher-1.9.3.jar:1.9.3]
	at org.apache.maven.surefire.junitplatform.LazyLauncher.execute(LazyLauncher.java:50) ~[surefire-junit-platform-3.0.0.jar:3.0.0]
	at org.apache.maven.surefire.junitplatform.JUnitPlatformProvider.execute(JUnitPlatformProvider.java:184) ~[surefire-junit-platform-3.0.0.jar:3.0.0]
	at org.apache.maven.surefire.junitplatform.JUnitPlatformProvider.invokeAllTests(JUnitPlatformProvider.java:148) ~[surefire-junit-platform-3.0.0.jar:3.0.0]
	at org.apache.maven.surefire.junitplatform.JUnitPlatformProvider.invoke(JUnitPlatformProvider.java:122) ~[surefire-junit-platform-3.0.0.jar:3.0.0]
	at org.apache.maven.surefire.booter.ForkedBooter.runSuitesInProcess(ForkedBooter.java:385) ~[surefire-booter-3.0.0.jar:3.0.0]
	at org.apache.maven.surefire.booter.ForkedBooter.execute(ForkedBooter.java:162) ~[surefire-booter-3.0.0.jar:3.0.0]
	at org.apache.maven.surefire.booter.ForkedBooter.run(ForkedBooter.java:507) ~[surefire-booter-3.0.0.jar:3.0.0]
	at org.apache.maven.surefire.booter.ForkedBooter.main(ForkedBooter.java:495) ~[surefire-booter-3.0.0.jar:3.0.0]
Caused by: org.hibernate.exception.ConstraintViolationException: could not execute statement [Unique index or primary key violation: "PRIMARY KEY ON PUBLIC.project(id) ( /* key:1 */ TIMESTAMP '2023-11-16 23:51:28', CAST(1 AS BIGINT), TIMESTAMP '2023-11-11 23:51:28', CAST(140 AS BIGINT), 'test beschrijving 1', 'test project 1')"; SQL statement:
insert into project (createdat,lastupdatedat,owner_id,projectdescription,projectname,id) values (?,?,?,?,?,default) [23505-214]] [insert into project (createdat,lastupdatedat,owner_id,projectdescription,projectname,id) values (?,?,?,?,?,default)]
	at org.hibernate.exception.internal.SQLExceptionTypeDelegate.convert(SQLExceptionTypeDelegate.java:60) ~[hibernate-core-6.2.13.Final.jar:6.2.13.Final]
	at org.hibernate.exception.internal.StandardSQLExceptionConverter.convert(StandardSQLExceptionConverter.java:56) ~[hibernate-core-6.2.13.Final.jar:6.2.13.Final]
	at org.hibernate.engine.jdbc.spi.SqlExceptionHelper.convert(SqlExceptionHelper.java:108) ~[hibernate-core-6.2.13.Final.jar:6.2.13.Final]
	at org.hibernate.engine.jdbc.internal.ResultSetReturnImpl.executeUpdate(ResultSetReturnImpl.java:278) ~[hibernate-core-6.2.13.Final.jar:6.2.13.Final]
	at org.hibernate.id.insert.GetGeneratedKeysDelegate.performInsert(GetGeneratedKeysDelegate.java:107) ~[hibernate-core-6.2.13.Final.jar:6.2.13.Final]
	at org.hibernate.engine.jdbc.mutation.internal.MutationExecutorPostInsertSingleTable.execute(MutationExecutorPostInsertSingleTable.java:100) ~[hibernate-core-6.2.13.Final.jar:6.2.13.Final]
	at org.hibernate.persister.entity.mutation.InsertCoordinator.doStaticInserts(InsertCoordinator.java:171) ~[hibernate-core-6.2.13.Final.jar:6.2.13.Final]
	at org.hibernate.persister.entity.mutation.InsertCoordinator.coordinateInsert(InsertCoordinator.java:112) ~[hibernate-core-6.2.13.Final.jar:6.2.13.Final]
	at org.hibernate.persister.entity.AbstractEntityPersister.insert(AbstractEntityPersister.java:2780) ~[hibernate-core-6.2.13.Final.jar:6.2.13.Final]
	at org.hibernate.action.internal.EntityIdentityInsertAction.execute(EntityIdentityInsertAction.java:81) ~[hibernate-core-6.2.13.Final.jar:6.2.13.Final]
	at org.hibernate.engine.spi.ActionQueue.execute(ActionQueue.java:676) ~[hibernate-core-6.2.13.Final.jar:6.2.13.Final]
	at org.hibernate.engine.spi.ActionQueue.addResolvedEntityInsertAction(ActionQueue.java:291) ~[hibernate-core-6.2.13.Final.jar:6.2.13.Final]
	at org.hibernate.engine.spi.ActionQueue.addInsertAction(ActionQueue.java:272) ~[hibernate-core-6.2.13.Final.jar:6.2.13.Final]
	at org.hibernate.engine.spi.ActionQueue.addAction(ActionQueue.java:322) ~[hibernate-core-6.2.13.Final.jar:6.2.13.Final]
	at org.hibernate.event.internal.AbstractSaveEventListener.addInsertAction(AbstractSaveEventListener.java:363) ~[hibernate-core-6.2.13.Final.jar:6.2.13.Final]
	at org.hibernate.event.internal.AbstractSaveEventListener.performSaveOrReplicate(AbstractSaveEventListener.java:277) ~[hibernate-core-6.2.13.Final.jar:6.2.13.Final]
	at org.hibernate.event.internal.AbstractSaveEventListener.performSave(AbstractSaveEventListener.java:180) ~[hibernate-core-6.2.13.Final.jar:6.2.13.Final]
	at org.hibernate.event.internal.AbstractSaveEventListener.saveWithGeneratedId(AbstractSaveEventListener.java:140) ~[hibernate-core-6.2.13.Final.jar:6.2.13.Final]
	at org.hibernate.event.internal.DefaultPersistEventListener.entityIsTransient(DefaultPersistEventListener.java:175) ~[hibernate-core-6.2.13.Final.jar:6.2.13.Final]
	at org.hibernate.event.internal.DefaultPersistEventListener.persist(DefaultPersistEventListener.java:93) ~[hibernate-core-6.2.13.Final.jar:6.2.13.Final]
	at org.hibernate.event.internal.DefaultPersistEventListener.onPersist(DefaultPersistEventListener.java:77) ~[hibernate-core-6.2.13.Final.jar:6.2.13.Final]
	at org.hibernate.event.internal.DefaultPersistEventListener.onPersist(DefaultPersistEventListener.java:54) ~[hibernate-core-6.2.13.Final.jar:6.2.13.Final]
	at org.hibernate.event.service.internal.EventListenerGroupImpl.fireEventOnEachListener(EventListenerGroupImpl.java:127) ~[hibernate-core-6.2.13.Final.jar:6.2.13.Final]
	at org.hibernate.internal.SessionImpl.firePersist(SessionImpl.java:755) ~[hibernate-core-6.2.13.Final.jar:6.2.13.Final]
	at org.hibernate.internal.SessionImpl.persist(SessionImpl.java:739) ~[hibernate-core-6.2.13.Final.jar:6.2.13.Final]
	at java.base/jdk.internal.reflect.NativeMethodAccessorImpl.invoke0(Native Method) ~[na:na]
	at java.base/jdk.internal.reflect.NativeMethodAccessorImpl.invoke(NativeMethodAccessorImpl.java:77) ~[na:na]
	at java.base/jdk.internal.reflect.DelegatingMethodAccessorImpl.invoke(DelegatingMethodAccessorImpl.java:43) ~[na:na]
	at java.base/java.lang.reflect.Method.invoke(Method.java:568) ~[na:na]
	at org.springframework.orm.jpa.ExtendedEntityManagerCreator$ExtendedEntityManagerInvocationHandler.invoke(ExtendedEntityManagerCreator.java:360) ~[spring-orm-6.0.13.jar:6.0.13]
	at jdk.proxy2/jdk.proxy2.$Proxy158.persist(Unknown Source) ~[na:na]
	at java.base/jdk.internal.reflect.NativeMethodAccessorImpl.invoke0(Native Method) ~[na:na]
	at java.base/jdk.internal.reflect.NativeMethodAccessorImpl.invoke(NativeMethodAccessorImpl.java:77) ~[na:na]
	at java.base/jdk.internal.reflect.DelegatingMethodAccessorImpl.invoke(DelegatingMethodAccessorImpl.java:43) ~[na:na]
	at java.base/java.lang.reflect.Method.invoke(Method.java:568) ~[na:na]
	at org.springframework.orm.jpa.SharedEntityManagerCreator$SharedEntityManagerInvocationHandler.invoke(SharedEntityManagerCreator.java:311) ~[spring-orm-6.0.13.jar:6.0.13]
	at jdk.proxy2/jdk.proxy2.$Proxy158.persist(Unknown Source) ~[na:na]
	at org.springframework.data.jpa.repository.support.SimpleJpaRepository.save(SimpleJpaRepository.java:618) ~[spring-data-jpa-3.1.5.jar:3.1.5]
	at java.base/jdk.internal.reflect.NativeMethodAccessorImpl.invoke0(Native Method) ~[na:na]
	at java.base/jdk.internal.reflect.NativeMethodAccessorImpl.invoke(NativeMethodAccessorImpl.java:77) ~[na:na]
	at java.base/jdk.internal.reflect.DelegatingMethodAccessorImpl.invoke(DelegatingMethodAccessorImpl.java:43) ~[na:na]
	at java.base/java.lang.reflect.Method.invoke(Method.java:568) ~[na:na]
	at org.springframework.data.repository.core.support.RepositoryMethodInvoker$RepositoryFragmentMethodInvoker.lambda$new$0(RepositoryMethodInvoker.java:288) ~[spring-data-commons-3.1.5.jar:3.1.5]
	at org.springframework.data.repository.core.support.RepositoryMethodInvoker.doInvoke(RepositoryMethodInvoker.java:136) ~[spring-data-commons-3.1.5.jar:3.1.5]
	at org.springframework.data.repository.core.support.RepositoryMethodInvoker.invoke(RepositoryMethodInvoker.java:120) ~[spring-data-commons-3.1.5.jar:3.1.5]
	at org.springframework.data.repository.core.support.RepositoryComposition$RepositoryFragments.invoke(RepositoryComposition.java:516) ~[spring-data-commons-3.1.5.jar:3.1.5]
	at org.springframework.data.repository.core.support.RepositoryComposition.invoke(RepositoryComposition.java:285) ~[spring-data-commons-3.1.5.jar:3.1.5]
	at org.springframework.data.repository.core.support.RepositoryFactorySupport$ImplementationMethodExecutionInterceptor.invoke(RepositoryFactorySupport.java:628) ~[spring-data-commons-3.1.5.jar:3.1.5]
	at org.springframework.aop.framework.ReflectiveMethodInvocation.proceed(ReflectiveMethodInvocation.java:184) ~[spring-aop-6.0.13.jar:6.0.13]
	at org.springframework.data.repository.core.support.QueryExecutorMethodInterceptor.doInvoke(QueryExecutorMethodInterceptor.java:168) ~[spring-data-commons-3.1.5.jar:3.1.5]
	at org.springframework.data.repository.core.support.QueryExecutorMethodInterceptor.invoke(QueryExecutorMethodInterceptor.java:143) ~[spring-data-commons-3.1.5.jar:3.1.5]
	at org.springframework.aop.framework.ReflectiveMethodInvocation.proceed(ReflectiveMethodInvocation.java:184) ~[spring-aop-6.0.13.jar:6.0.13]
	at org.springframework.data.projection.DefaultMethodInvokingMethodInterceptor.invoke(DefaultMethodInvokingMethodInterceptor.java:72) ~[spring-data-commons-3.1.5.jar:3.1.5]
	at org.springframework.aop.framework.ReflectiveMethodInvocation.proceed(ReflectiveMethodInvocation.java:184) ~[spring-aop-6.0.13.jar:6.0.13]
	at org.springframework.transaction.interceptor.TransactionInterceptor$1.proceedWithInvocation(TransactionInterceptor.java:123) ~[spring-tx-6.0.13.jar:6.0.13]
	at org.springframework.transaction.interceptor.TransactionAspectSupport.invokeWithinTransaction(TransactionAspectSupport.java:391) ~[spring-tx-6.0.13.jar:6.0.13]
	at org.springframework.transaction.interceptor.TransactionInterceptor.invoke(TransactionInterceptor.java:119) ~[spring-tx-6.0.13.jar:6.0.13]
	at org.springframework.aop.framework.ReflectiveMethodInvocation.proceed(ReflectiveMethodInvocation.java:184) ~[spring-aop-6.0.13.jar:6.0.13]
	at org.springframework.dao.support.PersistenceExceptionTranslationInterceptor.invoke(PersistenceExceptionTranslationInterceptor.java:137) ~[spring-tx-6.0.13.jar:6.0.13]
	... 111 common frames omitted
Caused by: org.h2.jdbc.JdbcSQLIntegrityConstraintViolationException: Unique index or primary key violation: "PRIMARY KEY ON PUBLIC.project(id) ( /* key:1 */ TIMESTAMP '2023-11-16 23:51:28', CAST(1 AS BIGINT), TIMESTAMP '2023-11-11 23:51:28', CAST(140 AS BIGINT), 'test beschrijving 1', 'test project 1')"; SQL statement:
insert into project (createdat,lastupdatedat,owner_id,projectdescription,projectname,id) values (?,?,?,?,?,default) [23505-214]
	at org.h2.message.DbException.getJdbcSQLException(DbException.java:508) ~[h2-2.1.214.jar:2.1.214]
	at org.h2.message.DbException.getJdbcSQLException(DbException.java:477) ~[h2-2.1.214.jar:2.1.214]
	at org.h2.message.DbException.get(DbException.java:223) ~[h2-2.1.214.jar:2.1.214]
	at org.h2.message.DbException.get(DbException.java:199) ~[h2-2.1.214.jar:2.1.214]
	at org.h2.mvstore.db.MVPrimaryIndex.add(MVPrimaryIndex.java:120) ~[h2-2.1.214.jar:2.1.214]
	at org.h2.mvstore.db.MVTable.addRow(MVTable.java:519) ~[h2-2.1.214.jar:2.1.214]
	at org.h2.command.dml.Insert.insertRows(Insert.java:174) ~[h2-2.1.214.jar:2.1.214]
	at org.h2.command.dml.Insert.update(Insert.java:135) ~[h2-2.1.214.jar:2.1.214]
	at org.h2.command.CommandContainer.executeUpdateWithGeneratedKeys(CommandContainer.java:242) ~[h2-2.1.214.jar:2.1.214]
	at org.h2.command.CommandContainer.update(CommandContainer.java:163) ~[h2-2.1.214.jar:2.1.214]
	at org.h2.command.Command.executeUpdate(Command.java:252) ~[h2-2.1.214.jar:2.1.214]
	at org.h2.jdbc.JdbcPreparedStatement.executeUpdateInternal(JdbcPreparedStatement.java:209) ~[h2-2.1.214.jar:2.1.214]
	at org.h2.jdbc.JdbcPreparedStatement.executeUpdate(JdbcPreparedStatement.java:169) ~[h2-2.1.214.jar:2.1.214]
	at com.zaxxer.hikari.pool.ProxyPreparedStatement.executeUpdate(ProxyPreparedStatement.java:61) ~[HikariCP-5.0.1.jar:na]
	at com.zaxxer.hikari.pool.HikariProxyPreparedStatement.executeUpdate(HikariProxyPreparedStatement.java) ~[HikariCP-5.0.1.jar:na]
	at org.hibernate.engine.jdbc.internal.ResultSetReturnImpl.executeUpdate(ResultSetReturnImpl.java:275) ~[hibernate-core-6.2.13.Final.jar:6.2.13.Final]
	... 166 common frames omitted

]]></system-out>
  </testcase>
  <testcase name="shouldCreateProject" classname="com.example.ProjectService.ProjectControllerTests" time="0.879">
    <system-out><![CDATA[2023-11-21T21:28:36.732+01:00  INFO 14288 --- [           main] o.apache.catalina.core.StandardService   : Stopping service [Tomcat]
2023-11-21T21:28:36.735+01:00  INFO 14288 --- [           main] j.LocalContainerEntityManagerFactoryBean : Closing JPA EntityManagerFactory for persistence unit 'default'
2023-11-21T21:28:36.739+01:00  INFO 14288 --- [           main] com.zaxxer.hikari.HikariDataSource       : HikariPool-3 - Shutdown initiated...
2023-11-21T21:28:36.740+01:00  INFO 14288 --- [           main] com.zaxxer.hikari.HikariDataSource       : HikariPool-3 - Shutdown completed.

  .   ____          _            __ _ _
 /\\ / ___'_ __ _ _(_)_ __  __ _ \ \ \ \
( ( )\___ | '_ | '_| | '_ \/ _` | \ \ \ \
 \\/  ___)| |_)| | | | | || (_| |  ) ) ) )
  '  |____| .__|_| |_|_| |_\__, | / / / /
 =========|_|==============|___/=/_/_/_/
 :: Spring Boot ::                (v3.1.5)

2023-11-21T21:28:36.776+01:00  INFO 14288 --- [           main] c.e.P.ProjectControllerTests             : Starting ProjectControllerTests using Java 17.0.8.1 with PID 14288 (started by mitch in D:\projecten\semester6individueel\ProjectService)
2023-11-21T21:28:36.776+01:00  INFO 14288 --- [           main] c.e.P.ProjectControllerTests             : The following 1 profile is active: "test"
2023-11-21T21:28:36.985+01:00  INFO 14288 --- [           main] .s.d.r.c.RepositoryConfigurationDelegate : Bootstrapping Spring Data JPA repositories in DEFAULT mode.
2023-11-21T21:28:37.004+01:00  INFO 14288 --- [           main] .s.d.r.c.RepositoryConfigurationDelegate : Finished Spring Data repository scanning in 18 ms. Found 2 JPA repository interfaces.
2023-11-21T21:28:37.073+01:00  INFO 14288 --- [           main] o.s.b.w.embedded.tomcat.TomcatWebServer  : Tomcat initialized with port(s): 0 (http)
2023-11-21T21:28:37.074+01:00  INFO 14288 --- [           main] o.apache.catalina.core.StandardService   : Starting service [Tomcat]
2023-11-21T21:28:37.075+01:00  INFO 14288 --- [           main] o.apache.catalina.core.StandardEngine    : Starting Servlet engine: [Apache Tomcat/10.1.15]
2023-11-21T21:28:37.115+01:00  INFO 14288 --- [           main] o.a.c.c.C.[Tomcat].[localhost].[/]       : Initializing Spring embedded WebApplicationContext
2023-11-21T21:28:37.115+01:00  INFO 14288 --- [           main] w.s.c.ServletWebServerApplicationContext : Root WebApplicationContext: initialization completed in 336 ms
2023-11-21T21:28:37.144+01:00  INFO 14288 --- [           main] o.hibernate.jpa.internal.util.LogHelper  : HHH000204: Processing PersistenceUnitInfo [name: default]
2023-11-21T21:28:37.151+01:00  INFO 14288 --- [           main] o.s.o.j.p.SpringPersistenceUnitInfo      : No LoadTimeWeaver setup: ignoring JPA class transformer
2023-11-21T21:28:37.152+01:00  INFO 14288 --- [           main] com.zaxxer.hikari.HikariDataSource       : HikariPool-4 - Starting...
2023-11-21T21:28:37.153+01:00  INFO 14288 --- [           main] com.zaxxer.hikari.pool.HikariPool        : HikariPool-4 - Added connection conn30: url=jdbc:h2:mem:db user=SA
2023-11-21T21:28:37.153+01:00  INFO 14288 --- [           main] com.zaxxer.hikari.HikariDataSource       : HikariPool-4 - Start completed.
2023-11-21T21:28:37.154+01:00  WARN 14288 --- [           main] org.hibernate.orm.deprecation            : HHH90000025: H2Dialect does not need to be specified explicitly using 'hibernate.dialect' (remove the property setting and it will be selected by default)
2023-11-21T21:28:37.167+01:00  WARN 14288 --- [           main] org.hibernate.mapping.RootClass          : HHH000038: Composite-id class does not override equals(): com.example.ProjectService.JoinTable.ProjectMembership
2023-11-21T21:28:37.167+01:00  WARN 14288 --- [           main] org.hibernate.mapping.RootClass          : HHH000039: Composite-id class does not override hashCode(): com.example.ProjectService.JoinTable.ProjectMembership
2023-11-21T21:28:37.208+01:00  INFO 14288 --- [           main] o.h.e.t.j.p.i.JtaPlatformInitiator       : HHH000489: No JTA platform available (set 'hibernate.transaction.jta.platform' to enable JTA platform integration)
2023-11-21T21:28:37.217+01:00  INFO 14288 --- [           main] j.LocalContainerEntityManagerFactoryBean : Initialized JPA EntityManagerFactory for persistence unit 'default'
2023-11-21T21:28:37.269+01:00  WARN 14288 --- [           main] JpaBaseConfiguration$JpaWebConfiguration : spring.jpa.open-in-view is enabled by default. Therefore, database queries may be performed during view rendering. Explicitly configure spring.jpa.open-in-view to disable this warning
2023-11-21T21:28:37.357+01:00  INFO 14288 --- [           main] o.a.c.c.C.[Tomcat].[localhost].[/]       : Initializing Spring TestDispatcherServlet ''
2023-11-21T21:28:37.357+01:00  INFO 14288 --- [           main] o.s.t.web.servlet.TestDispatcherServlet  : Initializing Servlet ''
2023-11-21T21:28:37.358+01:00  INFO 14288 --- [           main] o.s.t.web.servlet.TestDispatcherServlet  : Completed initialization in 0 ms
2023-11-21T21:28:37.373+01:00  INFO 14288 --- [           main] o.s.b.w.embedded.tomcat.TomcatWebServer  : Tomcat started on port(s): 60775 (http) with context path ''
2023-11-21T21:28:37.376+01:00  INFO 14288 --- [           main] c.e.P.ProjectControllerTests             : Started ProjectControllerTests in 0.633 seconds (process running for 10.813)
2023-11-21T21:28:37.451+01:00  INFO 14288 --- [           main] c.e.P.Project.ProjectService             : new project dto => Project{Id=null, Projectname='project66', Projectdescription='description1', Createdat=Tue Nov 21 21:28:37 CET 2023, Lastupdatedat=Tue Nov 21 21:28:37 CET 2023, Owner=ProjectMember{Id=140, Email='testuser140@gmail.com'}, Memberships=[]}
]]></system-out>
  </testcase>
  <testcase name="shouldGetNoProjectsFromAccount" classname="com.example.ProjectService.ProjectControllerTests" time="0.536">
    <system-out><![CDATA[2023-11-21T21:28:37.603+01:00  INFO 14288 --- [           main] o.apache.catalina.core.StandardService   : Stopping service [Tomcat]
2023-11-21T21:28:37.605+01:00  INFO 14288 --- [           main] j.LocalContainerEntityManagerFactoryBean : Closing JPA EntityManagerFactory for persistence unit 'default'
2023-11-21T21:28:37.607+01:00  INFO 14288 --- [           main] com.zaxxer.hikari.HikariDataSource       : HikariPool-4 - Shutdown initiated...
2023-11-21T21:28:37.607+01:00  INFO 14288 --- [           main] com.zaxxer.hikari.HikariDataSource       : HikariPool-4 - Shutdown completed.

  .   ____          _            __ _ _
 /\\ / ___'_ __ _ _(_)_ __  __ _ \ \ \ \
( ( )\___ | '_ | '_| | '_ \/ _` | \ \ \ \
 \\/  ___)| |_)| | | | | || (_| |  ) ) ) )
  '  |____| .__|_| |_|_| |_\__, | / / / /
 =========|_|==============|___/=/_/_/_/
 :: Spring Boot ::                (v3.1.5)

2023-11-21T21:28:37.624+01:00  INFO 14288 --- [           main] c.e.P.ProjectControllerTests             : Starting ProjectControllerTests using Java 17.0.8.1 with PID 14288 (started by mitch in D:\projecten\semester6individueel\ProjectService)
2023-11-21T21:28:37.624+01:00  INFO 14288 --- [           main] c.e.P.ProjectControllerTests             : The following 1 profile is active: "test"
2023-11-21T21:28:37.725+01:00  INFO 14288 --- [           main] .s.d.r.c.RepositoryConfigurationDelegate : Bootstrapping Spring Data JPA repositories in DEFAULT mode.
2023-11-21T21:28:37.738+01:00  INFO 14288 --- [           main] .s.d.r.c.RepositoryConfigurationDelegate : Finished Spring Data repository scanning in 12 ms. Found 2 JPA repository interfaces.
2023-11-21T21:28:37.786+01:00  INFO 14288 --- [           main] o.s.b.w.embedded.tomcat.TomcatWebServer  : Tomcat initialized with port(s): 0 (http)
2023-11-21T21:28:37.787+01:00  INFO 14288 --- [           main] o.apache.catalina.core.StandardService   : Starting service [Tomcat]
2023-11-21T21:28:37.787+01:00  INFO 14288 --- [           main] o.apache.catalina.core.StandardEngine    : Starting Servlet engine: [Apache Tomcat/10.1.15]
2023-11-21T21:28:37.819+01:00  INFO 14288 --- [           main] o.a.c.c.C.[Tomcat].[localhost].[/]       : Initializing Spring embedded WebApplicationContext
2023-11-21T21:28:37.819+01:00  INFO 14288 --- [           main] w.s.c.ServletWebServerApplicationContext : Root WebApplicationContext: initialization completed in 194 ms
2023-11-21T21:28:37.840+01:00  INFO 14288 --- [           main] o.hibernate.jpa.internal.util.LogHelper  : HHH000204: Processing PersistenceUnitInfo [name: default]
2023-11-21T21:28:37.845+01:00  INFO 14288 --- [           main] o.s.o.j.p.SpringPersistenceUnitInfo      : No LoadTimeWeaver setup: ignoring JPA class transformer
2023-11-21T21:28:37.846+01:00  INFO 14288 --- [           main] com.zaxxer.hikari.HikariDataSource       : HikariPool-5 - Starting...
2023-11-21T21:28:37.847+01:00  INFO 14288 --- [           main] com.zaxxer.hikari.pool.HikariPool        : HikariPool-5 - Added connection conn40: url=jdbc:h2:mem:db user=SA
2023-11-21T21:28:37.847+01:00  INFO 14288 --- [           main] com.zaxxer.hikari.HikariDataSource       : HikariPool-5 - Start completed.
2023-11-21T21:28:37.847+01:00  WARN 14288 --- [           main] org.hibernate.orm.deprecation            : HHH90000025: H2Dialect does not need to be specified explicitly using 'hibernate.dialect' (remove the property setting and it will be selected by default)
2023-11-21T21:28:37.859+01:00  WARN 14288 --- [           main] org.hibernate.mapping.RootClass          : HHH000038: Composite-id class does not override equals(): com.example.ProjectService.JoinTable.ProjectMembership
2023-11-21T21:28:37.859+01:00  WARN 14288 --- [           main] org.hibernate.mapping.RootClass          : HHH000039: Composite-id class does not override hashCode(): com.example.ProjectService.JoinTable.ProjectMembership
2023-11-21T21:28:37.894+01:00  INFO 14288 --- [           main] o.h.e.t.j.p.i.JtaPlatformInitiator       : HHH000489: No JTA platform available (set 'hibernate.transaction.jta.platform' to enable JTA platform integration)
2023-11-21T21:28:37.901+01:00  INFO 14288 --- [           main] j.LocalContainerEntityManagerFactoryBean : Initialized JPA EntityManagerFactory for persistence unit 'default'
2023-11-21T21:28:37.937+01:00  WARN 14288 --- [           main] JpaBaseConfiguration$JpaWebConfiguration : spring.jpa.open-in-view is enabled by default. Therefore, database queries may be performed during view rendering. Explicitly configure spring.jpa.open-in-view to disable this warning
2023-11-21T21:28:38.029+01:00  INFO 14288 --- [           main] o.a.c.c.C.[Tomcat].[localhost].[/]       : Initializing Spring TestDispatcherServlet ''
2023-11-21T21:28:38.029+01:00  INFO 14288 --- [           main] o.s.t.web.servlet.TestDispatcherServlet  : Initializing Servlet ''
2023-11-21T21:28:38.029+01:00  INFO 14288 --- [           main] o.s.t.web.servlet.TestDispatcherServlet  : Completed initialization in 0 ms
2023-11-21T21:28:38.045+01:00  INFO 14288 --- [           main] o.s.b.w.embedded.tomcat.TomcatWebServer  : Tomcat started on port(s): 60777 (http) with context path ''
2023-11-21T21:28:38.052+01:00  INFO 14288 --- [           main] c.e.P.ProjectControllerTests             : Started ProjectControllerTests in 0.443 seconds (process running for 11.489)
]]></system-out>
  </testcase>
  <testcase name="shouldGetAll3ProjectsFromAccount" classname="com.example.ProjectService.ProjectControllerTests" time="0.555">
    <system-out><![CDATA[2023-11-21T21:28:38.140+01:00  INFO 14288 --- [           main] o.apache.catalina.core.StandardService   : Stopping service [Tomcat]
2023-11-21T21:28:38.143+01:00  INFO 14288 --- [           main] j.LocalContainerEntityManagerFactoryBean : Closing JPA EntityManagerFactory for persistence unit 'default'
2023-11-21T21:28:38.145+01:00  INFO 14288 --- [           main] com.zaxxer.hikari.HikariDataSource       : HikariPool-5 - Shutdown initiated...
2023-11-21T21:28:38.146+01:00  INFO 14288 --- [           main] com.zaxxer.hikari.HikariDataSource       : HikariPool-5 - Shutdown completed.

  .   ____          _            __ _ _
 /\\ / ___'_ __ _ _(_)_ __  __ _ \ \ \ \
( ( )\___ | '_ | '_| | '_ \/ _` | \ \ \ \
 \\/  ___)| |_)| | | | | || (_| |  ) ) ) )
  '  |____| .__|_| |_|_| |_\__, | / / / /
 =========|_|==============|___/=/_/_/_/
 :: Spring Boot ::                (v3.1.5)

2023-11-21T21:28:38.160+01:00  INFO 14288 --- [           main] c.e.P.ProjectControllerTests             : Starting ProjectControllerTests using Java 17.0.8.1 with PID 14288 (started by mitch in D:\projecten\semester6individueel\ProjectService)
2023-11-21T21:28:38.161+01:00  INFO 14288 --- [           main] c.e.P.ProjectControllerTests             : The following 1 profile is active: "test"
2023-11-21T21:28:38.273+01:00  INFO 14288 --- [           main] .s.d.r.c.RepositoryConfigurationDelegate : Bootstrapping Spring Data JPA repositories in DEFAULT mode.
2023-11-21T21:28:38.290+01:00  INFO 14288 --- [           main] .s.d.r.c.RepositoryConfigurationDelegate : Finished Spring Data repository scanning in 16 ms. Found 2 JPA repository interfaces.
2023-11-21T21:28:38.366+01:00  INFO 14288 --- [           main] o.s.b.w.embedded.tomcat.TomcatWebServer  : Tomcat initialized with port(s): 0 (http)
2023-11-21T21:28:38.367+01:00  INFO 14288 --- [           main] o.apache.catalina.core.StandardService   : Starting service [Tomcat]
2023-11-21T21:28:38.368+01:00  INFO 14288 --- [           main] o.apache.catalina.core.StandardEngine    : Starting Servlet engine: [Apache Tomcat/10.1.15]
2023-11-21T21:28:38.418+01:00  INFO 14288 --- [           main] o.a.c.c.C.[Tomcat].[localhost].[/]       : Initializing Spring embedded WebApplicationContext
2023-11-21T21:28:38.418+01:00  INFO 14288 --- [           main] w.s.c.ServletWebServerApplicationContext : Root WebApplicationContext: initialization completed in 256 ms
2023-11-21T21:28:38.449+01:00  INFO 14288 --- [           main] o.hibernate.jpa.internal.util.LogHelper  : HHH000204: Processing PersistenceUnitInfo [name: default]
2023-11-21T21:28:38.455+01:00  INFO 14288 --- [           main] o.s.o.j.p.SpringPersistenceUnitInfo      : No LoadTimeWeaver setup: ignoring JPA class transformer
2023-11-21T21:28:38.457+01:00  INFO 14288 --- [           main] com.zaxxer.hikari.HikariDataSource       : HikariPool-6 - Starting...
2023-11-21T21:28:38.458+01:00  INFO 14288 --- [           main] com.zaxxer.hikari.pool.HikariPool        : HikariPool-6 - Added connection conn50: url=jdbc:h2:mem:db user=SA
2023-11-21T21:28:38.458+01:00  INFO 14288 --- [           main] com.zaxxer.hikari.HikariDataSource       : HikariPool-6 - Start completed.
2023-11-21T21:28:38.459+01:00  WARN 14288 --- [           main] org.hibernate.orm.deprecation            : HHH90000025: H2Dialect does not need to be specified explicitly using 'hibernate.dialect' (remove the property setting and it will be selected by default)
2023-11-21T21:28:38.477+01:00  WARN 14288 --- [           main] org.hibernate.mapping.RootClass          : HHH000038: Composite-id class does not override equals(): com.example.ProjectService.JoinTable.ProjectMembership
2023-11-21T21:28:38.477+01:00  WARN 14288 --- [           main] org.hibernate.mapping.RootClass          : HHH000039: Composite-id class does not override hashCode(): com.example.ProjectService.JoinTable.ProjectMembership
2023-11-21T21:28:38.511+01:00  INFO 14288 --- [           main] o.h.e.t.j.p.i.JtaPlatformInitiator       : HHH000489: No JTA platform available (set 'hibernate.transaction.jta.platform' to enable JTA platform integration)
2023-11-21T21:28:38.517+01:00  INFO 14288 --- [           main] j.LocalContainerEntityManagerFactoryBean : Initialized JPA EntityManagerFactory for persistence unit 'default'
2023-11-21T21:28:38.550+01:00  WARN 14288 --- [           main] JpaBaseConfiguration$JpaWebConfiguration : spring.jpa.open-in-view is enabled by default. Therefore, database queries may be performed during view rendering. Explicitly configure spring.jpa.open-in-view to disable this warning
2023-11-21T21:28:38.628+01:00  INFO 14288 --- [           main] o.a.c.c.C.[Tomcat].[localhost].[/]       : Initializing Spring TestDispatcherServlet ''
2023-11-21T21:28:38.628+01:00  INFO 14288 --- [           main] o.s.t.web.servlet.TestDispatcherServlet  : Initializing Servlet ''
2023-11-21T21:28:38.629+01:00  INFO 14288 --- [           main] o.s.t.web.servlet.TestDispatcherServlet  : Completed initialization in 1 ms
2023-11-21T21:28:38.642+01:00  INFO 14288 --- [           main] o.s.b.w.embedded.tomcat.TomcatWebServer  : Tomcat started on port(s): 60780 (http) with context path ''
2023-11-21T21:28:38.645+01:00  INFO 14288 --- [           main] c.e.P.ProjectControllerTests             : Started ProjectControllerTests in 0.496 seconds (process running for 12.082)
]]></system-out>
  </testcase>
  <testcase name="shouldCreateProjectScenario2" classname="com.example.ProjectService.ProjectControllerTests" time="0.544">
    <system-out><![CDATA[2023-11-21T21:28:38.698+01:00  INFO 14288 --- [           main] o.apache.catalina.core.StandardService   : Stopping service [Tomcat]
2023-11-21T21:28:38.701+01:00  INFO 14288 --- [           main] j.LocalContainerEntityManagerFactoryBean : Closing JPA EntityManagerFactory for persistence unit 'default'
2023-11-21T21:28:38.704+01:00  INFO 14288 --- [           main] com.zaxxer.hikari.HikariDataSource       : HikariPool-6 - Shutdown initiated...
2023-11-21T21:28:38.709+01:00  INFO 14288 --- [           main] com.zaxxer.hikari.HikariDataSource       : HikariPool-6 - Shutdown completed.

  .   ____          _            __ _ _
 /\\ / ___'_ __ _ _(_)_ __  __ _ \ \ \ \
( ( )\___ | '_ | '_| | '_ \/ _` | \ \ \ \
 \\/  ___)| |_)| | | | | || (_| |  ) ) ) )
  '  |____| .__|_| |_|_| |_\__, | / / / /
 =========|_|==============|___/=/_/_/_/
 :: Spring Boot ::                (v3.1.5)

2023-11-21T21:28:38.736+01:00  INFO 14288 --- [           main] c.e.P.ProjectControllerTests             : Starting ProjectControllerTests using Java 17.0.8.1 with PID 14288 (started by mitch in D:\projecten\semester6individueel\ProjectService)
2023-11-21T21:28:38.736+01:00  INFO 14288 --- [           main] c.e.P.ProjectControllerTests             : The following 1 profile is active: "test"
2023-11-21T21:28:38.853+01:00  INFO 14288 --- [           main] .s.d.r.c.RepositoryConfigurationDelegate : Bootstrapping Spring Data JPA repositories in DEFAULT mode.
2023-11-21T21:28:38.868+01:00  INFO 14288 --- [           main] .s.d.r.c.RepositoryConfigurationDelegate : Finished Spring Data repository scanning in 14 ms. Found 2 JPA repository interfaces.
2023-11-21T21:28:38.924+01:00  INFO 14288 --- [           main] o.s.b.w.embedded.tomcat.TomcatWebServer  : Tomcat initialized with port(s): 0 (http)
2023-11-21T21:28:38.924+01:00  INFO 14288 --- [           main] o.apache.catalina.core.StandardService   : Starting service [Tomcat]
2023-11-21T21:28:38.925+01:00  INFO 14288 --- [           main] o.apache.catalina.core.StandardEngine    : Starting Servlet engine: [Apache Tomcat/10.1.15]
2023-11-21T21:28:38.962+01:00  INFO 14288 --- [           main] o.a.c.c.C.[Tomcat].[localhost].[/]       : Initializing Spring embedded WebApplicationContext
2023-11-21T21:28:38.963+01:00  INFO 14288 --- [           main] w.s.c.ServletWebServerApplicationContext : Root WebApplicationContext: initialization completed in 225 ms
2023-11-21T21:28:38.992+01:00  INFO 14288 --- [           main] o.hibernate.jpa.internal.util.LogHelper  : HHH000204: Processing PersistenceUnitInfo [name: default]
2023-11-21T21:28:38.997+01:00  INFO 14288 --- [           main] o.s.o.j.p.SpringPersistenceUnitInfo      : No LoadTimeWeaver setup: ignoring JPA class transformer
2023-11-21T21:28:38.998+01:00  INFO 14288 --- [           main] com.zaxxer.hikari.HikariDataSource       : HikariPool-7 - Starting...
2023-11-21T21:28:39.000+01:00  INFO 14288 --- [           main] com.zaxxer.hikari.pool.HikariPool        : HikariPool-7 - Added connection conn60: url=jdbc:h2:mem:db user=SA
2023-11-21T21:28:39.000+01:00  INFO 14288 --- [           main] com.zaxxer.hikari.HikariDataSource       : HikariPool-7 - Start completed.
2023-11-21T21:28:39.000+01:00  WARN 14288 --- [           main] org.hibernate.orm.deprecation            : HHH90000025: H2Dialect does not need to be specified explicitly using 'hibernate.dialect' (remove the property setting and it will be selected by default)
2023-11-21T21:28:39.011+01:00  WARN 14288 --- [           main] org.hibernate.mapping.RootClass          : HHH000038: Composite-id class does not override equals(): com.example.ProjectService.JoinTable.ProjectMembership
2023-11-21T21:28:39.011+01:00  WARN 14288 --- [           main] org.hibernate.mapping.RootClass          : HHH000039: Composite-id class does not override hashCode(): com.example.ProjectService.JoinTable.ProjectMembership
2023-11-21T21:28:39.047+01:00  INFO 14288 --- [           main] o.h.e.t.j.p.i.JtaPlatformInitiator       : HHH000489: No JTA platform available (set 'hibernate.transaction.jta.platform' to enable JTA platform integration)
2023-11-21T21:28:39.054+01:00  INFO 14288 --- [           main] j.LocalContainerEntityManagerFactoryBean : Initialized JPA EntityManagerFactory for persistence unit 'default'
2023-11-21T21:28:39.092+01:00  WARN 14288 --- [           main] JpaBaseConfiguration$JpaWebConfiguration : spring.jpa.open-in-view is enabled by default. Therefore, database queries may be performed during view rendering. Explicitly configure spring.jpa.open-in-view to disable this warning
2023-11-21T21:28:39.186+01:00  INFO 14288 --- [           main] o.a.c.c.C.[Tomcat].[localhost].[/]       : Initializing Spring TestDispatcherServlet ''
2023-11-21T21:28:39.186+01:00  INFO 14288 --- [           main] o.s.t.web.servlet.TestDispatcherServlet  : Initializing Servlet ''
2023-11-21T21:28:39.187+01:00  INFO 14288 --- [           main] o.s.t.web.servlet.TestDispatcherServlet  : Completed initialization in 1 ms
2023-11-21T21:28:39.200+01:00  INFO 14288 --- [           main] o.s.b.w.embedded.tomcat.TomcatWebServer  : Tomcat started on port(s): 60782 (http) with context path ''
2023-11-21T21:28:39.203+01:00  INFO 14288 --- [           main] c.e.P.ProjectControllerTests             : Started ProjectControllerTests in 0.49 seconds (process running for 12.64)
2023-11-21T21:28:39.217+01:00  INFO 14288 --- [           main] c.e.P.Project.ProjectService             : new project dto => Project{Id=null, Projectname='project666666', Projectdescription='description16666', Createdat=Tue Nov 21 21:28:39 CET 2023, Lastupdatedat=Tue Nov 21 21:28:39 CET 2023, Owner=ProjectMember{Id=140, Email='testuser140@gmail.com'}, Memberships=[]}
]]></system-out>
  </testcase>
</testsuite>