<?xml version="1.0" encoding="UTF-8"?>
<testsuite xmlns:xsi="http://www.w3.org/2001/XMLSchema-instance" xsi:noNamespaceSchemaLocation="https://maven.apache.org/surefire/maven-surefire-plugin/xsd/surefire-test-report-3.0.xsd" version="3.0" name="com.example.ProjectService.ProjectControllerTests" time="1,997.43" tests="7" errors="0" skipped="0" failures="0">
  <properties>
    <property name="java.specification.version" value="17"/>
    <property name="sun.cpu.isalist" value="amd64"/>
    <property name="sun.jnu.encoding" value="Cp1252"/>
    <property name="java.class.path" value="D:\projecten\semester6individueel\ProjectService\target\test-classes;D:\projecten\semester6individueel\ProjectService\target\classes;C:\Users\mitch\.m2\repository\org\springframework\boot\spring-boot-starter-data-jpa\3.1.5\spring-boot-starter-data-jpa-3.1.5.jar;C:\Users\mitch\.m2\repository\org\springframework\boot\spring-boot-starter-aop\3.1.5\spring-boot-starter-aop-3.1.5.jar;C:\Users\mitch\.m2\repository\org\springframework\spring-aop\6.0.13\spring-aop-6.0.13.jar;C:\Users\mitch\.m2\repository\org\aspectj\aspectjweaver\1.9.20\aspectjweaver-1.9.20.jar;C:\Users\mitch\.m2\repository\org\springframework\boot\spring-boot-starter-jdbc\3.1.5\spring-boot-starter-jdbc-3.1.5.jar;C:\Users\mitch\.m2\repository\com\zaxxer\HikariCP\5.0.1\HikariCP-5.0.1.jar;C:\Users\mitch\.m2\repository\org\springframework\spring-jdbc\6.0.13\spring-jdbc-6.0.13.jar;C:\Users\mitch\.m2\repository\org\hibernate\orm\hibernate-core\6.2.13.Final\hibernate-core-6.2.13.Final.jar;C:\Users\mitch\.m2\repository\jakarta\persistence\jakarta.persistence-api\3.1.0\jakarta.persistence-api-3.1.0.jar;C:\Users\mitch\.m2\repository\jakarta\transaction\jakarta.transaction-api\2.0.1\jakarta.transaction-api-2.0.1.jar;C:\Users\mitch\.m2\repository\org\jboss\logging\jboss-logging\3.5.3.Final\jboss-logging-3.5.3.Final.jar;C:\Users\mitch\.m2\repository\org\hibernate\common\hibernate-commons-annotations\6.0.6.Final\hibernate-commons-annotations-6.0.6.Final.jar;C:\Users\mitch\.m2\repository\io\smallrye\jandex\3.0.5\jandex-3.0.5.jar;C:\Users\mitch\.m2\repository\com\fasterxml\classmate\1.5.1\classmate-1.5.1.jar;C:\Users\mitch\.m2\repository\net\bytebuddy\byte-buddy\1.14.9\byte-buddy-1.14.9.jar;C:\Users\mitch\.m2\repository\org\glassfish\jaxb\jaxb-runtime\4.0.3\jaxb-runtime-4.0.3.jar;C:\Users\mitch\.m2\repository\org\glassfish\jaxb\jaxb-core\4.0.3\jaxb-core-4.0.3.jar;C:\Users\mitch\.m2\repository\org\eclipse\angus\angus-activation\2.0.1\angus-activation-2.0.1.jar;C:\Users\mitch\.m2\repository\org\glassfish\jaxb\txw2\4.0.3\txw2-4.0.3.jar;C:\Users\mitch\.m2\repository\com\sun\istack\istack-commons-runtime\4.1.2\istack-commons-runtime-4.1.2.jar;C:\Users\mitch\.m2\repository\jakarta\inject\jakarta.inject-api\2.0.1\jakarta.inject-api-2.0.1.jar;C:\Users\mitch\.m2\repository\org\antlr\antlr4-runtime\4.10.1\antlr4-runtime-4.10.1.jar;C:\Users\mitch\.m2\repository\org\springframework\data\spring-data-jpa\3.1.5\spring-data-jpa-3.1.5.jar;C:\Users\mitch\.m2\repository\org\springframework\data\spring-data-commons\3.1.5\spring-data-commons-3.1.5.jar;C:\Users\mitch\.m2\repository\org\springframework\spring-orm\6.0.13\spring-orm-6.0.13.jar;C:\Users\mitch\.m2\repository\org\springframework\spring-beans\6.0.13\spring-beans-6.0.13.jar;C:\Users\mitch\.m2\repository\jakarta\annotation\jakarta.annotation-api\2.1.1\jakarta.annotation-api-2.1.1.jar;C:\Users\mitch\.m2\repository\org\slf4j\slf4j-api\2.0.9\slf4j-api-2.0.9.jar;C:\Users\mitch\.m2\repository\org\springframework\spring-aspects\6.0.13\spring-aspects-6.0.13.jar;C:\Users\mitch\.m2\repository\org\springframework\boot\spring-boot-starter-web\3.1.5\spring-boot-starter-web-3.1.5.jar;C:\Users\mitch\.m2\repository\org\springframework\boot\spring-boot-starter\3.1.5\spring-boot-starter-3.1.5.jar;C:\Users\mitch\.m2\repository\org\springframework\boot\spring-boot\3.1.5\spring-boot-3.1.5.jar;C:\Users\mitch\.m2\repository\org\springframework\boot\spring-boot-autoconfigure\3.1.5\spring-boot-autoconfigure-3.1.5.jar;C:\Users\mitch\.m2\repository\org\springframework\boot\spring-boot-starter-logging\3.1.5\spring-boot-starter-logging-3.1.5.jar;C:\Users\mitch\.m2\repository\ch\qos\logback\logback-classic\1.4.11\logback-classic-1.4.11.jar;C:\Users\mitch\.m2\repository\ch\qos\logback\logback-core\1.4.11\logback-core-1.4.11.jar;C:\Users\mitch\.m2\repository\org\apache\logging\log4j\log4j-to-slf4j\2.20.0\log4j-to-slf4j-2.20.0.jar;C:\Users\mitch\.m2\repository\org\apache\logging\log4j\log4j-api\2.20.0\log4j-api-2.20.0.jar;C:\Users\mitch\.m2\repository\org\slf4j\jul-to-slf4j\2.0.9\jul-to-slf4j-2.0.9.jar;C:\Users\mitch\.m2\repository\org\yaml\snakeyaml\1.33\snakeyaml-1.33.jar;C:\Users\mitch\.m2\repository\org\springframework\boot\spring-boot-starter-json\3.1.5\spring-boot-starter-json-3.1.5.jar;C:\Users\mitch\.m2\repository\com\fasterxml\jackson\core\jackson-databind\2.15.3\jackson-databind-2.15.3.jar;C:\Users\mitch\.m2\repository\com\fasterxml\jackson\core\jackson-annotations\2.15.3\jackson-annotations-2.15.3.jar;C:\Users\mitch\.m2\repository\com\fasterxml\jackson\core\jackson-core\2.15.3\jackson-core-2.15.3.jar;C:\Users\mitch\.m2\repository\com\fasterxml\jackson\datatype\jackson-datatype-jdk8\2.15.3\jackson-datatype-jdk8-2.15.3.jar;C:\Users\mitch\.m2\repository\com\fasterxml\jackson\datatype\jackson-datatype-jsr310\2.15.3\jackson-datatype-jsr310-2.15.3.jar;C:\Users\mitch\.m2\repository\com\fasterxml\jackson\module\jackson-module-parameter-names\2.15.3\jackson-module-parameter-names-2.15.3.jar;C:\Users\mitch\.m2\repository\org\springframework\boot\spring-boot-starter-tomcat\3.1.5\spring-boot-starter-tomcat-3.1.5.jar;C:\Users\mitch\.m2\repository\org\apache\tomcat\embed\tomcat-embed-core\10.1.15\tomcat-embed-core-10.1.15.jar;C:\Users\mitch\.m2\repository\org\apache\tomcat\embed\tomcat-embed-el\10.1.15\tomcat-embed-el-10.1.15.jar;C:\Users\mitch\.m2\repository\org\apache\tomcat\embed\tomcat-embed-websocket\10.1.15\tomcat-embed-websocket-10.1.15.jar;C:\Users\mitch\.m2\repository\org\springframework\spring-web\6.0.13\spring-web-6.0.13.jar;C:\Users\mitch\.m2\repository\org\springframework\spring-webmvc\6.0.13\spring-webmvc-6.0.13.jar;C:\Users\mitch\.m2\repository\org\springframework\spring-expression\6.0.13\spring-expression-6.0.13.jar;C:\Users\mitch\.m2\repository\org\springframework\boot\spring-boot-starter-test\3.1.5\spring-boot-starter-test-3.1.5.jar;C:\Users\mitch\.m2\repository\org\springframework\boot\spring-boot-test\3.1.5\spring-boot-test-3.1.5.jar;C:\Users\mitch\.m2\repository\org\springframework\boot\spring-boot-test-autoconfigure\3.1.5\spring-boot-test-autoconfigure-3.1.5.jar;C:\Users\mitch\.m2\repository\com\jayway\jsonpath\json-path\2.8.0\json-path-2.8.0.jar;C:\Users\mitch\.m2\repository\jakarta\xml\bind\jakarta.xml.bind-api\4.0.1\jakarta.xml.bind-api-4.0.1.jar;C:\Users\mitch\.m2\repository\jakarta\activation\jakarta.activation-api\2.1.2\jakarta.activation-api-2.1.2.jar;C:\Users\mitch\.m2\repository\net\minidev\json-smart\2.4.11\json-smart-2.4.11.jar;C:\Users\mitch\.m2\repository\net\minidev\accessors-smart\2.4.11\accessors-smart-2.4.11.jar;C:\Users\mitch\.m2\repository\org\ow2\asm\asm\9.3\asm-9.3.jar;C:\Users\mitch\.m2\repository\org\assertj\assertj-core\3.24.2\assertj-core-3.24.2.jar;C:\Users\mitch\.m2\repository\org\hamcrest\hamcrest\2.2\hamcrest-2.2.jar;C:\Users\mitch\.m2\repository\org\junit\jupiter\junit-jupiter\5.9.3\junit-jupiter-5.9.3.jar;C:\Users\mitch\.m2\repository\org\junit\jupiter\junit-jupiter-params\5.9.3\junit-jupiter-params-5.9.3.jar;C:\Users\mitch\.m2\repository\org\junit\jupiter\junit-jupiter-engine\5.9.3\junit-jupiter-engine-5.9.3.jar;C:\Users\mitch\.m2\repository\org\mockito\mockito-core\5.3.1\mockito-core-5.3.1.jar;C:\Users\mitch\.m2\repository\net\bytebuddy\byte-buddy-agent\1.14.9\byte-buddy-agent-1.14.9.jar;C:\Users\mitch\.m2\repository\org\objenesis\objenesis\3.3\objenesis-3.3.jar;C:\Users\mitch\.m2\repository\org\mockito\mockito-junit-jupiter\5.3.1\mockito-junit-jupiter-5.3.1.jar;C:\Users\mitch\.m2\repository\org\skyscreamer\jsonassert\1.5.1\jsonassert-1.5.1.jar;C:\Users\mitch\.m2\repository\com\vaadin\external\google\android-json\0.0.20131108.vaadin1\android-json-0.0.20131108.vaadin1.jar;C:\Users\mitch\.m2\repository\org\springframework\spring-core\6.0.13\spring-core-6.0.13.jar;C:\Users\mitch\.m2\repository\org\springframework\spring-jcl\6.0.13\spring-jcl-6.0.13.jar;C:\Users\mitch\.m2\repository\org\springframework\spring-test\6.0.13\spring-test-6.0.13.jar;C:\Users\mitch\.m2\repository\org\xmlunit\xmlunit-core\2.9.1\xmlunit-core-2.9.1.jar;C:\Users\mitch\.m2\repository\org\springframework\kafka\spring-kafka\3.0.12\spring-kafka-3.0.12.jar;C:\Users\mitch\.m2\repository\org\springframework\spring-context\6.0.13\spring-context-6.0.13.jar;C:\Users\mitch\.m2\repository\org\springframework\spring-messaging\6.0.13\spring-messaging-6.0.13.jar;C:\Users\mitch\.m2\repository\org\springframework\spring-tx\6.0.13\spring-tx-6.0.13.jar;C:\Users\mitch\.m2\repository\org\springframework\retry\spring-retry\2.0.4\spring-retry-2.0.4.jar;C:\Users\mitch\.m2\repository\org\apache\kafka\kafka-clients\3.4.1\kafka-clients-3.4.1.jar;C:\Users\mitch\.m2\repository\com\github\luben\zstd-jni\1.5.2-1\zstd-jni-1.5.2-1.jar;C:\Users\mitch\.m2\repository\org\lz4\lz4-java\1.8.0\lz4-java-1.8.0.jar;C:\Users\mitch\.m2\repository\org\xerial\snappy\snappy-java\1.1.8.4\snappy-java-1.1.8.4.jar;C:\Users\mitch\.m2\repository\io\micrometer\micrometer-observation\1.11.5\micrometer-observation-1.11.5.jar;C:\Users\mitch\.m2\repository\io\micrometer\micrometer-commons\1.11.5\micrometer-commons-1.11.5.jar;C:\Users\mitch\.m2\repository\com\google\code\findbugs\jsr305\3.0.2\jsr305-3.0.2.jar;C:\Users\mitch\.m2\repository\org\springframework\kafka\spring-kafka-test\3.0.11\spring-kafka-test-3.0.11.jar;C:\Users\mitch\.m2\repository\org\apache\zookeeper\zookeeper\3.6.3\zookeeper-3.6.3.jar;C:\Users\mitch\.m2\repository\org\apache\zookeeper\zookeeper-jute\3.6.3\zookeeper-jute-3.6.3.jar;C:\Users\mitch\.m2\repository\org\apache\yetus\audience-annotations\0.5.0\audience-annotations-0.5.0.jar;C:\Users\mitch\.m2\repository\io\netty\netty-handler\4.1.100.Final\netty-handler-4.1.100.Final.jar;C:\Users\mitch\.m2\repository\io\netty\netty-resolver\4.1.100.Final\netty-resolver-4.1.100.Final.jar;C:\Users\mitch\.m2\repository\io\netty\netty-buffer\4.1.100.Final\netty-buffer-4.1.100.Final.jar;C:\Users\mitch\.m2\repository\io\netty\netty-transport-native-unix-common\4.1.100.Final\netty-transport-native-unix-common-4.1.100.Final.jar;C:\Users\mitch\.m2\repository\io\netty\netty-codec\4.1.100.Final\netty-codec-4.1.100.Final.jar;C:\Users\mitch\.m2\repository\io\netty\netty-transport-native-epoll\4.1.100.Final\netty-transport-native-epoll-4.1.100.Final.jar;C:\Users\mitch\.m2\repository\io\netty\netty-transport-classes-epoll\4.1.100.Final\netty-transport-classes-epoll-4.1.100.Final.jar;C:\Users\mitch\.m2\repository\org\apache\kafka\kafka-clients\3.4.1\kafka-clients-3.4.1-test.jar;C:\Users\mitch\.m2\repository\org\apache\kafka\kafka-metadata\3.4.1\kafka-metadata-3.4.1.jar;C:\Users\mitch\.m2\repository\org\apache\kafka\kafka-server-common\3.4.1\kafka-server-common-3.4.1.jar;C:\Users\mitch\.m2\repository\org\apache\kafka\kafka-raft\3.4.1\kafka-raft-3.4.1.jar;C:\Users\mitch\.m2\repository\com\yammer\metrics\metrics-core\2.2.0\metrics-core-2.2.0.jar;C:\Users\mitch\.m2\repository\org\apache\kafka\kafka-streams-test-utils\3.4.1\kafka-streams-test-utils-3.4.1.jar;C:\Users\mitch\.m2\repository\org\apache\kafka\kafka-streams\3.4.1\kafka-streams-3.4.1.jar;C:\Users\mitch\.m2\repository\org\rocksdb\rocksdbjni\7.1.2\rocksdbjni-7.1.2.jar;C:\Users\mitch\.m2\repository\org\apache\kafka\kafka_2.13\3.4.1\kafka_2.13-3.4.1.jar;C:\Users\mitch\.m2\repository\org\scala-lang\scala-library\2.13.10\scala-library-2.13.10.jar;C:\Users\mitch\.m2\repository\org\apache\kafka\kafka-group-coordinator\3.4.1\kafka-group-coordinator-3.4.1.jar;C:\Users\mitch\.m2\repository\org\apache\kafka\kafka-storage\3.4.1\kafka-storage-3.4.1.jar;C:\Users\mitch\.m2\repository\org\apache\kafka\kafka-storage-api\3.4.1\kafka-storage-api-3.4.1.jar;C:\Users\mitch\.m2\repository\net\sourceforge\argparse4j\argparse4j\0.7.0\argparse4j-0.7.0.jar;C:\Users\mitch\.m2\repository\com\fasterxml\jackson\module\jackson-module-scala_2.13\2.15.3\jackson-module-scala_2.13-2.15.3.jar;C:\Users\mitch\.m2\repository\com\thoughtworks\paranamer\paranamer\2.8\paranamer-2.8.jar;C:\Users\mitch\.m2\repository\com\fasterxml\jackson\dataformat\jackson-dataformat-csv\2.15.3\jackson-dataformat-csv-2.15.3.jar;C:\Users\mitch\.m2\repository\net\sf\jopt-simple\jopt-simple\5.0.4\jopt-simple-5.0.4.jar;C:\Users\mitch\.m2\repository\org\bitbucket\b_c\jose4j\0.9.3\jose4j-0.9.3.jar;C:\Users\mitch\.m2\repository\org\scala-lang\modules\scala-collection-compat_2.13\2.10.0\scala-collection-compat_2.13-2.10.0.jar;C:\Users\mitch\.m2\repository\org\scala-lang\modules\scala-java8-compat_2.13\1.0.2\scala-java8-compat_2.13-1.0.2.jar;C:\Users\mitch\.m2\repository\org\scala-lang\scala-reflect\2.13.10\scala-reflect-2.13.10.jar;C:\Users\mitch\.m2\repository\com\typesafe\scala-logging\scala-logging_2.13\3.9.4\scala-logging_2.13-3.9.4.jar;C:\Users\mitch\.m2\repository\io\dropwizard\metrics\metrics-core\4.2.21\metrics-core-4.2.21.jar;C:\Users\mitch\.m2\repository\commons-cli\commons-cli\1.4\commons-cli-1.4.jar;C:\Users\mitch\.m2\repository\org\apache\kafka\kafka_2.13\3.4.1\kafka_2.13-3.4.1-test.jar;C:\Users\mitch\.m2\repository\org\junit\jupiter\junit-jupiter-api\5.9.3\junit-jupiter-api-5.9.3.jar;C:\Users\mitch\.m2\repository\org\opentest4j\opentest4j\1.2.0\opentest4j-1.2.0.jar;C:\Users\mitch\.m2\repository\org\junit\platform\junit-platform-commons\1.9.3\junit-platform-commons-1.9.3.jar;C:\Users\mitch\.m2\repository\org\apiguardian\apiguardian-api\1.1.2\apiguardian-api-1.1.2.jar;C:\Users\mitch\.m2\repository\org\junit\platform\junit-platform-launcher\1.9.3\junit-platform-launcher-1.9.3.jar;C:\Users\mitch\.m2\repository\org\junit\platform\junit-platform-engine\1.9.3\junit-platform-engine-1.9.3.jar;C:\Users\mitch\.m2\repository\org\springframework\boot\spring-boot-starter-actuator\3.1.5\spring-boot-starter-actuator-3.1.5.jar;C:\Users\mitch\.m2\repository\org\springframework\boot\spring-boot-actuator-autoconfigure\3.1.5\spring-boot-actuator-autoconfigure-3.1.5.jar;C:\Users\mitch\.m2\repository\org\springframework\boot\spring-boot-actuator\3.1.5\spring-boot-actuator-3.1.5.jar;C:\Users\mitch\.m2\repository\io\micrometer\micrometer-core\1.11.5\micrometer-core-1.11.5.jar;C:\Users\mitch\.m2\repository\org\hdrhistogram\HdrHistogram\2.1.12\HdrHistogram-2.1.12.jar;C:\Users\mitch\.m2\repository\org\latencyutils\LatencyUtils\2.0.3\LatencyUtils-2.0.3.jar;C:\Users\mitch\.m2\repository\io\micrometer\micrometer-registry-prometheus\1.11.5\micrometer-registry-prometheus-1.11.5.jar;C:\Users\mitch\.m2\repository\io\prometheus\simpleclient_common\0.16.0\simpleclient_common-0.16.0.jar;C:\Users\mitch\.m2\repository\io\prometheus\simpleclient\0.16.0\simpleclient-0.16.0.jar;C:\Users\mitch\.m2\repository\io\prometheus\simpleclient_tracer_otel\0.16.0\simpleclient_tracer_otel-0.16.0.jar;C:\Users\mitch\.m2\repository\io\prometheus\simpleclient_tracer_common\0.16.0\simpleclient_tracer_common-0.16.0.jar;C:\Users\mitch\.m2\repository\io\prometheus\simpleclient_tracer_otel_agent\0.16.0\simpleclient_tracer_otel_agent-0.16.0.jar;C:\Users\mitch\.m2\repository\com\h2database\h2\2.1.214\h2-2.1.214.jar;C:\Users\mitch\.m2\repository\com\mysql\mysql-connector-j\8.0.33\mysql-connector-j-8.0.33.jar;C:\Users\mitch\.m2\repository\junit\junit\4.13.2\junit-4.13.2.jar;C:\Users\mitch\.m2\repository\org\hamcrest\hamcrest-core\2.2\hamcrest-core-2.2.jar;C:\Users\mitch\.m2\repository\org\springframework\boot\spring-boot-starter-data-redis\3.1.5\spring-boot-starter-data-redis-3.1.5.jar;C:\Users\mitch\.m2\repository\org\springframework\data\spring-data-redis\3.1.5\spring-data-redis-3.1.5.jar;C:\Users\mitch\.m2\repository\org\springframework\data\spring-data-keyvalue\3.1.5\spring-data-keyvalue-3.1.5.jar;C:\Users\mitch\.m2\repository\org\springframework\spring-oxm\6.0.13\spring-oxm-6.0.13.jar;C:\Users\mitch\.m2\repository\io\lettuce\lettuce-core\6.2.6.RELEASE\lettuce-core-6.2.6.RELEASE.jar;C:\Users\mitch\.m2\repository\io\netty\netty-common\4.1.100.Final\netty-common-4.1.100.Final.jar;C:\Users\mitch\.m2\repository\io\netty\netty-transport\4.1.100.Final\netty-transport-4.1.100.Final.jar;C:\Users\mitch\.m2\repository\io\projectreactor\reactor-core\3.5.11\reactor-core-3.5.11.jar;C:\Users\mitch\.m2\repository\org\reactivestreams\reactive-streams\1.0.4\reactive-streams-1.0.4.jar;C:\Users\mitch\.m2\repository\org\springframework\boot\spring-boot-starter-cache\3.1.5\spring-boot-starter-cache-3.1.5.jar;C:\Users\mitch\.m2\repository\org\springframework\spring-context-support\6.0.13\spring-context-support-6.0.13.jar;"/>
    <property name="java.vm.vendor" value="Amazon.com Inc."/>
    <property name="sun.arch.data.model" value="64"/>
    <property name="user.variant" value=""/>
    <property name="catalina.useNaming" value="false"/>
    <property name="java.vendor.url" value="https://aws.amazon.com/corretto/"/>
    <property name="user.timezone" value="Europe/Amsterdam"/>
    <property name="org.jboss.logging.provider" value="slf4j"/>
    <property name="os.name" value="Windows 11"/>
    <property name="java.vm.specification.version" value="17"/>
    <property name="sun.java.launcher" value="SUN_STANDARD"/>
    <property name="user.country" value="NL"/>
    <property name="sun.boot.library.path" value="C:\Users\mitch\.jdks\corretto-17.0.8.1\bin"/>
    <property name="sun.java.command" value="C:\Users\mitch\AppData\Local\Temp\surefire9503776738558981767\surefirebooter-20231219120912715_3.jar C:\Users\mitch\AppData\Local\Temp\surefire9503776738558981767 2023-12-19T12-09-12_460-jvmRun1 surefire-20231219120912715_1tmp surefire_0-20231219120912715_2tmp"/>
    <property name="jdk.debug" value="release"/>
    <property name="surefire.test.class.path" value="D:\projecten\semester6individueel\ProjectService\target\test-classes;D:\projecten\semester6individueel\ProjectService\target\classes;C:\Users\mitch\.m2\repository\org\springframework\boot\spring-boot-starter-data-jpa\3.1.5\spring-boot-starter-data-jpa-3.1.5.jar;C:\Users\mitch\.m2\repository\org\springframework\boot\spring-boot-starter-aop\3.1.5\spring-boot-starter-aop-3.1.5.jar;C:\Users\mitch\.m2\repository\org\springframework\spring-aop\6.0.13\spring-aop-6.0.13.jar;C:\Users\mitch\.m2\repository\org\aspectj\aspectjweaver\1.9.20\aspectjweaver-1.9.20.jar;C:\Users\mitch\.m2\repository\org\springframework\boot\spring-boot-starter-jdbc\3.1.5\spring-boot-starter-jdbc-3.1.5.jar;C:\Users\mitch\.m2\repository\com\zaxxer\HikariCP\5.0.1\HikariCP-5.0.1.jar;C:\Users\mitch\.m2\repository\org\springframework\spring-jdbc\6.0.13\spring-jdbc-6.0.13.jar;C:\Users\mitch\.m2\repository\org\hibernate\orm\hibernate-core\6.2.13.Final\hibernate-core-6.2.13.Final.jar;C:\Users\mitch\.m2\repository\jakarta\persistence\jakarta.persistence-api\3.1.0\jakarta.persistence-api-3.1.0.jar;C:\Users\mitch\.m2\repository\jakarta\transaction\jakarta.transaction-api\2.0.1\jakarta.transaction-api-2.0.1.jar;C:\Users\mitch\.m2\repository\org\jboss\logging\jboss-logging\3.5.3.Final\jboss-logging-3.5.3.Final.jar;C:\Users\mitch\.m2\repository\org\hibernate\common\hibernate-commons-annotations\6.0.6.Final\hibernate-commons-annotations-6.0.6.Final.jar;C:\Users\mitch\.m2\repository\io\smallrye\jandex\3.0.5\jandex-3.0.5.jar;C:\Users\mitch\.m2\repository\com\fasterxml\classmate\1.5.1\classmate-1.5.1.jar;C:\Users\mitch\.m2\repository\net\bytebuddy\byte-buddy\1.14.9\byte-buddy-1.14.9.jar;C:\Users\mitch\.m2\repository\org\glassfish\jaxb\jaxb-runtime\4.0.3\jaxb-runtime-4.0.3.jar;C:\Users\mitch\.m2\repository\org\glassfish\jaxb\jaxb-core\4.0.3\jaxb-core-4.0.3.jar;C:\Users\mitch\.m2\repository\org\eclipse\angus\angus-activation\2.0.1\angus-activation-2.0.1.jar;C:\Users\mitch\.m2\repository\org\glassfish\jaxb\txw2\4.0.3\txw2-4.0.3.jar;C:\Users\mitch\.m2\repository\com\sun\istack\istack-commons-runtime\4.1.2\istack-commons-runtime-4.1.2.jar;C:\Users\mitch\.m2\repository\jakarta\inject\jakarta.inject-api\2.0.1\jakarta.inject-api-2.0.1.jar;C:\Users\mitch\.m2\repository\org\antlr\antlr4-runtime\4.10.1\antlr4-runtime-4.10.1.jar;C:\Users\mitch\.m2\repository\org\springframework\data\spring-data-jpa\3.1.5\spring-data-jpa-3.1.5.jar;C:\Users\mitch\.m2\repository\org\springframework\data\spring-data-commons\3.1.5\spring-data-commons-3.1.5.jar;C:\Users\mitch\.m2\repository\org\springframework\spring-orm\6.0.13\spring-orm-6.0.13.jar;C:\Users\mitch\.m2\repository\org\springframework\spring-beans\6.0.13\spring-beans-6.0.13.jar;C:\Users\mitch\.m2\repository\jakarta\annotation\jakarta.annotation-api\2.1.1\jakarta.annotation-api-2.1.1.jar;C:\Users\mitch\.m2\repository\org\slf4j\slf4j-api\2.0.9\slf4j-api-2.0.9.jar;C:\Users\mitch\.m2\repository\org\springframework\spring-aspects\6.0.13\spring-aspects-6.0.13.jar;C:\Users\mitch\.m2\repository\org\springframework\boot\spring-boot-starter-web\3.1.5\spring-boot-starter-web-3.1.5.jar;C:\Users\mitch\.m2\repository\org\springframework\boot\spring-boot-starter\3.1.5\spring-boot-starter-3.1.5.jar;C:\Users\mitch\.m2\repository\org\springframework\boot\spring-boot\3.1.5\spring-boot-3.1.5.jar;C:\Users\mitch\.m2\repository\org\springframework\boot\spring-boot-autoconfigure\3.1.5\spring-boot-autoconfigure-3.1.5.jar;C:\Users\mitch\.m2\repository\org\springframework\boot\spring-boot-starter-logging\3.1.5\spring-boot-starter-logging-3.1.5.jar;C:\Users\mitch\.m2\repository\ch\qos\logback\logback-classic\1.4.11\logback-classic-1.4.11.jar;C:\Users\mitch\.m2\repository\ch\qos\logback\logback-core\1.4.11\logback-core-1.4.11.jar;C:\Users\mitch\.m2\repository\org\apache\logging\log4j\log4j-to-slf4j\2.20.0\log4j-to-slf4j-2.20.0.jar;C:\Users\mitch\.m2\repository\org\apache\logging\log4j\log4j-api\2.20.0\log4j-api-2.20.0.jar;C:\Users\mitch\.m2\repository\org\slf4j\jul-to-slf4j\2.0.9\jul-to-slf4j-2.0.9.jar;C:\Users\mitch\.m2\repository\org\yaml\snakeyaml\1.33\snakeyaml-1.33.jar;C:\Users\mitch\.m2\repository\org\springframework\boot\spring-boot-starter-json\3.1.5\spring-boot-starter-json-3.1.5.jar;C:\Users\mitch\.m2\repository\com\fasterxml\jackson\core\jackson-databind\2.15.3\jackson-databind-2.15.3.jar;C:\Users\mitch\.m2\repository\com\fasterxml\jackson\core\jackson-annotations\2.15.3\jackson-annotations-2.15.3.jar;C:\Users\mitch\.m2\repository\com\fasterxml\jackson\core\jackson-core\2.15.3\jackson-core-2.15.3.jar;C:\Users\mitch\.m2\repository\com\fasterxml\jackson\datatype\jackson-datatype-jdk8\2.15.3\jackson-datatype-jdk8-2.15.3.jar;C:\Users\mitch\.m2\repository\com\fasterxml\jackson\datatype\jackson-datatype-jsr310\2.15.3\jackson-datatype-jsr310-2.15.3.jar;C:\Users\mitch\.m2\repository\com\fasterxml\jackson\module\jackson-module-parameter-names\2.15.3\jackson-module-parameter-names-2.15.3.jar;C:\Users\mitch\.m2\repository\org\springframework\boot\spring-boot-starter-tomcat\3.1.5\spring-boot-starter-tomcat-3.1.5.jar;C:\Users\mitch\.m2\repository\org\apache\tomcat\embed\tomcat-embed-core\10.1.15\tomcat-embed-core-10.1.15.jar;C:\Users\mitch\.m2\repository\org\apache\tomcat\embed\tomcat-embed-el\10.1.15\tomcat-embed-el-10.1.15.jar;C:\Users\mitch\.m2\repository\org\apache\tomcat\embed\tomcat-embed-websocket\10.1.15\tomcat-embed-websocket-10.1.15.jar;C:\Users\mitch\.m2\repository\org\springframework\spring-web\6.0.13\spring-web-6.0.13.jar;C:\Users\mitch\.m2\repository\org\springframework\spring-webmvc\6.0.13\spring-webmvc-6.0.13.jar;C:\Users\mitch\.m2\repository\org\springframework\spring-expression\6.0.13\spring-expression-6.0.13.jar;C:\Users\mitch\.m2\repository\org\springframework\boot\spring-boot-starter-test\3.1.5\spring-boot-starter-test-3.1.5.jar;C:\Users\mitch\.m2\repository\org\springframework\boot\spring-boot-test\3.1.5\spring-boot-test-3.1.5.jar;C:\Users\mitch\.m2\repository\org\springframework\boot\spring-boot-test-autoconfigure\3.1.5\spring-boot-test-autoconfigure-3.1.5.jar;C:\Users\mitch\.m2\repository\com\jayway\jsonpath\json-path\2.8.0\json-path-2.8.0.jar;C:\Users\mitch\.m2\repository\jakarta\xml\bind\jakarta.xml.bind-api\4.0.1\jakarta.xml.bind-api-4.0.1.jar;C:\Users\mitch\.m2\repository\jakarta\activation\jakarta.activation-api\2.1.2\jakarta.activation-api-2.1.2.jar;C:\Users\mitch\.m2\repository\net\minidev\json-smart\2.4.11\json-smart-2.4.11.jar;C:\Users\mitch\.m2\repository\net\minidev\accessors-smart\2.4.11\accessors-smart-2.4.11.jar;C:\Users\mitch\.m2\repository\org\ow2\asm\asm\9.3\asm-9.3.jar;C:\Users\mitch\.m2\repository\org\assertj\assertj-core\3.24.2\assertj-core-3.24.2.jar;C:\Users\mitch\.m2\repository\org\hamcrest\hamcrest\2.2\hamcrest-2.2.jar;C:\Users\mitch\.m2\repository\org\junit\jupiter\junit-jupiter\5.9.3\junit-jupiter-5.9.3.jar;C:\Users\mitch\.m2\repository\org\junit\jupiter\junit-jupiter-params\5.9.3\junit-jupiter-params-5.9.3.jar;C:\Users\mitch\.m2\repository\org\junit\jupiter\junit-jupiter-engine\5.9.3\junit-jupiter-engine-5.9.3.jar;C:\Users\mitch\.m2\repository\org\mockito\mockito-core\5.3.1\mockito-core-5.3.1.jar;C:\Users\mitch\.m2\repository\net\bytebuddy\byte-buddy-agent\1.14.9\byte-buddy-agent-1.14.9.jar;C:\Users\mitch\.m2\repository\org\objenesis\objenesis\3.3\objenesis-3.3.jar;C:\Users\mitch\.m2\repository\org\mockito\mockito-junit-jupiter\5.3.1\mockito-junit-jupiter-5.3.1.jar;C:\Users\mitch\.m2\repository\org\skyscreamer\jsonassert\1.5.1\jsonassert-1.5.1.jar;C:\Users\mitch\.m2\repository\com\vaadin\external\google\android-json\0.0.20131108.vaadin1\android-json-0.0.20131108.vaadin1.jar;C:\Users\mitch\.m2\repository\org\springframework\spring-core\6.0.13\spring-core-6.0.13.jar;C:\Users\mitch\.m2\repository\org\springframework\spring-jcl\6.0.13\spring-jcl-6.0.13.jar;C:\Users\mitch\.m2\repository\org\springframework\spring-test\6.0.13\spring-test-6.0.13.jar;C:\Users\mitch\.m2\repository\org\xmlunit\xmlunit-core\2.9.1\xmlunit-core-2.9.1.jar;C:\Users\mitch\.m2\repository\org\springframework\kafka\spring-kafka\3.0.12\spring-kafka-3.0.12.jar;C:\Users\mitch\.m2\repository\org\springframework\spring-context\6.0.13\spring-context-6.0.13.jar;C:\Users\mitch\.m2\repository\org\springframework\spring-messaging\6.0.13\spring-messaging-6.0.13.jar;C:\Users\mitch\.m2\repository\org\springframework\spring-tx\6.0.13\spring-tx-6.0.13.jar;C:\Users\mitch\.m2\repository\org\springframework\retry\spring-retry\2.0.4\spring-retry-2.0.4.jar;C:\Users\mitch\.m2\repository\org\apache\kafka\kafka-clients\3.4.1\kafka-clients-3.4.1.jar;C:\Users\mitch\.m2\repository\com\github\luben\zstd-jni\1.5.2-1\zstd-jni-1.5.2-1.jar;C:\Users\mitch\.m2\repository\org\lz4\lz4-java\1.8.0\lz4-java-1.8.0.jar;C:\Users\mitch\.m2\repository\org\xerial\snappy\snappy-java\1.1.8.4\snappy-java-1.1.8.4.jar;C:\Users\mitch\.m2\repository\io\micrometer\micrometer-observation\1.11.5\micrometer-observation-1.11.5.jar;C:\Users\mitch\.m2\repository\io\micrometer\micrometer-commons\1.11.5\micrometer-commons-1.11.5.jar;C:\Users\mitch\.m2\repository\com\google\code\findbugs\jsr305\3.0.2\jsr305-3.0.2.jar;C:\Users\mitch\.m2\repository\org\springframework\kafka\spring-kafka-test\3.0.11\spring-kafka-test-3.0.11.jar;C:\Users\mitch\.m2\repository\org\apache\zookeeper\zookeeper\3.6.3\zookeeper-3.6.3.jar;C:\Users\mitch\.m2\repository\org\apache\zookeeper\zookeeper-jute\3.6.3\zookeeper-jute-3.6.3.jar;C:\Users\mitch\.m2\repository\org\apache\yetus\audience-annotations\0.5.0\audience-annotations-0.5.0.jar;C:\Users\mitch\.m2\repository\io\netty\netty-handler\4.1.100.Final\netty-handler-4.1.100.Final.jar;C:\Users\mitch\.m2\repository\io\netty\netty-resolver\4.1.100.Final\netty-resolver-4.1.100.Final.jar;C:\Users\mitch\.m2\repository\io\netty\netty-buffer\4.1.100.Final\netty-buffer-4.1.100.Final.jar;C:\Users\mitch\.m2\repository\io\netty\netty-transport-native-unix-common\4.1.100.Final\netty-transport-native-unix-common-4.1.100.Final.jar;C:\Users\mitch\.m2\repository\io\netty\netty-codec\4.1.100.Final\netty-codec-4.1.100.Final.jar;C:\Users\mitch\.m2\repository\io\netty\netty-transport-native-epoll\4.1.100.Final\netty-transport-native-epoll-4.1.100.Final.jar;C:\Users\mitch\.m2\repository\io\netty\netty-transport-classes-epoll\4.1.100.Final\netty-transport-classes-epoll-4.1.100.Final.jar;C:\Users\mitch\.m2\repository\org\apache\kafka\kafka-clients\3.4.1\kafka-clients-3.4.1-test.jar;C:\Users\mitch\.m2\repository\org\apache\kafka\kafka-metadata\3.4.1\kafka-metadata-3.4.1.jar;C:\Users\mitch\.m2\repository\org\apache\kafka\kafka-server-common\3.4.1\kafka-server-common-3.4.1.jar;C:\Users\mitch\.m2\repository\org\apache\kafka\kafka-raft\3.4.1\kafka-raft-3.4.1.jar;C:\Users\mitch\.m2\repository\com\yammer\metrics\metrics-core\2.2.0\metrics-core-2.2.0.jar;C:\Users\mitch\.m2\repository\org\apache\kafka\kafka-streams-test-utils\3.4.1\kafka-streams-test-utils-3.4.1.jar;C:\Users\mitch\.m2\repository\org\apache\kafka\kafka-streams\3.4.1\kafka-streams-3.4.1.jar;C:\Users\mitch\.m2\repository\org\rocksdb\rocksdbjni\7.1.2\rocksdbjni-7.1.2.jar;C:\Users\mitch\.m2\repository\org\apache\kafka\kafka_2.13\3.4.1\kafka_2.13-3.4.1.jar;C:\Users\mitch\.m2\repository\org\scala-lang\scala-library\2.13.10\scala-library-2.13.10.jar;C:\Users\mitch\.m2\repository\org\apache\kafka\kafka-group-coordinator\3.4.1\kafka-group-coordinator-3.4.1.jar;C:\Users\mitch\.m2\repository\org\apache\kafka\kafka-storage\3.4.1\kafka-storage-3.4.1.jar;C:\Users\mitch\.m2\repository\org\apache\kafka\kafka-storage-api\3.4.1\kafka-storage-api-3.4.1.jar;C:\Users\mitch\.m2\repository\net\sourceforge\argparse4j\argparse4j\0.7.0\argparse4j-0.7.0.jar;C:\Users\mitch\.m2\repository\com\fasterxml\jackson\module\jackson-module-scala_2.13\2.15.3\jackson-module-scala_2.13-2.15.3.jar;C:\Users\mitch\.m2\repository\com\thoughtworks\paranamer\paranamer\2.8\paranamer-2.8.jar;C:\Users\mitch\.m2\repository\com\fasterxml\jackson\dataformat\jackson-dataformat-csv\2.15.3\jackson-dataformat-csv-2.15.3.jar;C:\Users\mitch\.m2\repository\net\sf\jopt-simple\jopt-simple\5.0.4\jopt-simple-5.0.4.jar;C:\Users\mitch\.m2\repository\org\bitbucket\b_c\jose4j\0.9.3\jose4j-0.9.3.jar;C:\Users\mitch\.m2\repository\org\scala-lang\modules\scala-collection-compat_2.13\2.10.0\scala-collection-compat_2.13-2.10.0.jar;C:\Users\mitch\.m2\repository\org\scala-lang\modules\scala-java8-compat_2.13\1.0.2\scala-java8-compat_2.13-1.0.2.jar;C:\Users\mitch\.m2\repository\org\scala-lang\scala-reflect\2.13.10\scala-reflect-2.13.10.jar;C:\Users\mitch\.m2\repository\com\typesafe\scala-logging\scala-logging_2.13\3.9.4\scala-logging_2.13-3.9.4.jar;C:\Users\mitch\.m2\repository\io\dropwizard\metrics\metrics-core\4.2.21\metrics-core-4.2.21.jar;C:\Users\mitch\.m2\repository\commons-cli\commons-cli\1.4\commons-cli-1.4.jar;C:\Users\mitch\.m2\repository\org\apache\kafka\kafka_2.13\3.4.1\kafka_2.13-3.4.1-test.jar;C:\Users\mitch\.m2\repository\org\junit\jupiter\junit-jupiter-api\5.9.3\junit-jupiter-api-5.9.3.jar;C:\Users\mitch\.m2\repository\org\opentest4j\opentest4j\1.2.0\opentest4j-1.2.0.jar;C:\Users\mitch\.m2\repository\org\junit\platform\junit-platform-commons\1.9.3\junit-platform-commons-1.9.3.jar;C:\Users\mitch\.m2\repository\org\apiguardian\apiguardian-api\1.1.2\apiguardian-api-1.1.2.jar;C:\Users\mitch\.m2\repository\org\junit\platform\junit-platform-launcher\1.9.3\junit-platform-launcher-1.9.3.jar;C:\Users\mitch\.m2\repository\org\junit\platform\junit-platform-engine\1.9.3\junit-platform-engine-1.9.3.jar;C:\Users\mitch\.m2\repository\org\springframework\boot\spring-boot-starter-actuator\3.1.5\spring-boot-starter-actuator-3.1.5.jar;C:\Users\mitch\.m2\repository\org\springframework\boot\spring-boot-actuator-autoconfigure\3.1.5\spring-boot-actuator-autoconfigure-3.1.5.jar;C:\Users\mitch\.m2\repository\org\springframework\boot\spring-boot-actuator\3.1.5\spring-boot-actuator-3.1.5.jar;C:\Users\mitch\.m2\repository\io\micrometer\micrometer-core\1.11.5\micrometer-core-1.11.5.jar;C:\Users\mitch\.m2\repository\org\hdrhistogram\HdrHistogram\2.1.12\HdrHistogram-2.1.12.jar;C:\Users\mitch\.m2\repository\org\latencyutils\LatencyUtils\2.0.3\LatencyUtils-2.0.3.jar;C:\Users\mitch\.m2\repository\io\micrometer\micrometer-registry-prometheus\1.11.5\micrometer-registry-prometheus-1.11.5.jar;C:\Users\mitch\.m2\repository\io\prometheus\simpleclient_common\0.16.0\simpleclient_common-0.16.0.jar;C:\Users\mitch\.m2\repository\io\prometheus\simpleclient\0.16.0\simpleclient-0.16.0.jar;C:\Users\mitch\.m2\repository\io\prometheus\simpleclient_tracer_otel\0.16.0\simpleclient_tracer_otel-0.16.0.jar;C:\Users\mitch\.m2\repository\io\prometheus\simpleclient_tracer_common\0.16.0\simpleclient_tracer_common-0.16.0.jar;C:\Users\mitch\.m2\repository\io\prometheus\simpleclient_tracer_otel_agent\0.16.0\simpleclient_tracer_otel_agent-0.16.0.jar;C:\Users\mitch\.m2\repository\com\h2database\h2\2.1.214\h2-2.1.214.jar;C:\Users\mitch\.m2\repository\com\mysql\mysql-connector-j\8.0.33\mysql-connector-j-8.0.33.jar;C:\Users\mitch\.m2\repository\junit\junit\4.13.2\junit-4.13.2.jar;C:\Users\mitch\.m2\repository\org\hamcrest\hamcrest-core\2.2\hamcrest-core-2.2.jar;C:\Users\mitch\.m2\repository\org\springframework\boot\spring-boot-starter-data-redis\3.1.5\spring-boot-starter-data-redis-3.1.5.jar;C:\Users\mitch\.m2\repository\org\springframework\data\spring-data-redis\3.1.5\spring-data-redis-3.1.5.jar;C:\Users\mitch\.m2\repository\org\springframework\data\spring-data-keyvalue\3.1.5\spring-data-keyvalue-3.1.5.jar;C:\Users\mitch\.m2\repository\org\springframework\spring-oxm\6.0.13\spring-oxm-6.0.13.jar;C:\Users\mitch\.m2\repository\io\lettuce\lettuce-core\6.2.6.RELEASE\lettuce-core-6.2.6.RELEASE.jar;C:\Users\mitch\.m2\repository\io\netty\netty-common\4.1.100.Final\netty-common-4.1.100.Final.jar;C:\Users\mitch\.m2\repository\io\netty\netty-transport\4.1.100.Final\netty-transport-4.1.100.Final.jar;C:\Users\mitch\.m2\repository\io\projectreactor\reactor-core\3.5.11\reactor-core-3.5.11.jar;C:\Users\mitch\.m2\repository\org\reactivestreams\reactive-streams\1.0.4\reactive-streams-1.0.4.jar;C:\Users\mitch\.m2\repository\org\springframework\boot\spring-boot-starter-cache\3.1.5\spring-boot-starter-cache-3.1.5.jar;C:\Users\mitch\.m2\repository\org\springframework\spring-context-support\6.0.13\spring-context-support-6.0.13.jar;"/>
    <property name="sun.cpu.endian" value="little"/>
    <property name="user.home" value="C:\Users\mitch"/>
    <property name="user.language" value="nl"/>
    <property name="java.specification.vendor" value="Oracle Corporation"/>
    <property name="java.version.date" value="2023-08-22"/>
    <property name="java.home" value="C:\Users\mitch\.jdks\corretto-17.0.8.1"/>
    <property name="file.separator" value="\"/>
    <property name="basedir" value="D:\projecten\semester6individueel\ProjectService"/>
    <property name="java.vm.compressedOopsMode" value="Zero based"/>
    <property name="line.separator" value="&#10;"/>
    <property name="java.vm.specification.vendor" value="Oracle Corporation"/>
    <property name="java.specification.name" value="Java Platform API Specification"/>
    <property name="FILE_LOG_CHARSET" value="windows-1252"/>
    <property name="java.awt.headless" value="true"/>
    <property name="surefire.real.class.path" value="C:\Users\mitch\AppData\Local\Temp\surefire9503776738558981767\surefirebooter-20231219120912715_3.jar"/>
    <property name="user.script" value=""/>
    <property name="sun.management.compiler" value="HotSpot 64-Bit Tiered Compilers"/>
    <property name="java.runtime.version" value="17.0.8.1+8-LTS"/>
    <property name="user.name" value="mitch"/>
    <property name="path.separator" value=";"/>
    <property name="os.version" value="10.0"/>
    <property name="java.runtime.name" value="OpenJDK Runtime Environment"/>
    <property name="file.encoding" value="Cp1252"/>
    <property name="java.vm.name" value="OpenJDK 64-Bit Server VM"/>
    <property name="java.vendor.version" value="Corretto-17.0.8.8.1"/>
    <property name="localRepository" value="C:\Users\mitch\.m2\repository"/>
    <property name="java.vendor.url.bug" value="https://github.com/corretto/corretto-17/issues/"/>
    <property name="java.io.tmpdir" value="C:\Users\mitch\AppData\Local\Temp\"/>
    <property name="idea.version" value="2022.1.4"/>
    <property name="catalina.home" value="C:\Users\mitch\AppData\Local\Temp\tomcat.0.11688474117440434806"/>
    <property name="com.zaxxer.hikari.pool_number" value="8"/>
    <property name="java.version" value="17.0.8.1"/>
    <property name="user.dir" value="D:\projecten\semester6individueel\ProjectService"/>
    <property name="os.arch" value="amd64"/>
    <property name="java.vm.specification.name" value="Java Virtual Machine Specification"/>
    <property name="PID" value="15668"/>
    <property name="sun.os.patch.level" value=""/>
    <property name="CONSOLE_LOG_CHARSET" value="windows-1252"/>
    <property name="catalina.base" value="C:\Users\mitch\AppData\Local\Temp\tomcat.0.11415856605783008727"/>
    <property name="native.encoding" value="Cp1252"/>
    <property name="java.library.path" value="C:\Users\mitch\.jdks\corretto-17.0.8.1\bin;C:\WINDOWS\Sun\Java\bin;C:\WINDOWS\system32;C:\WINDOWS;C:\Program Files\Microsoft SDKs\Azure\CLI2\wbin;C:\Program Files\Microsoft\jdk-11.0.12.7-hotspot\bin;C:\Windows\system32;C:\Windows;C:\Windows\System32\Wbem;C:\Windows\System32\WindowsPowerShell\v1.0\;C:\Windows\System32\OpenSSH\;C:\Program Files (x86)\NVIDIA Corporation\PhysX\Common;C:\Program Files\Microsoft SQL Server\150\Tools\Binn\;C:\Program Files\Microsoft SQL Server\Client SDK\ODBC\170\Tools\Binn\;C:\Program Files\dotnet\;C:\WINDOWS\system32;C:\WINDOWS;C:\WINDOWS\System32\Wbem;C:\WINDOWS\System32\WindowsPowerShell\v1.0\;C:\WINDOWS\System32\OpenSSH\;C:\Program Files (x86)\Microsoft SQL Server\150\DTS\Binn\;C:\Program Files\Azure Data Studio\bin;D:\Program Files\nodejs\;C:\Program Files\Docker\Docker\resources\bin;D:\Program Files\Git\cmd;D:\Program Files\Kubernetes\Minikube;;C:\Program Files\NVIDIA Corporation\NVIDIA NvDLISR;C:\Users\mitch\AppData\Local\Microsoft\WindowsApps;C:\Users\mitch\.dotnet\tools;D:\Users\mitch\AppData\Local\Programs\Microsoft VS Code\bin;C:\Program Files\Azure Data Studio\bin;C:\Users\mitch\AppData\Roaming\npm;C:\Users\mitch\AppData\Local\GitHubDesktop\bin;D:\Program Files (x86)\cmake-3.26.0-windows-x86_64\bin;;."/>
    <property name="java.vm.info" value="mixed mode, sharing"/>
    <property name="java.vendor" value="Amazon.com Inc."/>
    <property name="java.vm.version" value="17.0.8.1+8-LTS"/>
    <property name="sun.io.unicode.encoding" value="UnicodeLittle"/>
    <property name="java.class.version" value="61.0"/>
  </properties>
  <testcase name="shouldGetNoProjectsFromAccounts" classname="com.example.ProjectService.ProjectControllerTests" time="41.782">
    <system-out><![CDATA[
  .   ____          _            __ _ _
 /\\ / ___'_ __ _ _(_)_ __  __ _ \ \ \ \
( ( )\___ | '_ | '_| | '_ \/ _` | \ \ \ \
 \\/  ___)| |_)| | | | | || (_| |  ) ) ) )
  '  |____| .__|_| |_|_| |_\__, | / / / /
 =========|_|==============|___/=/_/_/_/
 :: Spring Boot ::                (v3.1.5)

2023-12-19T12:09:14.634+01:00  INFO 15668 --- [           main] c.e.P.ProjectControllerTests             : Starting ProjectControllerTests using Java 17.0.8.1 with PID 15668 (started by mitch in D:\projecten\semester6individueel\ProjectService)
2023-12-19T12:09:14.637+01:00  INFO 15668 --- [           main] c.e.P.ProjectControllerTests             : The following 1 profile is active: "test"
2023-12-19T12:09:15.882+01:00  INFO 15668 --- [           main] .s.d.r.c.RepositoryConfigurationDelegate : Multiple Spring Data modules found, entering strict repository configuration mode
2023-12-19T12:09:15.884+01:00  INFO 15668 --- [           main] .s.d.r.c.RepositoryConfigurationDelegate : Bootstrapping Spring Data JPA repositories in DEFAULT mode.
2023-12-19T12:09:16.071+01:00  INFO 15668 --- [           main] .s.d.r.c.RepositoryConfigurationDelegate : Finished Spring Data repository scanning in 172 ms. Found 2 JPA repository interfaces.
2023-12-19T12:09:16.089+01:00  INFO 15668 --- [           main] .s.d.r.c.RepositoryConfigurationDelegate : Multiple Spring Data modules found, entering strict repository configuration mode
2023-12-19T12:09:16.090+01:00  INFO 15668 --- [           main] .s.d.r.c.RepositoryConfigurationDelegate : Bootstrapping Spring Data Redis repositories in DEFAULT mode.
2023-12-19T12:09:16.111+01:00  INFO 15668 --- [           main] .RepositoryConfigurationExtensionSupport : Spring Data Redis - Could not safely identify store assignment for repository candidate interface com.example.ProjectService.repositories.IAccountRepository; If you want this repository to be a Redis repository, consider annotating your entities with one of these annotations: org.springframework.data.redis.core.RedisHash (preferred), or consider extending one of the following types with your repository: org.springframework.data.keyvalue.repository.KeyValueRepository
2023-12-19T12:09:16.111+01:00  INFO 15668 --- [           main] .RepositoryConfigurationExtensionSupport : Spring Data Redis - Could not safely identify store assignment for repository candidate interface com.example.ProjectService.repositories.IProjectRepository; If you want this repository to be a Redis repository, consider annotating your entities with one of these annotations: org.springframework.data.redis.core.RedisHash (preferred), or consider extending one of the following types with your repository: org.springframework.data.keyvalue.repository.KeyValueRepository
2023-12-19T12:09:16.111+01:00  INFO 15668 --- [           main] .s.d.r.c.RepositoryConfigurationDelegate : Finished Spring Data repository scanning in 10 ms. Found 0 Redis repository interfaces.
2023-12-19T12:09:19.066+01:00  INFO 15668 --- [           main] o.s.b.w.embedded.tomcat.TomcatWebServer  : Tomcat initialized with port(s): 0 (http)
2023-12-19T12:09:19.086+01:00  INFO 15668 --- [           main] o.apache.catalina.core.StandardService   : Starting service [Tomcat]
2023-12-19T12:09:19.087+01:00  INFO 15668 --- [           main] o.apache.catalina.core.StandardEngine    : Starting Servlet engine: [Apache Tomcat/10.1.15]
2023-12-19T12:09:19.341+01:00  INFO 15668 --- [           main] o.a.c.c.C.[Tomcat].[localhost].[/]       : Initializing Spring embedded WebApplicationContext
2023-12-19T12:09:19.343+01:00  INFO 15668 --- [           main] w.s.c.ServletWebServerApplicationContext : Root WebApplicationContext: initialization completed in 4688 ms
2023-12-19T12:09:19.914+01:00  INFO 15668 --- [           main] o.hibernate.jpa.internal.util.LogHelper  : HHH000204: Processing PersistenceUnitInfo [name: default]
2023-12-19T12:09:20.092+01:00  INFO 15668 --- [           main] org.hibernate.Version                    : HHH000412: Hibernate ORM core version 6.2.13.Final
2023-12-19T12:09:20.097+01:00  INFO 15668 --- [           main] org.hibernate.cfg.Environment            : HHH000406: Using bytecode reflection optimizer
2023-12-19T12:09:20.424+01:00  INFO 15668 --- [           main] o.s.o.j.p.SpringPersistenceUnitInfo      : No LoadTimeWeaver setup: ignoring JPA class transformer
2023-12-19T12:09:20.488+01:00  INFO 15668 --- [           main] com.zaxxer.hikari.HikariDataSource       : HikariPool-1 - Starting...
2023-12-19T12:09:20.840+01:00  INFO 15668 --- [           main] com.zaxxer.hikari.pool.HikariPool        : HikariPool-1 - Added connection conn0: url=jdbc:h2:mem:db user=SA
2023-12-19T12:09:20.844+01:00  INFO 15668 --- [           main] com.zaxxer.hikari.HikariDataSource       : HikariPool-1 - Start completed.
2023-12-19T12:09:20.883+01:00  WARN 15668 --- [           main] org.hibernate.orm.deprecation            : HHH90000025: H2Dialect does not need to be specified explicitly using 'hibernate.dialect' (remove the property setting and it will be selected by default)
2023-12-19T12:09:21.239+01:00  WARN 15668 --- [           main] org.hibernate.mapping.RootClass          : HHH000038: Composite-id class does not override equals(): com.example.ProjectService.JoinTable.ProjectMembership
2023-12-19T12:09:21.239+01:00  WARN 15668 --- [           main] org.hibernate.mapping.RootClass          : HHH000039: Composite-id class does not override hashCode(): com.example.ProjectService.JoinTable.ProjectMembership
2023-12-19T12:09:21.806+01:00  INFO 15668 --- [           main] o.h.e.t.j.p.i.JtaPlatformInitiator       : HHH000489: No JTA platform available (set 'hibernate.transaction.jta.platform' to enable JTA platform integration)
2023-12-19T12:09:21.823+01:00 DEBUG 15668 --- [           main] org.hibernate.SQL                        : drop table if exists project cascade 
2023-12-19T12:09:21.827+01:00 DEBUG 15668 --- [           main] org.hibernate.SQL                        : drop table if exists projectmember cascade 
2023-12-19T12:09:21.827+01:00 DEBUG 15668 --- [           main] org.hibernate.SQL                        : drop table if exists projectmembership cascade 
2023-12-19T12:09:21.827+01:00 DEBUG 15668 --- [           main] org.hibernate.SQL                        : drop table if exists projectrole cascade 
2023-12-19T12:09:21.832+01:00 DEBUG 15668 --- [           main] org.hibernate.SQL                        : create table project (createdat timestamp(6) not null, id bigint generated by default as identity, lastupdatedat timestamp(6) not null, owner_id bigint, projectname varchar(20) not null, projectdescription varchar(50) not null, primary key (id))
2023-12-19T12:09:21.843+01:00 DEBUG 15668 --- [           main] org.hibernate.SQL                        : create table projectmember (id bigint not null, email varchar(20) not null unique, primary key (id))
2023-12-19T12:09:21.845+01:00 DEBUG 15668 --- [           main] org.hibernate.SQL                        : create table projectmembership (joinedproject_id bigint not null, member_id bigint not null, role_id bigint not null, primary key (joinedproject_id, member_id, role_id))
2023-12-19T12:09:21.846+01:00 DEBUG 15668 --- [           main] org.hibernate.SQL                        : create table projectrole (id bigint generated by default as identity, name varchar(255) unique, primary key (id))
2023-12-19T12:09:21.847+01:00 DEBUG 15668 --- [           main] org.hibernate.SQL                        : alter table if exists project add constraint FKgela6raf25bsa6thxog5x8lkv foreign key (owner_id) references projectmember
2023-12-19T12:09:21.859+01:00 DEBUG 15668 --- [           main] org.hibernate.SQL                        : alter table if exists projectmembership add constraint FKr5hoxnh9k5nutty4hon93c6fe foreign key (joinedproject_id) references project
2023-12-19T12:09:21.861+01:00 DEBUG 15668 --- [           main] org.hibernate.SQL                        : alter table if exists projectmembership add constraint FKt45jjcbtrrsgom05jwu0fje4b foreign key (member_id) references projectmember
2023-12-19T12:09:21.862+01:00 DEBUG 15668 --- [           main] org.hibernate.SQL                        : alter table if exists projectmembership add constraint FKfnovlarbluovef58uneoi1li1 foreign key (role_id) references projectrole
2023-12-19T12:09:21.867+01:00  INFO 15668 --- [           main] j.LocalContainerEntityManagerFactoryBean : Initialized JPA EntityManagerFactory for persistence unit 'default'
2023-12-19T12:09:22.480+01:00  INFO 15668 --- [           main] o.s.d.j.r.query.QueryEnhancerFactory     : Hibernate is in classpath; If applicable, HQL parser will be used.
2023-12-19T12:09:23.168+01:00  WARN 15668 --- [           main] JpaBaseConfiguration$JpaWebConfiguration : spring.jpa.open-in-view is enabled by default. Therefore, database queries may be performed during view rendering. Explicitly configure spring.jpa.open-in-view to disable this warning
2023-12-19T12:09:24.794+01:00  INFO 15668 --- [           main] o.a.c.c.C.[Tomcat].[localhost].[/]       : Initializing Spring TestDispatcherServlet ''
2023-12-19T12:09:24.795+01:00  INFO 15668 --- [           main] o.s.t.web.servlet.TestDispatcherServlet  : Initializing Servlet ''
2023-12-19T12:09:24.803+01:00  INFO 15668 --- [           main] o.s.b.a.e.web.EndpointLinksResolver      : Exposing 13 endpoint(s) beneath base path '/actuator'
2023-12-19T12:09:24.826+01:00  INFO 15668 --- [           main] o.s.t.web.servlet.TestDispatcherServlet  : Completed initialization in 30 ms
2023-12-19T12:09:25.004+01:00  INFO 15668 --- [           main] o.a.k.clients.admin.AdminClientConfig    : AdminClientConfig values: 
	auto.include.jmx.reporter = true
	bootstrap.servers = [localhost:29092]
	client.dns.lookup = use_all_dns_ips
	client.id = 
	connections.max.idle.ms = 300000
	default.api.timeout.ms = 60000
	metadata.max.age.ms = 300000
	metric.reporters = []
	metrics.num.samples = 2
	metrics.recording.level = INFO
	metrics.sample.window.ms = 30000
	receive.buffer.bytes = 65536
	reconnect.backoff.max.ms = 1000
	reconnect.backoff.ms = 50
	request.timeout.ms = 30000
	retries = 2147483647
	retry.backoff.ms = 100
	sasl.client.callback.handler.class = null
	sasl.jaas.config = null
	sasl.kerberos.kinit.cmd = /usr/bin/kinit
	sasl.kerberos.min.time.before.relogin = 60000
	sasl.kerberos.service.name = null
	sasl.kerberos.ticket.renew.jitter = 0.05
	sasl.kerberos.ticket.renew.window.factor = 0.8
	sasl.login.callback.handler.class = null
	sasl.login.class = null
	sasl.login.connect.timeout.ms = null
	sasl.login.read.timeout.ms = null
	sasl.login.refresh.buffer.seconds = 300
	sasl.login.refresh.min.period.seconds = 60
	sasl.login.refresh.window.factor = 0.8
	sasl.login.refresh.window.jitter = 0.05
	sasl.login.retry.backoff.max.ms = 10000
	sasl.login.retry.backoff.ms = 100
	sasl.mechanism = GSSAPI
	sasl.oauthbearer.clock.skew.seconds = 30
	sasl.oauthbearer.expected.audience = null
	sasl.oauthbearer.expected.issuer = null
	sasl.oauthbearer.jwks.endpoint.refresh.ms = 3600000
	sasl.oauthbearer.jwks.endpoint.retry.backoff.max.ms = 10000
	sasl.oauthbearer.jwks.endpoint.retry.backoff.ms = 100
	sasl.oauthbearer.jwks.endpoint.url = null
	sasl.oauthbearer.scope.claim.name = scope
	sasl.oauthbearer.sub.claim.name = sub
	sasl.oauthbearer.token.endpoint.url = null
	security.protocol = PLAINTEXT
	security.providers = null
	send.buffer.bytes = 131072
	socket.connection.setup.timeout.max.ms = 30000
	socket.connection.setup.timeout.ms = 10000
	ssl.cipher.suites = null
	ssl.enabled.protocols = [TLSv1.2, TLSv1.3]
	ssl.endpoint.identification.algorithm = https
	ssl.engine.factory.class = null
	ssl.key.password = null
	ssl.keymanager.algorithm = SunX509
	ssl.keystore.certificate.chain = null
	ssl.keystore.key = null
	ssl.keystore.location = null
	ssl.keystore.password = null
	ssl.keystore.type = JKS
	ssl.protocol = TLSv1.3
	ssl.provider = null
	ssl.secure.random.implementation = null
	ssl.trustmanager.algorithm = PKIX
	ssl.truststore.certificates = null
	ssl.truststore.location = null
	ssl.truststore.password = null
	ssl.truststore.type = JKS

2023-12-19T12:09:25.210+01:00  INFO 15668 --- [           main] o.a.kafka.common.utils.AppInfoParser     : Kafka version: 3.4.1
2023-12-19T12:09:25.210+01:00  INFO 15668 --- [           main] o.a.kafka.common.utils.AppInfoParser     : Kafka commitId: 8a516edc2755df89
2023-12-19T12:09:25.211+01:00  INFO 15668 --- [           main] o.a.kafka.common.utils.AppInfoParser     : Kafka startTimeMs: 1702984165208
2023-12-19T12:09:25.229+01:00  INFO 15668 --- [| adminclient-1] org.apache.kafka.clients.NetworkClient   : [AdminClient clientId=adminclient-1] Node -1 disconnected.
2023-12-19T12:09:25.231+01:00  WARN 15668 --- [| adminclient-1] org.apache.kafka.clients.NetworkClient   : [AdminClient clientId=adminclient-1] Connection to node -1 (localhost/127.0.0.1:29092) could not be established. Broker may not be available.
2023-12-19T12:09:25.334+01:00  INFO 15668 --- [| adminclient-1] org.apache.kafka.clients.NetworkClient   : [AdminClient clientId=adminclient-1] Node -1 disconnected.
2023-12-19T12:09:25.334+01:00  WARN 15668 --- [| adminclient-1] org.apache.kafka.clients.NetworkClient   : [AdminClient clientId=adminclient-1] Connection to node -1 (localhost/127.0.0.1:29092) could not be established. Broker may not be available.
2023-12-19T12:09:25.443+01:00  INFO 15668 --- [| adminclient-1] org.apache.kafka.clients.NetworkClient   : [AdminClient clientId=adminclient-1] Node -1 disconnected.
2023-12-19T12:09:25.443+01:00  WARN 15668 --- [| adminclient-1] org.apache.kafka.clients.NetworkClient   : [AdminClient clientId=adminclient-1] Connection to node -1 (localhost/127.0.0.1:29092) could not be established. Broker may not be available.
2023-12-19T12:09:25.661+01:00  INFO 15668 --- [| adminclient-1] org.apache.kafka.clients.NetworkClient   : [AdminClient clientId=adminclient-1] Node -1 disconnected.
2023-12-19T12:09:25.661+01:00  WARN 15668 --- [| adminclient-1] org.apache.kafka.clients.NetworkClient   : [AdminClient clientId=adminclient-1] Connection to node -1 (localhost/127.0.0.1:29092) could not be established. Broker may not be available.
2023-12-19T12:09:26.206+01:00  INFO 15668 --- [| adminclient-1] org.apache.kafka.clients.NetworkClient   : [AdminClient clientId=adminclient-1] Node -1 disconnected.
2023-12-19T12:09:26.206+01:00  WARN 15668 --- [| adminclient-1] org.apache.kafka.clients.NetworkClient   : [AdminClient clientId=adminclient-1] Connection to node -1 (localhost/127.0.0.1:29092) could not be established. Broker may not be available.
2023-12-19T12:09:26.963+01:00  INFO 15668 --- [| adminclient-1] org.apache.kafka.clients.NetworkClient   : [AdminClient clientId=adminclient-1] Node -1 disconnected.
2023-12-19T12:09:26.964+01:00  WARN 15668 --- [| adminclient-1] org.apache.kafka.clients.NetworkClient   : [AdminClient clientId=adminclient-1] Connection to node -1 (localhost/127.0.0.1:29092) could not be established. Broker may not be available.
2023-12-19T12:09:27.945+01:00  INFO 15668 --- [| adminclient-1] org.apache.kafka.clients.NetworkClient   : [AdminClient clientId=adminclient-1] Node -1 disconnected.
2023-12-19T12:09:27.945+01:00  WARN 15668 --- [| adminclient-1] org.apache.kafka.clients.NetworkClient   : [AdminClient clientId=adminclient-1] Connection to node -1 (localhost/127.0.0.1:29092) could not be established. Broker may not be available.
2023-12-19T12:09:29.229+01:00  INFO 15668 --- [| adminclient-1] org.apache.kafka.clients.NetworkClient   : [AdminClient clientId=adminclient-1] Node -1 disconnected.
2023-12-19T12:09:29.229+01:00  WARN 15668 --- [| adminclient-1] org.apache.kafka.clients.NetworkClient   : [AdminClient clientId=adminclient-1] Connection to node -1 (localhost/127.0.0.1:29092) could not be established. Broker may not be available.
2023-12-19T12:09:30.193+01:00  INFO 15668 --- [| adminclient-1] org.apache.kafka.clients.NetworkClient   : [AdminClient clientId=adminclient-1] Node -1 disconnected.
2023-12-19T12:09:30.193+01:00  WARN 15668 --- [| adminclient-1] org.apache.kafka.clients.NetworkClient   : [AdminClient clientId=adminclient-1] Connection to node -1 (localhost/127.0.0.1:29092) could not be established. Broker may not be available.
2023-12-19T12:09:31.131+01:00  INFO 15668 --- [| adminclient-1] org.apache.kafka.clients.NetworkClient   : [AdminClient clientId=adminclient-1] Node -1 disconnected.
2023-12-19T12:09:31.131+01:00  WARN 15668 --- [| adminclient-1] org.apache.kafka.clients.NetworkClient   : [AdminClient clientId=adminclient-1] Connection to node -1 (localhost/127.0.0.1:29092) could not be established. Broker may not be available.
2023-12-19T12:09:32.334+01:00  INFO 15668 --- [| adminclient-1] org.apache.kafka.clients.NetworkClient   : [AdminClient clientId=adminclient-1] Node -1 disconnected.
2023-12-19T12:09:32.334+01:00  WARN 15668 --- [| adminclient-1] org.apache.kafka.clients.NetworkClient   : [AdminClient clientId=adminclient-1] Connection to node -1 (localhost/127.0.0.1:29092) could not be established. Broker may not be available.
2023-12-19T12:09:33.526+01:00  INFO 15668 --- [| adminclient-1] org.apache.kafka.clients.NetworkClient   : [AdminClient clientId=adminclient-1] Node -1 disconnected.
2023-12-19T12:09:33.526+01:00  WARN 15668 --- [| adminclient-1] org.apache.kafka.clients.NetworkClient   : [AdminClient clientId=adminclient-1] Connection to node -1 (localhost/127.0.0.1:29092) could not be established. Broker may not be available.
2023-12-19T12:09:34.665+01:00  INFO 15668 --- [| adminclient-1] org.apache.kafka.clients.NetworkClient   : [AdminClient clientId=adminclient-1] Node -1 disconnected.
2023-12-19T12:09:34.667+01:00  WARN 15668 --- [| adminclient-1] org.apache.kafka.clients.NetworkClient   : [AdminClient clientId=adminclient-1] Connection to node -1 (localhost/127.0.0.1:29092) could not be established. Broker may not be available.
2023-12-19T12:09:35.848+01:00  INFO 15668 --- [| adminclient-1] org.apache.kafka.clients.NetworkClient   : [AdminClient clientId=adminclient-1] Node -1 disconnected.
2023-12-19T12:09:35.848+01:00  WARN 15668 --- [| adminclient-1] org.apache.kafka.clients.NetworkClient   : [AdminClient clientId=adminclient-1] Connection to node -1 (localhost/127.0.0.1:29092) could not be established. Broker may not be available.
2023-12-19T12:09:36.936+01:00  INFO 15668 --- [| adminclient-1] org.apache.kafka.clients.NetworkClient   : [AdminClient clientId=adminclient-1] Node -1 disconnected.
2023-12-19T12:09:36.936+01:00  WARN 15668 --- [| adminclient-1] org.apache.kafka.clients.NetworkClient   : [AdminClient clientId=adminclient-1] Connection to node -1 (localhost/127.0.0.1:29092) could not be established. Broker may not be available.
2023-12-19T12:09:37.915+01:00  INFO 15668 --- [| adminclient-1] org.apache.kafka.clients.NetworkClient   : [AdminClient clientId=adminclient-1] Node -1 disconnected.
2023-12-19T12:09:37.915+01:00  WARN 15668 --- [| adminclient-1] org.apache.kafka.clients.NetworkClient   : [AdminClient clientId=adminclient-1] Connection to node -1 (localhost/127.0.0.1:29092) could not be established. Broker may not be available.
2023-12-19T12:09:38.878+01:00  INFO 15668 --- [| adminclient-1] org.apache.kafka.clients.NetworkClient   : [AdminClient clientId=adminclient-1] Node -1 disconnected.
2023-12-19T12:09:38.879+01:00  WARN 15668 --- [| adminclient-1] org.apache.kafka.clients.NetworkClient   : [AdminClient clientId=adminclient-1] Connection to node -1 (localhost/127.0.0.1:29092) could not be established. Broker may not be available.
2023-12-19T12:09:40.063+01:00  INFO 15668 --- [| adminclient-1] org.apache.kafka.clients.NetworkClient   : [AdminClient clientId=adminclient-1] Node -1 disconnected.
2023-12-19T12:09:40.063+01:00  WARN 15668 --- [| adminclient-1] org.apache.kafka.clients.NetworkClient   : [AdminClient clientId=adminclient-1] Connection to node -1 (localhost/127.0.0.1:29092) could not be established. Broker may not be available.
2023-12-19T12:09:40.926+01:00  INFO 15668 --- [| adminclient-1] org.apache.kafka.clients.NetworkClient   : [AdminClient clientId=adminclient-1] Node -1 disconnected.
2023-12-19T12:09:40.927+01:00  WARN 15668 --- [| adminclient-1] org.apache.kafka.clients.NetworkClient   : [AdminClient clientId=adminclient-1] Connection to node -1 (localhost/127.0.0.1:29092) could not be established. Broker may not be available.
2023-12-19T12:09:42.016+01:00  INFO 15668 --- [| adminclient-1] org.apache.kafka.clients.NetworkClient   : [AdminClient clientId=adminclient-1] Node -1 disconnected.
2023-12-19T12:09:42.016+01:00  WARN 15668 --- [| adminclient-1] org.apache.kafka.clients.NetworkClient   : [AdminClient clientId=adminclient-1] Connection to node -1 (localhost/127.0.0.1:29092) could not be established. Broker may not be available.
2023-12-19T12:09:43.097+01:00  INFO 15668 --- [| adminclient-1] org.apache.kafka.clients.NetworkClient   : [AdminClient clientId=adminclient-1] Node -1 disconnected.
2023-12-19T12:09:43.097+01:00  WARN 15668 --- [| adminclient-1] org.apache.kafka.clients.NetworkClient   : [AdminClient clientId=adminclient-1] Connection to node -1 (localhost/127.0.0.1:29092) could not be established. Broker may not be available.
2023-12-19T12:09:44.274+01:00  INFO 15668 --- [| adminclient-1] org.apache.kafka.clients.NetworkClient   : [AdminClient clientId=adminclient-1] Node -1 disconnected.
2023-12-19T12:09:44.275+01:00  WARN 15668 --- [| adminclient-1] org.apache.kafka.clients.NetworkClient   : [AdminClient clientId=adminclient-1] Connection to node -1 (localhost/127.0.0.1:29092) could not be established. Broker may not be available.
2023-12-19T12:09:45.334+01:00  INFO 15668 --- [| adminclient-1] org.apache.kafka.clients.NetworkClient   : [AdminClient clientId=adminclient-1] Node -1 disconnected.
2023-12-19T12:09:45.334+01:00  WARN 15668 --- [| adminclient-1] org.apache.kafka.clients.NetworkClient   : [AdminClient clientId=adminclient-1] Connection to node -1 (localhost/127.0.0.1:29092) could not be established. Broker may not be available.
2023-12-19T12:09:46.205+01:00  INFO 15668 --- [| adminclient-1] org.apache.kafka.clients.NetworkClient   : [AdminClient clientId=adminclient-1] Node -1 disconnected.
2023-12-19T12:09:46.207+01:00  WARN 15668 --- [| adminclient-1] org.apache.kafka.clients.NetworkClient   : [AdminClient clientId=adminclient-1] Connection to node -1 (localhost/127.0.0.1:29092) could not be established. Broker may not be available.
2023-12-19T12:09:47.179+01:00  INFO 15668 --- [| adminclient-1] org.apache.kafka.clients.NetworkClient   : [AdminClient clientId=adminclient-1] Node -1 disconnected.
2023-12-19T12:09:47.180+01:00  WARN 15668 --- [| adminclient-1] org.apache.kafka.clients.NetworkClient   : [AdminClient clientId=adminclient-1] Connection to node -1 (localhost/127.0.0.1:29092) could not be established. Broker may not be available.
2023-12-19T12:09:48.237+01:00  INFO 15668 --- [| adminclient-1] org.apache.kafka.clients.NetworkClient   : [AdminClient clientId=adminclient-1] Node -1 disconnected.
2023-12-19T12:09:48.237+01:00  WARN 15668 --- [| adminclient-1] org.apache.kafka.clients.NetworkClient   : [AdminClient clientId=adminclient-1] Connection to node -1 (localhost/127.0.0.1:29092) could not be established. Broker may not be available.
2023-12-19T12:09:49.427+01:00  INFO 15668 --- [| adminclient-1] org.apache.kafka.clients.NetworkClient   : [AdminClient clientId=adminclient-1] Node -1 disconnected.
2023-12-19T12:09:49.427+01:00  WARN 15668 --- [| adminclient-1] org.apache.kafka.clients.NetworkClient   : [AdminClient clientId=adminclient-1] Connection to node -1 (localhost/127.0.0.1:29092) could not be established. Broker may not be available.
2023-12-19T12:09:50.599+01:00  INFO 15668 --- [| adminclient-1] org.apache.kafka.clients.NetworkClient   : [AdminClient clientId=adminclient-1] Node -1 disconnected.
2023-12-19T12:09:50.600+01:00  WARN 15668 --- [| adminclient-1] org.apache.kafka.clients.NetworkClient   : [AdminClient clientId=adminclient-1] Connection to node -1 (localhost/127.0.0.1:29092) could not be established. Broker may not be available.
2023-12-19T12:09:51.690+01:00  INFO 15668 --- [| adminclient-1] org.apache.kafka.clients.NetworkClient   : [AdminClient clientId=adminclient-1] Node -1 disconnected.
2023-12-19T12:09:51.690+01:00  WARN 15668 --- [| adminclient-1] org.apache.kafka.clients.NetworkClient   : [AdminClient clientId=adminclient-1] Connection to node -1 (localhost/127.0.0.1:29092) could not be established. Broker may not be available.
2023-12-19T12:09:52.633+01:00  INFO 15668 --- [| adminclient-1] org.apache.kafka.clients.NetworkClient   : [AdminClient clientId=adminclient-1] Node -1 disconnected.
2023-12-19T12:09:52.633+01:00  WARN 15668 --- [| adminclient-1] org.apache.kafka.clients.NetworkClient   : [AdminClient clientId=adminclient-1] Connection to node -1 (localhost/127.0.0.1:29092) could not be established. Broker may not be available.
2023-12-19T12:09:53.705+01:00  INFO 15668 --- [| adminclient-1] org.apache.kafka.clients.NetworkClient   : [AdminClient clientId=adminclient-1] Node -1 disconnected.
2023-12-19T12:09:53.706+01:00  WARN 15668 --- [| adminclient-1] org.apache.kafka.clients.NetworkClient   : [AdminClient clientId=adminclient-1] Connection to node -1 (localhost/127.0.0.1:29092) could not be established. Broker may not be available.
2023-12-19T12:09:54.872+01:00  INFO 15668 --- [| adminclient-1] org.apache.kafka.clients.NetworkClient   : [AdminClient clientId=adminclient-1] Node -1 disconnected.
2023-12-19T12:09:54.872+01:00  WARN 15668 --- [| adminclient-1] org.apache.kafka.clients.NetworkClient   : [AdminClient clientId=adminclient-1] Connection to node -1 (localhost/127.0.0.1:29092) could not be established. Broker may not be available.
2023-12-19T12:09:55.229+01:00  INFO 15668 --- [| adminclient-1] o.a.k.c.a.i.AdminMetadataManager         : [AdminClient clientId=adminclient-1] Metadata update failed

org.apache.kafka.common.errors.TimeoutException: Timed out waiting for a node assignment. Call: fetchMetadata

2023-12-19T12:09:55.229+01:00 ERROR 15668 --- [           main] o.springframework.kafka.core.KafkaAdmin  : Could not configure topics

java.util.concurrent.TimeoutException: null
	at java.base/java.util.concurrent.CompletableFuture.timedGet(CompletableFuture.java:1960) ~[na:na]
	at java.base/java.util.concurrent.CompletableFuture.get(CompletableFuture.java:2095) ~[na:na]
	at org.apache.kafka.common.internals.KafkaFutureImpl.get(KafkaFutureImpl.java:180) ~[kafka-clients-3.4.1.jar:na]
	at org.springframework.kafka.core.KafkaAdmin.initialize(KafkaAdmin.java:243) ~[spring-kafka-3.0.12.jar:3.0.12]
	at org.springframework.kafka.core.KafkaAdmin.afterSingletonsInstantiated(KafkaAdmin.java:212) ~[spring-kafka-3.0.12.jar:3.0.12]
	at org.springframework.beans.factory.support.DefaultListableBeanFactory.preInstantiateSingletons(DefaultListableBeanFactory.java:984) ~[spring-beans-6.0.13.jar:6.0.13]
	at org.springframework.context.support.AbstractApplicationContext.finishBeanFactoryInitialization(AbstractApplicationContext.java:950) ~[spring-context-6.0.13.jar:6.0.13]
	at org.springframework.context.support.AbstractApplicationContext.refresh(AbstractApplicationContext.java:616) ~[spring-context-6.0.13.jar:6.0.13]
	at org.springframework.boot.web.servlet.context.ServletWebServerApplicationContext.refresh(ServletWebServerApplicationContext.java:146) ~[spring-boot-3.1.5.jar:3.1.5]
	at org.springframework.boot.SpringApplication.refresh(SpringApplication.java:738) ~[spring-boot-3.1.5.jar:3.1.5]
	at org.springframework.boot.SpringApplication.refreshContext(SpringApplication.java:440) ~[spring-boot-3.1.5.jar:3.1.5]
	at org.springframework.boot.SpringApplication.run(SpringApplication.java:316) ~[spring-boot-3.1.5.jar:3.1.5]
	at org.springframework.boot.test.context.SpringBootContextLoader.lambda$loadContext$3(SpringBootContextLoader.java:137) ~[spring-boot-test-3.1.5.jar:3.1.5]
	at org.springframework.util.function.ThrowingSupplier.get(ThrowingSupplier.java:58) ~[spring-core-6.0.13.jar:6.0.13]
	at org.springframework.util.function.ThrowingSupplier.get(ThrowingSupplier.java:46) ~[spring-core-6.0.13.jar:6.0.13]
	at org.springframework.boot.SpringApplication.withHook(SpringApplication.java:1406) ~[spring-boot-3.1.5.jar:3.1.5]
	at org.springframework.boot.test.context.SpringBootContextLoader$ContextLoaderHook.run(SpringBootContextLoader.java:545) ~[spring-boot-test-3.1.5.jar:3.1.5]
	at org.springframework.boot.test.context.SpringBootContextLoader.loadContext(SpringBootContextLoader.java:137) ~[spring-boot-test-3.1.5.jar:3.1.5]
	at org.springframework.boot.test.context.SpringBootContextLoader.loadContext(SpringBootContextLoader.java:108) ~[spring-boot-test-3.1.5.jar:3.1.5]
	at org.springframework.test.context.cache.DefaultCacheAwareContextLoaderDelegate.loadContextInternal(DefaultCacheAwareContextLoaderDelegate.java:187) ~[spring-test-6.0.13.jar:6.0.13]
	at org.springframework.test.context.cache.DefaultCacheAwareContextLoaderDelegate.loadContext(DefaultCacheAwareContextLoaderDelegate.java:119) ~[spring-test-6.0.13.jar:6.0.13]
	at org.springframework.test.context.support.DefaultTestContext.getApplicationContext(DefaultTestContext.java:127) ~[spring-test-6.0.13.jar:6.0.13]
	at org.springframework.boot.test.mock.mockito.MockitoTestExecutionListener.postProcessFields(MockitoTestExecutionListener.java:110) ~[spring-boot-test-3.1.5.jar:3.1.5]
	at org.springframework.boot.test.mock.mockito.MockitoTestExecutionListener.injectFields(MockitoTestExecutionListener.java:94) ~[spring-boot-test-3.1.5.jar:3.1.5]
	at org.springframework.boot.test.mock.mockito.MockitoTestExecutionListener.prepareTestInstance(MockitoTestExecutionListener.java:61) ~[spring-boot-test-3.1.5.jar:3.1.5]
	at org.springframework.test.context.TestContextManager.prepareTestInstance(TestContextManager.java:241) ~[spring-test-6.0.13.jar:6.0.13]
	at org.springframework.test.context.junit.jupiter.SpringExtension.postProcessTestInstance(SpringExtension.java:138) ~[spring-test-6.0.13.jar:6.0.13]
	at org.junit.jupiter.engine.descriptor.ClassBasedTestDescriptor.lambda$invokeTestInstancePostProcessors$10(ClassBasedTestDescriptor.java:377) ~[junit-jupiter-engine-5.9.3.jar:5.9.3]
	at org.junit.jupiter.engine.descriptor.ClassBasedTestDescriptor.executeAndMaskThrowable(ClassBasedTestDescriptor.java:382) ~[junit-jupiter-engine-5.9.3.jar:5.9.3]
	at org.junit.jupiter.engine.descriptor.ClassBasedTestDescriptor.lambda$invokeTestInstancePostProcessors$11(ClassBasedTestDescriptor.java:377) ~[junit-jupiter-engine-5.9.3.jar:5.9.3]
	at java.base/java.util.stream.ReferencePipeline$3$1.accept(ReferencePipeline.java:197) ~[na:na]
	at java.base/java.util.stream.ReferencePipeline$2$1.accept(ReferencePipeline.java:179) ~[na:na]
	at java.base/java.util.ArrayList$ArrayListSpliterator.forEachRemaining(ArrayList.java:1625) ~[na:na]
	at java.base/java.util.stream.AbstractPipeline.copyInto(AbstractPipeline.java:509) ~[na:na]
	at java.base/java.util.stream.AbstractPipeline.wrapAndCopyInto(AbstractPipeline.java:499) ~[na:na]
	at java.base/java.util.stream.StreamSpliterators$WrappingSpliterator.forEachRemaining(StreamSpliterators.java:310) ~[na:na]
	at java.base/java.util.stream.Streams$ConcatSpliterator.forEachRemaining(Streams.java:735) ~[na:na]
	at java.base/java.util.stream.Streams$ConcatSpliterator.forEachRemaining(Streams.java:734) ~[na:na]
	at java.base/java.util.stream.ReferencePipeline$Head.forEach(ReferencePipeline.java:762) ~[na:na]
	at org.junit.jupiter.engine.descriptor.ClassBasedTestDescriptor.invokeTestInstancePostProcessors(ClassBasedTestDescriptor.java:376) ~[junit-jupiter-engine-5.9.3.jar:5.9.3]
	at org.junit.jupiter.engine.descriptor.ClassBasedTestDescriptor.lambda$instantiateAndPostProcessTestInstance$6(ClassBasedTestDescriptor.java:289) ~[junit-jupiter-engine-5.9.3.jar:5.9.3]
	at org.junit.platform.engine.support.hierarchical.ThrowableCollector.execute(ThrowableCollector.java:73) ~[junit-platform-engine-1.9.3.jar:1.9.3]
	at org.junit.jupiter.engine.descriptor.ClassBasedTestDescriptor.instantiateAndPostProcessTestInstance(ClassBasedTestDescriptor.java:288) ~[junit-jupiter-engine-5.9.3.jar:5.9.3]
	at org.junit.jupiter.engine.descriptor.ClassBasedTestDescriptor.lambda$testInstancesProvider$4(ClassBasedTestDescriptor.java:278) ~[junit-jupiter-engine-5.9.3.jar:5.9.3]
	at java.base/java.util.Optional.orElseGet(Optional.java:364) ~[na:na]
	at org.junit.jupiter.engine.descriptor.ClassBasedTestDescriptor.lambda$testInstancesProvider$5(ClassBasedTestDescriptor.java:277) ~[junit-jupiter-engine-5.9.3.jar:5.9.3]
	at org.junit.jupiter.engine.execution.TestInstancesProvider.getTestInstances(TestInstancesProvider.java:31) ~[junit-jupiter-engine-5.9.3.jar:5.9.3]
	at org.junit.jupiter.engine.descriptor.TestMethodTestDescriptor.lambda$prepare$0(TestMethodTestDescriptor.java:105) ~[junit-jupiter-engine-5.9.3.jar:5.9.3]
	at org.junit.platform.engine.support.hierarchical.ThrowableCollector.execute(ThrowableCollector.java:73) ~[junit-platform-engine-1.9.3.jar:1.9.3]
	at org.junit.jupiter.engine.descriptor.TestMethodTestDescriptor.prepare(TestMethodTestDescriptor.java:104) ~[junit-jupiter-engine-5.9.3.jar:5.9.3]
	at org.junit.jupiter.engine.descriptor.TestMethodTestDescriptor.prepare(TestMethodTestDescriptor.java:68) ~[junit-jupiter-engine-5.9.3.jar:5.9.3]
	at org.junit.platform.engine.support.hierarchical.NodeTestTask.lambda$prepare$2(NodeTestTask.java:123) ~[junit-platform-engine-1.9.3.jar:1.9.3]
	at org.junit.platform.engine.support.hierarchical.ThrowableCollector.execute(ThrowableCollector.java:73) ~[junit-platform-engine-1.9.3.jar:1.9.3]
	at org.junit.platform.engine.support.hierarchical.NodeTestTask.prepare(NodeTestTask.java:123) ~[junit-platform-engine-1.9.3.jar:1.9.3]
	at org.junit.platform.engine.support.hierarchical.NodeTestTask.execute(NodeTestTask.java:90) ~[junit-platform-engine-1.9.3.jar:1.9.3]
	at java.base/java.util.ArrayList.forEach(ArrayList.java:1511) ~[na:na]
	at org.junit.platform.engine.support.hierarchical.SameThreadHierarchicalTestExecutorService.invokeAll(SameThreadHierarchicalTestExecutorService.java:41) ~[junit-platform-engine-1.9.3.jar:1.9.3]
	at org.junit.platform.engine.support.hierarchical.NodeTestTask.lambda$executeRecursively$6(NodeTestTask.java:155) ~[junit-platform-engine-1.9.3.jar:1.9.3]
	at org.junit.platform.engine.support.hierarchical.ThrowableCollector.execute(ThrowableCollector.java:73) ~[junit-platform-engine-1.9.3.jar:1.9.3]
	at org.junit.platform.engine.support.hierarchical.NodeTestTask.lambda$executeRecursively$8(NodeTestTask.java:141) ~[junit-platform-engine-1.9.3.jar:1.9.3]
	at org.junit.platform.engine.support.hierarchical.Node.around(Node.java:137) ~[junit-platform-engine-1.9.3.jar:1.9.3]
	at org.junit.platform.engine.support.hierarchical.NodeTestTask.lambda$executeRecursively$9(NodeTestTask.java:139) ~[junit-platform-engine-1.9.3.jar:1.9.3]
	at org.junit.platform.engine.support.hierarchical.ThrowableCollector.execute(ThrowableCollector.java:73) ~[junit-platform-engine-1.9.3.jar:1.9.3]
	at org.junit.platform.engine.support.hierarchical.NodeTestTask.executeRecursively(NodeTestTask.java:138) ~[junit-platform-engine-1.9.3.jar:1.9.3]
	at org.junit.platform.engine.support.hierarchical.NodeTestTask.execute(NodeTestTask.java:95) ~[junit-platform-engine-1.9.3.jar:1.9.3]
	at java.base/java.util.ArrayList.forEach(ArrayList.java:1511) ~[na:na]
	at org.junit.platform.engine.support.hierarchical.SameThreadHierarchicalTestExecutorService.invokeAll(SameThreadHierarchicalTestExecutorService.java:41) ~[junit-platform-engine-1.9.3.jar:1.9.3]
	at org.junit.platform.engine.support.hierarchical.NodeTestTask.lambda$executeRecursively$6(NodeTestTask.java:155) ~[junit-platform-engine-1.9.3.jar:1.9.3]
	at org.junit.platform.engine.support.hierarchical.ThrowableCollector.execute(ThrowableCollector.java:73) ~[junit-platform-engine-1.9.3.jar:1.9.3]
	at org.junit.platform.engine.support.hierarchical.NodeTestTask.lambda$executeRecursively$8(NodeTestTask.java:141) ~[junit-platform-engine-1.9.3.jar:1.9.3]
	at org.junit.platform.engine.support.hierarchical.Node.around(Node.java:137) ~[junit-platform-engine-1.9.3.jar:1.9.3]
	at org.junit.platform.engine.support.hierarchical.NodeTestTask.lambda$executeRecursively$9(NodeTestTask.java:139) ~[junit-platform-engine-1.9.3.jar:1.9.3]
	at org.junit.platform.engine.support.hierarchical.ThrowableCollector.execute(ThrowableCollector.java:73) ~[junit-platform-engine-1.9.3.jar:1.9.3]
	at org.junit.platform.engine.support.hierarchical.NodeTestTask.executeRecursively(NodeTestTask.java:138) ~[junit-platform-engine-1.9.3.jar:1.9.3]
	at org.junit.platform.engine.support.hierarchical.NodeTestTask.execute(NodeTestTask.java:95) ~[junit-platform-engine-1.9.3.jar:1.9.3]
	at org.junit.platform.engine.support.hierarchical.SameThreadHierarchicalTestExecutorService.submit(SameThreadHierarchicalTestExecutorService.java:35) ~[junit-platform-engine-1.9.3.jar:1.9.3]
	at org.junit.platform.engine.support.hierarchical.HierarchicalTestExecutor.execute(HierarchicalTestExecutor.java:57) ~[junit-platform-engine-1.9.3.jar:1.9.3]
	at org.junit.platform.engine.support.hierarchical.HierarchicalTestEngine.execute(HierarchicalTestEngine.java:54) ~[junit-platform-engine-1.9.3.jar:1.9.3]
	at org.junit.platform.launcher.core.EngineExecutionOrchestrator.execute(EngineExecutionOrchestrator.java:147) ~[junit-platform-launcher-1.9.3.jar:1.9.3]
	at org.junit.platform.launcher.core.EngineExecutionOrchestrator.execute(EngineExecutionOrchestrator.java:127) ~[junit-platform-launcher-1.9.3.jar:1.9.3]
	at org.junit.platform.launcher.core.EngineExecutionOrchestrator.execute(EngineExecutionOrchestrator.java:90) ~[junit-platform-launcher-1.9.3.jar:1.9.3]
	at org.junit.platform.launcher.core.EngineExecutionOrchestrator.lambda$execute$0(EngineExecutionOrchestrator.java:55) ~[junit-platform-launcher-1.9.3.jar:1.9.3]
	at org.junit.platform.launcher.core.EngineExecutionOrchestrator.withInterceptedStreams(EngineExecutionOrchestrator.java:102) ~[junit-platform-launcher-1.9.3.jar:1.9.3]
	at org.junit.platform.launcher.core.EngineExecutionOrchestrator.execute(EngineExecutionOrchestrator.java:54) ~[junit-platform-launcher-1.9.3.jar:1.9.3]
	at org.junit.platform.launcher.core.DefaultLauncher.execute(DefaultLauncher.java:114) ~[junit-platform-launcher-1.9.3.jar:1.9.3]
	at org.junit.platform.launcher.core.DefaultLauncher.execute(DefaultLauncher.java:86) ~[junit-platform-launcher-1.9.3.jar:1.9.3]
	at org.junit.platform.launcher.core.DefaultLauncherSession$DelegatingLauncher.execute(DefaultLauncherSession.java:86) ~[junit-platform-launcher-1.9.3.jar:1.9.3]
	at org.apache.maven.surefire.junitplatform.LazyLauncher.execute(LazyLauncher.java:50) ~[surefire-junit-platform-3.0.0.jar:3.0.0]
	at org.apache.maven.surefire.junitplatform.JUnitPlatformProvider.execute(JUnitPlatformProvider.java:184) ~[surefire-junit-platform-3.0.0.jar:3.0.0]
	at org.apache.maven.surefire.junitplatform.JUnitPlatformProvider.invokeAllTests(JUnitPlatformProvider.java:148) ~[surefire-junit-platform-3.0.0.jar:3.0.0]
	at org.apache.maven.surefire.junitplatform.JUnitPlatformProvider.invoke(JUnitPlatformProvider.java:122) ~[surefire-junit-platform-3.0.0.jar:3.0.0]
	at org.apache.maven.surefire.booter.ForkedBooter.runSuitesInProcess(ForkedBooter.java:385) ~[surefire-booter-3.0.0.jar:3.0.0]
	at org.apache.maven.surefire.booter.ForkedBooter.execute(ForkedBooter.java:162) ~[surefire-booter-3.0.0.jar:3.0.0]
	at org.apache.maven.surefire.booter.ForkedBooter.run(ForkedBooter.java:507) ~[surefire-booter-3.0.0.jar:3.0.0]
	at org.apache.maven.surefire.booter.ForkedBooter.main(ForkedBooter.java:495) ~[surefire-booter-3.0.0.jar:3.0.0]

2023-12-19T12:09:55.881+01:00  INFO 15668 --- [| adminclient-1] org.apache.kafka.clients.NetworkClient   : [AdminClient clientId=adminclient-1] Node -1 disconnected.
2023-12-19T12:09:55.882+01:00  WARN 15668 --- [| adminclient-1] org.apache.kafka.clients.NetworkClient   : [AdminClient clientId=adminclient-1] Connection to node -1 (localhost/127.0.0.1:29092) could not be established. Broker may not be available.
2023-12-19T12:09:56.967+01:00  INFO 15668 --- [| adminclient-1] org.apache.kafka.clients.NetworkClient   : [AdminClient clientId=adminclient-1] Node -1 disconnected.
2023-12-19T12:09:56.968+01:00  WARN 15668 --- [| adminclient-1] org.apache.kafka.clients.NetworkClient   : [AdminClient clientId=adminclient-1] Connection to node -1 (localhost/127.0.0.1:29092) could not be established. Broker may not be available.
2023-12-19T12:09:57.839+01:00  INFO 15668 --- [| adminclient-1] org.apache.kafka.clients.NetworkClient   : [AdminClient clientId=adminclient-1] Node -1 disconnected.
2023-12-19T12:09:57.839+01:00  WARN 15668 --- [| adminclient-1] org.apache.kafka.clients.NetworkClient   : [AdminClient clientId=adminclient-1] Connection to node -1 (localhost/127.0.0.1:29092) could not be established. Broker may not be available.
2023-12-19T12:09:58.720+01:00  INFO 15668 --- [| adminclient-1] org.apache.kafka.clients.NetworkClient   : [AdminClient clientId=adminclient-1] Node -1 disconnected.
2023-12-19T12:09:58.720+01:00  WARN 15668 --- [| adminclient-1] org.apache.kafka.clients.NetworkClient   : [AdminClient clientId=adminclient-1] Connection to node -1 (localhost/127.0.0.1:29092) could not be established. Broker may not be available.
2023-12-19T12:09:59.836+01:00  INFO 15668 --- [| adminclient-1] org.apache.kafka.clients.NetworkClient   : [AdminClient clientId=adminclient-1] Node -1 disconnected.
2023-12-19T12:09:59.837+01:00  WARN 15668 --- [| adminclient-1] org.apache.kafka.clients.NetworkClient   : [AdminClient clientId=adminclient-1] Connection to node -1 (localhost/127.0.0.1:29092) could not be established. Broker may not be available.
2023-12-19T12:10:00.916+01:00  INFO 15668 --- [| adminclient-1] org.apache.kafka.clients.NetworkClient   : [AdminClient clientId=adminclient-1] Node -1 disconnected.
2023-12-19T12:10:00.917+01:00  WARN 15668 --- [| adminclient-1] org.apache.kafka.clients.NetworkClient   : [AdminClient clientId=adminclient-1] Connection to node -1 (localhost/127.0.0.1:29092) could not be established. Broker may not be available.
2023-12-19T12:10:01.879+01:00  INFO 15668 --- [| adminclient-1] org.apache.kafka.clients.NetworkClient   : [AdminClient clientId=adminclient-1] Node -1 disconnected.
2023-12-19T12:10:01.879+01:00  WARN 15668 --- [| adminclient-1] org.apache.kafka.clients.NetworkClient   : [AdminClient clientId=adminclient-1] Connection to node -1 (localhost/127.0.0.1:29092) could not be established. Broker may not be available.
2023-12-19T12:10:03.134+01:00  INFO 15668 --- [| adminclient-1] org.apache.kafka.clients.NetworkClient   : [AdminClient clientId=adminclient-1] Node -1 disconnected.
2023-12-19T12:10:03.134+01:00  WARN 15668 --- [| adminclient-1] org.apache.kafka.clients.NetworkClient   : [AdminClient clientId=adminclient-1] Connection to node -1 (localhost/127.0.0.1:29092) could not be established. Broker may not be available.
2023-12-19T12:10:04.115+01:00  INFO 15668 --- [| adminclient-1] org.apache.kafka.clients.NetworkClient   : [AdminClient clientId=adminclient-1] Node -1 disconnected.
2023-12-19T12:10:04.115+01:00  WARN 15668 --- [| adminclient-1] org.apache.kafka.clients.NetworkClient   : [AdminClient clientId=adminclient-1] Connection to node -1 (localhost/127.0.0.1:29092) could not be established. Broker may not be available.
2023-12-19T12:10:05.151+01:00  INFO 15668 --- [| adminclient-1] org.apache.kafka.clients.NetworkClient   : [AdminClient clientId=adminclient-1] Node -1 disconnected.
2023-12-19T12:10:05.151+01:00  WARN 15668 --- [| adminclient-1] org.apache.kafka.clients.NetworkClient   : [AdminClient clientId=adminclient-1] Connection to node -1 (localhost/127.0.0.1:29092) could not be established. Broker may not be available.
2023-12-19T12:10:05.243+01:00  INFO 15668 --- [| adminclient-1] o.a.k.clients.admin.KafkaAdminClient     : [AdminClient clientId=adminclient-1] Forcing a hard I/O thread shutdown. Requests in progress will be aborted.
2023-12-19T12:10:05.243+01:00  INFO 15668 --- [| adminclient-1] o.a.kafka.common.utils.AppInfoParser     : App info kafka.admin.client for adminclient-1 unregistered
2023-12-19T12:10:05.244+01:00  INFO 15668 --- [| adminclient-1] o.a.k.c.a.i.AdminMetadataManager         : [AdminClient clientId=adminclient-1] Metadata update failed

org.apache.kafka.common.errors.TimeoutException: The AdminClient thread has exited. Call: fetchMetadata

2023-12-19T12:10:05.244+01:00  INFO 15668 --- [| adminclient-1] o.a.k.clients.admin.KafkaAdminClient     : [AdminClient clientId=adminclient-1] Timed out 2 remaining operation(s) during close.
2023-12-19T12:10:05.248+01:00  INFO 15668 --- [| adminclient-1] o.apache.kafka.common.metrics.Metrics    : Metrics scheduler closed
2023-12-19T12:10:05.248+01:00  INFO 15668 --- [| adminclient-1] o.apache.kafka.common.metrics.Metrics    : Closing reporter org.apache.kafka.common.metrics.JmxReporter
2023-12-19T12:10:05.248+01:00  INFO 15668 --- [| adminclient-1] o.apache.kafka.common.metrics.Metrics    : Metrics reporters closed
2023-12-19T12:10:05.258+01:00  INFO 15668 --- [           main] o.s.b.w.embedded.tomcat.TomcatWebServer  : Tomcat started on port(s): 50952 (http) with context path ''
2023-12-19T12:10:05.272+01:00  INFO 15668 --- [           main] c.e.P.ProjectControllerTests             : Started ProjectControllerTests in 51.045 seconds (process running for 52.386)
2023-12-19T12:10:05.337+01:00  INFO 15668 --- [           main] o.apache.catalina.core.StandardService   : Stopping service [Tomcat]
2023-12-19T12:10:05.365+01:00  INFO 15668 --- [           main] j.LocalContainerEntityManagerFactoryBean : Closing JPA EntityManagerFactory for persistence unit 'default'
2023-12-19T12:10:05.368+01:00 DEBUG 15668 --- [           main] org.hibernate.SQL                        : drop table if exists project cascade 
2023-12-19T12:10:05.370+01:00 DEBUG 15668 --- [           main] org.hibernate.SQL                        : drop table if exists projectmember cascade 
2023-12-19T12:10:05.371+01:00 DEBUG 15668 --- [           main] org.hibernate.SQL                        : drop table if exists projectmembership cascade 
2023-12-19T12:10:05.371+01:00 DEBUG 15668 --- [           main] org.hibernate.SQL                        : drop table if exists projectrole cascade 
2023-12-19T12:10:05.375+01:00  INFO 15668 --- [           main] com.zaxxer.hikari.HikariDataSource       : HikariPool-1 - Shutdown initiated...
2023-12-19T12:10:05.378+01:00  INFO 15668 --- [           main] com.zaxxer.hikari.HikariDataSource       : HikariPool-1 - Shutdown completed.

  .   ____          _            __ _ _
 /\\ / ___'_ __ _ _(_)_ __  __ _ \ \ \ \
( ( )\___ | '_ | '_| | '_ \/ _` | \ \ \ \
 \\/  ___)| |_)| | | | | || (_| |  ) ) ) )
  '  |____| .__|_| |_|_| |_\__, | / / / /
 =========|_|==============|___/=/_/_/_/
 :: Spring Boot ::                (v3.1.5)

2023-12-19T12:10:05.424+01:00  INFO 15668 --- [           main] c.e.P.ProjectControllerTests             : Starting ProjectControllerTests using Java 17.0.8.1 with PID 15668 (started by mitch in D:\projecten\semester6individueel\ProjectService)
2023-12-19T12:10:05.424+01:00  INFO 15668 --- [           main] c.e.P.ProjectControllerTests             : The following 1 profile is active: "test"
2023-12-19T12:10:05.881+01:00  INFO 15668 --- [           main] .s.d.r.c.RepositoryConfigurationDelegate : Multiple Spring Data modules found, entering strict repository configuration mode
2023-12-19T12:10:05.883+01:00  INFO 15668 --- [           main] .s.d.r.c.RepositoryConfigurationDelegate : Bootstrapping Spring Data JPA repositories in DEFAULT mode.
2023-12-19T12:10:05.901+01:00  INFO 15668 --- [           main] .s.d.r.c.RepositoryConfigurationDelegate : Finished Spring Data repository scanning in 18 ms. Found 2 JPA repository interfaces.
2023-12-19T12:10:05.904+01:00  INFO 15668 --- [           main] .s.d.r.c.RepositoryConfigurationDelegate : Multiple Spring Data modules found, entering strict repository configuration mode
2023-12-19T12:10:05.905+01:00  INFO 15668 --- [           main] .s.d.r.c.RepositoryConfigurationDelegate : Bootstrapping Spring Data Redis repositories in DEFAULT mode.
2023-12-19T12:10:05.912+01:00  INFO 15668 --- [           main] .RepositoryConfigurationExtensionSupport : Spring Data Redis - Could not safely identify store assignment for repository candidate interface com.example.ProjectService.repositories.IAccountRepository; If you want this repository to be a Redis repository, consider annotating your entities with one of these annotations: org.springframework.data.redis.core.RedisHash (preferred), or consider extending one of the following types with your repository: org.springframework.data.keyvalue.repository.KeyValueRepository
2023-12-19T12:10:05.912+01:00  INFO 15668 --- [           main] .RepositoryConfigurationExtensionSupport : Spring Data Redis - Could not safely identify store assignment for repository candidate interface com.example.ProjectService.repositories.IProjectRepository; If you want this repository to be a Redis repository, consider annotating your entities with one of these annotations: org.springframework.data.redis.core.RedisHash (preferred), or consider extending one of the following types with your repository: org.springframework.data.keyvalue.repository.KeyValueRepository
2023-12-19T12:10:05.912+01:00  INFO 15668 --- [           main] .s.d.r.c.RepositoryConfigurationDelegate : Finished Spring Data repository scanning in 6 ms. Found 0 Redis repository interfaces.
2023-12-19T12:10:06.052+01:00  INFO 15668 --- [           main] o.s.b.w.embedded.tomcat.TomcatWebServer  : Tomcat initialized with port(s): 0 (http)
2023-12-19T12:10:06.053+01:00  INFO 15668 --- [           main] o.apache.catalina.core.StandardService   : Starting service [Tomcat]
2023-12-19T12:10:06.053+01:00  INFO 15668 --- [           main] o.apache.catalina.core.StandardEngine    : Starting Servlet engine: [Apache Tomcat/10.1.15]
2023-12-19T12:10:06.114+01:00  INFO 15668 --- [           main] o.a.c.c.C.[Tomcat].[localhost].[/]       : Initializing Spring embedded WebApplicationContext
2023-12-19T12:10:06.114+01:00  INFO 15668 --- [           main] w.s.c.ServletWebServerApplicationContext : Root WebApplicationContext: initialization completed in 687 ms
2023-12-19T12:10:06.193+01:00  INFO 15668 --- [           main] o.hibernate.jpa.internal.util.LogHelper  : HHH000204: Processing PersistenceUnitInfo [name: default]
2023-12-19T12:10:06.197+01:00  INFO 15668 --- [           main] o.s.o.j.p.SpringPersistenceUnitInfo      : No LoadTimeWeaver setup: ignoring JPA class transformer
2023-12-19T12:10:06.198+01:00  INFO 15668 --- [           main] com.zaxxer.hikari.HikariDataSource       : HikariPool-2 - Starting...
2023-12-19T12:10:06.200+01:00  INFO 15668 --- [           main] com.zaxxer.hikari.pool.HikariPool        : HikariPool-2 - Added connection conn10: url=jdbc:h2:mem:db user=SA
2023-12-19T12:10:06.200+01:00  INFO 15668 --- [           main] com.zaxxer.hikari.HikariDataSource       : HikariPool-2 - Start completed.
2023-12-19T12:10:06.201+01:00  WARN 15668 --- [           main] org.hibernate.orm.deprecation            : HHH90000025: H2Dialect does not need to be specified explicitly using 'hibernate.dialect' (remove the property setting and it will be selected by default)
2023-12-19T12:10:06.216+01:00  WARN 15668 --- [           main] org.hibernate.mapping.RootClass          : HHH000038: Composite-id class does not override equals(): com.example.ProjectService.JoinTable.ProjectMembership
2023-12-19T12:10:06.218+01:00  WARN 15668 --- [           main] org.hibernate.mapping.RootClass          : HHH000039: Composite-id class does not override hashCode(): com.example.ProjectService.JoinTable.ProjectMembership
2023-12-19T12:10:06.298+01:00  INFO 15668 --- [           main] o.h.e.t.j.p.i.JtaPlatformInitiator       : HHH000489: No JTA platform available (set 'hibernate.transaction.jta.platform' to enable JTA platform integration)
2023-12-19T12:10:06.300+01:00 DEBUG 15668 --- [           main] org.hibernate.SQL                        : drop table if exists project cascade 
2023-12-19T12:10:06.300+01:00 DEBUG 15668 --- [           main] org.hibernate.SQL                        : drop table if exists projectmember cascade 
2023-12-19T12:10:06.301+01:00 DEBUG 15668 --- [           main] org.hibernate.SQL                        : drop table if exists projectmembership cascade 
2023-12-19T12:10:06.301+01:00 DEBUG 15668 --- [           main] org.hibernate.SQL                        : drop table if exists projectrole cascade 
2023-12-19T12:10:06.301+01:00 DEBUG 15668 --- [           main] org.hibernate.SQL                        : create table project (createdat timestamp(6) not null, id bigint generated by default as identity, lastupdatedat timestamp(6) not null, owner_id bigint, projectname varchar(20) not null, projectdescription varchar(50) not null, primary key (id))
2023-12-19T12:10:06.302+01:00 DEBUG 15668 --- [           main] org.hibernate.SQL                        : create table projectmember (id bigint not null, email varchar(20) not null unique, primary key (id))
2023-12-19T12:10:06.303+01:00 DEBUG 15668 --- [           main] org.hibernate.SQL                        : create table projectmembership (joinedproject_id bigint not null, member_id bigint not null, role_id bigint not null, primary key (joinedproject_id, member_id, role_id))
2023-12-19T12:10:06.303+01:00 DEBUG 15668 --- [           main] org.hibernate.SQL                        : create table projectrole (id bigint generated by default as identity, name varchar(255) unique, primary key (id))
2023-12-19T12:10:06.304+01:00 DEBUG 15668 --- [           main] org.hibernate.SQL                        : alter table if exists project add constraint FKgela6raf25bsa6thxog5x8lkv foreign key (owner_id) references projectmember
2023-12-19T12:10:06.306+01:00 DEBUG 15668 --- [           main] org.hibernate.SQL                        : alter table if exists projectmembership add constraint FKr5hoxnh9k5nutty4hon93c6fe foreign key (joinedproject_id) references project
2023-12-19T12:10:06.307+01:00 DEBUG 15668 --- [           main] org.hibernate.SQL                        : alter table if exists projectmembership add constraint FKt45jjcbtrrsgom05jwu0fje4b foreign key (member_id) references projectmember
2023-12-19T12:10:06.308+01:00 DEBUG 15668 --- [           main] org.hibernate.SQL                        : alter table if exists projectmembership add constraint FKfnovlarbluovef58uneoi1li1 foreign key (role_id) references projectrole
2023-12-19T12:10:06.309+01:00  INFO 15668 --- [           main] j.LocalContainerEntityManagerFactoryBean : Initialized JPA EntityManagerFactory for persistence unit 'default'
2023-12-19T12:10:06.419+01:00  WARN 15668 --- [           main] JpaBaseConfiguration$JpaWebConfiguration : spring.jpa.open-in-view is enabled by default. Therefore, database queries may be performed during view rendering. Explicitly configure spring.jpa.open-in-view to disable this warning
2023-12-19T12:10:06.757+01:00  INFO 15668 --- [           main] o.a.c.c.C.[Tomcat].[localhost].[/]       : Initializing Spring TestDispatcherServlet ''
2023-12-19T12:10:06.757+01:00  INFO 15668 --- [           main] o.s.t.web.servlet.TestDispatcherServlet  : Initializing Servlet ''
2023-12-19T12:10:06.762+01:00  INFO 15668 --- [           main] o.s.b.a.e.web.EndpointLinksResolver      : Exposing 13 endpoint(s) beneath base path '/actuator'
2023-12-19T12:10:06.775+01:00  INFO 15668 --- [           main] o.s.t.web.servlet.TestDispatcherServlet  : Completed initialization in 18 ms
2023-12-19T12:10:06.798+01:00  INFO 15668 --- [           main] o.a.k.clients.admin.AdminClientConfig    : AdminClientConfig values: 
	auto.include.jmx.reporter = true
	bootstrap.servers = [localhost:29092]
	client.dns.lookup = use_all_dns_ips
	client.id = 
	connections.max.idle.ms = 300000
	default.api.timeout.ms = 60000
	metadata.max.age.ms = 300000
	metric.reporters = []
	metrics.num.samples = 2
	metrics.recording.level = INFO
	metrics.sample.window.ms = 30000
	receive.buffer.bytes = 65536
	reconnect.backoff.max.ms = 1000
	reconnect.backoff.ms = 50
	request.timeout.ms = 30000
	retries = 2147483647
	retry.backoff.ms = 100
	sasl.client.callback.handler.class = null
	sasl.jaas.config = null
	sasl.kerberos.kinit.cmd = /usr/bin/kinit
	sasl.kerberos.min.time.before.relogin = 60000
	sasl.kerberos.service.name = null
	sasl.kerberos.ticket.renew.jitter = 0.05
	sasl.kerberos.ticket.renew.window.factor = 0.8
	sasl.login.callback.handler.class = null
	sasl.login.class = null
	sasl.login.connect.timeout.ms = null
	sasl.login.read.timeout.ms = null
	sasl.login.refresh.buffer.seconds = 300
	sasl.login.refresh.min.period.seconds = 60
	sasl.login.refresh.window.factor = 0.8
	sasl.login.refresh.window.jitter = 0.05
	sasl.login.retry.backoff.max.ms = 10000
	sasl.login.retry.backoff.ms = 100
	sasl.mechanism = GSSAPI
	sasl.oauthbearer.clock.skew.seconds = 30
	sasl.oauthbearer.expected.audience = null
	sasl.oauthbearer.expected.issuer = null
	sasl.oauthbearer.jwks.endpoint.refresh.ms = 3600000
	sasl.oauthbearer.jwks.endpoint.retry.backoff.max.ms = 10000
	sasl.oauthbearer.jwks.endpoint.retry.backoff.ms = 100
	sasl.oauthbearer.jwks.endpoint.url = null
	sasl.oauthbearer.scope.claim.name = scope
	sasl.oauthbearer.sub.claim.name = sub
	sasl.oauthbearer.token.endpoint.url = null
	security.protocol = PLAINTEXT
	security.providers = null
	send.buffer.bytes = 131072
	socket.connection.setup.timeout.max.ms = 30000
	socket.connection.setup.timeout.ms = 10000
	ssl.cipher.suites = null
	ssl.enabled.protocols = [TLSv1.2, TLSv1.3]
	ssl.endpoint.identification.algorithm = https
	ssl.engine.factory.class = null
	ssl.key.password = null
	ssl.keymanager.algorithm = SunX509
	ssl.keystore.certificate.chain = null
	ssl.keystore.key = null
	ssl.keystore.location = null
	ssl.keystore.password = null
	ssl.keystore.type = JKS
	ssl.protocol = TLSv1.3
	ssl.provider = null
	ssl.secure.random.implementation = null
	ssl.trustmanager.algorithm = PKIX
	ssl.truststore.certificates = null
	ssl.truststore.location = null
	ssl.truststore.password = null
	ssl.truststore.type = JKS

2023-12-19T12:10:06.809+01:00  INFO 15668 --- [           main] o.a.kafka.common.utils.AppInfoParser     : Kafka version: 3.4.1
2023-12-19T12:10:06.810+01:00  INFO 15668 --- [           main] o.a.kafka.common.utils.AppInfoParser     : Kafka commitId: 8a516edc2755df89
2023-12-19T12:10:06.810+01:00  INFO 15668 --- [           main] o.a.kafka.common.utils.AppInfoParser     : Kafka startTimeMs: 1702984206809
2023-12-19T12:10:06.814+01:00  INFO 15668 --- [| adminclient-2] org.apache.kafka.clients.NetworkClient   : [AdminClient clientId=adminclient-2] Node -1 disconnected.
2023-12-19T12:10:06.814+01:00  WARN 15668 --- [| adminclient-2] org.apache.kafka.clients.NetworkClient   : [AdminClient clientId=adminclient-2] Connection to node -1 (localhost/127.0.0.1:29092) could not be established. Broker may not be available.
2023-12-19T12:10:06.922+01:00  INFO 15668 --- [| adminclient-2] org.apache.kafka.clients.NetworkClient   : [AdminClient clientId=adminclient-2] Node -1 disconnected.
2023-12-19T12:10:06.922+01:00  WARN 15668 --- [| adminclient-2] org.apache.kafka.clients.NetworkClient   : [AdminClient clientId=adminclient-2] Connection to node -1 (localhost/127.0.0.1:29092) could not be established. Broker may not be available.
2023-12-19T12:10:07.031+01:00  INFO 15668 --- [| adminclient-2] org.apache.kafka.clients.NetworkClient   : [AdminClient clientId=adminclient-2] Node -1 disconnected.
2023-12-19T12:10:07.031+01:00  WARN 15668 --- [| adminclient-2] org.apache.kafka.clients.NetworkClient   : [AdminClient clientId=adminclient-2] Connection to node -1 (localhost/127.0.0.1:29092) could not be established. Broker may not be available.
2023-12-19T12:10:07.247+01:00  INFO 15668 --- [| adminclient-2] org.apache.kafka.clients.NetworkClient   : [AdminClient clientId=adminclient-2] Node -1 disconnected.
2023-12-19T12:10:07.248+01:00  WARN 15668 --- [| adminclient-2] org.apache.kafka.clients.NetworkClient   : [AdminClient clientId=adminclient-2] Connection to node -1 (localhost/127.0.0.1:29092) could not be established. Broker may not be available.
2023-12-19T12:10:07.684+01:00  INFO 15668 --- [| adminclient-2] org.apache.kafka.clients.NetworkClient   : [AdminClient clientId=adminclient-2] Node -1 disconnected.
2023-12-19T12:10:07.685+01:00  WARN 15668 --- [| adminclient-2] org.apache.kafka.clients.NetworkClient   : [AdminClient clientId=adminclient-2] Connection to node -1 (localhost/127.0.0.1:29092) could not be established. Broker may not be available.
2023-12-19T12:10:08.444+01:00  INFO 15668 --- [| adminclient-2] org.apache.kafka.clients.NetworkClient   : [AdminClient clientId=adminclient-2] Node -1 disconnected.
2023-12-19T12:10:08.444+01:00  WARN 15668 --- [| adminclient-2] org.apache.kafka.clients.NetworkClient   : [AdminClient clientId=adminclient-2] Connection to node -1 (localhost/127.0.0.1:29092) could not be established. Broker may not be available.
2023-12-19T12:10:09.312+01:00  INFO 15668 --- [| adminclient-2] org.apache.kafka.clients.NetworkClient   : [AdminClient clientId=adminclient-2] Node -1 disconnected.
2023-12-19T12:10:09.312+01:00  WARN 15668 --- [| adminclient-2] org.apache.kafka.clients.NetworkClient   : [AdminClient clientId=adminclient-2] Connection to node -1 (localhost/127.0.0.1:29092) could not be established. Broker may not be available.
2023-12-19T12:10:10.497+01:00  INFO 15668 --- [| adminclient-2] org.apache.kafka.clients.NetworkClient   : [AdminClient clientId=adminclient-2] Node -1 disconnected.
2023-12-19T12:10:10.497+01:00  WARN 15668 --- [| adminclient-2] org.apache.kafka.clients.NetworkClient   : [AdminClient clientId=adminclient-2] Connection to node -1 (localhost/127.0.0.1:29092) could not be established. Broker may not be available.
2023-12-19T12:10:11.590+01:00  INFO 15668 --- [| adminclient-2] org.apache.kafka.clients.NetworkClient   : [AdminClient clientId=adminclient-2] Node -1 disconnected.
2023-12-19T12:10:11.591+01:00  WARN 15668 --- [| adminclient-2] org.apache.kafka.clients.NetworkClient   : [AdminClient clientId=adminclient-2] Connection to node -1 (localhost/127.0.0.1:29092) could not be established. Broker may not be available.
2023-12-19T12:10:12.662+01:00  INFO 15668 --- [| adminclient-2] org.apache.kafka.clients.NetworkClient   : [AdminClient clientId=adminclient-2] Node -1 disconnected.
2023-12-19T12:10:12.662+01:00  WARN 15668 --- [| adminclient-2] org.apache.kafka.clients.NetworkClient   : [AdminClient clientId=adminclient-2] Connection to node -1 (localhost/127.0.0.1:29092) could not be established. Broker may not be available.
2023-12-19T12:10:13.848+01:00  INFO 15668 --- [| adminclient-2] org.apache.kafka.clients.NetworkClient   : [AdminClient clientId=adminclient-2] Node -1 disconnected.
2023-12-19T12:10:13.849+01:00  WARN 15668 --- [| adminclient-2] org.apache.kafka.clients.NetworkClient   : [AdminClient clientId=adminclient-2] Connection to node -1 (localhost/127.0.0.1:29092) could not be established. Broker may not be available.
2023-12-19T12:10:15.031+01:00  INFO 15668 --- [| adminclient-2] org.apache.kafka.clients.NetworkClient   : [AdminClient clientId=adminclient-2] Node -1 disconnected.
2023-12-19T12:10:15.033+01:00  WARN 15668 --- [| adminclient-2] org.apache.kafka.clients.NetworkClient   : [AdminClient clientId=adminclient-2] Connection to node -1 (localhost/127.0.0.1:29092) could not be established. Broker may not be available.
2023-12-19T12:10:16.119+01:00  INFO 15668 --- [| adminclient-2] org.apache.kafka.clients.NetworkClient   : [AdminClient clientId=adminclient-2] Node -1 disconnected.
2023-12-19T12:10:16.119+01:00  WARN 15668 --- [| adminclient-2] org.apache.kafka.clients.NetworkClient   : [AdminClient clientId=adminclient-2] Connection to node -1 (localhost/127.0.0.1:29092) could not be established. Broker may not be available.
2023-12-19T12:10:17.202+01:00  INFO 15668 --- [| adminclient-2] org.apache.kafka.clients.NetworkClient   : [AdminClient clientId=adminclient-2] Node -1 disconnected.
2023-12-19T12:10:17.202+01:00  WARN 15668 --- [| adminclient-2] org.apache.kafka.clients.NetworkClient   : [AdminClient clientId=adminclient-2] Connection to node -1 (localhost/127.0.0.1:29092) could not be established. Broker may not be available.
2023-12-19T12:10:18.182+01:00  INFO 15668 --- [| adminclient-2] org.apache.kafka.clients.NetworkClient   : [AdminClient clientId=adminclient-2] Node -1 disconnected.
2023-12-19T12:10:18.182+01:00  WARN 15668 --- [| adminclient-2] org.apache.kafka.clients.NetworkClient   : [AdminClient clientId=adminclient-2] Connection to node -1 (localhost/127.0.0.1:29092) could not be established. Broker may not be available.
2023-12-19T12:10:19.222+01:00  INFO 15668 --- [| adminclient-2] org.apache.kafka.clients.NetworkClient   : [AdminClient clientId=adminclient-2] Node -1 disconnected.
2023-12-19T12:10:19.222+01:00  WARN 15668 --- [| adminclient-2] org.apache.kafka.clients.NetworkClient   : [AdminClient clientId=adminclient-2] Connection to node -1 (localhost/127.0.0.1:29092) could not be established. Broker may not be available.
2023-12-19T12:10:20.414+01:00  INFO 15668 --- [| adminclient-2] org.apache.kafka.clients.NetworkClient   : [AdminClient clientId=adminclient-2] Node -1 disconnected.
2023-12-19T12:10:20.415+01:00  WARN 15668 --- [| adminclient-2] org.apache.kafka.clients.NetworkClient   : [AdminClient clientId=adminclient-2] Connection to node -1 (localhost/127.0.0.1:29092) could not be established. Broker may not be available.
2023-12-19T12:10:21.597+01:00  INFO 15668 --- [| adminclient-2] org.apache.kafka.clients.NetworkClient   : [AdminClient clientId=adminclient-2] Node -1 disconnected.
2023-12-19T12:10:21.597+01:00  WARN 15668 --- [| adminclient-2] org.apache.kafka.clients.NetworkClient   : [AdminClient clientId=adminclient-2] Connection to node -1 (localhost/127.0.0.1:29092) could not be established. Broker may not be available.
2023-12-19T12:10:22.686+01:00  INFO 15668 --- [| adminclient-2] org.apache.kafka.clients.NetworkClient   : [AdminClient clientId=adminclient-2] Node -1 disconnected.
2023-12-19T12:10:22.686+01:00  WARN 15668 --- [| adminclient-2] org.apache.kafka.clients.NetworkClient   : [AdminClient clientId=adminclient-2] Connection to node -1 (localhost/127.0.0.1:29092) could not be established. Broker may not be available.
2023-12-19T12:10:23.630+01:00  INFO 15668 --- [| adminclient-2] org.apache.kafka.clients.NetworkClient   : [AdminClient clientId=adminclient-2] Node -1 disconnected.
2023-12-19T12:10:23.631+01:00  WARN 15668 --- [| adminclient-2] org.apache.kafka.clients.NetworkClient   : [AdminClient clientId=adminclient-2] Connection to node -1 (localhost/127.0.0.1:29092) could not be established. Broker may not be available.
2023-12-19T12:10:24.715+01:00  INFO 15668 --- [| adminclient-2] org.apache.kafka.clients.NetworkClient   : [AdminClient clientId=adminclient-2] Node -1 disconnected.
2023-12-19T12:10:24.717+01:00  WARN 15668 --- [| adminclient-2] org.apache.kafka.clients.NetworkClient   : [AdminClient clientId=adminclient-2] Connection to node -1 (localhost/127.0.0.1:29092) could not be established. Broker may not be available.
2023-12-19T12:10:25.907+01:00  INFO 15668 --- [| adminclient-2] org.apache.kafka.clients.NetworkClient   : [AdminClient clientId=adminclient-2] Node -1 disconnected.
2023-12-19T12:10:25.908+01:00  WARN 15668 --- [| adminclient-2] org.apache.kafka.clients.NetworkClient   : [AdminClient clientId=adminclient-2] Connection to node -1 (localhost/127.0.0.1:29092) could not be established. Broker may not be available.
2023-12-19T12:10:26.888+01:00  INFO 15668 --- [| adminclient-2] org.apache.kafka.clients.NetworkClient   : [AdminClient clientId=adminclient-2] Node -1 disconnected.
2023-12-19T12:10:26.888+01:00  WARN 15668 --- [| adminclient-2] org.apache.kafka.clients.NetworkClient   : [AdminClient clientId=adminclient-2] Connection to node -1 (localhost/127.0.0.1:29092) could not be established. Broker may not be available.
2023-12-19T12:10:27.750+01:00  INFO 15668 --- [| adminclient-2] org.apache.kafka.clients.NetworkClient   : [AdminClient clientId=adminclient-2] Node -1 disconnected.
2023-12-19T12:10:27.752+01:00  WARN 15668 --- [| adminclient-2] org.apache.kafka.clients.NetworkClient   : [AdminClient clientId=adminclient-2] Connection to node -1 (localhost/127.0.0.1:29092) could not be established. Broker may not be available.
2023-12-19T12:10:28.833+01:00  INFO 15668 --- [| adminclient-2] org.apache.kafka.clients.NetworkClient   : [AdminClient clientId=adminclient-2] Node -1 disconnected.
2023-12-19T12:10:28.834+01:00  WARN 15668 --- [| adminclient-2] org.apache.kafka.clients.NetworkClient   : [AdminClient clientId=adminclient-2] Connection to node -1 (localhost/127.0.0.1:29092) could not be established. Broker may not be available.
2023-12-19T12:10:29.703+01:00  INFO 15668 --- [| adminclient-2] org.apache.kafka.clients.NetworkClient   : [AdminClient clientId=adminclient-2] Node -1 disconnected.
2023-12-19T12:10:29.703+01:00  WARN 15668 --- [| adminclient-2] org.apache.kafka.clients.NetworkClient   : [AdminClient clientId=adminclient-2] Connection to node -1 (localhost/127.0.0.1:29092) could not be established. Broker may not be available.
2023-12-19T12:10:31.010+01:00  INFO 15668 --- [| adminclient-2] org.apache.kafka.clients.NetworkClient   : [AdminClient clientId=adminclient-2] Node -1 disconnected.
2023-12-19T12:10:31.010+01:00  WARN 15668 --- [| adminclient-2] org.apache.kafka.clients.NetworkClient   : [AdminClient clientId=adminclient-2] Connection to node -1 (localhost/127.0.0.1:29092) could not be established. Broker may not be available.
2023-12-19T12:10:32.093+01:00  INFO 15668 --- [| adminclient-2] org.apache.kafka.clients.NetworkClient   : [AdminClient clientId=adminclient-2] Node -1 disconnected.
2023-12-19T12:10:32.095+01:00  WARN 15668 --- [| adminclient-2] org.apache.kafka.clients.NetworkClient   : [AdminClient clientId=adminclient-2] Connection to node -1 (localhost/127.0.0.1:29092) could not be established. Broker may not be available.
2023-12-19T12:10:33.263+01:00  INFO 15668 --- [| adminclient-2] org.apache.kafka.clients.NetworkClient   : [AdminClient clientId=adminclient-2] Node -1 disconnected.
2023-12-19T12:10:33.263+01:00  WARN 15668 --- [| adminclient-2] org.apache.kafka.clients.NetworkClient   : [AdminClient clientId=adminclient-2] Connection to node -1 (localhost/127.0.0.1:29092) could not be established. Broker may not be available.
2023-12-19T12:10:34.350+01:00  INFO 15668 --- [| adminclient-2] org.apache.kafka.clients.NetworkClient   : [AdminClient clientId=adminclient-2] Node -1 disconnected.
2023-12-19T12:10:34.351+01:00  WARN 15668 --- [| adminclient-2] org.apache.kafka.clients.NetworkClient   : [AdminClient clientId=adminclient-2] Connection to node -1 (localhost/127.0.0.1:29092) could not be established. Broker may not be available.
2023-12-19T12:10:35.329+01:00  INFO 15668 --- [| adminclient-2] org.apache.kafka.clients.NetworkClient   : [AdminClient clientId=adminclient-2] Node -1 disconnected.
2023-12-19T12:10:35.329+01:00  WARN 15668 --- [| adminclient-2] org.apache.kafka.clients.NetworkClient   : [AdminClient clientId=adminclient-2] Connection to node -1 (localhost/127.0.0.1:29092) could not be established. Broker may not be available.
2023-12-19T12:10:36.190+01:00  INFO 15668 --- [| adminclient-2] org.apache.kafka.clients.NetworkClient   : [AdminClient clientId=adminclient-2] Node -1 disconnected.
2023-12-19T12:10:36.191+01:00  WARN 15668 --- [| adminclient-2] org.apache.kafka.clients.NetworkClient   : [AdminClient clientId=adminclient-2] Connection to node -1 (localhost/127.0.0.1:29092) could not be established. Broker may not be available.
2023-12-19T12:10:36.819+01:00  INFO 15668 --- [| adminclient-2] o.a.k.c.a.i.AdminMetadataManager         : [AdminClient clientId=adminclient-2] Metadata update failed

org.apache.kafka.common.errors.TimeoutException: Timed out waiting for a node assignment. Call: fetchMetadata

2023-12-19T12:10:36.819+01:00 ERROR 15668 --- [           main] o.springframework.kafka.core.KafkaAdmin  : Could not configure topics

java.util.concurrent.TimeoutException: null
	at java.base/java.util.concurrent.CompletableFuture.timedGet(CompletableFuture.java:1960) ~[na:na]
	at java.base/java.util.concurrent.CompletableFuture.get(CompletableFuture.java:2095) ~[na:na]
	at org.apache.kafka.common.internals.KafkaFutureImpl.get(KafkaFutureImpl.java:180) ~[kafka-clients-3.4.1.jar:na]
	at org.springframework.kafka.core.KafkaAdmin.initialize(KafkaAdmin.java:243) ~[spring-kafka-3.0.12.jar:3.0.12]
	at org.springframework.kafka.core.KafkaAdmin.afterSingletonsInstantiated(KafkaAdmin.java:212) ~[spring-kafka-3.0.12.jar:3.0.12]
	at org.springframework.beans.factory.support.DefaultListableBeanFactory.preInstantiateSingletons(DefaultListableBeanFactory.java:984) ~[spring-beans-6.0.13.jar:6.0.13]
	at org.springframework.context.support.AbstractApplicationContext.finishBeanFactoryInitialization(AbstractApplicationContext.java:950) ~[spring-context-6.0.13.jar:6.0.13]
	at org.springframework.context.support.AbstractApplicationContext.refresh(AbstractApplicationContext.java:616) ~[spring-context-6.0.13.jar:6.0.13]
	at org.springframework.boot.web.servlet.context.ServletWebServerApplicationContext.refresh(ServletWebServerApplicationContext.java:146) ~[spring-boot-3.1.5.jar:3.1.5]
	at org.springframework.boot.SpringApplication.refresh(SpringApplication.java:738) ~[spring-boot-3.1.5.jar:3.1.5]
	at org.springframework.boot.SpringApplication.refreshContext(SpringApplication.java:440) ~[spring-boot-3.1.5.jar:3.1.5]
	at org.springframework.boot.SpringApplication.run(SpringApplication.java:316) ~[spring-boot-3.1.5.jar:3.1.5]
	at org.springframework.boot.test.context.SpringBootContextLoader.lambda$loadContext$3(SpringBootContextLoader.java:137) ~[spring-boot-test-3.1.5.jar:3.1.5]
	at org.springframework.util.function.ThrowingSupplier.get(ThrowingSupplier.java:58) ~[spring-core-6.0.13.jar:6.0.13]
	at org.springframework.util.function.ThrowingSupplier.get(ThrowingSupplier.java:46) ~[spring-core-6.0.13.jar:6.0.13]
	at org.springframework.boot.SpringApplication.withHook(SpringApplication.java:1406) ~[spring-boot-3.1.5.jar:3.1.5]
	at org.springframework.boot.test.context.SpringBootContextLoader$ContextLoaderHook.run(SpringBootContextLoader.java:545) ~[spring-boot-test-3.1.5.jar:3.1.5]
	at org.springframework.boot.test.context.SpringBootContextLoader.loadContext(SpringBootContextLoader.java:137) ~[spring-boot-test-3.1.5.jar:3.1.5]
	at org.springframework.boot.test.context.SpringBootContextLoader.loadContext(SpringBootContextLoader.java:108) ~[spring-boot-test-3.1.5.jar:3.1.5]
	at org.springframework.test.context.cache.DefaultCacheAwareContextLoaderDelegate.loadContextInternal(DefaultCacheAwareContextLoaderDelegate.java:187) ~[spring-test-6.0.13.jar:6.0.13]
	at org.springframework.test.context.cache.DefaultCacheAwareContextLoaderDelegate.loadContext(DefaultCacheAwareContextLoaderDelegate.java:119) ~[spring-test-6.0.13.jar:6.0.13]
	at org.springframework.test.context.support.DefaultTestContext.getApplicationContext(DefaultTestContext.java:127) ~[spring-test-6.0.13.jar:6.0.13]
	at org.springframework.boot.test.mock.mockito.MockitoTestExecutionListener.postProcessFields(MockitoTestExecutionListener.java:110) ~[spring-boot-test-3.1.5.jar:3.1.5]
	at org.springframework.boot.test.mock.mockito.MockitoTestExecutionListener.reinjectFields(MockitoTestExecutionListener.java:99) ~[spring-boot-test-3.1.5.jar:3.1.5]
	at org.springframework.boot.test.mock.mockito.MockitoTestExecutionListener.beforeTestMethod(MockitoTestExecutionListener.java:69) ~[spring-boot-test-3.1.5.jar:3.1.5]
	at org.springframework.test.context.TestContextManager.beforeTestMethod(TestContextManager.java:288) ~[spring-test-6.0.13.jar:6.0.13]
	at org.springframework.test.context.junit.jupiter.SpringExtension.beforeEach(SpringExtension.java:174) ~[spring-test-6.0.13.jar:6.0.13]
	at org.junit.jupiter.engine.descriptor.TestMethodTestDescriptor.lambda$invokeBeforeEachCallbacks$2(TestMethodTestDescriptor.java:166) ~[junit-jupiter-engine-5.9.3.jar:5.9.3]
	at org.junit.jupiter.engine.descriptor.TestMethodTestDescriptor.lambda$invokeBeforeMethodsOrCallbacksUntilExceptionOccurs$6(TestMethodTestDescriptor.java:202) ~[junit-jupiter-engine-5.9.3.jar:5.9.3]
	at org.junit.platform.engine.support.hierarchical.ThrowableCollector.execute(ThrowableCollector.java:73) ~[junit-platform-engine-1.9.3.jar:1.9.3]
	at org.junit.jupiter.engine.descriptor.TestMethodTestDescriptor.invokeBeforeMethodsOrCallbacksUntilExceptionOccurs(TestMethodTestDescriptor.java:202) ~[junit-jupiter-engine-5.9.3.jar:5.9.3]
	at org.junit.jupiter.engine.descriptor.TestMethodTestDescriptor.invokeBeforeEachCallbacks(TestMethodTestDescriptor.java:165) ~[junit-jupiter-engine-5.9.3.jar:5.9.3]
	at org.junit.jupiter.engine.descriptor.TestMethodTestDescriptor.execute(TestMethodTestDescriptor.java:132) ~[junit-jupiter-engine-5.9.3.jar:5.9.3]
	at org.junit.jupiter.engine.descriptor.TestMethodTestDescriptor.execute(TestMethodTestDescriptor.java:68) ~[junit-jupiter-engine-5.9.3.jar:5.9.3]
	at org.junit.platform.engine.support.hierarchical.NodeTestTask.lambda$executeRecursively$6(NodeTestTask.java:151) ~[junit-platform-engine-1.9.3.jar:1.9.3]
	at org.junit.platform.engine.support.hierarchical.ThrowableCollector.execute(ThrowableCollector.java:73) ~[junit-platform-engine-1.9.3.jar:1.9.3]
	at org.junit.platform.engine.support.hierarchical.NodeTestTask.lambda$executeRecursively$8(NodeTestTask.java:141) ~[junit-platform-engine-1.9.3.jar:1.9.3]
	at org.junit.platform.engine.support.hierarchical.Node.around(Node.java:137) ~[junit-platform-engine-1.9.3.jar:1.9.3]
	at org.junit.platform.engine.support.hierarchical.NodeTestTask.lambda$executeRecursively$9(NodeTestTask.java:139) ~[junit-platform-engine-1.9.3.jar:1.9.3]
	at org.junit.platform.engine.support.hierarchical.ThrowableCollector.execute(ThrowableCollector.java:73) ~[junit-platform-engine-1.9.3.jar:1.9.3]
	at org.junit.platform.engine.support.hierarchical.NodeTestTask.executeRecursively(NodeTestTask.java:138) ~[junit-platform-engine-1.9.3.jar:1.9.3]
	at org.junit.platform.engine.support.hierarchical.NodeTestTask.execute(NodeTestTask.java:95) ~[junit-platform-engine-1.9.3.jar:1.9.3]
	at java.base/java.util.ArrayList.forEach(ArrayList.java:1511) ~[na:na]
	at org.junit.platform.engine.support.hierarchical.SameThreadHierarchicalTestExecutorService.invokeAll(SameThreadHierarchicalTestExecutorService.java:41) ~[junit-platform-engine-1.9.3.jar:1.9.3]
	at org.junit.platform.engine.support.hierarchical.NodeTestTask.lambda$executeRecursively$6(NodeTestTask.java:155) ~[junit-platform-engine-1.9.3.jar:1.9.3]
	at org.junit.platform.engine.support.hierarchical.ThrowableCollector.execute(ThrowableCollector.java:73) ~[junit-platform-engine-1.9.3.jar:1.9.3]
	at org.junit.platform.engine.support.hierarchical.NodeTestTask.lambda$executeRecursively$8(NodeTestTask.java:141) ~[junit-platform-engine-1.9.3.jar:1.9.3]
	at org.junit.platform.engine.support.hierarchical.Node.around(Node.java:137) ~[junit-platform-engine-1.9.3.jar:1.9.3]
	at org.junit.platform.engine.support.hierarchical.NodeTestTask.lambda$executeRecursively$9(NodeTestTask.java:139) ~[junit-platform-engine-1.9.3.jar:1.9.3]
	at org.junit.platform.engine.support.hierarchical.ThrowableCollector.execute(ThrowableCollector.java:73) ~[junit-platform-engine-1.9.3.jar:1.9.3]
	at org.junit.platform.engine.support.hierarchical.NodeTestTask.executeRecursively(NodeTestTask.java:138) ~[junit-platform-engine-1.9.3.jar:1.9.3]
	at org.junit.platform.engine.support.hierarchical.NodeTestTask.execute(NodeTestTask.java:95) ~[junit-platform-engine-1.9.3.jar:1.9.3]
	at java.base/java.util.ArrayList.forEach(ArrayList.java:1511) ~[na:na]
	at org.junit.platform.engine.support.hierarchical.SameThreadHierarchicalTestExecutorService.invokeAll(SameThreadHierarchicalTestExecutorService.java:41) ~[junit-platform-engine-1.9.3.jar:1.9.3]
	at org.junit.platform.engine.support.hierarchical.NodeTestTask.lambda$executeRecursively$6(NodeTestTask.java:155) ~[junit-platform-engine-1.9.3.jar:1.9.3]
	at org.junit.platform.engine.support.hierarchical.ThrowableCollector.execute(ThrowableCollector.java:73) ~[junit-platform-engine-1.9.3.jar:1.9.3]
	at org.junit.platform.engine.support.hierarchical.NodeTestTask.lambda$executeRecursively$8(NodeTestTask.java:141) ~[junit-platform-engine-1.9.3.jar:1.9.3]
	at org.junit.platform.engine.support.hierarchical.Node.around(Node.java:137) ~[junit-platform-engine-1.9.3.jar:1.9.3]
	at org.junit.platform.engine.support.hierarchical.NodeTestTask.lambda$executeRecursively$9(NodeTestTask.java:139) ~[junit-platform-engine-1.9.3.jar:1.9.3]
	at org.junit.platform.engine.support.hierarchical.ThrowableCollector.execute(ThrowableCollector.java:73) ~[junit-platform-engine-1.9.3.jar:1.9.3]
	at org.junit.platform.engine.support.hierarchical.NodeTestTask.executeRecursively(NodeTestTask.java:138) ~[junit-platform-engine-1.9.3.jar:1.9.3]
	at org.junit.platform.engine.support.hierarchical.NodeTestTask.execute(NodeTestTask.java:95) ~[junit-platform-engine-1.9.3.jar:1.9.3]
	at org.junit.platform.engine.support.hierarchical.SameThreadHierarchicalTestExecutorService.submit(SameThreadHierarchicalTestExecutorService.java:35) ~[junit-platform-engine-1.9.3.jar:1.9.3]
	at org.junit.platform.engine.support.hierarchical.HierarchicalTestExecutor.execute(HierarchicalTestExecutor.java:57) ~[junit-platform-engine-1.9.3.jar:1.9.3]
	at org.junit.platform.engine.support.hierarchical.HierarchicalTestEngine.execute(HierarchicalTestEngine.java:54) ~[junit-platform-engine-1.9.3.jar:1.9.3]
	at org.junit.platform.launcher.core.EngineExecutionOrchestrator.execute(EngineExecutionOrchestrator.java:147) ~[junit-platform-launcher-1.9.3.jar:1.9.3]
	at org.junit.platform.launcher.core.EngineExecutionOrchestrator.execute(EngineExecutionOrchestrator.java:127) ~[junit-platform-launcher-1.9.3.jar:1.9.3]
	at org.junit.platform.launcher.core.EngineExecutionOrchestrator.execute(EngineExecutionOrchestrator.java:90) ~[junit-platform-launcher-1.9.3.jar:1.9.3]
	at org.junit.platform.launcher.core.EngineExecutionOrchestrator.lambda$execute$0(EngineExecutionOrchestrator.java:55) ~[junit-platform-launcher-1.9.3.jar:1.9.3]
	at org.junit.platform.launcher.core.EngineExecutionOrchestrator.withInterceptedStreams(EngineExecutionOrchestrator.java:102) ~[junit-platform-launcher-1.9.3.jar:1.9.3]
	at org.junit.platform.launcher.core.EngineExecutionOrchestrator.execute(EngineExecutionOrchestrator.java:54) ~[junit-platform-launcher-1.9.3.jar:1.9.3]
	at org.junit.platform.launcher.core.DefaultLauncher.execute(DefaultLauncher.java:114) ~[junit-platform-launcher-1.9.3.jar:1.9.3]
	at org.junit.platform.launcher.core.DefaultLauncher.execute(DefaultLauncher.java:86) ~[junit-platform-launcher-1.9.3.jar:1.9.3]
	at org.junit.platform.launcher.core.DefaultLauncherSession$DelegatingLauncher.execute(DefaultLauncherSession.java:86) ~[junit-platform-launcher-1.9.3.jar:1.9.3]
	at org.apache.maven.surefire.junitplatform.LazyLauncher.execute(LazyLauncher.java:50) ~[surefire-junit-platform-3.0.0.jar:3.0.0]
	at org.apache.maven.surefire.junitplatform.JUnitPlatformProvider.execute(JUnitPlatformProvider.java:184) ~[surefire-junit-platform-3.0.0.jar:3.0.0]
	at org.apache.maven.surefire.junitplatform.JUnitPlatformProvider.invokeAllTests(JUnitPlatformProvider.java:148) ~[surefire-junit-platform-3.0.0.jar:3.0.0]
	at org.apache.maven.surefire.junitplatform.JUnitPlatformProvider.invoke(JUnitPlatformProvider.java:122) ~[surefire-junit-platform-3.0.0.jar:3.0.0]
	at org.apache.maven.surefire.booter.ForkedBooter.runSuitesInProcess(ForkedBooter.java:385) ~[surefire-booter-3.0.0.jar:3.0.0]
	at org.apache.maven.surefire.booter.ForkedBooter.execute(ForkedBooter.java:162) ~[surefire-booter-3.0.0.jar:3.0.0]
	at org.apache.maven.surefire.booter.ForkedBooter.run(ForkedBooter.java:507) ~[surefire-booter-3.0.0.jar:3.0.0]
	at org.apache.maven.surefire.booter.ForkedBooter.main(ForkedBooter.java:495) ~[surefire-booter-3.0.0.jar:3.0.0]

2023-12-19T12:10:37.147+01:00  INFO 15668 --- [| adminclient-2] org.apache.kafka.clients.NetworkClient   : [AdminClient clientId=adminclient-2] Node -1 disconnected.
2023-12-19T12:10:37.147+01:00  WARN 15668 --- [| adminclient-2] org.apache.kafka.clients.NetworkClient   : [AdminClient clientId=adminclient-2] Connection to node -1 (localhost/127.0.0.1:29092) could not be established. Broker may not be available.
2023-12-19T12:10:38.099+01:00  INFO 15668 --- [| adminclient-2] org.apache.kafka.clients.NetworkClient   : [AdminClient clientId=adminclient-2] Node -1 disconnected.
2023-12-19T12:10:38.099+01:00  WARN 15668 --- [| adminclient-2] org.apache.kafka.clients.NetworkClient   : [AdminClient clientId=adminclient-2] Connection to node -1 (localhost/127.0.0.1:29092) could not be established. Broker may not be available.
2023-12-19T12:10:39.069+01:00  INFO 15668 --- [| adminclient-2] org.apache.kafka.clients.NetworkClient   : [AdminClient clientId=adminclient-2] Node -1 disconnected.
2023-12-19T12:10:39.069+01:00  WARN 15668 --- [| adminclient-2] org.apache.kafka.clients.NetworkClient   : [AdminClient clientId=adminclient-2] Connection to node -1 (localhost/127.0.0.1:29092) could not be established. Broker may not be available.
2023-12-19T12:10:40.311+01:00  INFO 15668 --- [| adminclient-2] org.apache.kafka.clients.NetworkClient   : [AdminClient clientId=adminclient-2] Node -1 disconnected.
2023-12-19T12:10:40.311+01:00  WARN 15668 --- [| adminclient-2] org.apache.kafka.clients.NetworkClient   : [AdminClient clientId=adminclient-2] Connection to node -1 (localhost/127.0.0.1:29092) could not be established. Broker may not be available.
2023-12-19T12:10:41.411+01:00  INFO 15668 --- [| adminclient-2] org.apache.kafka.clients.NetworkClient   : [AdminClient clientId=adminclient-2] Node -1 disconnected.
2023-12-19T12:10:41.411+01:00  WARN 15668 --- [| adminclient-2] org.apache.kafka.clients.NetworkClient   : [AdminClient clientId=adminclient-2] Connection to node -1 (localhost/127.0.0.1:29092) could not be established. Broker may not be available.
2023-12-19T12:10:42.596+01:00  INFO 15668 --- [| adminclient-2] org.apache.kafka.clients.NetworkClient   : [AdminClient clientId=adminclient-2] Node -1 disconnected.
2023-12-19T12:10:42.597+01:00  WARN 15668 --- [| adminclient-2] org.apache.kafka.clients.NetworkClient   : [AdminClient clientId=adminclient-2] Connection to node -1 (localhost/127.0.0.1:29092) could not be established. Broker may not be available.
2023-12-19T12:10:43.571+01:00  INFO 15668 --- [| adminclient-2] org.apache.kafka.clients.NetworkClient   : [AdminClient clientId=adminclient-2] Node -1 disconnected.
2023-12-19T12:10:43.571+01:00  WARN 15668 --- [| adminclient-2] org.apache.kafka.clients.NetworkClient   : [AdminClient clientId=adminclient-2] Connection to node -1 (localhost/127.0.0.1:29092) could not be established. Broker may not be available.
2023-12-19T12:10:44.756+01:00  INFO 15668 --- [| adminclient-2] org.apache.kafka.clients.NetworkClient   : [AdminClient clientId=adminclient-2] Node -1 disconnected.
2023-12-19T12:10:44.756+01:00  WARN 15668 --- [| adminclient-2] org.apache.kafka.clients.NetworkClient   : [AdminClient clientId=adminclient-2] Connection to node -1 (localhost/127.0.0.1:29092) could not be established. Broker may not be available.
2023-12-19T12:10:45.954+01:00  INFO 15668 --- [| adminclient-2] org.apache.kafka.clients.NetworkClient   : [AdminClient clientId=adminclient-2] Node -1 disconnected.
2023-12-19T12:10:45.954+01:00  WARN 15668 --- [| adminclient-2] org.apache.kafka.clients.NetworkClient   : [AdminClient clientId=adminclient-2] Connection to node -1 (localhost/127.0.0.1:29092) could not be established. Broker may not be available.
2023-12-19T12:10:46.820+01:00  INFO 15668 --- [| adminclient-2] o.a.k.clients.admin.KafkaAdminClient     : [AdminClient clientId=adminclient-2] Forcing a hard I/O thread shutdown. Requests in progress will be aborted.
2023-12-19T12:10:46.820+01:00  INFO 15668 --- [| adminclient-2] o.a.kafka.common.utils.AppInfoParser     : App info kafka.admin.client for adminclient-2 unregistered
2023-12-19T12:10:46.820+01:00  INFO 15668 --- [| adminclient-2] o.a.k.c.a.i.AdminMetadataManager         : [AdminClient clientId=adminclient-2] Metadata update failed

org.apache.kafka.common.errors.TimeoutException: The AdminClient thread has exited. Call: fetchMetadata

2023-12-19T12:10:46.820+01:00  INFO 15668 --- [| adminclient-2] o.a.k.clients.admin.KafkaAdminClient     : [AdminClient clientId=adminclient-2] Timed out 2 remaining operation(s) during close.
2023-12-19T12:10:46.822+01:00  INFO 15668 --- [| adminclient-2] o.apache.kafka.common.metrics.Metrics    : Metrics scheduler closed
2023-12-19T12:10:46.822+01:00  INFO 15668 --- [| adminclient-2] o.apache.kafka.common.metrics.Metrics    : Closing reporter org.apache.kafka.common.metrics.JmxReporter
2023-12-19T12:10:46.822+01:00  INFO 15668 --- [| adminclient-2] o.apache.kafka.common.metrics.Metrics    : Metrics reporters closed
2023-12-19T12:10:46.828+01:00  INFO 15668 --- [           main] o.s.b.w.embedded.tomcat.TomcatWebServer  : Tomcat started on port(s): 51060 (http) with context path ''
2023-12-19T12:10:46.838+01:00  INFO 15668 --- [           main] c.e.P.ProjectControllerTests             : Started ProjectControllerTests in 41.455 seconds (process running for 93.951)
2023-12-19T12:10:47.049+01:00  WARN 15668 --- [           main] .w.s.m.s.DefaultHandlerExceptionResolver : Resolved [org.springframework.http.converter.HttpMessageNotReadableException: Required request body is missing: public org.springframework.http.ResponseEntity<java.util.List<com.example.ProjectService.Project.dtos.ProjectDto>> com.example.ProjectService.Project.ProjectController.GetAllProjectsFromOwner(com.example.ProjectService.Project.dtos.ProjectMemberDto)]
]]></system-out>
  </testcase>
  <testcase name="shouldNotCreateProjectAndThrowConflicted" classname="com.example.ProjectService.ProjectControllerTests" time="41.324">
    <system-out><![CDATA[2023-12-19T12:10:47.090+01:00  INFO 15668 --- [           main] o.apache.catalina.core.StandardService   : Stopping service [Tomcat]
2023-12-19T12:10:47.100+01:00  INFO 15668 --- [           main] j.LocalContainerEntityManagerFactoryBean : Closing JPA EntityManagerFactory for persistence unit 'default'
2023-12-19T12:10:47.100+01:00 DEBUG 15668 --- [           main] org.hibernate.SQL                        : drop table if exists project cascade 
2023-12-19T12:10:47.102+01:00 DEBUG 15668 --- [           main] org.hibernate.SQL                        : drop table if exists projectmember cascade 
2023-12-19T12:10:47.103+01:00 DEBUG 15668 --- [           main] org.hibernate.SQL                        : drop table if exists projectmembership cascade 
2023-12-19T12:10:47.104+01:00 DEBUG 15668 --- [           main] org.hibernate.SQL                        : drop table if exists projectrole cascade 
2023-12-19T12:10:47.106+01:00  INFO 15668 --- [           main] com.zaxxer.hikari.HikariDataSource       : HikariPool-2 - Shutdown initiated...
2023-12-19T12:10:47.107+01:00  INFO 15668 --- [           main] com.zaxxer.hikari.HikariDataSource       : HikariPool-2 - Shutdown completed.

  .   ____          _            __ _ _
 /\\ / ___'_ __ _ _(_)_ __  __ _ \ \ \ \
( ( )\___ | '_ | '_| | '_ \/ _` | \ \ \ \
 \\/  ___)| |_)| | | | | || (_| |  ) ) ) )
  '  |____| .__|_| |_|_| |_\__, | / / / /
 =========|_|==============|___/=/_/_/_/
 :: Spring Boot ::                (v3.1.5)

2023-12-19T12:10:47.155+01:00  INFO 15668 --- [           main] c.e.P.ProjectControllerTests             : Starting ProjectControllerTests using Java 17.0.8.1 with PID 15668 (started by mitch in D:\projecten\semester6individueel\ProjectService)
2023-12-19T12:10:47.155+01:00  INFO 15668 --- [           main] c.e.P.ProjectControllerTests             : The following 1 profile is active: "test"
2023-12-19T12:10:47.472+01:00  INFO 15668 --- [           main] .s.d.r.c.RepositoryConfigurationDelegate : Multiple Spring Data modules found, entering strict repository configuration mode
2023-12-19T12:10:47.472+01:00  INFO 15668 --- [           main] .s.d.r.c.RepositoryConfigurationDelegate : Bootstrapping Spring Data JPA repositories in DEFAULT mode.
2023-12-19T12:10:47.487+01:00  INFO 15668 --- [           main] .s.d.r.c.RepositoryConfigurationDelegate : Finished Spring Data repository scanning in 14 ms. Found 2 JPA repository interfaces.
2023-12-19T12:10:47.490+01:00  INFO 15668 --- [           main] .s.d.r.c.RepositoryConfigurationDelegate : Multiple Spring Data modules found, entering strict repository configuration mode
2023-12-19T12:10:47.490+01:00  INFO 15668 --- [           main] .s.d.r.c.RepositoryConfigurationDelegate : Bootstrapping Spring Data Redis repositories in DEFAULT mode.
2023-12-19T12:10:47.494+01:00  INFO 15668 --- [           main] .RepositoryConfigurationExtensionSupport : Spring Data Redis - Could not safely identify store assignment for repository candidate interface com.example.ProjectService.repositories.IAccountRepository; If you want this repository to be a Redis repository, consider annotating your entities with one of these annotations: org.springframework.data.redis.core.RedisHash (preferred), or consider extending one of the following types with your repository: org.springframework.data.keyvalue.repository.KeyValueRepository
2023-12-19T12:10:47.494+01:00  INFO 15668 --- [           main] .RepositoryConfigurationExtensionSupport : Spring Data Redis - Could not safely identify store assignment for repository candidate interface com.example.ProjectService.repositories.IProjectRepository; If you want this repository to be a Redis repository, consider annotating your entities with one of these annotations: org.springframework.data.redis.core.RedisHash (preferred), or consider extending one of the following types with your repository: org.springframework.data.keyvalue.repository.KeyValueRepository
2023-12-19T12:10:47.495+01:00  INFO 15668 --- [           main] .s.d.r.c.RepositoryConfigurationDelegate : Finished Spring Data repository scanning in 4 ms. Found 0 Redis repository interfaces.
2023-12-19T12:10:47.592+01:00  INFO 15668 --- [           main] o.s.b.w.embedded.tomcat.TomcatWebServer  : Tomcat initialized with port(s): 0 (http)
2023-12-19T12:10:47.592+01:00  INFO 15668 --- [           main] o.apache.catalina.core.StandardService   : Starting service [Tomcat]
2023-12-19T12:10:47.593+01:00  INFO 15668 --- [           main] o.apache.catalina.core.StandardEngine    : Starting Servlet engine: [Apache Tomcat/10.1.15]
2023-12-19T12:10:47.639+01:00  INFO 15668 --- [           main] o.a.c.c.C.[Tomcat].[localhost].[/]       : Initializing Spring embedded WebApplicationContext
2023-12-19T12:10:47.639+01:00  INFO 15668 --- [           main] w.s.c.ServletWebServerApplicationContext : Root WebApplicationContext: initialization completed in 481 ms
2023-12-19T12:10:47.716+01:00  INFO 15668 --- [           main] o.hibernate.jpa.internal.util.LogHelper  : HHH000204: Processing PersistenceUnitInfo [name: default]
2023-12-19T12:10:47.722+01:00  INFO 15668 --- [           main] o.s.o.j.p.SpringPersistenceUnitInfo      : No LoadTimeWeaver setup: ignoring JPA class transformer
2023-12-19T12:10:47.723+01:00  INFO 15668 --- [           main] com.zaxxer.hikari.HikariDataSource       : HikariPool-3 - Starting...
2023-12-19T12:10:47.724+01:00  INFO 15668 --- [           main] com.zaxxer.hikari.pool.HikariPool        : HikariPool-3 - Added connection conn20: url=jdbc:h2:mem:db user=SA
2023-12-19T12:10:47.724+01:00  INFO 15668 --- [           main] com.zaxxer.hikari.HikariDataSource       : HikariPool-3 - Start completed.
2023-12-19T12:10:47.724+01:00  WARN 15668 --- [           main] org.hibernate.orm.deprecation            : HHH90000025: H2Dialect does not need to be specified explicitly using 'hibernate.dialect' (remove the property setting and it will be selected by default)
2023-12-19T12:10:47.743+01:00  WARN 15668 --- [           main] org.hibernate.mapping.RootClass          : HHH000038: Composite-id class does not override equals(): com.example.ProjectService.JoinTable.ProjectMembership
2023-12-19T12:10:47.743+01:00  WARN 15668 --- [           main] org.hibernate.mapping.RootClass          : HHH000039: Composite-id class does not override hashCode(): com.example.ProjectService.JoinTable.ProjectMembership
2023-12-19T12:10:47.795+01:00  INFO 15668 --- [           main] o.h.e.t.j.p.i.JtaPlatformInitiator       : HHH000489: No JTA platform available (set 'hibernate.transaction.jta.platform' to enable JTA platform integration)
2023-12-19T12:10:47.795+01:00 DEBUG 15668 --- [           main] org.hibernate.SQL                        : drop table if exists project cascade 
2023-12-19T12:10:47.795+01:00 DEBUG 15668 --- [           main] org.hibernate.SQL                        : drop table if exists projectmember cascade 
2023-12-19T12:10:47.796+01:00 DEBUG 15668 --- [           main] org.hibernate.SQL                        : drop table if exists projectmembership cascade 
2023-12-19T12:10:47.796+01:00 DEBUG 15668 --- [           main] org.hibernate.SQL                        : drop table if exists projectrole cascade 
2023-12-19T12:10:47.796+01:00 DEBUG 15668 --- [           main] org.hibernate.SQL                        : create table project (createdat timestamp(6) not null, id bigint generated by default as identity, lastupdatedat timestamp(6) not null, owner_id bigint, projectname varchar(20) not null, projectdescription varchar(50) not null, primary key (id))
2023-12-19T12:10:47.797+01:00 DEBUG 15668 --- [           main] org.hibernate.SQL                        : create table projectmember (id bigint not null, email varchar(20) not null unique, primary key (id))
2023-12-19T12:10:47.798+01:00 DEBUG 15668 --- [           main] org.hibernate.SQL                        : create table projectmembership (joinedproject_id bigint not null, member_id bigint not null, role_id bigint not null, primary key (joinedproject_id, member_id, role_id))
2023-12-19T12:10:47.799+01:00 DEBUG 15668 --- [           main] org.hibernate.SQL                        : create table projectrole (id bigint generated by default as identity, name varchar(255) unique, primary key (id))
2023-12-19T12:10:47.800+01:00 DEBUG 15668 --- [           main] org.hibernate.SQL                        : alter table if exists project add constraint FKgela6raf25bsa6thxog5x8lkv foreign key (owner_id) references projectmember
2023-12-19T12:10:47.802+01:00 DEBUG 15668 --- [           main] org.hibernate.SQL                        : alter table if exists projectmembership add constraint FKr5hoxnh9k5nutty4hon93c6fe foreign key (joinedproject_id) references project
2023-12-19T12:10:47.804+01:00 DEBUG 15668 --- [           main] org.hibernate.SQL                        : alter table if exists projectmembership add constraint FKt45jjcbtrrsgom05jwu0fje4b foreign key (member_id) references projectmember
2023-12-19T12:10:47.805+01:00 DEBUG 15668 --- [           main] org.hibernate.SQL                        : alter table if exists projectmembership add constraint FKfnovlarbluovef58uneoi1li1 foreign key (role_id) references projectrole
2023-12-19T12:10:47.807+01:00  INFO 15668 --- [           main] j.LocalContainerEntityManagerFactoryBean : Initialized JPA EntityManagerFactory for persistence unit 'default'
2023-12-19T12:10:47.889+01:00  WARN 15668 --- [           main] JpaBaseConfiguration$JpaWebConfiguration : spring.jpa.open-in-view is enabled by default. Therefore, database queries may be performed during view rendering. Explicitly configure spring.jpa.open-in-view to disable this warning
2023-12-19T12:10:48.173+01:00  INFO 15668 --- [           main] o.a.c.c.C.[Tomcat].[localhost].[/]       : Initializing Spring TestDispatcherServlet ''
2023-12-19T12:10:48.174+01:00  INFO 15668 --- [           main] o.s.t.web.servlet.TestDispatcherServlet  : Initializing Servlet ''
2023-12-19T12:10:48.179+01:00  INFO 15668 --- [           main] o.s.b.a.e.web.EndpointLinksResolver      : Exposing 13 endpoint(s) beneath base path '/actuator'
2023-12-19T12:10:48.188+01:00  INFO 15668 --- [           main] o.s.t.web.servlet.TestDispatcherServlet  : Completed initialization in 14 ms
2023-12-19T12:10:48.200+01:00  INFO 15668 --- [           main] o.a.k.clients.admin.AdminClientConfig    : AdminClientConfig values: 
	auto.include.jmx.reporter = true
	bootstrap.servers = [localhost:29092]
	client.dns.lookup = use_all_dns_ips
	client.id = 
	connections.max.idle.ms = 300000
	default.api.timeout.ms = 60000
	metadata.max.age.ms = 300000
	metric.reporters = []
	metrics.num.samples = 2
	metrics.recording.level = INFO
	metrics.sample.window.ms = 30000
	receive.buffer.bytes = 65536
	reconnect.backoff.max.ms = 1000
	reconnect.backoff.ms = 50
	request.timeout.ms = 30000
	retries = 2147483647
	retry.backoff.ms = 100
	sasl.client.callback.handler.class = null
	sasl.jaas.config = null
	sasl.kerberos.kinit.cmd = /usr/bin/kinit
	sasl.kerberos.min.time.before.relogin = 60000
	sasl.kerberos.service.name = null
	sasl.kerberos.ticket.renew.jitter = 0.05
	sasl.kerberos.ticket.renew.window.factor = 0.8
	sasl.login.callback.handler.class = null
	sasl.login.class = null
	sasl.login.connect.timeout.ms = null
	sasl.login.read.timeout.ms = null
	sasl.login.refresh.buffer.seconds = 300
	sasl.login.refresh.min.period.seconds = 60
	sasl.login.refresh.window.factor = 0.8
	sasl.login.refresh.window.jitter = 0.05
	sasl.login.retry.backoff.max.ms = 10000
	sasl.login.retry.backoff.ms = 100
	sasl.mechanism = GSSAPI
	sasl.oauthbearer.clock.skew.seconds = 30
	sasl.oauthbearer.expected.audience = null
	sasl.oauthbearer.expected.issuer = null
	sasl.oauthbearer.jwks.endpoint.refresh.ms = 3600000
	sasl.oauthbearer.jwks.endpoint.retry.backoff.max.ms = 10000
	sasl.oauthbearer.jwks.endpoint.retry.backoff.ms = 100
	sasl.oauthbearer.jwks.endpoint.url = null
	sasl.oauthbearer.scope.claim.name = scope
	sasl.oauthbearer.sub.claim.name = sub
	sasl.oauthbearer.token.endpoint.url = null
	security.protocol = PLAINTEXT
	security.providers = null
	send.buffer.bytes = 131072
	socket.connection.setup.timeout.max.ms = 30000
	socket.connection.setup.timeout.ms = 10000
	ssl.cipher.suites = null
	ssl.enabled.protocols = [TLSv1.2, TLSv1.3]
	ssl.endpoint.identification.algorithm = https
	ssl.engine.factory.class = null
	ssl.key.password = null
	ssl.keymanager.algorithm = SunX509
	ssl.keystore.certificate.chain = null
	ssl.keystore.key = null
	ssl.keystore.location = null
	ssl.keystore.password = null
	ssl.keystore.type = JKS
	ssl.protocol = TLSv1.3
	ssl.provider = null
	ssl.secure.random.implementation = null
	ssl.trustmanager.algorithm = PKIX
	ssl.truststore.certificates = null
	ssl.truststore.location = null
	ssl.truststore.password = null
	ssl.truststore.type = JKS

2023-12-19T12:10:48.206+01:00  INFO 15668 --- [           main] o.a.kafka.common.utils.AppInfoParser     : Kafka version: 3.4.1
2023-12-19T12:10:48.207+01:00  INFO 15668 --- [           main] o.a.kafka.common.utils.AppInfoParser     : Kafka commitId: 8a516edc2755df89
2023-12-19T12:10:48.207+01:00  INFO 15668 --- [           main] o.a.kafka.common.utils.AppInfoParser     : Kafka startTimeMs: 1702984248206
2023-12-19T12:10:48.209+01:00  INFO 15668 --- [| adminclient-3] org.apache.kafka.clients.NetworkClient   : [AdminClient clientId=adminclient-3] Node -1 disconnected.
2023-12-19T12:10:48.209+01:00  WARN 15668 --- [| adminclient-3] org.apache.kafka.clients.NetworkClient   : [AdminClient clientId=adminclient-3] Connection to node -1 (localhost/127.0.0.1:29092) could not be established. Broker may not be available.
2023-12-19T12:10:48.323+01:00  INFO 15668 --- [| adminclient-3] org.apache.kafka.clients.NetworkClient   : [AdminClient clientId=adminclient-3] Node -1 disconnected.
2023-12-19T12:10:48.323+01:00  WARN 15668 --- [| adminclient-3] org.apache.kafka.clients.NetworkClient   : [AdminClient clientId=adminclient-3] Connection to node -1 (localhost/127.0.0.1:29092) could not be established. Broker may not be available.
2023-12-19T12:10:48.430+01:00  INFO 15668 --- [| adminclient-3] org.apache.kafka.clients.NetworkClient   : [AdminClient clientId=adminclient-3] Node -1 disconnected.
2023-12-19T12:10:48.430+01:00  WARN 15668 --- [| adminclient-3] org.apache.kafka.clients.NetworkClient   : [AdminClient clientId=adminclient-3] Connection to node -1 (localhost/127.0.0.1:29092) could not be established. Broker may not be available.
2023-12-19T12:10:48.755+01:00  INFO 15668 --- [| adminclient-3] org.apache.kafka.clients.NetworkClient   : [AdminClient clientId=adminclient-3] Node -1 disconnected.
2023-12-19T12:10:48.756+01:00  WARN 15668 --- [| adminclient-3] org.apache.kafka.clients.NetworkClient   : [AdminClient clientId=adminclient-3] Connection to node -1 (localhost/127.0.0.1:29092) could not be established. Broker may not be available.
2023-12-19T12:10:49.175+01:00  INFO 15668 --- [| adminclient-3] org.apache.kafka.clients.NetworkClient   : [AdminClient clientId=adminclient-3] Node -1 disconnected.
2023-12-19T12:10:49.175+01:00  WARN 15668 --- [| adminclient-3] org.apache.kafka.clients.NetworkClient   : [AdminClient clientId=adminclient-3] Connection to node -1 (localhost/127.0.0.1:29092) could not be established. Broker may not be available.
2023-12-19T12:10:50.044+01:00  INFO 15668 --- [| adminclient-3] org.apache.kafka.clients.NetworkClient   : [AdminClient clientId=adminclient-3] Node -1 disconnected.
2023-12-19T12:10:50.044+01:00  WARN 15668 --- [| adminclient-3] org.apache.kafka.clients.NetworkClient   : [AdminClient clientId=adminclient-3] Connection to node -1 (localhost/127.0.0.1:29092) could not be established. Broker may not be available.
2023-12-19T12:10:51.223+01:00  INFO 15668 --- [| adminclient-3] org.apache.kafka.clients.NetworkClient   : [AdminClient clientId=adminclient-3] Node -1 disconnected.
2023-12-19T12:10:51.223+01:00  WARN 15668 --- [| adminclient-3] org.apache.kafka.clients.NetworkClient   : [AdminClient clientId=adminclient-3] Connection to node -1 (localhost/127.0.0.1:29092) could not be established. Broker may not be available.
2023-12-19T12:10:52.374+01:00  INFO 15668 --- [| adminclient-3] org.apache.kafka.clients.NetworkClient   : [AdminClient clientId=adminclient-3] Node -1 disconnected.
2023-12-19T12:10:52.374+01:00  WARN 15668 --- [| adminclient-3] org.apache.kafka.clients.NetworkClient   : [AdminClient clientId=adminclient-3] Connection to node -1 (localhost/127.0.0.1:29092) could not be established. Broker may not be available.
2023-12-19T12:10:53.240+01:00  INFO 15668 --- [| adminclient-3] org.apache.kafka.clients.NetworkClient   : [AdminClient clientId=adminclient-3] Node -1 disconnected.
2023-12-19T12:10:53.240+01:00  WARN 15668 --- [| adminclient-3] org.apache.kafka.clients.NetworkClient   : [AdminClient clientId=adminclient-3] Connection to node -1 (localhost/127.0.0.1:29092) could not be established. Broker may not be available.
2023-12-19T12:10:54.094+01:00  INFO 15668 --- [| adminclient-3] org.apache.kafka.clients.NetworkClient   : [AdminClient clientId=adminclient-3] Node -1 disconnected.
2023-12-19T12:10:54.094+01:00  WARN 15668 --- [| adminclient-3] org.apache.kafka.clients.NetworkClient   : [AdminClient clientId=adminclient-3] Connection to node -1 (localhost/127.0.0.1:29092) could not be established. Broker may not be available.
2023-12-19T12:10:55.286+01:00  INFO 15668 --- [| adminclient-3] org.apache.kafka.clients.NetworkClient   : [AdminClient clientId=adminclient-3] Node -1 disconnected.
2023-12-19T12:10:55.286+01:00  WARN 15668 --- [| adminclient-3] org.apache.kafka.clients.NetworkClient   : [AdminClient clientId=adminclient-3] Connection to node -1 (localhost/127.0.0.1:29092) could not be established. Broker may not be available.
2023-12-19T12:10:56.487+01:00  INFO 15668 --- [| adminclient-3] org.apache.kafka.clients.NetworkClient   : [AdminClient clientId=adminclient-3] Node -1 disconnected.
2023-12-19T12:10:56.487+01:00  WARN 15668 --- [| adminclient-3] org.apache.kafka.clients.NetworkClient   : [AdminClient clientId=adminclient-3] Connection to node -1 (localhost/127.0.0.1:29092) could not be established. Broker may not be available.
2023-12-19T12:10:57.672+01:00  INFO 15668 --- [| adminclient-3] org.apache.kafka.clients.NetworkClient   : [AdminClient clientId=adminclient-3] Node -1 disconnected.
2023-12-19T12:10:57.672+01:00  WARN 15668 --- [| adminclient-3] org.apache.kafka.clients.NetworkClient   : [AdminClient clientId=adminclient-3] Connection to node -1 (localhost/127.0.0.1:29092) could not be established. Broker may not be available.
2023-12-19T12:10:58.619+01:00  INFO 15668 --- [| adminclient-3] org.apache.kafka.clients.NetworkClient   : [AdminClient clientId=adminclient-3] Node -1 disconnected.
2023-12-19T12:10:58.619+01:00  WARN 15668 --- [| adminclient-3] org.apache.kafka.clients.NetworkClient   : [AdminClient clientId=adminclient-3] Connection to node -1 (localhost/127.0.0.1:29092) could not be established. Broker may not be available.
2023-12-19T12:10:59.694+01:00  INFO 15668 --- [| adminclient-3] org.apache.kafka.clients.NetworkClient   : [AdminClient clientId=adminclient-3] Node -1 disconnected.
2023-12-19T12:10:59.694+01:00  WARN 15668 --- [| adminclient-3] org.apache.kafka.clients.NetworkClient   : [AdminClient clientId=adminclient-3] Connection to node -1 (localhost/127.0.0.1:29092) could not be established. Broker may not be available.
2023-12-19T12:11:00.886+01:00  INFO 15668 --- [| adminclient-3] org.apache.kafka.clients.NetworkClient   : [AdminClient clientId=adminclient-3] Node -1 disconnected.
2023-12-19T12:11:00.886+01:00  WARN 15668 --- [| adminclient-3] org.apache.kafka.clients.NetworkClient   : [AdminClient clientId=adminclient-3] Connection to node -1 (localhost/127.0.0.1:29092) could not be established. Broker may not be available.
2023-12-19T12:11:01.974+01:00  INFO 15668 --- [| adminclient-3] org.apache.kafka.clients.NetworkClient   : [AdminClient clientId=adminclient-3] Node -1 disconnected.
2023-12-19T12:11:01.974+01:00  WARN 15668 --- [| adminclient-3] org.apache.kafka.clients.NetworkClient   : [AdminClient clientId=adminclient-3] Connection to node -1 (localhost/127.0.0.1:29092) could not be established. Broker may not be available.
2023-12-19T12:11:03.165+01:00  INFO 15668 --- [| adminclient-3] org.apache.kafka.clients.NetworkClient   : [AdminClient clientId=adminclient-3] Node -1 disconnected.
2023-12-19T12:11:03.165+01:00  WARN 15668 --- [| adminclient-3] org.apache.kafka.clients.NetworkClient   : [AdminClient clientId=adminclient-3] Connection to node -1 (localhost/127.0.0.1:29092) could not be established. Broker may not be available.
2023-12-19T12:11:04.139+01:00  INFO 15668 --- [| adminclient-3] org.apache.kafka.clients.NetworkClient   : [AdminClient clientId=adminclient-3] Node -1 disconnected.
2023-12-19T12:11:04.139+01:00  WARN 15668 --- [| adminclient-3] org.apache.kafka.clients.NetworkClient   : [AdminClient clientId=adminclient-3] Connection to node -1 (localhost/127.0.0.1:29092) could not be established. Broker may not be available.
2023-12-19T12:11:04.991+01:00  INFO 15668 --- [| adminclient-3] org.apache.kafka.clients.NetworkClient   : [AdminClient clientId=adminclient-3] Node -1 disconnected.
2023-12-19T12:11:04.997+01:00  WARN 15668 --- [| adminclient-3] org.apache.kafka.clients.NetworkClient   : [AdminClient clientId=adminclient-3] Connection to node -1 (localhost/127.0.0.1:29092) could not be established. Broker may not be available.
2023-12-19T12:11:06.189+01:00  INFO 15668 --- [| adminclient-3] org.apache.kafka.clients.NetworkClient   : [AdminClient clientId=adminclient-3] Node -1 disconnected.
2023-12-19T12:11:06.189+01:00  WARN 15668 --- [| adminclient-3] org.apache.kafka.clients.NetworkClient   : [AdminClient clientId=adminclient-3] Connection to node -1 (localhost/127.0.0.1:29092) could not be established. Broker may not be available.
2023-12-19T12:11:07.060+01:00  INFO 15668 --- [| adminclient-3] org.apache.kafka.clients.NetworkClient   : [AdminClient clientId=adminclient-3] Node -1 disconnected.
2023-12-19T12:11:07.060+01:00  WARN 15668 --- [| adminclient-3] org.apache.kafka.clients.NetworkClient   : [AdminClient clientId=adminclient-3] Connection to node -1 (localhost/127.0.0.1:29092) could not be established. Broker may not be available.
2023-12-19T12:11:08.036+01:00  INFO 15668 --- [| adminclient-3] org.apache.kafka.clients.NetworkClient   : [AdminClient clientId=adminclient-3] Node -1 disconnected.
2023-12-19T12:11:08.036+01:00  WARN 15668 --- [| adminclient-3] org.apache.kafka.clients.NetworkClient   : [AdminClient clientId=adminclient-3] Connection to node -1 (localhost/127.0.0.1:29092) could not be established. Broker may not be available.
2023-12-19T12:11:09.211+01:00  INFO 15668 --- [| adminclient-3] org.apache.kafka.clients.NetworkClient   : [AdminClient clientId=adminclient-3] Node -1 disconnected.
2023-12-19T12:11:09.211+01:00  WARN 15668 --- [| adminclient-3] org.apache.kafka.clients.NetworkClient   : [AdminClient clientId=adminclient-3] Connection to node -1 (localhost/127.0.0.1:29092) could not be established. Broker may not be available.
2023-12-19T12:11:10.403+01:00  INFO 15668 --- [| adminclient-3] org.apache.kafka.clients.NetworkClient   : [AdminClient clientId=adminclient-3] Node -1 disconnected.
2023-12-19T12:11:10.403+01:00  WARN 15668 --- [| adminclient-3] org.apache.kafka.clients.NetworkClient   : [AdminClient clientId=adminclient-3] Connection to node -1 (localhost/127.0.0.1:29092) could not be established. Broker may not be available.
2023-12-19T12:11:11.571+01:00  INFO 15668 --- [| adminclient-3] org.apache.kafka.clients.NetworkClient   : [AdminClient clientId=adminclient-3] Node -1 disconnected.
2023-12-19T12:11:11.572+01:00  WARN 15668 --- [| adminclient-3] org.apache.kafka.clients.NetworkClient   : [AdminClient clientId=adminclient-3] Connection to node -1 (localhost/127.0.0.1:29092) could not be established. Broker may not be available.
2023-12-19T12:11:12.761+01:00  INFO 15668 --- [| adminclient-3] org.apache.kafka.clients.NetworkClient   : [AdminClient clientId=adminclient-3] Node -1 disconnected.
2023-12-19T12:11:12.761+01:00  WARN 15668 --- [| adminclient-3] org.apache.kafka.clients.NetworkClient   : [AdminClient clientId=adminclient-3] Connection to node -1 (localhost/127.0.0.1:29092) could not be established. Broker may not be available.
2023-12-19T12:11:13.821+01:00  INFO 15668 --- [| adminclient-3] org.apache.kafka.clients.NetworkClient   : [AdminClient clientId=adminclient-3] Node -1 disconnected.
2023-12-19T12:11:13.821+01:00  WARN 15668 --- [| adminclient-3] org.apache.kafka.clients.NetworkClient   : [AdminClient clientId=adminclient-3] Connection to node -1 (localhost/127.0.0.1:29092) could not be established. Broker may not be available.
2023-12-19T12:11:14.793+01:00  INFO 15668 --- [| adminclient-3] org.apache.kafka.clients.NetworkClient   : [AdminClient clientId=adminclient-3] Node -1 disconnected.
2023-12-19T12:11:14.793+01:00  WARN 15668 --- [| adminclient-3] org.apache.kafka.clients.NetworkClient   : [AdminClient clientId=adminclient-3] Connection to node -1 (localhost/127.0.0.1:29092) could not be established. Broker may not be available.
2023-12-19T12:11:15.974+01:00  INFO 15668 --- [| adminclient-3] org.apache.kafka.clients.NetworkClient   : [AdminClient clientId=adminclient-3] Node -1 disconnected.
2023-12-19T12:11:15.974+01:00  WARN 15668 --- [| adminclient-3] org.apache.kafka.clients.NetworkClient   : [AdminClient clientId=adminclient-3] Connection to node -1 (localhost/127.0.0.1:29092) could not be established. Broker may not be available.
2023-12-19T12:11:16.950+01:00  INFO 15668 --- [| adminclient-3] org.apache.kafka.clients.NetworkClient   : [AdminClient clientId=adminclient-3] Node -1 disconnected.
2023-12-19T12:11:16.950+01:00  WARN 15668 --- [| adminclient-3] org.apache.kafka.clients.NetworkClient   : [AdminClient clientId=adminclient-3] Connection to node -1 (localhost/127.0.0.1:29092) could not be established. Broker may not be available.
2023-12-19T12:11:18.040+01:00  INFO 15668 --- [| adminclient-3] org.apache.kafka.clients.NetworkClient   : [AdminClient clientId=adminclient-3] Node -1 disconnected.
2023-12-19T12:11:18.040+01:00  WARN 15668 --- [| adminclient-3] org.apache.kafka.clients.NetworkClient   : [AdminClient clientId=adminclient-3] Connection to node -1 (localhost/127.0.0.1:29092) could not be established. Broker may not be available.
2023-12-19T12:11:18.208+01:00  INFO 15668 --- [| adminclient-3] o.a.k.c.a.i.AdminMetadataManager         : [AdminClient clientId=adminclient-3] Metadata update failed

org.apache.kafka.common.errors.TimeoutException: Timed out waiting for a node assignment. Call: fetchMetadata

2023-12-19T12:11:18.208+01:00 ERROR 15668 --- [           main] o.springframework.kafka.core.KafkaAdmin  : Could not configure topics

java.util.concurrent.TimeoutException: null
	at java.base/java.util.concurrent.CompletableFuture.timedGet(CompletableFuture.java:1960) ~[na:na]
	at java.base/java.util.concurrent.CompletableFuture.get(CompletableFuture.java:2095) ~[na:na]
	at org.apache.kafka.common.internals.KafkaFutureImpl.get(KafkaFutureImpl.java:180) ~[kafka-clients-3.4.1.jar:na]
	at org.springframework.kafka.core.KafkaAdmin.initialize(KafkaAdmin.java:243) ~[spring-kafka-3.0.12.jar:3.0.12]
	at org.springframework.kafka.core.KafkaAdmin.afterSingletonsInstantiated(KafkaAdmin.java:212) ~[spring-kafka-3.0.12.jar:3.0.12]
	at org.springframework.beans.factory.support.DefaultListableBeanFactory.preInstantiateSingletons(DefaultListableBeanFactory.java:984) ~[spring-beans-6.0.13.jar:6.0.13]
	at org.springframework.context.support.AbstractApplicationContext.finishBeanFactoryInitialization(AbstractApplicationContext.java:950) ~[spring-context-6.0.13.jar:6.0.13]
	at org.springframework.context.support.AbstractApplicationContext.refresh(AbstractApplicationContext.java:616) ~[spring-context-6.0.13.jar:6.0.13]
	at org.springframework.boot.web.servlet.context.ServletWebServerApplicationContext.refresh(ServletWebServerApplicationContext.java:146) ~[spring-boot-3.1.5.jar:3.1.5]
	at org.springframework.boot.SpringApplication.refresh(SpringApplication.java:738) ~[spring-boot-3.1.5.jar:3.1.5]
	at org.springframework.boot.SpringApplication.refreshContext(SpringApplication.java:440) ~[spring-boot-3.1.5.jar:3.1.5]
	at org.springframework.boot.SpringApplication.run(SpringApplication.java:316) ~[spring-boot-3.1.5.jar:3.1.5]
	at org.springframework.boot.test.context.SpringBootContextLoader.lambda$loadContext$3(SpringBootContextLoader.java:137) ~[spring-boot-test-3.1.5.jar:3.1.5]
	at org.springframework.util.function.ThrowingSupplier.get(ThrowingSupplier.java:58) ~[spring-core-6.0.13.jar:6.0.13]
	at org.springframework.util.function.ThrowingSupplier.get(ThrowingSupplier.java:46) ~[spring-core-6.0.13.jar:6.0.13]
	at org.springframework.boot.SpringApplication.withHook(SpringApplication.java:1406) ~[spring-boot-3.1.5.jar:3.1.5]
	at org.springframework.boot.test.context.SpringBootContextLoader$ContextLoaderHook.run(SpringBootContextLoader.java:545) ~[spring-boot-test-3.1.5.jar:3.1.5]
	at org.springframework.boot.test.context.SpringBootContextLoader.loadContext(SpringBootContextLoader.java:137) ~[spring-boot-test-3.1.5.jar:3.1.5]
	at org.springframework.boot.test.context.SpringBootContextLoader.loadContext(SpringBootContextLoader.java:108) ~[spring-boot-test-3.1.5.jar:3.1.5]
	at org.springframework.test.context.cache.DefaultCacheAwareContextLoaderDelegate.loadContextInternal(DefaultCacheAwareContextLoaderDelegate.java:187) ~[spring-test-6.0.13.jar:6.0.13]
	at org.springframework.test.context.cache.DefaultCacheAwareContextLoaderDelegate.loadContext(DefaultCacheAwareContextLoaderDelegate.java:119) ~[spring-test-6.0.13.jar:6.0.13]
	at org.springframework.test.context.support.DefaultTestContext.getApplicationContext(DefaultTestContext.java:127) ~[spring-test-6.0.13.jar:6.0.13]
	at org.springframework.boot.test.mock.mockito.MockitoTestExecutionListener.postProcessFields(MockitoTestExecutionListener.java:110) ~[spring-boot-test-3.1.5.jar:3.1.5]
	at org.springframework.boot.test.mock.mockito.MockitoTestExecutionListener.reinjectFields(MockitoTestExecutionListener.java:99) ~[spring-boot-test-3.1.5.jar:3.1.5]
	at org.springframework.boot.test.mock.mockito.MockitoTestExecutionListener.beforeTestMethod(MockitoTestExecutionListener.java:69) ~[spring-boot-test-3.1.5.jar:3.1.5]
	at org.springframework.test.context.TestContextManager.beforeTestMethod(TestContextManager.java:288) ~[spring-test-6.0.13.jar:6.0.13]
	at org.springframework.test.context.junit.jupiter.SpringExtension.beforeEach(SpringExtension.java:174) ~[spring-test-6.0.13.jar:6.0.13]
	at org.junit.jupiter.engine.descriptor.TestMethodTestDescriptor.lambda$invokeBeforeEachCallbacks$2(TestMethodTestDescriptor.java:166) ~[junit-jupiter-engine-5.9.3.jar:5.9.3]
	at org.junit.jupiter.engine.descriptor.TestMethodTestDescriptor.lambda$invokeBeforeMethodsOrCallbacksUntilExceptionOccurs$6(TestMethodTestDescriptor.java:202) ~[junit-jupiter-engine-5.9.3.jar:5.9.3]
	at org.junit.platform.engine.support.hierarchical.ThrowableCollector.execute(ThrowableCollector.java:73) ~[junit-platform-engine-1.9.3.jar:1.9.3]
	at org.junit.jupiter.engine.descriptor.TestMethodTestDescriptor.invokeBeforeMethodsOrCallbacksUntilExceptionOccurs(TestMethodTestDescriptor.java:202) ~[junit-jupiter-engine-5.9.3.jar:5.9.3]
	at org.junit.jupiter.engine.descriptor.TestMethodTestDescriptor.invokeBeforeEachCallbacks(TestMethodTestDescriptor.java:165) ~[junit-jupiter-engine-5.9.3.jar:5.9.3]
	at org.junit.jupiter.engine.descriptor.TestMethodTestDescriptor.execute(TestMethodTestDescriptor.java:132) ~[junit-jupiter-engine-5.9.3.jar:5.9.3]
	at org.junit.jupiter.engine.descriptor.TestMethodTestDescriptor.execute(TestMethodTestDescriptor.java:68) ~[junit-jupiter-engine-5.9.3.jar:5.9.3]
	at org.junit.platform.engine.support.hierarchical.NodeTestTask.lambda$executeRecursively$6(NodeTestTask.java:151) ~[junit-platform-engine-1.9.3.jar:1.9.3]
	at org.junit.platform.engine.support.hierarchical.ThrowableCollector.execute(ThrowableCollector.java:73) ~[junit-platform-engine-1.9.3.jar:1.9.3]
	at org.junit.platform.engine.support.hierarchical.NodeTestTask.lambda$executeRecursively$8(NodeTestTask.java:141) ~[junit-platform-engine-1.9.3.jar:1.9.3]
	at org.junit.platform.engine.support.hierarchical.Node.around(Node.java:137) ~[junit-platform-engine-1.9.3.jar:1.9.3]
	at org.junit.platform.engine.support.hierarchical.NodeTestTask.lambda$executeRecursively$9(NodeTestTask.java:139) ~[junit-platform-engine-1.9.3.jar:1.9.3]
	at org.junit.platform.engine.support.hierarchical.ThrowableCollector.execute(ThrowableCollector.java:73) ~[junit-platform-engine-1.9.3.jar:1.9.3]
	at org.junit.platform.engine.support.hierarchical.NodeTestTask.executeRecursively(NodeTestTask.java:138) ~[junit-platform-engine-1.9.3.jar:1.9.3]
	at org.junit.platform.engine.support.hierarchical.NodeTestTask.execute(NodeTestTask.java:95) ~[junit-platform-engine-1.9.3.jar:1.9.3]
	at java.base/java.util.ArrayList.forEach(ArrayList.java:1511) ~[na:na]
	at org.junit.platform.engine.support.hierarchical.SameThreadHierarchicalTestExecutorService.invokeAll(SameThreadHierarchicalTestExecutorService.java:41) ~[junit-platform-engine-1.9.3.jar:1.9.3]
	at org.junit.platform.engine.support.hierarchical.NodeTestTask.lambda$executeRecursively$6(NodeTestTask.java:155) ~[junit-platform-engine-1.9.3.jar:1.9.3]
	at org.junit.platform.engine.support.hierarchical.ThrowableCollector.execute(ThrowableCollector.java:73) ~[junit-platform-engine-1.9.3.jar:1.9.3]
	at org.junit.platform.engine.support.hierarchical.NodeTestTask.lambda$executeRecursively$8(NodeTestTask.java:141) ~[junit-platform-engine-1.9.3.jar:1.9.3]
	at org.junit.platform.engine.support.hierarchical.Node.around(Node.java:137) ~[junit-platform-engine-1.9.3.jar:1.9.3]
	at org.junit.platform.engine.support.hierarchical.NodeTestTask.lambda$executeRecursively$9(NodeTestTask.java:139) ~[junit-platform-engine-1.9.3.jar:1.9.3]
	at org.junit.platform.engine.support.hierarchical.ThrowableCollector.execute(ThrowableCollector.java:73) ~[junit-platform-engine-1.9.3.jar:1.9.3]
	at org.junit.platform.engine.support.hierarchical.NodeTestTask.executeRecursively(NodeTestTask.java:138) ~[junit-platform-engine-1.9.3.jar:1.9.3]
	at org.junit.platform.engine.support.hierarchical.NodeTestTask.execute(NodeTestTask.java:95) ~[junit-platform-engine-1.9.3.jar:1.9.3]
	at java.base/java.util.ArrayList.forEach(ArrayList.java:1511) ~[na:na]
	at org.junit.platform.engine.support.hierarchical.SameThreadHierarchicalTestExecutorService.invokeAll(SameThreadHierarchicalTestExecutorService.java:41) ~[junit-platform-engine-1.9.3.jar:1.9.3]
	at org.junit.platform.engine.support.hierarchical.NodeTestTask.lambda$executeRecursively$6(NodeTestTask.java:155) ~[junit-platform-engine-1.9.3.jar:1.9.3]
	at org.junit.platform.engine.support.hierarchical.ThrowableCollector.execute(ThrowableCollector.java:73) ~[junit-platform-engine-1.9.3.jar:1.9.3]
	at org.junit.platform.engine.support.hierarchical.NodeTestTask.lambda$executeRecursively$8(NodeTestTask.java:141) ~[junit-platform-engine-1.9.3.jar:1.9.3]
	at org.junit.platform.engine.support.hierarchical.Node.around(Node.java:137) ~[junit-platform-engine-1.9.3.jar:1.9.3]
	at org.junit.platform.engine.support.hierarchical.NodeTestTask.lambda$executeRecursively$9(NodeTestTask.java:139) ~[junit-platform-engine-1.9.3.jar:1.9.3]
	at org.junit.platform.engine.support.hierarchical.ThrowableCollector.execute(ThrowableCollector.java:73) ~[junit-platform-engine-1.9.3.jar:1.9.3]
	at org.junit.platform.engine.support.hierarchical.NodeTestTask.executeRecursively(NodeTestTask.java:138) ~[junit-platform-engine-1.9.3.jar:1.9.3]
	at org.junit.platform.engine.support.hierarchical.NodeTestTask.execute(NodeTestTask.java:95) ~[junit-platform-engine-1.9.3.jar:1.9.3]
	at org.junit.platform.engine.support.hierarchical.SameThreadHierarchicalTestExecutorService.submit(SameThreadHierarchicalTestExecutorService.java:35) ~[junit-platform-engine-1.9.3.jar:1.9.3]
	at org.junit.platform.engine.support.hierarchical.HierarchicalTestExecutor.execute(HierarchicalTestExecutor.java:57) ~[junit-platform-engine-1.9.3.jar:1.9.3]
	at org.junit.platform.engine.support.hierarchical.HierarchicalTestEngine.execute(HierarchicalTestEngine.java:54) ~[junit-platform-engine-1.9.3.jar:1.9.3]
	at org.junit.platform.launcher.core.EngineExecutionOrchestrator.execute(EngineExecutionOrchestrator.java:147) ~[junit-platform-launcher-1.9.3.jar:1.9.3]
	at org.junit.platform.launcher.core.EngineExecutionOrchestrator.execute(EngineExecutionOrchestrator.java:127) ~[junit-platform-launcher-1.9.3.jar:1.9.3]
	at org.junit.platform.launcher.core.EngineExecutionOrchestrator.execute(EngineExecutionOrchestrator.java:90) ~[junit-platform-launcher-1.9.3.jar:1.9.3]
	at org.junit.platform.launcher.core.EngineExecutionOrchestrator.lambda$execute$0(EngineExecutionOrchestrator.java:55) ~[junit-platform-launcher-1.9.3.jar:1.9.3]
	at org.junit.platform.launcher.core.EngineExecutionOrchestrator.withInterceptedStreams(EngineExecutionOrchestrator.java:102) ~[junit-platform-launcher-1.9.3.jar:1.9.3]
	at org.junit.platform.launcher.core.EngineExecutionOrchestrator.execute(EngineExecutionOrchestrator.java:54) ~[junit-platform-launcher-1.9.3.jar:1.9.3]
	at org.junit.platform.launcher.core.DefaultLauncher.execute(DefaultLauncher.java:114) ~[junit-platform-launcher-1.9.3.jar:1.9.3]
	at org.junit.platform.launcher.core.DefaultLauncher.execute(DefaultLauncher.java:86) ~[junit-platform-launcher-1.9.3.jar:1.9.3]
	at org.junit.platform.launcher.core.DefaultLauncherSession$DelegatingLauncher.execute(DefaultLauncherSession.java:86) ~[junit-platform-launcher-1.9.3.jar:1.9.3]
	at org.apache.maven.surefire.junitplatform.LazyLauncher.execute(LazyLauncher.java:50) ~[surefire-junit-platform-3.0.0.jar:3.0.0]
	at org.apache.maven.surefire.junitplatform.JUnitPlatformProvider.execute(JUnitPlatformProvider.java:184) ~[surefire-junit-platform-3.0.0.jar:3.0.0]
	at org.apache.maven.surefire.junitplatform.JUnitPlatformProvider.invokeAllTests(JUnitPlatformProvider.java:148) ~[surefire-junit-platform-3.0.0.jar:3.0.0]
	at org.apache.maven.surefire.junitplatform.JUnitPlatformProvider.invoke(JUnitPlatformProvider.java:122) ~[surefire-junit-platform-3.0.0.jar:3.0.0]
	at org.apache.maven.surefire.booter.ForkedBooter.runSuitesInProcess(ForkedBooter.java:385) ~[surefire-booter-3.0.0.jar:3.0.0]
	at org.apache.maven.surefire.booter.ForkedBooter.execute(ForkedBooter.java:162) ~[surefire-booter-3.0.0.jar:3.0.0]
	at org.apache.maven.surefire.booter.ForkedBooter.run(ForkedBooter.java:507) ~[surefire-booter-3.0.0.jar:3.0.0]
	at org.apache.maven.surefire.booter.ForkedBooter.main(ForkedBooter.java:495) ~[surefire-booter-3.0.0.jar:3.0.0]

2023-12-19T12:11:19.285+01:00  INFO 15668 --- [| adminclient-3] org.apache.kafka.clients.NetworkClient   : [AdminClient clientId=adminclient-3] Node -1 disconnected.
2023-12-19T12:11:19.285+01:00  WARN 15668 --- [| adminclient-3] org.apache.kafka.clients.NetworkClient   : [AdminClient clientId=adminclient-3] Connection to node -1 (localhost/127.0.0.1:29092) could not be established. Broker may not be available.
2023-12-19T12:11:20.262+01:00  INFO 15668 --- [| adminclient-3] org.apache.kafka.clients.NetworkClient   : [AdminClient clientId=adminclient-3] Node -1 disconnected.
2023-12-19T12:11:20.262+01:00  WARN 15668 --- [| adminclient-3] org.apache.kafka.clients.NetworkClient   : [AdminClient clientId=adminclient-3] Connection to node -1 (localhost/127.0.0.1:29092) could not be established. Broker may not be available.
2023-12-19T12:11:21.224+01:00  INFO 15668 --- [| adminclient-3] org.apache.kafka.clients.NetworkClient   : [AdminClient clientId=adminclient-3] Node -1 disconnected.
2023-12-19T12:11:21.224+01:00  WARN 15668 --- [| adminclient-3] org.apache.kafka.clients.NetworkClient   : [AdminClient clientId=adminclient-3] Connection to node -1 (localhost/127.0.0.1:29092) could not be established. Broker may not be available.
2023-12-19T12:11:22.424+01:00  INFO 15668 --- [| adminclient-3] org.apache.kafka.clients.NetworkClient   : [AdminClient clientId=adminclient-3] Node -1 disconnected.
2023-12-19T12:11:22.424+01:00  WARN 15668 --- [| adminclient-3] org.apache.kafka.clients.NetworkClient   : [AdminClient clientId=adminclient-3] Connection to node -1 (localhost/127.0.0.1:29092) could not be established. Broker may not be available.
2023-12-19T12:11:23.574+01:00  INFO 15668 --- [| adminclient-3] org.apache.kafka.clients.NetworkClient   : [AdminClient clientId=adminclient-3] Node -1 disconnected.
2023-12-19T12:11:23.575+01:00  WARN 15668 --- [| adminclient-3] org.apache.kafka.clients.NetworkClient   : [AdminClient clientId=adminclient-3] Connection to node -1 (localhost/127.0.0.1:29092) could not be established. Broker may not be available.
2023-12-19T12:11:24.549+01:00  INFO 15668 --- [| adminclient-3] org.apache.kafka.clients.NetworkClient   : [AdminClient clientId=adminclient-3] Node -1 disconnected.
2023-12-19T12:11:24.549+01:00  WARN 15668 --- [| adminclient-3] org.apache.kafka.clients.NetworkClient   : [AdminClient clientId=adminclient-3] Connection to node -1 (localhost/127.0.0.1:29092) could not be established. Broker may not be available.
2023-12-19T12:11:25.747+01:00  INFO 15668 --- [| adminclient-3] org.apache.kafka.clients.NetworkClient   : [AdminClient clientId=adminclient-3] Node -1 disconnected.
2023-12-19T12:11:25.747+01:00  WARN 15668 --- [| adminclient-3] org.apache.kafka.clients.NetworkClient   : [AdminClient clientId=adminclient-3] Connection to node -1 (localhost/127.0.0.1:29092) could not be established. Broker may not be available.
2023-12-19T12:11:26.823+01:00  INFO 15668 --- [| adminclient-3] org.apache.kafka.clients.NetworkClient   : [AdminClient clientId=adminclient-3] Node -1 disconnected.
2023-12-19T12:11:26.823+01:00  WARN 15668 --- [| adminclient-3] org.apache.kafka.clients.NetworkClient   : [AdminClient clientId=adminclient-3] Connection to node -1 (localhost/127.0.0.1:29092) could not be established. Broker may not be available.
2023-12-19T12:11:27.897+01:00  INFO 15668 --- [| adminclient-3] org.apache.kafka.clients.NetworkClient   : [AdminClient clientId=adminclient-3] Node -1 disconnected.
2023-12-19T12:11:27.897+01:00  WARN 15668 --- [| adminclient-3] org.apache.kafka.clients.NetworkClient   : [AdminClient clientId=adminclient-3] Connection to node -1 (localhost/127.0.0.1:29092) could not be established. Broker may not be available.
2023-12-19T12:11:28.223+01:00  INFO 15668 --- [| adminclient-3] o.a.k.clients.admin.KafkaAdminClient     : [AdminClient clientId=adminclient-3] Forcing a hard I/O thread shutdown. Requests in progress will be aborted.
2023-12-19T12:11:28.224+01:00  INFO 15668 --- [| adminclient-3] o.a.kafka.common.utils.AppInfoParser     : App info kafka.admin.client for adminclient-3 unregistered
2023-12-19T12:11:28.224+01:00  INFO 15668 --- [| adminclient-3] o.a.k.c.a.i.AdminMetadataManager         : [AdminClient clientId=adminclient-3] Metadata update failed

org.apache.kafka.common.errors.TimeoutException: The AdminClient thread has exited. Call: fetchMetadata

2023-12-19T12:11:28.224+01:00  INFO 15668 --- [| adminclient-3] o.a.k.clients.admin.KafkaAdminClient     : [AdminClient clientId=adminclient-3] Timed out 2 remaining operation(s) during close.
2023-12-19T12:11:28.226+01:00  INFO 15668 --- [| adminclient-3] o.apache.kafka.common.metrics.Metrics    : Metrics scheduler closed
2023-12-19T12:11:28.226+01:00  INFO 15668 --- [| adminclient-3] o.apache.kafka.common.metrics.Metrics    : Closing reporter org.apache.kafka.common.metrics.JmxReporter
2023-12-19T12:11:28.226+01:00  INFO 15668 --- [| adminclient-3] o.apache.kafka.common.metrics.Metrics    : Metrics reporters closed
2023-12-19T12:11:28.228+01:00  INFO 15668 --- [           main] o.s.b.w.embedded.tomcat.TomcatWebServer  : Tomcat started on port(s): 51226 (http) with context path ''
2023-12-19T12:11:28.234+01:00  INFO 15668 --- [           main] c.e.P.ProjectControllerTests             : Started ProjectControllerTests in 41.123 seconds (process running for 135.347)
2023-12-19T12:11:28.316+01:00 DEBUG 15668 --- [           main] org.hibernate.SQL                        : select p1_0.id,p1_0.email from projectmember p1_0 where p1_0.id=?
2023-12-19T12:11:28.350+01:00  INFO 15668 --- [           main] c.e.P.Project.ProjectService             : new project dto => Project{Id=null, Projectname='thisnameiswaytolongforaprojectandsonotallowed', Projectdescription='description16666', Createdat=Tue Dec 19 12:11:28 CET 2023, Lastupdatedat=Tue Dec 19 12:11:28 CET 2023, Owner=ProjectMember{Id=140, Email='testusr140@gmail.com'}, Memberships=[]}
2023-12-19T12:11:28.372+01:00 DEBUG 15668 --- [           main] org.hibernate.SQL                        : insert into project (createdat,lastupdatedat,owner_id,projectdescription,projectname,id) values (?,?,?,?,?,default)
2023-12-19T12:11:28.377+01:00  WARN 15668 --- [           main] o.h.engine.jdbc.spi.SqlExceptionHelper   : SQL Error: 22001, SQLState: 22001
2023-12-19T12:11:28.378+01:00 ERROR 15668 --- [           main] o.h.engine.jdbc.spi.SqlExceptionHelper   : Value too long for column "projectname CHARACTER VARYING(20)": "'thisnameiswaytolongforaprojectandsonotallowed' (45)"; SQL statement:
insert into project (createdat,lastupdatedat,owner_id,projectdescription,projectname,id) values (?,?,?,?,?,default) [22001-214]
2023-12-19T12:11:28.385+01:00 ERROR 15668 --- [           main] c.e.P.Project.ProjectController          : Error creating project

org.springframework.dao.DataIntegrityViolationException: could not execute statement [Value too long for column "projectname CHARACTER VARYING(20)": "'thisnameiswaytolongforaprojectandsonotallowed' (45)"; SQL statement:
insert into project (createdat,lastupdatedat,owner_id,projectdescription,projectname,id) values (?,?,?,?,?,default) [22001-214]] [insert into project (createdat,lastupdatedat,owner_id,projectdescription,projectname,id) values (?,?,?,?,?,default)]; SQL [insert into project (createdat,lastupdatedat,owner_id,projectdescription,projectname,id) values (?,?,?,?,?,default)]
	at org.springframework.orm.jpa.vendor.HibernateJpaDialect.convertHibernateAccessException(HibernateJpaDialect.java:272) ~[spring-orm-6.0.13.jar:6.0.13]
	at org.springframework.orm.jpa.vendor.HibernateJpaDialect.translateExceptionIfPossible(HibernateJpaDialect.java:229) ~[spring-orm-6.0.13.jar:6.0.13]
	at org.springframework.orm.jpa.AbstractEntityManagerFactoryBean.translateExceptionIfPossible(AbstractEntityManagerFactoryBean.java:550) ~[spring-orm-6.0.13.jar:6.0.13]
	at org.springframework.dao.support.ChainedPersistenceExceptionTranslator.translateExceptionIfPossible(ChainedPersistenceExceptionTranslator.java:61) ~[spring-tx-6.0.13.jar:6.0.13]
	at org.springframework.dao.support.DataAccessUtils.translateIfNecessary(DataAccessUtils.java:243) ~[spring-tx-6.0.13.jar:6.0.13]
	at org.springframework.dao.support.PersistenceExceptionTranslationInterceptor.invoke(PersistenceExceptionTranslationInterceptor.java:152) ~[spring-tx-6.0.13.jar:6.0.13]
	at org.springframework.aop.framework.ReflectiveMethodInvocation.proceed(ReflectiveMethodInvocation.java:184) ~[spring-aop-6.0.13.jar:6.0.13]
	at org.springframework.data.jpa.repository.support.CrudMethodMetadataPostProcessor$CrudMethodMetadataPopulatingMethodInterceptor.invoke(CrudMethodMetadataPostProcessor.java:164) ~[spring-data-jpa-3.1.5.jar:3.1.5]
	at org.springframework.aop.framework.ReflectiveMethodInvocation.proceed(ReflectiveMethodInvocation.java:184) ~[spring-aop-6.0.13.jar:6.0.13]
	at org.springframework.aop.interceptor.ExposeInvocationInterceptor.invoke(ExposeInvocationInterceptor.java:97) ~[spring-aop-6.0.13.jar:6.0.13]
	at org.springframework.aop.framework.ReflectiveMethodInvocation.proceed(ReflectiveMethodInvocation.java:184) ~[spring-aop-6.0.13.jar:6.0.13]
	at org.springframework.aop.framework.JdkDynamicAopProxy.invoke(JdkDynamicAopProxy.java:244) ~[spring-aop-6.0.13.jar:6.0.13]
	at jdk.proxy2/jdk.proxy2.$Proxy189.save(Unknown Source) ~[na:na]
	at com.example.ProjectService.Project.ProjectService.CreateProject(ProjectService.java:130) ~[classes/:na]
	at java.base/jdk.internal.reflect.NativeMethodAccessorImpl.invoke0(Native Method) ~[na:na]
	at java.base/jdk.internal.reflect.NativeMethodAccessorImpl.invoke(NativeMethodAccessorImpl.java:77) ~[na:na]
	at java.base/jdk.internal.reflect.DelegatingMethodAccessorImpl.invoke(DelegatingMethodAccessorImpl.java:43) ~[na:na]
	at java.base/java.lang.reflect.Method.invoke(Method.java:568) ~[na:na]
	at org.springframework.aop.support.AopUtils.invokeJoinpointUsingReflection(AopUtils.java:343) ~[spring-aop-6.0.13.jar:6.0.13]
	at org.springframework.aop.framework.CglibAopProxy$DynamicAdvisedInterceptor.intercept(CglibAopProxy.java:699) ~[spring-aop-6.0.13.jar:6.0.13]
	at com.example.ProjectService.Project.ProjectService$$SpringCGLIB$$0.CreateProject(<generated>) ~[classes/:na]
	at com.example.ProjectService.Project.ProjectController.CreateProject(ProjectController.java:38) ~[classes/:na]
	at java.base/jdk.internal.reflect.NativeMethodAccessorImpl.invoke0(Native Method) ~[na:na]
	at java.base/jdk.internal.reflect.NativeMethodAccessorImpl.invoke(NativeMethodAccessorImpl.java:77) ~[na:na]
	at java.base/jdk.internal.reflect.DelegatingMethodAccessorImpl.invoke(DelegatingMethodAccessorImpl.java:43) ~[na:na]
	at java.base/java.lang.reflect.Method.invoke(Method.java:568) ~[na:na]
	at org.springframework.web.method.support.InvocableHandlerMethod.doInvoke(InvocableHandlerMethod.java:205) ~[spring-web-6.0.13.jar:6.0.13]
	at org.springframework.web.method.support.InvocableHandlerMethod.invokeForRequest(InvocableHandlerMethod.java:150) ~[spring-web-6.0.13.jar:6.0.13]
	at org.springframework.web.servlet.mvc.method.annotation.ServletInvocableHandlerMethod.invokeAndHandle(ServletInvocableHandlerMethod.java:118) ~[spring-webmvc-6.0.13.jar:6.0.13]
	at org.springframework.web.servlet.mvc.method.annotation.RequestMappingHandlerAdapter.invokeHandlerMethod(RequestMappingHandlerAdapter.java:884) ~[spring-webmvc-6.0.13.jar:6.0.13]
	at org.springframework.web.servlet.mvc.method.annotation.RequestMappingHandlerAdapter.handleInternal(RequestMappingHandlerAdapter.java:797) ~[spring-webmvc-6.0.13.jar:6.0.13]
	at org.springframework.web.servlet.mvc.method.AbstractHandlerMethodAdapter.handle(AbstractHandlerMethodAdapter.java:87) ~[spring-webmvc-6.0.13.jar:6.0.13]
	at org.springframework.web.servlet.DispatcherServlet.doDispatch(DispatcherServlet.java:1081) ~[spring-webmvc-6.0.13.jar:6.0.13]
	at org.springframework.web.servlet.DispatcherServlet.doService(DispatcherServlet.java:974) ~[spring-webmvc-6.0.13.jar:6.0.13]
	at org.springframework.web.servlet.FrameworkServlet.processRequest(FrameworkServlet.java:1011) ~[spring-webmvc-6.0.13.jar:6.0.13]
	at org.springframework.web.servlet.FrameworkServlet.doPost(FrameworkServlet.java:914) ~[spring-webmvc-6.0.13.jar:6.0.13]
	at jakarta.servlet.http.HttpServlet.service(HttpServlet.java:590) ~[tomcat-embed-core-10.1.15.jar:6.0]
	at org.springframework.web.servlet.FrameworkServlet.service(FrameworkServlet.java:885) ~[spring-webmvc-6.0.13.jar:6.0.13]
	at org.springframework.test.web.servlet.TestDispatcherServlet.service(TestDispatcherServlet.java:72) ~[spring-test-6.0.13.jar:6.0.13]
	at jakarta.servlet.http.HttpServlet.service(HttpServlet.java:658) ~[tomcat-embed-core-10.1.15.jar:6.0]
	at org.springframework.mock.web.MockFilterChain$ServletFilterProxy.doFilter(MockFilterChain.java:165) ~[spring-test-6.0.13.jar:6.0.13]
	at org.springframework.mock.web.MockFilterChain.doFilter(MockFilterChain.java:132) ~[spring-test-6.0.13.jar:6.0.13]
	at org.springframework.web.filter.RequestContextFilter.doFilterInternal(RequestContextFilter.java:100) ~[spring-web-6.0.13.jar:6.0.13]
	at org.springframework.web.filter.OncePerRequestFilter.doFilter(OncePerRequestFilter.java:116) ~[spring-web-6.0.13.jar:6.0.13]
	at org.springframework.mock.web.MockFilterChain.doFilter(MockFilterChain.java:132) ~[spring-test-6.0.13.jar:6.0.13]
	at org.springframework.web.filter.FormContentFilter.doFilterInternal(FormContentFilter.java:93) ~[spring-web-6.0.13.jar:6.0.13]
	at org.springframework.web.filter.OncePerRequestFilter.doFilter(OncePerRequestFilter.java:116) ~[spring-web-6.0.13.jar:6.0.13]
	at org.springframework.mock.web.MockFilterChain.doFilter(MockFilterChain.java:132) ~[spring-test-6.0.13.jar:6.0.13]
	at org.springframework.web.filter.ServerHttpObservationFilter.doFilterInternal(ServerHttpObservationFilter.java:109) ~[spring-web-6.0.13.jar:6.0.13]
	at org.springframework.web.filter.OncePerRequestFilter.doFilter(OncePerRequestFilter.java:116) ~[spring-web-6.0.13.jar:6.0.13]
	at org.springframework.mock.web.MockFilterChain.doFilter(MockFilterChain.java:132) ~[spring-test-6.0.13.jar:6.0.13]
	at org.springframework.web.filter.CharacterEncodingFilter.doFilterInternal(CharacterEncodingFilter.java:201) ~[spring-web-6.0.13.jar:6.0.13]
	at org.springframework.web.filter.OncePerRequestFilter.doFilter(OncePerRequestFilter.java:116) ~[spring-web-6.0.13.jar:6.0.13]
	at org.springframework.mock.web.MockFilterChain.doFilter(MockFilterChain.java:132) ~[spring-test-6.0.13.jar:6.0.13]
	at org.springframework.test.web.servlet.MockMvc.perform(MockMvc.java:201) ~[spring-test-6.0.13.jar:6.0.13]
	at com.example.ProjectService.ProjectControllerTests.shouldNotCreateProjectAndThrowConflicted(ProjectControllerTests.java:162) ~[test-classes/:na]
	at java.base/jdk.internal.reflect.NativeMethodAccessorImpl.invoke0(Native Method) ~[na:na]
	at java.base/jdk.internal.reflect.NativeMethodAccessorImpl.invoke(NativeMethodAccessorImpl.java:77) ~[na:na]
	at java.base/jdk.internal.reflect.DelegatingMethodAccessorImpl.invoke(DelegatingMethodAccessorImpl.java:43) ~[na:na]
	at java.base/java.lang.reflect.Method.invoke(Method.java:568) ~[na:na]
	at org.junit.platform.commons.util.ReflectionUtils.invokeMethod(ReflectionUtils.java:727) ~[junit-platform-commons-1.9.3.jar:1.9.3]
	at org.junit.jupiter.engine.execution.MethodInvocation.proceed(MethodInvocation.java:60) ~[junit-jupiter-engine-5.9.3.jar:5.9.3]
	at org.junit.jupiter.engine.execution.InvocationInterceptorChain$ValidatingInvocation.proceed(InvocationInterceptorChain.java:131) ~[junit-jupiter-engine-5.9.3.jar:5.9.3]
	at org.junit.jupiter.engine.extension.TimeoutExtension.intercept(TimeoutExtension.java:156) ~[junit-jupiter-engine-5.9.3.jar:5.9.3]
	at org.junit.jupiter.engine.extension.TimeoutExtension.interceptTestableMethod(TimeoutExtension.java:147) ~[junit-jupiter-engine-5.9.3.jar:5.9.3]
	at org.junit.jupiter.engine.extension.TimeoutExtension.interceptTestMethod(TimeoutExtension.java:86) ~[junit-jupiter-engine-5.9.3.jar:5.9.3]
	at org.junit.jupiter.engine.execution.InterceptingExecutableInvoker$ReflectiveInterceptorCall.lambda$ofVoidMethod$0(InterceptingExecutableInvoker.java:103) ~[junit-jupiter-engine-5.9.3.jar:5.9.3]
	at org.junit.jupiter.engine.execution.InterceptingExecutableInvoker.lambda$invoke$0(InterceptingExecutableInvoker.java:93) ~[junit-jupiter-engine-5.9.3.jar:5.9.3]
	at org.junit.jupiter.engine.execution.InvocationInterceptorChain$InterceptedInvocation.proceed(InvocationInterceptorChain.java:106) ~[junit-jupiter-engine-5.9.3.jar:5.9.3]
	at org.junit.jupiter.engine.execution.InvocationInterceptorChain.proceed(InvocationInterceptorChain.java:64) ~[junit-jupiter-engine-5.9.3.jar:5.9.3]
	at org.junit.jupiter.engine.execution.InvocationInterceptorChain.chainAndInvoke(InvocationInterceptorChain.java:45) ~[junit-jupiter-engine-5.9.3.jar:5.9.3]
	at org.junit.jupiter.engine.execution.InvocationInterceptorChain.invoke(InvocationInterceptorChain.java:37) ~[junit-jupiter-engine-5.9.3.jar:5.9.3]
	at org.junit.jupiter.engine.execution.InterceptingExecutableInvoker.invoke(InterceptingExecutableInvoker.java:92) ~[junit-jupiter-engine-5.9.3.jar:5.9.3]
	at org.junit.jupiter.engine.execution.InterceptingExecutableInvoker.invoke(InterceptingExecutableInvoker.java:86) ~[junit-jupiter-engine-5.9.3.jar:5.9.3]
	at org.junit.jupiter.engine.descriptor.TestMethodTestDescriptor.lambda$invokeTestMethod$7(TestMethodTestDescriptor.java:217) ~[junit-jupiter-engine-5.9.3.jar:5.9.3]
	at org.junit.platform.engine.support.hierarchical.ThrowableCollector.execute(ThrowableCollector.java:73) ~[junit-platform-engine-1.9.3.jar:1.9.3]
	at org.junit.jupiter.engine.descriptor.TestMethodTestDescriptor.invokeTestMethod(TestMethodTestDescriptor.java:213) ~[junit-jupiter-engine-5.9.3.jar:5.9.3]
	at org.junit.jupiter.engine.descriptor.TestMethodTestDescriptor.execute(TestMethodTestDescriptor.java:138) ~[junit-jupiter-engine-5.9.3.jar:5.9.3]
	at org.junit.jupiter.engine.descriptor.TestMethodTestDescriptor.execute(TestMethodTestDescriptor.java:68) ~[junit-jupiter-engine-5.9.3.jar:5.9.3]
	at org.junit.platform.engine.support.hierarchical.NodeTestTask.lambda$executeRecursively$6(NodeTestTask.java:151) ~[junit-platform-engine-1.9.3.jar:1.9.3]
	at org.junit.platform.engine.support.hierarchical.ThrowableCollector.execute(ThrowableCollector.java:73) ~[junit-platform-engine-1.9.3.jar:1.9.3]
	at org.junit.platform.engine.support.hierarchical.NodeTestTask.lambda$executeRecursively$8(NodeTestTask.java:141) ~[junit-platform-engine-1.9.3.jar:1.9.3]
	at org.junit.platform.engine.support.hierarchical.Node.around(Node.java:137) ~[junit-platform-engine-1.9.3.jar:1.9.3]
	at org.junit.platform.engine.support.hierarchical.NodeTestTask.lambda$executeRecursively$9(NodeTestTask.java:139) ~[junit-platform-engine-1.9.3.jar:1.9.3]
	at org.junit.platform.engine.support.hierarchical.ThrowableCollector.execute(ThrowableCollector.java:73) ~[junit-platform-engine-1.9.3.jar:1.9.3]
	at org.junit.platform.engine.support.hierarchical.NodeTestTask.executeRecursively(NodeTestTask.java:138) ~[junit-platform-engine-1.9.3.jar:1.9.3]
	at org.junit.platform.engine.support.hierarchical.NodeTestTask.execute(NodeTestTask.java:95) ~[junit-platform-engine-1.9.3.jar:1.9.3]
	at java.base/java.util.ArrayList.forEach(ArrayList.java:1511) ~[na:na]
	at org.junit.platform.engine.support.hierarchical.SameThreadHierarchicalTestExecutorService.invokeAll(SameThreadHierarchicalTestExecutorService.java:41) ~[junit-platform-engine-1.9.3.jar:1.9.3]
	at org.junit.platform.engine.support.hierarchical.NodeTestTask.lambda$executeRecursively$6(NodeTestTask.java:155) ~[junit-platform-engine-1.9.3.jar:1.9.3]
	at org.junit.platform.engine.support.hierarchical.ThrowableCollector.execute(ThrowableCollector.java:73) ~[junit-platform-engine-1.9.3.jar:1.9.3]
	at org.junit.platform.engine.support.hierarchical.NodeTestTask.lambda$executeRecursively$8(NodeTestTask.java:141) ~[junit-platform-engine-1.9.3.jar:1.9.3]
	at org.junit.platform.engine.support.hierarchical.Node.around(Node.java:137) ~[junit-platform-engine-1.9.3.jar:1.9.3]
	at org.junit.platform.engine.support.hierarchical.NodeTestTask.lambda$executeRecursively$9(NodeTestTask.java:139) ~[junit-platform-engine-1.9.3.jar:1.9.3]
	at org.junit.platform.engine.support.hierarchical.ThrowableCollector.execute(ThrowableCollector.java:73) ~[junit-platform-engine-1.9.3.jar:1.9.3]
	at org.junit.platform.engine.support.hierarchical.NodeTestTask.executeRecursively(NodeTestTask.java:138) ~[junit-platform-engine-1.9.3.jar:1.9.3]
	at org.junit.platform.engine.support.hierarchical.NodeTestTask.execute(NodeTestTask.java:95) ~[junit-platform-engine-1.9.3.jar:1.9.3]
	at java.base/java.util.ArrayList.forEach(ArrayList.java:1511) ~[na:na]
	at org.junit.platform.engine.support.hierarchical.SameThreadHierarchicalTestExecutorService.invokeAll(SameThreadHierarchicalTestExecutorService.java:41) ~[junit-platform-engine-1.9.3.jar:1.9.3]
	at org.junit.platform.engine.support.hierarchical.NodeTestTask.lambda$executeRecursively$6(NodeTestTask.java:155) ~[junit-platform-engine-1.9.3.jar:1.9.3]
	at org.junit.platform.engine.support.hierarchical.ThrowableCollector.execute(ThrowableCollector.java:73) ~[junit-platform-engine-1.9.3.jar:1.9.3]
	at org.junit.platform.engine.support.hierarchical.NodeTestTask.lambda$executeRecursively$8(NodeTestTask.java:141) ~[junit-platform-engine-1.9.3.jar:1.9.3]
	at org.junit.platform.engine.support.hierarchical.Node.around(Node.java:137) ~[junit-platform-engine-1.9.3.jar:1.9.3]
	at org.junit.platform.engine.support.hierarchical.NodeTestTask.lambda$executeRecursively$9(NodeTestTask.java:139) ~[junit-platform-engine-1.9.3.jar:1.9.3]
	at org.junit.platform.engine.support.hierarchical.ThrowableCollector.execute(ThrowableCollector.java:73) ~[junit-platform-engine-1.9.3.jar:1.9.3]
	at org.junit.platform.engine.support.hierarchical.NodeTestTask.executeRecursively(NodeTestTask.java:138) ~[junit-platform-engine-1.9.3.jar:1.9.3]
	at org.junit.platform.engine.support.hierarchical.NodeTestTask.execute(NodeTestTask.java:95) ~[junit-platform-engine-1.9.3.jar:1.9.3]
	at org.junit.platform.engine.support.hierarchical.SameThreadHierarchicalTestExecutorService.submit(SameThreadHierarchicalTestExecutorService.java:35) ~[junit-platform-engine-1.9.3.jar:1.9.3]
	at org.junit.platform.engine.support.hierarchical.HierarchicalTestExecutor.execute(HierarchicalTestExecutor.java:57) ~[junit-platform-engine-1.9.3.jar:1.9.3]
	at org.junit.platform.engine.support.hierarchical.HierarchicalTestEngine.execute(HierarchicalTestEngine.java:54) ~[junit-platform-engine-1.9.3.jar:1.9.3]
	at org.junit.platform.launcher.core.EngineExecutionOrchestrator.execute(EngineExecutionOrchestrator.java:147) ~[junit-platform-launcher-1.9.3.jar:1.9.3]
	at org.junit.platform.launcher.core.EngineExecutionOrchestrator.execute(EngineExecutionOrchestrator.java:127) ~[junit-platform-launcher-1.9.3.jar:1.9.3]
	at org.junit.platform.launcher.core.EngineExecutionOrchestrator.execute(EngineExecutionOrchestrator.java:90) ~[junit-platform-launcher-1.9.3.jar:1.9.3]
	at org.junit.platform.launcher.core.EngineExecutionOrchestrator.lambda$execute$0(EngineExecutionOrchestrator.java:55) ~[junit-platform-launcher-1.9.3.jar:1.9.3]
	at org.junit.platform.launcher.core.EngineExecutionOrchestrator.withInterceptedStreams(EngineExecutionOrchestrator.java:102) ~[junit-platform-launcher-1.9.3.jar:1.9.3]
	at org.junit.platform.launcher.core.EngineExecutionOrchestrator.execute(EngineExecutionOrchestrator.java:54) ~[junit-platform-launcher-1.9.3.jar:1.9.3]
	at org.junit.platform.launcher.core.DefaultLauncher.execute(DefaultLauncher.java:114) ~[junit-platform-launcher-1.9.3.jar:1.9.3]
	at org.junit.platform.launcher.core.DefaultLauncher.execute(DefaultLauncher.java:86) ~[junit-platform-launcher-1.9.3.jar:1.9.3]
	at org.junit.platform.launcher.core.DefaultLauncherSession$DelegatingLauncher.execute(DefaultLauncherSession.java:86) ~[junit-platform-launcher-1.9.3.jar:1.9.3]
	at org.apache.maven.surefire.junitplatform.LazyLauncher.execute(LazyLauncher.java:50) ~[surefire-junit-platform-3.0.0.jar:3.0.0]
	at org.apache.maven.surefire.junitplatform.JUnitPlatformProvider.execute(JUnitPlatformProvider.java:184) ~[surefire-junit-platform-3.0.0.jar:3.0.0]
	at org.apache.maven.surefire.junitplatform.JUnitPlatformProvider.invokeAllTests(JUnitPlatformProvider.java:148) ~[surefire-junit-platform-3.0.0.jar:3.0.0]
	at org.apache.maven.surefire.junitplatform.JUnitPlatformProvider.invoke(JUnitPlatformProvider.java:122) ~[surefire-junit-platform-3.0.0.jar:3.0.0]
	at org.apache.maven.surefire.booter.ForkedBooter.runSuitesInProcess(ForkedBooter.java:385) ~[surefire-booter-3.0.0.jar:3.0.0]
	at org.apache.maven.surefire.booter.ForkedBooter.execute(ForkedBooter.java:162) ~[surefire-booter-3.0.0.jar:3.0.0]
	at org.apache.maven.surefire.booter.ForkedBooter.run(ForkedBooter.java:507) ~[surefire-booter-3.0.0.jar:3.0.0]
	at org.apache.maven.surefire.booter.ForkedBooter.main(ForkedBooter.java:495) ~[surefire-booter-3.0.0.jar:3.0.0]
Caused by: org.hibernate.exception.DataException: could not execute statement [Value too long for column "projectname CHARACTER VARYING(20)": "'thisnameiswaytolongforaprojectandsonotallowed' (45)"; SQL statement:
insert into project (createdat,lastupdatedat,owner_id,projectdescription,projectname,id) values (?,?,?,?,?,default) [22001-214]] [insert into project (createdat,lastupdatedat,owner_id,projectdescription,projectname,id) values (?,?,?,?,?,default)]
	at org.hibernate.exception.internal.SQLExceptionTypeDelegate.convert(SQLExceptionTypeDelegate.java:53) ~[hibernate-core-6.2.13.Final.jar:6.2.13.Final]
	at org.hibernate.exception.internal.StandardSQLExceptionConverter.convert(StandardSQLExceptionConverter.java:56) ~[hibernate-core-6.2.13.Final.jar:6.2.13.Final]
	at org.hibernate.engine.jdbc.spi.SqlExceptionHelper.convert(SqlExceptionHelper.java:108) ~[hibernate-core-6.2.13.Final.jar:6.2.13.Final]
	at org.hibernate.engine.jdbc.internal.ResultSetReturnImpl.executeUpdate(ResultSetReturnImpl.java:278) ~[hibernate-core-6.2.13.Final.jar:6.2.13.Final]
	at org.hibernate.id.insert.GetGeneratedKeysDelegate.performInsert(GetGeneratedKeysDelegate.java:107) ~[hibernate-core-6.2.13.Final.jar:6.2.13.Final]
	at org.hibernate.engine.jdbc.mutation.internal.MutationExecutorPostInsertSingleTable.execute(MutationExecutorPostInsertSingleTable.java:100) ~[hibernate-core-6.2.13.Final.jar:6.2.13.Final]
	at org.hibernate.persister.entity.mutation.InsertCoordinator.doStaticInserts(InsertCoordinator.java:171) ~[hibernate-core-6.2.13.Final.jar:6.2.13.Final]
	at org.hibernate.persister.entity.mutation.InsertCoordinator.coordinateInsert(InsertCoordinator.java:112) ~[hibernate-core-6.2.13.Final.jar:6.2.13.Final]
	at org.hibernate.persister.entity.AbstractEntityPersister.insert(AbstractEntityPersister.java:2780) ~[hibernate-core-6.2.13.Final.jar:6.2.13.Final]
	at org.hibernate.action.internal.EntityIdentityInsertAction.execute(EntityIdentityInsertAction.java:81) ~[hibernate-core-6.2.13.Final.jar:6.2.13.Final]
	at org.hibernate.engine.spi.ActionQueue.execute(ActionQueue.java:676) ~[hibernate-core-6.2.13.Final.jar:6.2.13.Final]
	at org.hibernate.engine.spi.ActionQueue.addResolvedEntityInsertAction(ActionQueue.java:291) ~[hibernate-core-6.2.13.Final.jar:6.2.13.Final]
	at org.hibernate.engine.spi.ActionQueue.addInsertAction(ActionQueue.java:272) ~[hibernate-core-6.2.13.Final.jar:6.2.13.Final]
	at org.hibernate.engine.spi.ActionQueue.addAction(ActionQueue.java:322) ~[hibernate-core-6.2.13.Final.jar:6.2.13.Final]
	at org.hibernate.event.internal.AbstractSaveEventListener.addInsertAction(AbstractSaveEventListener.java:363) ~[hibernate-core-6.2.13.Final.jar:6.2.13.Final]
	at org.hibernate.event.internal.AbstractSaveEventListener.performSaveOrReplicate(AbstractSaveEventListener.java:277) ~[hibernate-core-6.2.13.Final.jar:6.2.13.Final]
	at org.hibernate.event.internal.AbstractSaveEventListener.performSave(AbstractSaveEventListener.java:180) ~[hibernate-core-6.2.13.Final.jar:6.2.13.Final]
	at org.hibernate.event.internal.AbstractSaveEventListener.saveWithGeneratedId(AbstractSaveEventListener.java:140) ~[hibernate-core-6.2.13.Final.jar:6.2.13.Final]
	at org.hibernate.event.internal.DefaultPersistEventListener.entityIsTransient(DefaultPersistEventListener.java:175) ~[hibernate-core-6.2.13.Final.jar:6.2.13.Final]
	at org.hibernate.event.internal.DefaultPersistEventListener.persist(DefaultPersistEventListener.java:93) ~[hibernate-core-6.2.13.Final.jar:6.2.13.Final]
	at org.hibernate.event.internal.DefaultPersistEventListener.onPersist(DefaultPersistEventListener.java:77) ~[hibernate-core-6.2.13.Final.jar:6.2.13.Final]
	at org.hibernate.event.internal.DefaultPersistEventListener.onPersist(DefaultPersistEventListener.java:54) ~[hibernate-core-6.2.13.Final.jar:6.2.13.Final]
	at org.hibernate.event.service.internal.EventListenerGroupImpl.fireEventOnEachListener(EventListenerGroupImpl.java:127) ~[hibernate-core-6.2.13.Final.jar:6.2.13.Final]
	at org.hibernate.internal.SessionImpl.firePersist(SessionImpl.java:755) ~[hibernate-core-6.2.13.Final.jar:6.2.13.Final]
	at org.hibernate.internal.SessionImpl.persist(SessionImpl.java:739) ~[hibernate-core-6.2.13.Final.jar:6.2.13.Final]
	at java.base/jdk.internal.reflect.NativeMethodAccessorImpl.invoke0(Native Method) ~[na:na]
	at java.base/jdk.internal.reflect.NativeMethodAccessorImpl.invoke(NativeMethodAccessorImpl.java:77) ~[na:na]
	at java.base/jdk.internal.reflect.DelegatingMethodAccessorImpl.invoke(DelegatingMethodAccessorImpl.java:43) ~[na:na]
	at java.base/java.lang.reflect.Method.invoke(Method.java:568) ~[na:na]
	at org.springframework.orm.jpa.ExtendedEntityManagerCreator$ExtendedEntityManagerInvocationHandler.invoke(ExtendedEntityManagerCreator.java:360) ~[spring-orm-6.0.13.jar:6.0.13]
	at jdk.proxy2/jdk.proxy2.$Proxy185.persist(Unknown Source) ~[na:na]
	at java.base/jdk.internal.reflect.NativeMethodAccessorImpl.invoke0(Native Method) ~[na:na]
	at java.base/jdk.internal.reflect.NativeMethodAccessorImpl.invoke(NativeMethodAccessorImpl.java:77) ~[na:na]
	at java.base/jdk.internal.reflect.DelegatingMethodAccessorImpl.invoke(DelegatingMethodAccessorImpl.java:43) ~[na:na]
	at java.base/java.lang.reflect.Method.invoke(Method.java:568) ~[na:na]
	at org.springframework.orm.jpa.SharedEntityManagerCreator$SharedEntityManagerInvocationHandler.invoke(SharedEntityManagerCreator.java:311) ~[spring-orm-6.0.13.jar:6.0.13]
	at jdk.proxy2/jdk.proxy2.$Proxy185.persist(Unknown Source) ~[na:na]
	at org.springframework.data.jpa.repository.support.SimpleJpaRepository.save(SimpleJpaRepository.java:618) ~[spring-data-jpa-3.1.5.jar:3.1.5]
	at java.base/jdk.internal.reflect.NativeMethodAccessorImpl.invoke0(Native Method) ~[na:na]
	at java.base/jdk.internal.reflect.NativeMethodAccessorImpl.invoke(NativeMethodAccessorImpl.java:77) ~[na:na]
	at java.base/jdk.internal.reflect.DelegatingMethodAccessorImpl.invoke(DelegatingMethodAccessorImpl.java:43) ~[na:na]
	at java.base/java.lang.reflect.Method.invoke(Method.java:568) ~[na:na]
	at org.springframework.data.repository.core.support.RepositoryMethodInvoker$RepositoryFragmentMethodInvoker.lambda$new$0(RepositoryMethodInvoker.java:288) ~[spring-data-commons-3.1.5.jar:3.1.5]
	at org.springframework.data.repository.core.support.RepositoryMethodInvoker.doInvoke(RepositoryMethodInvoker.java:136) ~[spring-data-commons-3.1.5.jar:3.1.5]
	at org.springframework.data.repository.core.support.RepositoryMethodInvoker.invoke(RepositoryMethodInvoker.java:120) ~[spring-data-commons-3.1.5.jar:3.1.5]
	at org.springframework.data.repository.core.support.RepositoryComposition$RepositoryFragments.invoke(RepositoryComposition.java:516) ~[spring-data-commons-3.1.5.jar:3.1.5]
	at org.springframework.data.repository.core.support.RepositoryComposition.invoke(RepositoryComposition.java:285) ~[spring-data-commons-3.1.5.jar:3.1.5]
	at org.springframework.data.repository.core.support.RepositoryFactorySupport$ImplementationMethodExecutionInterceptor.invoke(RepositoryFactorySupport.java:628) ~[spring-data-commons-3.1.5.jar:3.1.5]
	at org.springframework.aop.framework.ReflectiveMethodInvocation.proceed(ReflectiveMethodInvocation.java:184) ~[spring-aop-6.0.13.jar:6.0.13]
	at org.springframework.data.repository.core.support.QueryExecutorMethodInterceptor.doInvoke(QueryExecutorMethodInterceptor.java:168) ~[spring-data-commons-3.1.5.jar:3.1.5]
	at org.springframework.data.repository.core.support.QueryExecutorMethodInterceptor.invoke(QueryExecutorMethodInterceptor.java:143) ~[spring-data-commons-3.1.5.jar:3.1.5]
	at org.springframework.aop.framework.ReflectiveMethodInvocation.proceed(ReflectiveMethodInvocation.java:184) ~[spring-aop-6.0.13.jar:6.0.13]
	at org.springframework.data.projection.DefaultMethodInvokingMethodInterceptor.invoke(DefaultMethodInvokingMethodInterceptor.java:72) ~[spring-data-commons-3.1.5.jar:3.1.5]
	at org.springframework.aop.framework.ReflectiveMethodInvocation.proceed(ReflectiveMethodInvocation.java:184) ~[spring-aop-6.0.13.jar:6.0.13]
	at org.springframework.transaction.interceptor.TransactionInterceptor$1.proceedWithInvocation(TransactionInterceptor.java:123) ~[spring-tx-6.0.13.jar:6.0.13]
	at org.springframework.transaction.interceptor.TransactionAspectSupport.invokeWithinTransaction(TransactionAspectSupport.java:391) ~[spring-tx-6.0.13.jar:6.0.13]
	at org.springframework.transaction.interceptor.TransactionInterceptor.invoke(TransactionInterceptor.java:119) ~[spring-tx-6.0.13.jar:6.0.13]
	at org.springframework.aop.framework.ReflectiveMethodInvocation.proceed(ReflectiveMethodInvocation.java:184) ~[spring-aop-6.0.13.jar:6.0.13]
	at org.springframework.dao.support.PersistenceExceptionTranslationInterceptor.invoke(PersistenceExceptionTranslationInterceptor.java:137) ~[spring-tx-6.0.13.jar:6.0.13]
	... 121 common frames omitted
Caused by: org.h2.jdbc.JdbcSQLDataException: Value too long for column "projectname CHARACTER VARYING(20)": "'thisnameiswaytolongforaprojectandsonotallowed' (45)"; SQL statement:
insert into project (createdat,lastupdatedat,owner_id,projectdescription,projectname,id) values (?,?,?,?,?,default) [22001-214]
	at org.h2.message.DbException.getJdbcSQLException(DbException.java:506) ~[h2-2.1.214.jar:2.1.214]
	at org.h2.message.DbException.getJdbcSQLException(DbException.java:477) ~[h2-2.1.214.jar:2.1.214]
	at org.h2.message.DbException.get(DbException.java:223) ~[h2-2.1.214.jar:2.1.214]
	at org.h2.message.DbException.getValueTooLongException(DbException.java:322) ~[h2-2.1.214.jar:2.1.214]
	at org.h2.value.Value.getValueTooLongException(Value.java:2573) ~[h2-2.1.214.jar:2.1.214]
	at org.h2.value.Value.convertToVarchar(Value.java:1261) ~[h2-2.1.214.jar:2.1.214]
	at org.h2.value.Value.convertTo(Value.java:1117) ~[h2-2.1.214.jar:2.1.214]
	at org.h2.value.Value.convertForAssignTo(Value.java:1092) ~[h2-2.1.214.jar:2.1.214]
	at org.h2.table.Column.validateConvertUpdateSequence(Column.java:369) ~[h2-2.1.214.jar:2.1.214]
	at org.h2.table.Table.convertInsertRow(Table.java:926) ~[h2-2.1.214.jar:2.1.214]
	at org.h2.command.dml.Insert.insertRows(Insert.java:167) ~[h2-2.1.214.jar:2.1.214]
	at org.h2.command.dml.Insert.update(Insert.java:135) ~[h2-2.1.214.jar:2.1.214]
	at org.h2.command.CommandContainer.executeUpdateWithGeneratedKeys(CommandContainer.java:242) ~[h2-2.1.214.jar:2.1.214]
	at org.h2.command.CommandContainer.update(CommandContainer.java:163) ~[h2-2.1.214.jar:2.1.214]
	at org.h2.command.Command.executeUpdate(Command.java:252) ~[h2-2.1.214.jar:2.1.214]
	at org.h2.jdbc.JdbcPreparedStatement.executeUpdateInternal(JdbcPreparedStatement.java:209) ~[h2-2.1.214.jar:2.1.214]
	at org.h2.jdbc.JdbcPreparedStatement.executeUpdate(JdbcPreparedStatement.java:169) ~[h2-2.1.214.jar:2.1.214]
	at com.zaxxer.hikari.pool.ProxyPreparedStatement.executeUpdate(ProxyPreparedStatement.java:61) ~[HikariCP-5.0.1.jar:na]
	at com.zaxxer.hikari.pool.HikariProxyPreparedStatement.executeUpdate(HikariProxyPreparedStatement.java) ~[HikariCP-5.0.1.jar:na]
	at org.hibernate.engine.jdbc.internal.ResultSetReturnImpl.executeUpdate(ResultSetReturnImpl.java:275) ~[hibernate-core-6.2.13.Final.jar:6.2.13.Final]
	... 176 common frames omitted

]]></system-out>
  </testcase>
  <testcase name="shouldNotCreateProject" classname="com.example.ProjectService.ProjectControllerTests" time="40.968">
    <system-out><![CDATA[2023-12-19T12:11:28.415+01:00  INFO 15668 --- [           main] o.apache.catalina.core.StandardService   : Stopping service [Tomcat]
2023-12-19T12:11:28.421+01:00  INFO 15668 --- [           main] j.LocalContainerEntityManagerFactoryBean : Closing JPA EntityManagerFactory for persistence unit 'default'
2023-12-19T12:11:28.421+01:00 DEBUG 15668 --- [           main] org.hibernate.SQL                        : drop table if exists project cascade 
2023-12-19T12:11:28.422+01:00 DEBUG 15668 --- [           main] org.hibernate.SQL                        : drop table if exists projectmember cascade 
2023-12-19T12:11:28.422+01:00 DEBUG 15668 --- [           main] org.hibernate.SQL                        : drop table if exists projectmembership cascade 
2023-12-19T12:11:28.422+01:00 DEBUG 15668 --- [           main] org.hibernate.SQL                        : drop table if exists projectrole cascade 
2023-12-19T12:11:28.423+01:00  INFO 15668 --- [           main] com.zaxxer.hikari.HikariDataSource       : HikariPool-3 - Shutdown initiated...
2023-12-19T12:11:28.424+01:00  INFO 15668 --- [           main] com.zaxxer.hikari.HikariDataSource       : HikariPool-3 - Shutdown completed.

  .   ____          _            __ _ _
 /\\ / ___'_ __ _ _(_)_ __  __ _ \ \ \ \
( ( )\___ | '_ | '_| | '_ \/ _` | \ \ \ \
 \\/  ___)| |_)| | | | | || (_| |  ) ) ) )
  '  |____| .__|_| |_|_| |_\__, | / / / /
 =========|_|==============|___/=/_/_/_/
 :: Spring Boot ::                (v3.1.5)

2023-12-19T12:11:28.447+01:00  INFO 15668 --- [           main] c.e.P.ProjectControllerTests             : Starting ProjectControllerTests using Java 17.0.8.1 with PID 15668 (started by mitch in D:\projecten\semester6individueel\ProjectService)
2023-12-19T12:11:28.447+01:00  INFO 15668 --- [           main] c.e.P.ProjectControllerTests             : The following 1 profile is active: "test"
2023-12-19T12:11:28.724+01:00  INFO 15668 --- [           main] .s.d.r.c.RepositoryConfigurationDelegate : Multiple Spring Data modules found, entering strict repository configuration mode
2023-12-19T12:11:28.724+01:00  INFO 15668 --- [           main] .s.d.r.c.RepositoryConfigurationDelegate : Bootstrapping Spring Data JPA repositories in DEFAULT mode.
2023-12-19T12:11:28.737+01:00  INFO 15668 --- [           main] .s.d.r.c.RepositoryConfigurationDelegate : Finished Spring Data repository scanning in 12 ms. Found 2 JPA repository interfaces.
2023-12-19T12:11:28.739+01:00  INFO 15668 --- [           main] .s.d.r.c.RepositoryConfigurationDelegate : Multiple Spring Data modules found, entering strict repository configuration mode
2023-12-19T12:11:28.739+01:00  INFO 15668 --- [           main] .s.d.r.c.RepositoryConfigurationDelegate : Bootstrapping Spring Data Redis repositories in DEFAULT mode.
2023-12-19T12:11:28.743+01:00  INFO 15668 --- [           main] .RepositoryConfigurationExtensionSupport : Spring Data Redis - Could not safely identify store assignment for repository candidate interface com.example.ProjectService.repositories.IAccountRepository; If you want this repository to be a Redis repository, consider annotating your entities with one of these annotations: org.springframework.data.redis.core.RedisHash (preferred), or consider extending one of the following types with your repository: org.springframework.data.keyvalue.repository.KeyValueRepository
2023-12-19T12:11:28.744+01:00  INFO 15668 --- [           main] .RepositoryConfigurationExtensionSupport : Spring Data Redis - Could not safely identify store assignment for repository candidate interface com.example.ProjectService.repositories.IProjectRepository; If you want this repository to be a Redis repository, consider annotating your entities with one of these annotations: org.springframework.data.redis.core.RedisHash (preferred), or consider extending one of the following types with your repository: org.springframework.data.keyvalue.repository.KeyValueRepository
2023-12-19T12:11:28.744+01:00  INFO 15668 --- [           main] .s.d.r.c.RepositoryConfigurationDelegate : Finished Spring Data repository scanning in 4 ms. Found 0 Redis repository interfaces.
2023-12-19T12:11:28.836+01:00  INFO 15668 --- [           main] o.s.b.w.embedded.tomcat.TomcatWebServer  : Tomcat initialized with port(s): 0 (http)
2023-12-19T12:11:28.837+01:00  INFO 15668 --- [           main] o.apache.catalina.core.StandardService   : Starting service [Tomcat]
2023-12-19T12:11:28.838+01:00  INFO 15668 --- [           main] o.apache.catalina.core.StandardEngine    : Starting Servlet engine: [Apache Tomcat/10.1.15]
2023-12-19T12:11:28.885+01:00  INFO 15668 --- [           main] o.a.c.c.C.[Tomcat].[localhost].[/]       : Initializing Spring embedded WebApplicationContext
2023-12-19T12:11:28.886+01:00  INFO 15668 --- [           main] w.s.c.ServletWebServerApplicationContext : Root WebApplicationContext: initialization completed in 437 ms
2023-12-19T12:11:28.953+01:00  INFO 15668 --- [           main] o.hibernate.jpa.internal.util.LogHelper  : HHH000204: Processing PersistenceUnitInfo [name: default]
2023-12-19T12:11:28.960+01:00  INFO 15668 --- [           main] o.s.o.j.p.SpringPersistenceUnitInfo      : No LoadTimeWeaver setup: ignoring JPA class transformer
2023-12-19T12:11:28.961+01:00  INFO 15668 --- [           main] com.zaxxer.hikari.HikariDataSource       : HikariPool-4 - Starting...
2023-12-19T12:11:28.962+01:00  INFO 15668 --- [           main] com.zaxxer.hikari.pool.HikariPool        : HikariPool-4 - Added connection conn30: url=jdbc:h2:mem:db user=SA
2023-12-19T12:11:28.962+01:00  INFO 15668 --- [           main] com.zaxxer.hikari.HikariDataSource       : HikariPool-4 - Start completed.
2023-12-19T12:11:28.963+01:00  WARN 15668 --- [           main] org.hibernate.orm.deprecation            : HHH90000025: H2Dialect does not need to be specified explicitly using 'hibernate.dialect' (remove the property setting and it will be selected by default)
2023-12-19T12:11:28.981+01:00  WARN 15668 --- [           main] org.hibernate.mapping.RootClass          : HHH000038: Composite-id class does not override equals(): com.example.ProjectService.JoinTable.ProjectMembership
2023-12-19T12:11:28.983+01:00  WARN 15668 --- [           main] org.hibernate.mapping.RootClass          : HHH000039: Composite-id class does not override hashCode(): com.example.ProjectService.JoinTable.ProjectMembership
2023-12-19T12:11:29.025+01:00  INFO 15668 --- [           main] o.h.e.t.j.p.i.JtaPlatformInitiator       : HHH000489: No JTA platform available (set 'hibernate.transaction.jta.platform' to enable JTA platform integration)
2023-12-19T12:11:29.025+01:00 DEBUG 15668 --- [           main] org.hibernate.SQL                        : drop table if exists project cascade 
2023-12-19T12:11:29.025+01:00 DEBUG 15668 --- [           main] org.hibernate.SQL                        : drop table if exists projectmember cascade 
2023-12-19T12:11:29.025+01:00 DEBUG 15668 --- [           main] org.hibernate.SQL                        : drop table if exists projectmembership cascade 
2023-12-19T12:11:29.025+01:00 DEBUG 15668 --- [           main] org.hibernate.SQL                        : drop table if exists projectrole cascade 
2023-12-19T12:11:29.025+01:00 DEBUG 15668 --- [           main] org.hibernate.SQL                        : create table project (createdat timestamp(6) not null, id bigint generated by default as identity, lastupdatedat timestamp(6) not null, owner_id bigint, projectname varchar(20) not null, projectdescription varchar(50) not null, primary key (id))
2023-12-19T12:11:29.026+01:00 DEBUG 15668 --- [           main] org.hibernate.SQL                        : create table projectmember (id bigint not null, email varchar(20) not null unique, primary key (id))
2023-12-19T12:11:29.027+01:00 DEBUG 15668 --- [           main] org.hibernate.SQL                        : create table projectmembership (joinedproject_id bigint not null, member_id bigint not null, role_id bigint not null, primary key (joinedproject_id, member_id, role_id))
2023-12-19T12:11:29.028+01:00 DEBUG 15668 --- [           main] org.hibernate.SQL                        : create table projectrole (id bigint generated by default as identity, name varchar(255) unique, primary key (id))
2023-12-19T12:11:29.029+01:00 DEBUG 15668 --- [           main] org.hibernate.SQL                        : alter table if exists project add constraint FKgela6raf25bsa6thxog5x8lkv foreign key (owner_id) references projectmember
2023-12-19T12:11:29.031+01:00 DEBUG 15668 --- [           main] org.hibernate.SQL                        : alter table if exists projectmembership add constraint FKr5hoxnh9k5nutty4hon93c6fe foreign key (joinedproject_id) references project
2023-12-19T12:11:29.032+01:00 DEBUG 15668 --- [           main] org.hibernate.SQL                        : alter table if exists projectmembership add constraint FKt45jjcbtrrsgom05jwu0fje4b foreign key (member_id) references projectmember
2023-12-19T12:11:29.033+01:00 DEBUG 15668 --- [           main] org.hibernate.SQL                        : alter table if exists projectmembership add constraint FKfnovlarbluovef58uneoi1li1 foreign key (role_id) references projectrole
2023-12-19T12:11:29.035+01:00  INFO 15668 --- [           main] j.LocalContainerEntityManagerFactoryBean : Initialized JPA EntityManagerFactory for persistence unit 'default'
2023-12-19T12:11:29.106+01:00  WARN 15668 --- [           main] JpaBaseConfiguration$JpaWebConfiguration : spring.jpa.open-in-view is enabled by default. Therefore, database queries may be performed during view rendering. Explicitly configure spring.jpa.open-in-view to disable this warning
2023-12-19T12:11:29.293+01:00  INFO 15668 --- [           main] o.a.c.c.C.[Tomcat].[localhost].[/]       : Initializing Spring TestDispatcherServlet ''
2023-12-19T12:11:29.293+01:00  INFO 15668 --- [           main] o.s.t.web.servlet.TestDispatcherServlet  : Initializing Servlet ''
2023-12-19T12:11:29.296+01:00  INFO 15668 --- [           main] o.s.b.a.e.web.EndpointLinksResolver      : Exposing 13 endpoint(s) beneath base path '/actuator'
2023-12-19T12:11:29.304+01:00  INFO 15668 --- [           main] o.s.t.web.servlet.TestDispatcherServlet  : Completed initialization in 11 ms
2023-12-19T12:11:29.315+01:00  INFO 15668 --- [           main] o.a.k.clients.admin.AdminClientConfig    : AdminClientConfig values: 
	auto.include.jmx.reporter = true
	bootstrap.servers = [localhost:29092]
	client.dns.lookup = use_all_dns_ips
	client.id = 
	connections.max.idle.ms = 300000
	default.api.timeout.ms = 60000
	metadata.max.age.ms = 300000
	metric.reporters = []
	metrics.num.samples = 2
	metrics.recording.level = INFO
	metrics.sample.window.ms = 30000
	receive.buffer.bytes = 65536
	reconnect.backoff.max.ms = 1000
	reconnect.backoff.ms = 50
	request.timeout.ms = 30000
	retries = 2147483647
	retry.backoff.ms = 100
	sasl.client.callback.handler.class = null
	sasl.jaas.config = null
	sasl.kerberos.kinit.cmd = /usr/bin/kinit
	sasl.kerberos.min.time.before.relogin = 60000
	sasl.kerberos.service.name = null
	sasl.kerberos.ticket.renew.jitter = 0.05
	sasl.kerberos.ticket.renew.window.factor = 0.8
	sasl.login.callback.handler.class = null
	sasl.login.class = null
	sasl.login.connect.timeout.ms = null
	sasl.login.read.timeout.ms = null
	sasl.login.refresh.buffer.seconds = 300
	sasl.login.refresh.min.period.seconds = 60
	sasl.login.refresh.window.factor = 0.8
	sasl.login.refresh.window.jitter = 0.05
	sasl.login.retry.backoff.max.ms = 10000
	sasl.login.retry.backoff.ms = 100
	sasl.mechanism = GSSAPI
	sasl.oauthbearer.clock.skew.seconds = 30
	sasl.oauthbearer.expected.audience = null
	sasl.oauthbearer.expected.issuer = null
	sasl.oauthbearer.jwks.endpoint.refresh.ms = 3600000
	sasl.oauthbearer.jwks.endpoint.retry.backoff.max.ms = 10000
	sasl.oauthbearer.jwks.endpoint.retry.backoff.ms = 100
	sasl.oauthbearer.jwks.endpoint.url = null
	sasl.oauthbearer.scope.claim.name = scope
	sasl.oauthbearer.sub.claim.name = sub
	sasl.oauthbearer.token.endpoint.url = null
	security.protocol = PLAINTEXT
	security.providers = null
	send.buffer.bytes = 131072
	socket.connection.setup.timeout.max.ms = 30000
	socket.connection.setup.timeout.ms = 10000
	ssl.cipher.suites = null
	ssl.enabled.protocols = [TLSv1.2, TLSv1.3]
	ssl.endpoint.identification.algorithm = https
	ssl.engine.factory.class = null
	ssl.key.password = null
	ssl.keymanager.algorithm = SunX509
	ssl.keystore.certificate.chain = null
	ssl.keystore.key = null
	ssl.keystore.location = null
	ssl.keystore.password = null
	ssl.keystore.type = JKS
	ssl.protocol = TLSv1.3
	ssl.provider = null
	ssl.secure.random.implementation = null
	ssl.trustmanager.algorithm = PKIX
	ssl.truststore.certificates = null
	ssl.truststore.location = null
	ssl.truststore.password = null
	ssl.truststore.type = JKS

2023-12-19T12:11:29.320+01:00  INFO 15668 --- [           main] o.a.kafka.common.utils.AppInfoParser     : Kafka version: 3.4.1
2023-12-19T12:11:29.320+01:00  INFO 15668 --- [           main] o.a.kafka.common.utils.AppInfoParser     : Kafka commitId: 8a516edc2755df89
2023-12-19T12:11:29.320+01:00  INFO 15668 --- [           main] o.a.kafka.common.utils.AppInfoParser     : Kafka startTimeMs: 1702984289320
2023-12-19T12:11:29.322+01:00  INFO 15668 --- [| adminclient-4] org.apache.kafka.clients.NetworkClient   : [AdminClient clientId=adminclient-4] Node -1 disconnected.
2023-12-19T12:11:29.322+01:00  WARN 15668 --- [| adminclient-4] org.apache.kafka.clients.NetworkClient   : [AdminClient clientId=adminclient-4] Connection to node -1 (localhost/127.0.0.1:29092) could not be established. Broker may not be available.
2023-12-19T12:11:29.425+01:00  INFO 15668 --- [| adminclient-4] org.apache.kafka.clients.NetworkClient   : [AdminClient clientId=adminclient-4] Node -1 disconnected.
2023-12-19T12:11:29.425+01:00  WARN 15668 --- [| adminclient-4] org.apache.kafka.clients.NetworkClient   : [AdminClient clientId=adminclient-4] Connection to node -1 (localhost/127.0.0.1:29092) could not be established. Broker may not be available.
2023-12-19T12:11:29.534+01:00  INFO 15668 --- [| adminclient-4] org.apache.kafka.clients.NetworkClient   : [AdminClient clientId=adminclient-4] Node -1 disconnected.
2023-12-19T12:11:29.534+01:00  WARN 15668 --- [| adminclient-4] org.apache.kafka.clients.NetworkClient   : [AdminClient clientId=adminclient-4] Connection to node -1 (localhost/127.0.0.1:29092) could not be established. Broker may not be available.
2023-12-19T12:11:29.752+01:00  INFO 15668 --- [| adminclient-4] org.apache.kafka.clients.NetworkClient   : [AdminClient clientId=adminclient-4] Node -1 disconnected.
2023-12-19T12:11:29.753+01:00  WARN 15668 --- [| adminclient-4] org.apache.kafka.clients.NetworkClient   : [AdminClient clientId=adminclient-4] Connection to node -1 (localhost/127.0.0.1:29092) could not be established. Broker may not be available.
2023-12-19T12:11:30.187+01:00  INFO 15668 --- [| adminclient-4] org.apache.kafka.clients.NetworkClient   : [AdminClient clientId=adminclient-4] Node -1 disconnected.
2023-12-19T12:11:30.187+01:00  WARN 15668 --- [| adminclient-4] org.apache.kafka.clients.NetworkClient   : [AdminClient clientId=adminclient-4] Connection to node -1 (localhost/127.0.0.1:29092) could not be established. Broker may not be available.
2023-12-19T12:11:30.932+01:00  INFO 15668 --- [| adminclient-4] org.apache.kafka.clients.NetworkClient   : [AdminClient clientId=adminclient-4] Node -1 disconnected.
2023-12-19T12:11:30.932+01:00  WARN 15668 --- [| adminclient-4] org.apache.kafka.clients.NetworkClient   : [AdminClient clientId=adminclient-4] Connection to node -1 (localhost/127.0.0.1:29092) could not be established. Broker may not be available.
2023-12-19T12:11:31.795+01:00  INFO 15668 --- [| adminclient-4] org.apache.kafka.clients.NetworkClient   : [AdminClient clientId=adminclient-4] Node -1 disconnected.
2023-12-19T12:11:31.795+01:00  WARN 15668 --- [| adminclient-4] org.apache.kafka.clients.NetworkClient   : [AdminClient clientId=adminclient-4] Connection to node -1 (localhost/127.0.0.1:29092) could not be established. Broker may not be available.
2023-12-19T12:11:32.888+01:00  INFO 15668 --- [| adminclient-4] org.apache.kafka.clients.NetworkClient   : [AdminClient clientId=adminclient-4] Node -1 disconnected.
2023-12-19T12:11:32.888+01:00  WARN 15668 --- [| adminclient-4] org.apache.kafka.clients.NetworkClient   : [AdminClient clientId=adminclient-4] Connection to node -1 (localhost/127.0.0.1:29092) could not be established. Broker may not be available.
2023-12-19T12:11:33.971+01:00  INFO 15668 --- [| adminclient-4] org.apache.kafka.clients.NetworkClient   : [AdminClient clientId=adminclient-4] Node -1 disconnected.
2023-12-19T12:11:33.972+01:00  WARN 15668 --- [| adminclient-4] org.apache.kafka.clients.NetworkClient   : [AdminClient clientId=adminclient-4] Connection to node -1 (localhost/127.0.0.1:29092) could not be established. Broker may not be available.
2023-12-19T12:11:34.844+01:00  INFO 15668 --- [| adminclient-4] org.apache.kafka.clients.NetworkClient   : [AdminClient clientId=adminclient-4] Node -1 disconnected.
2023-12-19T12:11:34.844+01:00  WARN 15668 --- [| adminclient-4] org.apache.kafka.clients.NetworkClient   : [AdminClient clientId=adminclient-4] Connection to node -1 (localhost/127.0.0.1:29092) could not be established. Broker may not be available.
2023-12-19T12:11:35.808+01:00  INFO 15668 --- [| adminclient-4] org.apache.kafka.clients.NetworkClient   : [AdminClient clientId=adminclient-4] Node -1 disconnected.
2023-12-19T12:11:35.808+01:00  WARN 15668 --- [| adminclient-4] org.apache.kafka.clients.NetworkClient   : [AdminClient clientId=adminclient-4] Connection to node -1 (localhost/127.0.0.1:29092) could not be established. Broker may not be available.
2023-12-19T12:11:36.892+01:00  INFO 15668 --- [| adminclient-4] org.apache.kafka.clients.NetworkClient   : [AdminClient clientId=adminclient-4] Node -1 disconnected.
2023-12-19T12:11:36.894+01:00  WARN 15668 --- [| adminclient-4] org.apache.kafka.clients.NetworkClient   : [AdminClient clientId=adminclient-4] Connection to node -1 (localhost/127.0.0.1:29092) could not be established. Broker may not be available.
2023-12-19T12:11:37.961+01:00  INFO 15668 --- [| adminclient-4] org.apache.kafka.clients.NetworkClient   : [AdminClient clientId=adminclient-4] Node -1 disconnected.
2023-12-19T12:11:37.961+01:00  WARN 15668 --- [| adminclient-4] org.apache.kafka.clients.NetworkClient   : [AdminClient clientId=adminclient-4] Connection to node -1 (localhost/127.0.0.1:29092) could not be established. Broker may not be available.
2023-12-19T12:11:39.157+01:00  INFO 15668 --- [| adminclient-4] org.apache.kafka.clients.NetworkClient   : [AdminClient clientId=adminclient-4] Node -1 disconnected.
2023-12-19T12:11:39.157+01:00  WARN 15668 --- [| adminclient-4] org.apache.kafka.clients.NetworkClient   : [AdminClient clientId=adminclient-4] Connection to node -1 (localhost/127.0.0.1:29092) could not be established. Broker may not be available.
2023-12-19T12:11:40.321+01:00  INFO 15668 --- [| adminclient-4] org.apache.kafka.clients.NetworkClient   : [AdminClient clientId=adminclient-4] Node -1 disconnected.
2023-12-19T12:11:40.321+01:00  WARN 15668 --- [| adminclient-4] org.apache.kafka.clients.NetworkClient   : [AdminClient clientId=adminclient-4] Connection to node -1 (localhost/127.0.0.1:29092) could not be established. Broker may not be available.
2023-12-19T12:11:41.294+01:00  INFO 15668 --- [| adminclient-4] org.apache.kafka.clients.NetworkClient   : [AdminClient clientId=adminclient-4] Node -1 disconnected.
2023-12-19T12:11:41.295+01:00  WARN 15668 --- [| adminclient-4] org.apache.kafka.clients.NetworkClient   : [AdminClient clientId=adminclient-4] Connection to node -1 (localhost/127.0.0.1:29092) could not be established. Broker may not be available.
2023-12-19T12:11:42.378+01:00  INFO 15668 --- [| adminclient-4] org.apache.kafka.clients.NetworkClient   : [AdminClient clientId=adminclient-4] Node -1 disconnected.
2023-12-19T12:11:42.378+01:00  WARN 15668 --- [| adminclient-4] org.apache.kafka.clients.NetworkClient   : [AdminClient clientId=adminclient-4] Connection to node -1 (localhost/127.0.0.1:29092) could not be established. Broker may not be available.
2023-12-19T12:11:43.454+01:00  INFO 15668 --- [| adminclient-4] org.apache.kafka.clients.NetworkClient   : [AdminClient clientId=adminclient-4] Node -1 disconnected.
2023-12-19T12:11:43.454+01:00  WARN 15668 --- [| adminclient-4] org.apache.kafka.clients.NetworkClient   : [AdminClient clientId=adminclient-4] Connection to node -1 (localhost/127.0.0.1:29092) could not be established. Broker may not be available.
2023-12-19T12:11:44.434+01:00  INFO 15668 --- [| adminclient-4] org.apache.kafka.clients.NetworkClient   : [AdminClient clientId=adminclient-4] Node -1 disconnected.
2023-12-19T12:11:44.434+01:00  WARN 15668 --- [| adminclient-4] org.apache.kafka.clients.NetworkClient   : [AdminClient clientId=adminclient-4] Connection to node -1 (localhost/127.0.0.1:29092) could not be established. Broker may not be available.
2023-12-19T12:11:45.411+01:00  INFO 15668 --- [| adminclient-4] org.apache.kafka.clients.NetworkClient   : [AdminClient clientId=adminclient-4] Node -1 disconnected.
2023-12-19T12:11:45.411+01:00  WARN 15668 --- [| adminclient-4] org.apache.kafka.clients.NetworkClient   : [AdminClient clientId=adminclient-4] Connection to node -1 (localhost/127.0.0.1:29092) could not be established. Broker may not be available.
2023-12-19T12:11:46.592+01:00  INFO 15668 --- [| adminclient-4] org.apache.kafka.clients.NetworkClient   : [AdminClient clientId=adminclient-4] Node -1 disconnected.
2023-12-19T12:11:46.592+01:00  WARN 15668 --- [| adminclient-4] org.apache.kafka.clients.NetworkClient   : [AdminClient clientId=adminclient-4] Connection to node -1 (localhost/127.0.0.1:29092) could not be established. Broker may not be available.
2023-12-19T12:11:47.463+01:00  INFO 15668 --- [| adminclient-4] org.apache.kafka.clients.NetworkClient   : [AdminClient clientId=adminclient-4] Node -1 disconnected.
2023-12-19T12:11:47.463+01:00  WARN 15668 --- [| adminclient-4] org.apache.kafka.clients.NetworkClient   : [AdminClient clientId=adminclient-4] Connection to node -1 (localhost/127.0.0.1:29092) could not be established. Broker may not be available.
2023-12-19T12:11:48.519+01:00  INFO 15668 --- [| adminclient-4] org.apache.kafka.clients.NetworkClient   : [AdminClient clientId=adminclient-4] Node -1 disconnected.
2023-12-19T12:11:48.519+01:00  WARN 15668 --- [| adminclient-4] org.apache.kafka.clients.NetworkClient   : [AdminClient clientId=adminclient-4] Connection to node -1 (localhost/127.0.0.1:29092) could not be established. Broker may not be available.
2023-12-19T12:11:49.719+01:00  INFO 15668 --- [| adminclient-4] org.apache.kafka.clients.NetworkClient   : [AdminClient clientId=adminclient-4] Node -1 disconnected.
2023-12-19T12:11:49.719+01:00  WARN 15668 --- [| adminclient-4] org.apache.kafka.clients.NetworkClient   : [AdminClient clientId=adminclient-4] Connection to node -1 (localhost/127.0.0.1:29092) could not be established. Broker may not be available.
2023-12-19T12:11:50.808+01:00  INFO 15668 --- [| adminclient-4] org.apache.kafka.clients.NetworkClient   : [AdminClient clientId=adminclient-4] Node -1 disconnected.
2023-12-19T12:11:50.808+01:00  WARN 15668 --- [| adminclient-4] org.apache.kafka.clients.NetworkClient   : [AdminClient clientId=adminclient-4] Connection to node -1 (localhost/127.0.0.1:29092) could not be established. Broker may not be available.
2023-12-19T12:11:51.989+01:00  INFO 15668 --- [| adminclient-4] org.apache.kafka.clients.NetworkClient   : [AdminClient clientId=adminclient-4] Node -1 disconnected.
2023-12-19T12:11:51.989+01:00  WARN 15668 --- [| adminclient-4] org.apache.kafka.clients.NetworkClient   : [AdminClient clientId=adminclient-4] Connection to node -1 (localhost/127.0.0.1:29092) could not be established. Broker may not be available.
2023-12-19T12:11:52.938+01:00  INFO 15668 --- [| adminclient-4] org.apache.kafka.clients.NetworkClient   : [AdminClient clientId=adminclient-4] Node -1 disconnected.
2023-12-19T12:11:52.939+01:00  WARN 15668 --- [| adminclient-4] org.apache.kafka.clients.NetworkClient   : [AdminClient clientId=adminclient-4] Connection to node -1 (localhost/127.0.0.1:29092) could not be established. Broker may not be available.
2023-12-19T12:11:54.123+01:00  INFO 15668 --- [| adminclient-4] org.apache.kafka.clients.NetworkClient   : [AdminClient clientId=adminclient-4] Node -1 disconnected.
2023-12-19T12:11:54.123+01:00  WARN 15668 --- [| adminclient-4] org.apache.kafka.clients.NetworkClient   : [AdminClient clientId=adminclient-4] Connection to node -1 (localhost/127.0.0.1:29092) could not be established. Broker may not be available.
2023-12-19T12:11:55.103+01:00  INFO 15668 --- [| adminclient-4] org.apache.kafka.clients.NetworkClient   : [AdminClient clientId=adminclient-4] Node -1 disconnected.
2023-12-19T12:11:55.103+01:00  WARN 15668 --- [| adminclient-4] org.apache.kafka.clients.NetworkClient   : [AdminClient clientId=adminclient-4] Connection to node -1 (localhost/127.0.0.1:29092) could not be established. Broker may not be available.
2023-12-19T12:11:56.087+01:00  INFO 15668 --- [| adminclient-4] org.apache.kafka.clients.NetworkClient   : [AdminClient clientId=adminclient-4] Node -1 disconnected.
2023-12-19T12:11:56.087+01:00  WARN 15668 --- [| adminclient-4] org.apache.kafka.clients.NetworkClient   : [AdminClient clientId=adminclient-4] Connection to node -1 (localhost/127.0.0.1:29092) could not be established. Broker may not be available.
2023-12-19T12:11:56.955+01:00  INFO 15668 --- [| adminclient-4] org.apache.kafka.clients.NetworkClient   : [AdminClient clientId=adminclient-4] Node -1 disconnected.
2023-12-19T12:11:56.956+01:00  WARN 15668 --- [| adminclient-4] org.apache.kafka.clients.NetworkClient   : [AdminClient clientId=adminclient-4] Connection to node -1 (localhost/127.0.0.1:29092) could not be established. Broker may not be available.
2023-12-19T12:11:57.904+01:00  INFO 15668 --- [| adminclient-4] org.apache.kafka.clients.NetworkClient   : [AdminClient clientId=adminclient-4] Node -1 disconnected.
2023-12-19T12:11:57.904+01:00  WARN 15668 --- [| adminclient-4] org.apache.kafka.clients.NetworkClient   : [AdminClient clientId=adminclient-4] Connection to node -1 (localhost/127.0.0.1:29092) could not be established. Broker may not be available.
2023-12-19T12:11:58.775+01:00  INFO 15668 --- [| adminclient-4] org.apache.kafka.clients.NetworkClient   : [AdminClient clientId=adminclient-4] Node -1 disconnected.
2023-12-19T12:11:58.775+01:00  WARN 15668 --- [| adminclient-4] org.apache.kafka.clients.NetworkClient   : [AdminClient clientId=adminclient-4] Connection to node -1 (localhost/127.0.0.1:29092) could not be established. Broker may not be available.
2023-12-19T12:11:59.336+01:00  INFO 15668 --- [| adminclient-4] o.a.k.c.a.i.AdminMetadataManager         : [AdminClient clientId=adminclient-4] Metadata update failed

org.apache.kafka.common.errors.TimeoutException: Timed out waiting for a node assignment. Call: fetchMetadata

2023-12-19T12:11:59.336+01:00 ERROR 15668 --- [           main] o.springframework.kafka.core.KafkaAdmin  : Could not configure topics

java.util.concurrent.TimeoutException: null
	at java.base/java.util.concurrent.CompletableFuture.timedGet(CompletableFuture.java:1960) ~[na:na]
	at java.base/java.util.concurrent.CompletableFuture.get(CompletableFuture.java:2095) ~[na:na]
	at org.apache.kafka.common.internals.KafkaFutureImpl.get(KafkaFutureImpl.java:180) ~[kafka-clients-3.4.1.jar:na]
	at org.springframework.kafka.core.KafkaAdmin.initialize(KafkaAdmin.java:243) ~[spring-kafka-3.0.12.jar:3.0.12]
	at org.springframework.kafka.core.KafkaAdmin.afterSingletonsInstantiated(KafkaAdmin.java:212) ~[spring-kafka-3.0.12.jar:3.0.12]
	at org.springframework.beans.factory.support.DefaultListableBeanFactory.preInstantiateSingletons(DefaultListableBeanFactory.java:984) ~[spring-beans-6.0.13.jar:6.0.13]
	at org.springframework.context.support.AbstractApplicationContext.finishBeanFactoryInitialization(AbstractApplicationContext.java:950) ~[spring-context-6.0.13.jar:6.0.13]
	at org.springframework.context.support.AbstractApplicationContext.refresh(AbstractApplicationContext.java:616) ~[spring-context-6.0.13.jar:6.0.13]
	at org.springframework.boot.web.servlet.context.ServletWebServerApplicationContext.refresh(ServletWebServerApplicationContext.java:146) ~[spring-boot-3.1.5.jar:3.1.5]
	at org.springframework.boot.SpringApplication.refresh(SpringApplication.java:738) ~[spring-boot-3.1.5.jar:3.1.5]
	at org.springframework.boot.SpringApplication.refreshContext(SpringApplication.java:440) ~[spring-boot-3.1.5.jar:3.1.5]
	at org.springframework.boot.SpringApplication.run(SpringApplication.java:316) ~[spring-boot-3.1.5.jar:3.1.5]
	at org.springframework.boot.test.context.SpringBootContextLoader.lambda$loadContext$3(SpringBootContextLoader.java:137) ~[spring-boot-test-3.1.5.jar:3.1.5]
	at org.springframework.util.function.ThrowingSupplier.get(ThrowingSupplier.java:58) ~[spring-core-6.0.13.jar:6.0.13]
	at org.springframework.util.function.ThrowingSupplier.get(ThrowingSupplier.java:46) ~[spring-core-6.0.13.jar:6.0.13]
	at org.springframework.boot.SpringApplication.withHook(SpringApplication.java:1406) ~[spring-boot-3.1.5.jar:3.1.5]
	at org.springframework.boot.test.context.SpringBootContextLoader$ContextLoaderHook.run(SpringBootContextLoader.java:545) ~[spring-boot-test-3.1.5.jar:3.1.5]
	at org.springframework.boot.test.context.SpringBootContextLoader.loadContext(SpringBootContextLoader.java:137) ~[spring-boot-test-3.1.5.jar:3.1.5]
	at org.springframework.boot.test.context.SpringBootContextLoader.loadContext(SpringBootContextLoader.java:108) ~[spring-boot-test-3.1.5.jar:3.1.5]
	at org.springframework.test.context.cache.DefaultCacheAwareContextLoaderDelegate.loadContextInternal(DefaultCacheAwareContextLoaderDelegate.java:187) ~[spring-test-6.0.13.jar:6.0.13]
	at org.springframework.test.context.cache.DefaultCacheAwareContextLoaderDelegate.loadContext(DefaultCacheAwareContextLoaderDelegate.java:119) ~[spring-test-6.0.13.jar:6.0.13]
	at org.springframework.test.context.support.DefaultTestContext.getApplicationContext(DefaultTestContext.java:127) ~[spring-test-6.0.13.jar:6.0.13]
	at org.springframework.boot.test.mock.mockito.MockitoTestExecutionListener.postProcessFields(MockitoTestExecutionListener.java:110) ~[spring-boot-test-3.1.5.jar:3.1.5]
	at org.springframework.boot.test.mock.mockito.MockitoTestExecutionListener.reinjectFields(MockitoTestExecutionListener.java:99) ~[spring-boot-test-3.1.5.jar:3.1.5]
	at org.springframework.boot.test.mock.mockito.MockitoTestExecutionListener.beforeTestMethod(MockitoTestExecutionListener.java:69) ~[spring-boot-test-3.1.5.jar:3.1.5]
	at org.springframework.test.context.TestContextManager.beforeTestMethod(TestContextManager.java:288) ~[spring-test-6.0.13.jar:6.0.13]
	at org.springframework.test.context.junit.jupiter.SpringExtension.beforeEach(SpringExtension.java:174) ~[spring-test-6.0.13.jar:6.0.13]
	at org.junit.jupiter.engine.descriptor.TestMethodTestDescriptor.lambda$invokeBeforeEachCallbacks$2(TestMethodTestDescriptor.java:166) ~[junit-jupiter-engine-5.9.3.jar:5.9.3]
	at org.junit.jupiter.engine.descriptor.TestMethodTestDescriptor.lambda$invokeBeforeMethodsOrCallbacksUntilExceptionOccurs$6(TestMethodTestDescriptor.java:202) ~[junit-jupiter-engine-5.9.3.jar:5.9.3]
	at org.junit.platform.engine.support.hierarchical.ThrowableCollector.execute(ThrowableCollector.java:73) ~[junit-platform-engine-1.9.3.jar:1.9.3]
	at org.junit.jupiter.engine.descriptor.TestMethodTestDescriptor.invokeBeforeMethodsOrCallbacksUntilExceptionOccurs(TestMethodTestDescriptor.java:202) ~[junit-jupiter-engine-5.9.3.jar:5.9.3]
	at org.junit.jupiter.engine.descriptor.TestMethodTestDescriptor.invokeBeforeEachCallbacks(TestMethodTestDescriptor.java:165) ~[junit-jupiter-engine-5.9.3.jar:5.9.3]
	at org.junit.jupiter.engine.descriptor.TestMethodTestDescriptor.execute(TestMethodTestDescriptor.java:132) ~[junit-jupiter-engine-5.9.3.jar:5.9.3]
	at org.junit.jupiter.engine.descriptor.TestMethodTestDescriptor.execute(TestMethodTestDescriptor.java:68) ~[junit-jupiter-engine-5.9.3.jar:5.9.3]
	at org.junit.platform.engine.support.hierarchical.NodeTestTask.lambda$executeRecursively$6(NodeTestTask.java:151) ~[junit-platform-engine-1.9.3.jar:1.9.3]
	at org.junit.platform.engine.support.hierarchical.ThrowableCollector.execute(ThrowableCollector.java:73) ~[junit-platform-engine-1.9.3.jar:1.9.3]
	at org.junit.platform.engine.support.hierarchical.NodeTestTask.lambda$executeRecursively$8(NodeTestTask.java:141) ~[junit-platform-engine-1.9.3.jar:1.9.3]
	at org.junit.platform.engine.support.hierarchical.Node.around(Node.java:137) ~[junit-platform-engine-1.9.3.jar:1.9.3]
	at org.junit.platform.engine.support.hierarchical.NodeTestTask.lambda$executeRecursively$9(NodeTestTask.java:139) ~[junit-platform-engine-1.9.3.jar:1.9.3]
	at org.junit.platform.engine.support.hierarchical.ThrowableCollector.execute(ThrowableCollector.java:73) ~[junit-platform-engine-1.9.3.jar:1.9.3]
	at org.junit.platform.engine.support.hierarchical.NodeTestTask.executeRecursively(NodeTestTask.java:138) ~[junit-platform-engine-1.9.3.jar:1.9.3]
	at org.junit.platform.engine.support.hierarchical.NodeTestTask.execute(NodeTestTask.java:95) ~[junit-platform-engine-1.9.3.jar:1.9.3]
	at java.base/java.util.ArrayList.forEach(ArrayList.java:1511) ~[na:na]
	at org.junit.platform.engine.support.hierarchical.SameThreadHierarchicalTestExecutorService.invokeAll(SameThreadHierarchicalTestExecutorService.java:41) ~[junit-platform-engine-1.9.3.jar:1.9.3]
	at org.junit.platform.engine.support.hierarchical.NodeTestTask.lambda$executeRecursively$6(NodeTestTask.java:155) ~[junit-platform-engine-1.9.3.jar:1.9.3]
	at org.junit.platform.engine.support.hierarchical.ThrowableCollector.execute(ThrowableCollector.java:73) ~[junit-platform-engine-1.9.3.jar:1.9.3]
	at org.junit.platform.engine.support.hierarchical.NodeTestTask.lambda$executeRecursively$8(NodeTestTask.java:141) ~[junit-platform-engine-1.9.3.jar:1.9.3]
	at org.junit.platform.engine.support.hierarchical.Node.around(Node.java:137) ~[junit-platform-engine-1.9.3.jar:1.9.3]
	at org.junit.platform.engine.support.hierarchical.NodeTestTask.lambda$executeRecursively$9(NodeTestTask.java:139) ~[junit-platform-engine-1.9.3.jar:1.9.3]
	at org.junit.platform.engine.support.hierarchical.ThrowableCollector.execute(ThrowableCollector.java:73) ~[junit-platform-engine-1.9.3.jar:1.9.3]
	at org.junit.platform.engine.support.hierarchical.NodeTestTask.executeRecursively(NodeTestTask.java:138) ~[junit-platform-engine-1.9.3.jar:1.9.3]
	at org.junit.platform.engine.support.hierarchical.NodeTestTask.execute(NodeTestTask.java:95) ~[junit-platform-engine-1.9.3.jar:1.9.3]
	at java.base/java.util.ArrayList.forEach(ArrayList.java:1511) ~[na:na]
	at org.junit.platform.engine.support.hierarchical.SameThreadHierarchicalTestExecutorService.invokeAll(SameThreadHierarchicalTestExecutorService.java:41) ~[junit-platform-engine-1.9.3.jar:1.9.3]
	at org.junit.platform.engine.support.hierarchical.NodeTestTask.lambda$executeRecursively$6(NodeTestTask.java:155) ~[junit-platform-engine-1.9.3.jar:1.9.3]
	at org.junit.platform.engine.support.hierarchical.ThrowableCollector.execute(ThrowableCollector.java:73) ~[junit-platform-engine-1.9.3.jar:1.9.3]
	at org.junit.platform.engine.support.hierarchical.NodeTestTask.lambda$executeRecursively$8(NodeTestTask.java:141) ~[junit-platform-engine-1.9.3.jar:1.9.3]
	at org.junit.platform.engine.support.hierarchical.Node.around(Node.java:137) ~[junit-platform-engine-1.9.3.jar:1.9.3]
	at org.junit.platform.engine.support.hierarchical.NodeTestTask.lambda$executeRecursively$9(NodeTestTask.java:139) ~[junit-platform-engine-1.9.3.jar:1.9.3]
	at org.junit.platform.engine.support.hierarchical.ThrowableCollector.execute(ThrowableCollector.java:73) ~[junit-platform-engine-1.9.3.jar:1.9.3]
	at org.junit.platform.engine.support.hierarchical.NodeTestTask.executeRecursively(NodeTestTask.java:138) ~[junit-platform-engine-1.9.3.jar:1.9.3]
	at org.junit.platform.engine.support.hierarchical.NodeTestTask.execute(NodeTestTask.java:95) ~[junit-platform-engine-1.9.3.jar:1.9.3]
	at org.junit.platform.engine.support.hierarchical.SameThreadHierarchicalTestExecutorService.submit(SameThreadHierarchicalTestExecutorService.java:35) ~[junit-platform-engine-1.9.3.jar:1.9.3]
	at org.junit.platform.engine.support.hierarchical.HierarchicalTestExecutor.execute(HierarchicalTestExecutor.java:57) ~[junit-platform-engine-1.9.3.jar:1.9.3]
	at org.junit.platform.engine.support.hierarchical.HierarchicalTestEngine.execute(HierarchicalTestEngine.java:54) ~[junit-platform-engine-1.9.3.jar:1.9.3]
	at org.junit.platform.launcher.core.EngineExecutionOrchestrator.execute(EngineExecutionOrchestrator.java:147) ~[junit-platform-launcher-1.9.3.jar:1.9.3]
	at org.junit.platform.launcher.core.EngineExecutionOrchestrator.execute(EngineExecutionOrchestrator.java:127) ~[junit-platform-launcher-1.9.3.jar:1.9.3]
	at org.junit.platform.launcher.core.EngineExecutionOrchestrator.execute(EngineExecutionOrchestrator.java:90) ~[junit-platform-launcher-1.9.3.jar:1.9.3]
	at org.junit.platform.launcher.core.EngineExecutionOrchestrator.lambda$execute$0(EngineExecutionOrchestrator.java:55) ~[junit-platform-launcher-1.9.3.jar:1.9.3]
	at org.junit.platform.launcher.core.EngineExecutionOrchestrator.withInterceptedStreams(EngineExecutionOrchestrator.java:102) ~[junit-platform-launcher-1.9.3.jar:1.9.3]
	at org.junit.platform.launcher.core.EngineExecutionOrchestrator.execute(EngineExecutionOrchestrator.java:54) ~[junit-platform-launcher-1.9.3.jar:1.9.3]
	at org.junit.platform.launcher.core.DefaultLauncher.execute(DefaultLauncher.java:114) ~[junit-platform-launcher-1.9.3.jar:1.9.3]
	at org.junit.platform.launcher.core.DefaultLauncher.execute(DefaultLauncher.java:86) ~[junit-platform-launcher-1.9.3.jar:1.9.3]
	at org.junit.platform.launcher.core.DefaultLauncherSession$DelegatingLauncher.execute(DefaultLauncherSession.java:86) ~[junit-platform-launcher-1.9.3.jar:1.9.3]
	at org.apache.maven.surefire.junitplatform.LazyLauncher.execute(LazyLauncher.java:50) ~[surefire-junit-platform-3.0.0.jar:3.0.0]
	at org.apache.maven.surefire.junitplatform.JUnitPlatformProvider.execute(JUnitPlatformProvider.java:184) ~[surefire-junit-platform-3.0.0.jar:3.0.0]
	at org.apache.maven.surefire.junitplatform.JUnitPlatformProvider.invokeAllTests(JUnitPlatformProvider.java:148) ~[surefire-junit-platform-3.0.0.jar:3.0.0]
	at org.apache.maven.surefire.junitplatform.JUnitPlatformProvider.invoke(JUnitPlatformProvider.java:122) ~[surefire-junit-platform-3.0.0.jar:3.0.0]
	at org.apache.maven.surefire.booter.ForkedBooter.runSuitesInProcess(ForkedBooter.java:385) ~[surefire-booter-3.0.0.jar:3.0.0]
	at org.apache.maven.surefire.booter.ForkedBooter.execute(ForkedBooter.java:162) ~[surefire-booter-3.0.0.jar:3.0.0]
	at org.apache.maven.surefire.booter.ForkedBooter.run(ForkedBooter.java:507) ~[surefire-booter-3.0.0.jar:3.0.0]
	at org.apache.maven.surefire.booter.ForkedBooter.main(ForkedBooter.java:495) ~[surefire-booter-3.0.0.jar:3.0.0]

2023-12-19T12:11:59.990+01:00  INFO 15668 --- [| adminclient-4] org.apache.kafka.clients.NetworkClient   : [AdminClient clientId=adminclient-4] Node -1 disconnected.
2023-12-19T12:11:59.990+01:00  WARN 15668 --- [| adminclient-4] org.apache.kafka.clients.NetworkClient   : [AdminClient clientId=adminclient-4] Connection to node -1 (localhost/127.0.0.1:29092) could not be established. Broker may not be available.
2023-12-19T12:12:01.031+01:00  INFO 15668 --- [| adminclient-4] org.apache.kafka.clients.NetworkClient   : [AdminClient clientId=adminclient-4] Node -1 disconnected.
2023-12-19T12:12:01.031+01:00  WARN 15668 --- [| adminclient-4] org.apache.kafka.clients.NetworkClient   : [AdminClient clientId=adminclient-4] Connection to node -1 (localhost/127.0.0.1:29092) could not be established. Broker may not be available.
2023-12-19T12:12:01.994+01:00  INFO 15668 --- [| adminclient-4] org.apache.kafka.clients.NetworkClient   : [AdminClient clientId=adminclient-4] Node -1 disconnected.
2023-12-19T12:12:01.994+01:00  WARN 15668 --- [| adminclient-4] org.apache.kafka.clients.NetworkClient   : [AdminClient clientId=adminclient-4] Connection to node -1 (localhost/127.0.0.1:29092) could not be established. Broker may not be available.
2023-12-19T12:12:02.973+01:00  INFO 15668 --- [| adminclient-4] org.apache.kafka.clients.NetworkClient   : [AdminClient clientId=adminclient-4] Node -1 disconnected.
2023-12-19T12:12:02.973+01:00  WARN 15668 --- [| adminclient-4] org.apache.kafka.clients.NetworkClient   : [AdminClient clientId=adminclient-4] Connection to node -1 (localhost/127.0.0.1:29092) could not be established. Broker may not be available.
2023-12-19T12:12:04.109+01:00  INFO 15668 --- [| adminclient-4] org.apache.kafka.clients.NetworkClient   : [AdminClient clientId=adminclient-4] Node -1 disconnected.
2023-12-19T12:12:04.109+01:00  WARN 15668 --- [| adminclient-4] org.apache.kafka.clients.NetworkClient   : [AdminClient clientId=adminclient-4] Connection to node -1 (localhost/127.0.0.1:29092) could not be established. Broker may not be available.
2023-12-19T12:12:04.982+01:00  INFO 15668 --- [| adminclient-4] org.apache.kafka.clients.NetworkClient   : [AdminClient clientId=adminclient-4] Node -1 disconnected.
2023-12-19T12:12:04.982+01:00  WARN 15668 --- [| adminclient-4] org.apache.kafka.clients.NetworkClient   : [AdminClient clientId=adminclient-4] Connection to node -1 (localhost/127.0.0.1:29092) could not be established. Broker may not be available.
2023-12-19T12:12:06.070+01:00  INFO 15668 --- [| adminclient-4] org.apache.kafka.clients.NetworkClient   : [AdminClient clientId=adminclient-4] Node -1 disconnected.
2023-12-19T12:12:06.070+01:00  WARN 15668 --- [| adminclient-4] org.apache.kafka.clients.NetworkClient   : [AdminClient clientId=adminclient-4] Connection to node -1 (localhost/127.0.0.1:29092) could not be established. Broker may not be available.
2023-12-19T12:12:07.253+01:00  INFO 15668 --- [| adminclient-4] org.apache.kafka.clients.NetworkClient   : [AdminClient clientId=adminclient-4] Node -1 disconnected.
2023-12-19T12:12:07.253+01:00  WARN 15668 --- [| adminclient-4] org.apache.kafka.clients.NetworkClient   : [AdminClient clientId=adminclient-4] Connection to node -1 (localhost/127.0.0.1:29092) could not be established. Broker may not be available.
2023-12-19T12:12:08.235+01:00  INFO 15668 --- [| adminclient-4] org.apache.kafka.clients.NetworkClient   : [AdminClient clientId=adminclient-4] Node -1 disconnected.
2023-12-19T12:12:08.235+01:00  WARN 15668 --- [| adminclient-4] org.apache.kafka.clients.NetworkClient   : [AdminClient clientId=adminclient-4] Connection to node -1 (localhost/127.0.0.1:29092) could not be established. Broker may not be available.
2023-12-19T12:12:09.215+01:00  INFO 15668 --- [| adminclient-4] org.apache.kafka.clients.NetworkClient   : [AdminClient clientId=adminclient-4] Node -1 disconnected.
2023-12-19T12:12:09.215+01:00  WARN 15668 --- [| adminclient-4] org.apache.kafka.clients.NetworkClient   : [AdminClient clientId=adminclient-4] Connection to node -1 (localhost/127.0.0.1:29092) could not be established. Broker may not be available.
2023-12-19T12:12:09.338+01:00  INFO 15668 --- [| adminclient-4] o.a.k.clients.admin.KafkaAdminClient     : [AdminClient clientId=adminclient-4] Forcing a hard I/O thread shutdown. Requests in progress will be aborted.
2023-12-19T12:12:09.338+01:00  INFO 15668 --- [| adminclient-4] o.a.kafka.common.utils.AppInfoParser     : App info kafka.admin.client for adminclient-4 unregistered
2023-12-19T12:12:09.338+01:00  INFO 15668 --- [| adminclient-4] o.a.k.c.a.i.AdminMetadataManager         : [AdminClient clientId=adminclient-4] Metadata update failed

org.apache.kafka.common.errors.TimeoutException: The AdminClient thread has exited. Call: fetchMetadata

2023-12-19T12:12:09.338+01:00  INFO 15668 --- [| adminclient-4] o.a.k.clients.admin.KafkaAdminClient     : [AdminClient clientId=adminclient-4] Timed out 2 remaining operation(s) during close.
2023-12-19T12:12:09.339+01:00  INFO 15668 --- [| adminclient-4] o.apache.kafka.common.metrics.Metrics    : Metrics scheduler closed
2023-12-19T12:12:09.339+01:00  INFO 15668 --- [| adminclient-4] o.apache.kafka.common.metrics.Metrics    : Closing reporter org.apache.kafka.common.metrics.JmxReporter
2023-12-19T12:12:09.339+01:00  INFO 15668 --- [| adminclient-4] o.apache.kafka.common.metrics.Metrics    : Metrics reporters closed
2023-12-19T12:12:09.344+01:00  INFO 15668 --- [           main] o.s.b.w.embedded.tomcat.TomcatWebServer  : Tomcat started on port(s): 51340 (http) with context path ''
2023-12-19T12:12:09.349+01:00  INFO 15668 --- [           main] c.e.P.ProjectControllerTests             : Started ProjectControllerTests in 40.923 seconds (process running for 176.463)
2023-12-19T12:12:09.364+01:00  WARN 15668 --- [           main] .w.s.m.s.DefaultHandlerExceptionResolver : Resolved [org.springframework.http.converter.HttpMessageNotReadableException: Required request body is missing: public org.springframework.http.ResponseEntity<java.lang.String> com.example.ProjectService.Project.ProjectController.CreateProject(com.example.ProjectService.Project.dtos.ProjectDto)]
]]></system-out>
  </testcase>
  <testcase name="shouldCreateProject" classname="com.example.ProjectService.ProjectControllerTests" time="560.572">
    <system-out><![CDATA[2023-12-19T12:12:09.383+01:00  INFO 15668 --- [           main] o.apache.catalina.core.StandardService   : Stopping service [Tomcat]
2023-12-19T12:12:09.394+01:00  INFO 15668 --- [           main] j.LocalContainerEntityManagerFactoryBean : Closing JPA EntityManagerFactory for persistence unit 'default'
2023-12-19T12:12:09.394+01:00 DEBUG 15668 --- [           main] org.hibernate.SQL                        : drop table if exists project cascade 
2023-12-19T12:12:09.395+01:00 DEBUG 15668 --- [           main] org.hibernate.SQL                        : drop table if exists projectmember cascade 
2023-12-19T12:12:09.395+01:00 DEBUG 15668 --- [           main] org.hibernate.SQL                        : drop table if exists projectmembership cascade 
2023-12-19T12:12:09.396+01:00 DEBUG 15668 --- [           main] org.hibernate.SQL                        : drop table if exists projectrole cascade 
2023-12-19T12:12:09.397+01:00  INFO 15668 --- [           main] com.zaxxer.hikari.HikariDataSource       : HikariPool-4 - Shutdown initiated...
2023-12-19T12:12:09.398+01:00  INFO 15668 --- [           main] com.zaxxer.hikari.HikariDataSource       : HikariPool-4 - Shutdown completed.

  .   ____          _            __ _ _
 /\\ / ___'_ __ _ _(_)_ __  __ _ \ \ \ \
( ( )\___ | '_ | '_| | '_ \/ _` | \ \ \ \
 \\/  ___)| |_)| | | | | || (_| |  ) ) ) )
  '  |____| .__|_| |_|_| |_\__, | / / / /
 =========|_|==============|___/=/_/_/_/
 :: Spring Boot ::                (v3.1.5)

2023-12-19T12:12:09.423+01:00  INFO 15668 --- [           main] c.e.P.ProjectControllerTests             : Starting ProjectControllerTests using Java 17.0.8.1 with PID 15668 (started by mitch in D:\projecten\semester6individueel\ProjectService)
2023-12-19T12:12:09.423+01:00  INFO 15668 --- [           main] c.e.P.ProjectControllerTests             : The following 1 profile is active: "test"
2023-12-19T12:12:09.693+01:00  INFO 15668 --- [           main] .s.d.r.c.RepositoryConfigurationDelegate : Multiple Spring Data modules found, entering strict repository configuration mode
2023-12-19T12:12:09.693+01:00  INFO 15668 --- [           main] .s.d.r.c.RepositoryConfigurationDelegate : Bootstrapping Spring Data JPA repositories in DEFAULT mode.
2023-12-19T12:12:09.706+01:00  INFO 15668 --- [           main] .s.d.r.c.RepositoryConfigurationDelegate : Finished Spring Data repository scanning in 13 ms. Found 2 JPA repository interfaces.
2023-12-19T12:12:09.708+01:00  INFO 15668 --- [           main] .s.d.r.c.RepositoryConfigurationDelegate : Multiple Spring Data modules found, entering strict repository configuration mode
2023-12-19T12:12:09.708+01:00  INFO 15668 --- [           main] .s.d.r.c.RepositoryConfigurationDelegate : Bootstrapping Spring Data Redis repositories in DEFAULT mode.
2023-12-19T12:12:09.712+01:00  INFO 15668 --- [           main] .RepositoryConfigurationExtensionSupport : Spring Data Redis - Could not safely identify store assignment for repository candidate interface com.example.ProjectService.repositories.IAccountRepository; If you want this repository to be a Redis repository, consider annotating your entities with one of these annotations: org.springframework.data.redis.core.RedisHash (preferred), or consider extending one of the following types with your repository: org.springframework.data.keyvalue.repository.KeyValueRepository
2023-12-19T12:12:09.712+01:00  INFO 15668 --- [           main] .RepositoryConfigurationExtensionSupport : Spring Data Redis - Could not safely identify store assignment for repository candidate interface com.example.ProjectService.repositories.IProjectRepository; If you want this repository to be a Redis repository, consider annotating your entities with one of these annotations: org.springframework.data.redis.core.RedisHash (preferred), or consider extending one of the following types with your repository: org.springframework.data.keyvalue.repository.KeyValueRepository
2023-12-19T12:12:09.712+01:00  INFO 15668 --- [           main] .s.d.r.c.RepositoryConfigurationDelegate : Finished Spring Data repository scanning in 4 ms. Found 0 Redis repository interfaces.
2023-12-19T12:12:09.797+01:00  INFO 15668 --- [           main] o.s.b.w.embedded.tomcat.TomcatWebServer  : Tomcat initialized with port(s): 0 (http)
2023-12-19T12:12:09.798+01:00  INFO 15668 --- [           main] o.apache.catalina.core.StandardService   : Starting service [Tomcat]
2023-12-19T12:12:09.798+01:00  INFO 15668 --- [           main] o.apache.catalina.core.StandardEngine    : Starting Servlet engine: [Apache Tomcat/10.1.15]
2023-12-19T12:12:09.845+01:00  INFO 15668 --- [           main] o.a.c.c.C.[Tomcat].[localhost].[/]       : Initializing Spring embedded WebApplicationContext
2023-12-19T12:12:09.845+01:00  INFO 15668 --- [           main] w.s.c.ServletWebServerApplicationContext : Root WebApplicationContext: initialization completed in 421 ms
2023-12-19T12:12:09.904+01:00  INFO 15668 --- [           main] o.hibernate.jpa.internal.util.LogHelper  : HHH000204: Processing PersistenceUnitInfo [name: default]
2023-12-19T12:12:09.911+01:00  INFO 15668 --- [           main] o.s.o.j.p.SpringPersistenceUnitInfo      : No LoadTimeWeaver setup: ignoring JPA class transformer
2023-12-19T12:12:09.912+01:00  INFO 15668 --- [           main] com.zaxxer.hikari.HikariDataSource       : HikariPool-5 - Starting...
2023-12-19T12:12:09.913+01:00  INFO 15668 --- [           main] com.zaxxer.hikari.pool.HikariPool        : HikariPool-5 - Added connection conn40: url=jdbc:h2:mem:db user=SA
2023-12-19T12:12:09.913+01:00  INFO 15668 --- [           main] com.zaxxer.hikari.HikariDataSource       : HikariPool-5 - Start completed.
2023-12-19T12:12:09.913+01:00  WARN 15668 --- [           main] org.hibernate.orm.deprecation            : HHH90000025: H2Dialect does not need to be specified explicitly using 'hibernate.dialect' (remove the property setting and it will be selected by default)
2023-12-19T12:12:09.929+01:00  WARN 15668 --- [           main] org.hibernate.mapping.RootClass          : HHH000038: Composite-id class does not override equals(): com.example.ProjectService.JoinTable.ProjectMembership
2023-12-19T12:12:09.929+01:00  WARN 15668 --- [           main] org.hibernate.mapping.RootClass          : HHH000039: Composite-id class does not override hashCode(): com.example.ProjectService.JoinTable.ProjectMembership
2023-12-19T12:12:09.973+01:00  INFO 15668 --- [           main] o.h.e.t.j.p.i.JtaPlatformInitiator       : HHH000489: No JTA platform available (set 'hibernate.transaction.jta.platform' to enable JTA platform integration)
2023-12-19T12:12:09.973+01:00 DEBUG 15668 --- [           main] org.hibernate.SQL                        : drop table if exists project cascade 
2023-12-19T12:12:09.974+01:00 DEBUG 15668 --- [           main] org.hibernate.SQL                        : drop table if exists projectmember cascade 
2023-12-19T12:12:09.974+01:00 DEBUG 15668 --- [           main] org.hibernate.SQL                        : drop table if exists projectmembership cascade 
2023-12-19T12:12:09.974+01:00 DEBUG 15668 --- [           main] org.hibernate.SQL                        : drop table if exists projectrole cascade 
2023-12-19T12:12:09.974+01:00 DEBUG 15668 --- [           main] org.hibernate.SQL                        : create table project (createdat timestamp(6) not null, id bigint generated by default as identity, lastupdatedat timestamp(6) not null, owner_id bigint, projectname varchar(20) not null, projectdescription varchar(50) not null, primary key (id))
2023-12-19T12:12:09.975+01:00 DEBUG 15668 --- [           main] org.hibernate.SQL                        : create table projectmember (id bigint not null, email varchar(20) not null unique, primary key (id))
2023-12-19T12:12:09.976+01:00 DEBUG 15668 --- [           main] org.hibernate.SQL                        : create table projectmembership (joinedproject_id bigint not null, member_id bigint not null, role_id bigint not null, primary key (joinedproject_id, member_id, role_id))
2023-12-19T12:12:09.977+01:00 DEBUG 15668 --- [           main] org.hibernate.SQL                        : create table projectrole (id bigint generated by default as identity, name varchar(255) unique, primary key (id))
2023-12-19T12:12:09.978+01:00 DEBUG 15668 --- [           main] org.hibernate.SQL                        : alter table if exists project add constraint FKgela6raf25bsa6thxog5x8lkv foreign key (owner_id) references projectmember
2023-12-19T12:12:09.980+01:00 DEBUG 15668 --- [           main] org.hibernate.SQL                        : alter table if exists projectmembership add constraint FKr5hoxnh9k5nutty4hon93c6fe foreign key (joinedproject_id) references project
2023-12-19T12:12:09.981+01:00 DEBUG 15668 --- [           main] org.hibernate.SQL                        : alter table if exists projectmembership add constraint FKt45jjcbtrrsgom05jwu0fje4b foreign key (member_id) references projectmember
2023-12-19T12:12:09.982+01:00 DEBUG 15668 --- [           main] org.hibernate.SQL                        : alter table if exists projectmembership add constraint FKfnovlarbluovef58uneoi1li1 foreign key (role_id) references projectrole
2023-12-19T12:12:09.985+01:00  INFO 15668 --- [           main] j.LocalContainerEntityManagerFactoryBean : Initialized JPA EntityManagerFactory for persistence unit 'default'
2023-12-19T12:12:10.065+01:00  WARN 15668 --- [           main] JpaBaseConfiguration$JpaWebConfiguration : spring.jpa.open-in-view is enabled by default. Therefore, database queries may be performed during view rendering. Explicitly configure spring.jpa.open-in-view to disable this warning
2023-12-19T12:12:10.242+01:00  INFO 15668 --- [           main] o.a.c.c.C.[Tomcat].[localhost].[/]       : Initializing Spring TestDispatcherServlet ''
2023-12-19T12:12:10.244+01:00  INFO 15668 --- [           main] o.s.t.web.servlet.TestDispatcherServlet  : Initializing Servlet ''
2023-12-19T12:12:10.246+01:00  INFO 15668 --- [           main] o.s.b.a.e.web.EndpointLinksResolver      : Exposing 13 endpoint(s) beneath base path '/actuator'
2023-12-19T12:12:10.253+01:00  INFO 15668 --- [           main] o.s.t.web.servlet.TestDispatcherServlet  : Completed initialization in 9 ms
2023-12-19T12:12:10.265+01:00  INFO 15668 --- [           main] o.a.k.clients.admin.AdminClientConfig    : AdminClientConfig values: 
	auto.include.jmx.reporter = true
	bootstrap.servers = [localhost:29092]
	client.dns.lookup = use_all_dns_ips
	client.id = 
	connections.max.idle.ms = 300000
	default.api.timeout.ms = 60000
	metadata.max.age.ms = 300000
	metric.reporters = []
	metrics.num.samples = 2
	metrics.recording.level = INFO
	metrics.sample.window.ms = 30000
	receive.buffer.bytes = 65536
	reconnect.backoff.max.ms = 1000
	reconnect.backoff.ms = 50
	request.timeout.ms = 30000
	retries = 2147483647
	retry.backoff.ms = 100
	sasl.client.callback.handler.class = null
	sasl.jaas.config = null
	sasl.kerberos.kinit.cmd = /usr/bin/kinit
	sasl.kerberos.min.time.before.relogin = 60000
	sasl.kerberos.service.name = null
	sasl.kerberos.ticket.renew.jitter = 0.05
	sasl.kerberos.ticket.renew.window.factor = 0.8
	sasl.login.callback.handler.class = null
	sasl.login.class = null
	sasl.login.connect.timeout.ms = null
	sasl.login.read.timeout.ms = null
	sasl.login.refresh.buffer.seconds = 300
	sasl.login.refresh.min.period.seconds = 60
	sasl.login.refresh.window.factor = 0.8
	sasl.login.refresh.window.jitter = 0.05
	sasl.login.retry.backoff.max.ms = 10000
	sasl.login.retry.backoff.ms = 100
	sasl.mechanism = GSSAPI
	sasl.oauthbearer.clock.skew.seconds = 30
	sasl.oauthbearer.expected.audience = null
	sasl.oauthbearer.expected.issuer = null
	sasl.oauthbearer.jwks.endpoint.refresh.ms = 3600000
	sasl.oauthbearer.jwks.endpoint.retry.backoff.max.ms = 10000
	sasl.oauthbearer.jwks.endpoint.retry.backoff.ms = 100
	sasl.oauthbearer.jwks.endpoint.url = null
	sasl.oauthbearer.scope.claim.name = scope
	sasl.oauthbearer.sub.claim.name = sub
	sasl.oauthbearer.token.endpoint.url = null
	security.protocol = PLAINTEXT
	security.providers = null
	send.buffer.bytes = 131072
	socket.connection.setup.timeout.max.ms = 30000
	socket.connection.setup.timeout.ms = 10000
	ssl.cipher.suites = null
	ssl.enabled.protocols = [TLSv1.2, TLSv1.3]
	ssl.endpoint.identification.algorithm = https
	ssl.engine.factory.class = null
	ssl.key.password = null
	ssl.keymanager.algorithm = SunX509
	ssl.keystore.certificate.chain = null
	ssl.keystore.key = null
	ssl.keystore.location = null
	ssl.keystore.password = null
	ssl.keystore.type = JKS
	ssl.protocol = TLSv1.3
	ssl.provider = null
	ssl.secure.random.implementation = null
	ssl.trustmanager.algorithm = PKIX
	ssl.truststore.certificates = null
	ssl.truststore.location = null
	ssl.truststore.password = null
	ssl.truststore.type = JKS

2023-12-19T12:12:10.269+01:00  INFO 15668 --- [           main] o.a.kafka.common.utils.AppInfoParser     : Kafka version: 3.4.1
2023-12-19T12:12:10.271+01:00  INFO 15668 --- [           main] o.a.kafka.common.utils.AppInfoParser     : Kafka commitId: 8a516edc2755df89
2023-12-19T12:12:10.271+01:00  INFO 15668 --- [           main] o.a.kafka.common.utils.AppInfoParser     : Kafka startTimeMs: 1702984330269
2023-12-19T12:12:10.272+01:00  INFO 15668 --- [| adminclient-5] org.apache.kafka.clients.NetworkClient   : [AdminClient clientId=adminclient-5] Node -1 disconnected.
2023-12-19T12:12:10.272+01:00  WARN 15668 --- [| adminclient-5] org.apache.kafka.clients.NetworkClient   : [AdminClient clientId=adminclient-5] Connection to node -1 (localhost/127.0.0.1:29092) could not be established. Broker may not be available.
2023-12-19T12:12:10.381+01:00  INFO 15668 --- [| adminclient-5] org.apache.kafka.clients.NetworkClient   : [AdminClient clientId=adminclient-5] Node -1 disconnected.
2023-12-19T12:12:10.382+01:00  WARN 15668 --- [| adminclient-5] org.apache.kafka.clients.NetworkClient   : [AdminClient clientId=adminclient-5] Connection to node -1 (localhost/127.0.0.1:29092) could not be established. Broker may not be available.
2023-12-19T12:12:10.491+01:00  INFO 15668 --- [| adminclient-5] org.apache.kafka.clients.NetworkClient   : [AdminClient clientId=adminclient-5] Node -1 disconnected.
2023-12-19T12:12:10.491+01:00  WARN 15668 --- [| adminclient-5] org.apache.kafka.clients.NetworkClient   : [AdminClient clientId=adminclient-5] Connection to node -1 (localhost/127.0.0.1:29092) could not be established. Broker may not be available.
2023-12-19T12:12:10.708+01:00  INFO 15668 --- [| adminclient-5] org.apache.kafka.clients.NetworkClient   : [AdminClient clientId=adminclient-5] Node -1 disconnected.
2023-12-19T12:12:10.708+01:00  WARN 15668 --- [| adminclient-5] org.apache.kafka.clients.NetworkClient   : [AdminClient clientId=adminclient-5] Connection to node -1 (localhost/127.0.0.1:29092) could not be established. Broker may not be available.
2023-12-19T12:12:11.144+01:00  INFO 15668 --- [| adminclient-5] org.apache.kafka.clients.NetworkClient   : [AdminClient clientId=adminclient-5] Node -1 disconnected.
2023-12-19T12:12:11.144+01:00  WARN 15668 --- [| adminclient-5] org.apache.kafka.clients.NetworkClient   : [AdminClient clientId=adminclient-5] Connection to node -1 (localhost/127.0.0.1:29092) could not be established. Broker may not be available.
2023-12-19T12:12:12.017+01:00  INFO 15668 --- [| adminclient-5] org.apache.kafka.clients.NetworkClient   : [AdminClient clientId=adminclient-5] Node -1 disconnected.
2023-12-19T12:12:12.017+01:00  WARN 15668 --- [| adminclient-5] org.apache.kafka.clients.NetworkClient   : [AdminClient clientId=adminclient-5] Connection to node -1 (localhost/127.0.0.1:29092) could not be established. Broker may not be available.
2023-12-19T12:12:13.055+01:00  INFO 15668 --- [| adminclient-5] org.apache.kafka.clients.NetworkClient   : [AdminClient clientId=adminclient-5] Node -1 disconnected.
2023-12-19T12:12:13.055+01:00  WARN 15668 --- [| adminclient-5] org.apache.kafka.clients.NetworkClient   : [AdminClient clientId=adminclient-5] Connection to node -1 (localhost/127.0.0.1:29092) could not be established. Broker may not be available.
2023-12-19T12:12:14.254+01:00  INFO 15668 --- [| adminclient-5] org.apache.kafka.clients.NetworkClient   : [AdminClient clientId=adminclient-5] Node -1 disconnected.
2023-12-19T12:12:14.254+01:00  WARN 15668 --- [| adminclient-5] org.apache.kafka.clients.NetworkClient   : [AdminClient clientId=adminclient-5] Connection to node -1 (localhost/127.0.0.1:29092) could not be established. Broker may not be available.
2023-12-19T12:12:15.226+01:00  INFO 15668 --- [| adminclient-5] org.apache.kafka.clients.NetworkClient   : [AdminClient clientId=adminclient-5] Node -1 disconnected.
2023-12-19T12:12:15.226+01:00  WARN 15668 --- [| adminclient-5] org.apache.kafka.clients.NetworkClient   : [AdminClient clientId=adminclient-5] Connection to node -1 (localhost/127.0.0.1:29092) could not be established. Broker may not be available.
2023-12-19T12:12:16.080+01:00  INFO 15668 --- [| adminclient-5] org.apache.kafka.clients.NetworkClient   : [AdminClient clientId=adminclient-5] Node -1 disconnected.
2023-12-19T12:12:16.080+01:00  WARN 15668 --- [| adminclient-5] org.apache.kafka.clients.NetworkClient   : [AdminClient clientId=adminclient-5] Connection to node -1 (localhost/127.0.0.1:29092) could not be established. Broker may not be available.
2023-12-19T12:12:17.274+01:00  INFO 15668 --- [| adminclient-5] org.apache.kafka.clients.NetworkClient   : [AdminClient clientId=adminclient-5] Node -1 disconnected.
2023-12-19T12:12:17.274+01:00  WARN 15668 --- [| adminclient-5] org.apache.kafka.clients.NetworkClient   : [AdminClient clientId=adminclient-5] Connection to node -1 (localhost/127.0.0.1:29092) could not be established. Broker may not be available.
2023-12-19T12:12:18.352+01:00  INFO 15668 --- [| adminclient-5] org.apache.kafka.clients.NetworkClient   : [AdminClient clientId=adminclient-5] Node -1 disconnected.
2023-12-19T12:12:18.352+01:00  WARN 15668 --- [| adminclient-5] org.apache.kafka.clients.NetworkClient   : [AdminClient clientId=adminclient-5] Connection to node -1 (localhost/127.0.0.1:29092) could not be established. Broker may not be available.
2023-12-19T12:12:19.537+01:00  INFO 15668 --- [| adminclient-5] org.apache.kafka.clients.NetworkClient   : [AdminClient clientId=adminclient-5] Node -1 disconnected.
2023-12-19T12:12:19.538+01:00  WARN 15668 --- [| adminclient-5] org.apache.kafka.clients.NetworkClient   : [AdminClient clientId=adminclient-5] Connection to node -1 (localhost/127.0.0.1:29092) could not be established. Broker may not be available.
2023-12-19T12:12:20.516+01:00  INFO 15668 --- [| adminclient-5] org.apache.kafka.clients.NetworkClient   : [AdminClient clientId=adminclient-5] Node -1 disconnected.
2023-12-19T12:12:20.516+01:00  WARN 15668 --- [| adminclient-5] org.apache.kafka.clients.NetworkClient   : [AdminClient clientId=adminclient-5] Connection to node -1 (localhost/127.0.0.1:29092) could not be established. Broker may not be available.
2023-12-19T12:12:21.384+01:00  INFO 15668 --- [| adminclient-5] org.apache.kafka.clients.NetworkClient   : [AdminClient clientId=adminclient-5] Node -1 disconnected.
2023-12-19T12:12:21.384+01:00  WARN 15668 --- [| adminclient-5] org.apache.kafka.clients.NetworkClient   : [AdminClient clientId=adminclient-5] Connection to node -1 (localhost/127.0.0.1:29092) could not be established. Broker may not be available.
2023-12-19T12:12:22.352+01:00  INFO 15668 --- [| adminclient-5] org.apache.kafka.clients.NetworkClient   : [AdminClient clientId=adminclient-5] Node -1 disconnected.
2023-12-19T12:12:22.352+01:00  WARN 15668 --- [| adminclient-5] org.apache.kafka.clients.NetworkClient   : [AdminClient clientId=adminclient-5] Connection to node -1 (localhost/127.0.0.1:29092) could not be established. Broker may not be available.
2023-12-19T12:12:23.431+01:00  INFO 15668 --- [| adminclient-5] org.apache.kafka.clients.NetworkClient   : [AdminClient clientId=adminclient-5] Node -1 disconnected.
2023-12-19T12:12:23.431+01:00  WARN 15668 --- [| adminclient-5] org.apache.kafka.clients.NetworkClient   : [AdminClient clientId=adminclient-5] Connection to node -1 (localhost/127.0.0.1:29092) could not be established. Broker may not be available.
2023-12-19T12:12:24.671+01:00  INFO 15668 --- [| adminclient-5] org.apache.kafka.clients.NetworkClient   : [AdminClient clientId=adminclient-5] Node -1 disconnected.
2023-12-19T12:12:24.671+01:00  WARN 15668 --- [| adminclient-5] org.apache.kafka.clients.NetworkClient   : [AdminClient clientId=adminclient-5] Connection to node -1 (localhost/127.0.0.1:29092) could not be established. Broker may not be available.
2023-12-19T12:12:25.652+01:00  INFO 15668 --- [| adminclient-5] org.apache.kafka.clients.NetworkClient   : [AdminClient clientId=adminclient-5] Node -1 disconnected.
2023-12-19T12:12:25.652+01:00  WARN 15668 --- [| adminclient-5] org.apache.kafka.clients.NetworkClient   : [AdminClient clientId=adminclient-5] Connection to node -1 (localhost/127.0.0.1:29092) could not be established. Broker may not be available.
2023-12-19T12:12:26.836+01:00  INFO 15668 --- [| adminclient-5] org.apache.kafka.clients.NetworkClient   : [AdminClient clientId=adminclient-5] Node -1 disconnected.
2023-12-19T12:12:26.837+01:00  WARN 15668 --- [| adminclient-5] org.apache.kafka.clients.NetworkClient   : [AdminClient clientId=adminclient-5] Connection to node -1 (localhost/127.0.0.1:29092) could not be established. Broker may not be available.
2023-12-19T12:12:27.894+01:00  INFO 15668 --- [| adminclient-5] org.apache.kafka.clients.NetworkClient   : [AdminClient clientId=adminclient-5] Node -1 disconnected.
2023-12-19T12:12:27.894+01:00  WARN 15668 --- [| adminclient-5] org.apache.kafka.clients.NetworkClient   : [AdminClient clientId=adminclient-5] Connection to node -1 (localhost/127.0.0.1:29092) could not be established. Broker may not be available.
2023-12-19T12:12:28.982+01:00  INFO 15668 --- [| adminclient-5] org.apache.kafka.clients.NetworkClient   : [AdminClient clientId=adminclient-5] Node -1 disconnected.
2023-12-19T12:12:28.982+01:00  WARN 15668 --- [| adminclient-5] org.apache.kafka.clients.NetworkClient   : [AdminClient clientId=adminclient-5] Connection to node -1 (localhost/127.0.0.1:29092) could not be established. Broker may not be available.
2023-12-19T12:12:30.272+01:00  INFO 15668 --- [| adminclient-5] org.apache.kafka.clients.NetworkClient   : [AdminClient clientId=adminclient-5] Node -1 disconnected.
2023-12-19T12:12:30.272+01:00  WARN 15668 --- [| adminclient-5] org.apache.kafka.clients.NetworkClient   : [AdminClient clientId=adminclient-5] Connection to node -1 (localhost/127.0.0.1:29092) could not be established. Broker may not be available.
2023-12-19T12:12:31.142+01:00  INFO 15668 --- [| adminclient-5] org.apache.kafka.clients.NetworkClient   : [AdminClient clientId=adminclient-5] Node -1 disconnected.
2023-12-19T12:12:31.142+01:00  WARN 15668 --- [| adminclient-5] org.apache.kafka.clients.NetworkClient   : [AdminClient clientId=adminclient-5] Connection to node -1 (localhost/127.0.0.1:29092) could not be established. Broker may not be available.
2023-12-19T12:12:32.308+01:00  INFO 15668 --- [| adminclient-5] org.apache.kafka.clients.NetworkClient   : [AdminClient clientId=adminclient-5] Node -1 disconnected.
2023-12-19T12:12:32.308+01:00  WARN 15668 --- [| adminclient-5] org.apache.kafka.clients.NetworkClient   : [AdminClient clientId=adminclient-5] Connection to node -1 (localhost/127.0.0.1:29092) could not be established. Broker may not be available.
2023-12-19T12:12:33.581+01:00  INFO 15668 --- [| adminclient-5] org.apache.kafka.clients.NetworkClient   : [AdminClient clientId=adminclient-5] Node -1 disconnected.
2023-12-19T12:12:33.581+01:00  WARN 15668 --- [| adminclient-5] org.apache.kafka.clients.NetworkClient   : [AdminClient clientId=adminclient-5] Connection to node -1 (localhost/127.0.0.1:29092) could not be established. Broker may not be available.
2023-12-19T12:12:34.648+01:00  INFO 15668 --- [| adminclient-5] org.apache.kafka.clients.NetworkClient   : [AdminClient clientId=adminclient-5] Node -1 disconnected.
2023-12-19T12:12:34.649+01:00  WARN 15668 --- [| adminclient-5] org.apache.kafka.clients.NetworkClient   : [AdminClient clientId=adminclient-5] Connection to node -1 (localhost/127.0.0.1:29092) could not be established. Broker may not be available.
2023-12-19T12:12:35.514+01:00  INFO 15668 --- [| adminclient-5] org.apache.kafka.clients.NetworkClient   : [AdminClient clientId=adminclient-5] Node -1 disconnected.
2023-12-19T12:12:35.514+01:00  WARN 15668 --- [| adminclient-5] org.apache.kafka.clients.NetworkClient   : [AdminClient clientId=adminclient-5] Connection to node -1 (localhost/127.0.0.1:29092) could not be established. Broker may not be available.
2023-12-19T12:21:29.500+01:00  INFO 15668 --- [| adminclient-5] o.a.k.c.a.i.AdminMetadataManager         : [AdminClient clientId=adminclient-5] Metadata update failed

org.apache.kafka.common.errors.TimeoutException: Timed out waiting for a node assignment. Call: fetchMetadata

2023-12-19T12:21:29.500+01:00 ERROR 15668 --- [           main] o.springframework.kafka.core.KafkaAdmin  : Could not configure topics

java.util.concurrent.ExecutionException: org.apache.kafka.common.errors.TimeoutException: Timed out waiting for a node assignment. Call: listNodes
	at java.base/java.util.concurrent.CompletableFuture.reportGet(CompletableFuture.java:396) ~[na:na]
	at java.base/java.util.concurrent.CompletableFuture.get(CompletableFuture.java:2096) ~[na:na]
	at org.apache.kafka.common.internals.KafkaFutureImpl.get(KafkaFutureImpl.java:180) ~[kafka-clients-3.4.1.jar:na]
	at org.springframework.kafka.core.KafkaAdmin.initialize(KafkaAdmin.java:243) ~[spring-kafka-3.0.12.jar:3.0.12]
	at org.springframework.kafka.core.KafkaAdmin.afterSingletonsInstantiated(KafkaAdmin.java:212) ~[spring-kafka-3.0.12.jar:3.0.12]
	at org.springframework.beans.factory.support.DefaultListableBeanFactory.preInstantiateSingletons(DefaultListableBeanFactory.java:984) ~[spring-beans-6.0.13.jar:6.0.13]
	at org.springframework.context.support.AbstractApplicationContext.finishBeanFactoryInitialization(AbstractApplicationContext.java:950) ~[spring-context-6.0.13.jar:6.0.13]
	at org.springframework.context.support.AbstractApplicationContext.refresh(AbstractApplicationContext.java:616) ~[spring-context-6.0.13.jar:6.0.13]
	at org.springframework.boot.web.servlet.context.ServletWebServerApplicationContext.refresh(ServletWebServerApplicationContext.java:146) ~[spring-boot-3.1.5.jar:3.1.5]
	at org.springframework.boot.SpringApplication.refresh(SpringApplication.java:738) ~[spring-boot-3.1.5.jar:3.1.5]
	at org.springframework.boot.SpringApplication.refreshContext(SpringApplication.java:440) ~[spring-boot-3.1.5.jar:3.1.5]
	at org.springframework.boot.SpringApplication.run(SpringApplication.java:316) ~[spring-boot-3.1.5.jar:3.1.5]
	at org.springframework.boot.test.context.SpringBootContextLoader.lambda$loadContext$3(SpringBootContextLoader.java:137) ~[spring-boot-test-3.1.5.jar:3.1.5]
	at org.springframework.util.function.ThrowingSupplier.get(ThrowingSupplier.java:58) ~[spring-core-6.0.13.jar:6.0.13]
	at org.springframework.util.function.ThrowingSupplier.get(ThrowingSupplier.java:46) ~[spring-core-6.0.13.jar:6.0.13]
	at org.springframework.boot.SpringApplication.withHook(SpringApplication.java:1406) ~[spring-boot-3.1.5.jar:3.1.5]
	at org.springframework.boot.test.context.SpringBootContextLoader$ContextLoaderHook.run(SpringBootContextLoader.java:545) ~[spring-boot-test-3.1.5.jar:3.1.5]
	at org.springframework.boot.test.context.SpringBootContextLoader.loadContext(SpringBootContextLoader.java:137) ~[spring-boot-test-3.1.5.jar:3.1.5]
	at org.springframework.boot.test.context.SpringBootContextLoader.loadContext(SpringBootContextLoader.java:108) ~[spring-boot-test-3.1.5.jar:3.1.5]
	at org.springframework.test.context.cache.DefaultCacheAwareContextLoaderDelegate.loadContextInternal(DefaultCacheAwareContextLoaderDelegate.java:187) ~[spring-test-6.0.13.jar:6.0.13]
	at org.springframework.test.context.cache.DefaultCacheAwareContextLoaderDelegate.loadContext(DefaultCacheAwareContextLoaderDelegate.java:119) ~[spring-test-6.0.13.jar:6.0.13]
	at org.springframework.test.context.support.DefaultTestContext.getApplicationContext(DefaultTestContext.java:127) ~[spring-test-6.0.13.jar:6.0.13]
	at org.springframework.boot.test.mock.mockito.MockitoTestExecutionListener.postProcessFields(MockitoTestExecutionListener.java:110) ~[spring-boot-test-3.1.5.jar:3.1.5]
	at org.springframework.boot.test.mock.mockito.MockitoTestExecutionListener.reinjectFields(MockitoTestExecutionListener.java:99) ~[spring-boot-test-3.1.5.jar:3.1.5]
	at org.springframework.boot.test.mock.mockito.MockitoTestExecutionListener.beforeTestMethod(MockitoTestExecutionListener.java:69) ~[spring-boot-test-3.1.5.jar:3.1.5]
	at org.springframework.test.context.TestContextManager.beforeTestMethod(TestContextManager.java:288) ~[spring-test-6.0.13.jar:6.0.13]
	at org.springframework.test.context.junit.jupiter.SpringExtension.beforeEach(SpringExtension.java:174) ~[spring-test-6.0.13.jar:6.0.13]
	at org.junit.jupiter.engine.descriptor.TestMethodTestDescriptor.lambda$invokeBeforeEachCallbacks$2(TestMethodTestDescriptor.java:166) ~[junit-jupiter-engine-5.9.3.jar:5.9.3]
	at org.junit.jupiter.engine.descriptor.TestMethodTestDescriptor.lambda$invokeBeforeMethodsOrCallbacksUntilExceptionOccurs$6(TestMethodTestDescriptor.java:202) ~[junit-jupiter-engine-5.9.3.jar:5.9.3]
	at org.junit.platform.engine.support.hierarchical.ThrowableCollector.execute(ThrowableCollector.java:73) ~[junit-platform-engine-1.9.3.jar:1.9.3]
	at org.junit.jupiter.engine.descriptor.TestMethodTestDescriptor.invokeBeforeMethodsOrCallbacksUntilExceptionOccurs(TestMethodTestDescriptor.java:202) ~[junit-jupiter-engine-5.9.3.jar:5.9.3]
	at org.junit.jupiter.engine.descriptor.TestMethodTestDescriptor.invokeBeforeEachCallbacks(TestMethodTestDescriptor.java:165) ~[junit-jupiter-engine-5.9.3.jar:5.9.3]
	at org.junit.jupiter.engine.descriptor.TestMethodTestDescriptor.execute(TestMethodTestDescriptor.java:132) ~[junit-jupiter-engine-5.9.3.jar:5.9.3]
	at org.junit.jupiter.engine.descriptor.TestMethodTestDescriptor.execute(TestMethodTestDescriptor.java:68) ~[junit-jupiter-engine-5.9.3.jar:5.9.3]
	at org.junit.platform.engine.support.hierarchical.NodeTestTask.lambda$executeRecursively$6(NodeTestTask.java:151) ~[junit-platform-engine-1.9.3.jar:1.9.3]
	at org.junit.platform.engine.support.hierarchical.ThrowableCollector.execute(ThrowableCollector.java:73) ~[junit-platform-engine-1.9.3.jar:1.9.3]
	at org.junit.platform.engine.support.hierarchical.NodeTestTask.lambda$executeRecursively$8(NodeTestTask.java:141) ~[junit-platform-engine-1.9.3.jar:1.9.3]
	at org.junit.platform.engine.support.hierarchical.Node.around(Node.java:137) ~[junit-platform-engine-1.9.3.jar:1.9.3]
	at org.junit.platform.engine.support.hierarchical.NodeTestTask.lambda$executeRecursively$9(NodeTestTask.java:139) ~[junit-platform-engine-1.9.3.jar:1.9.3]
	at org.junit.platform.engine.support.hierarchical.ThrowableCollector.execute(ThrowableCollector.java:73) ~[junit-platform-engine-1.9.3.jar:1.9.3]
	at org.junit.platform.engine.support.hierarchical.NodeTestTask.executeRecursively(NodeTestTask.java:138) ~[junit-platform-engine-1.9.3.jar:1.9.3]
	at org.junit.platform.engine.support.hierarchical.NodeTestTask.execute(NodeTestTask.java:95) ~[junit-platform-engine-1.9.3.jar:1.9.3]
	at java.base/java.util.ArrayList.forEach(ArrayList.java:1511) ~[na:na]
	at org.junit.platform.engine.support.hierarchical.SameThreadHierarchicalTestExecutorService.invokeAll(SameThreadHierarchicalTestExecutorService.java:41) ~[junit-platform-engine-1.9.3.jar:1.9.3]
	at org.junit.platform.engine.support.hierarchical.NodeTestTask.lambda$executeRecursively$6(NodeTestTask.java:155) ~[junit-platform-engine-1.9.3.jar:1.9.3]
	at org.junit.platform.engine.support.hierarchical.ThrowableCollector.execute(ThrowableCollector.java:73) ~[junit-platform-engine-1.9.3.jar:1.9.3]
	at org.junit.platform.engine.support.hierarchical.NodeTestTask.lambda$executeRecursively$8(NodeTestTask.java:141) ~[junit-platform-engine-1.9.3.jar:1.9.3]
	at org.junit.platform.engine.support.hierarchical.Node.around(Node.java:137) ~[junit-platform-engine-1.9.3.jar:1.9.3]
	at org.junit.platform.engine.support.hierarchical.NodeTestTask.lambda$executeRecursively$9(NodeTestTask.java:139) ~[junit-platform-engine-1.9.3.jar:1.9.3]
	at org.junit.platform.engine.support.hierarchical.ThrowableCollector.execute(ThrowableCollector.java:73) ~[junit-platform-engine-1.9.3.jar:1.9.3]
	at org.junit.platform.engine.support.hierarchical.NodeTestTask.executeRecursively(NodeTestTask.java:138) ~[junit-platform-engine-1.9.3.jar:1.9.3]
	at org.junit.platform.engine.support.hierarchical.NodeTestTask.execute(NodeTestTask.java:95) ~[junit-platform-engine-1.9.3.jar:1.9.3]
	at java.base/java.util.ArrayList.forEach(ArrayList.java:1511) ~[na:na]
	at org.junit.platform.engine.support.hierarchical.SameThreadHierarchicalTestExecutorService.invokeAll(SameThreadHierarchicalTestExecutorService.java:41) ~[junit-platform-engine-1.9.3.jar:1.9.3]
	at org.junit.platform.engine.support.hierarchical.NodeTestTask.lambda$executeRecursively$6(NodeTestTask.java:155) ~[junit-platform-engine-1.9.3.jar:1.9.3]
	at org.junit.platform.engine.support.hierarchical.ThrowableCollector.execute(ThrowableCollector.java:73) ~[junit-platform-engine-1.9.3.jar:1.9.3]
	at org.junit.platform.engine.support.hierarchical.NodeTestTask.lambda$executeRecursively$8(NodeTestTask.java:141) ~[junit-platform-engine-1.9.3.jar:1.9.3]
	at org.junit.platform.engine.support.hierarchical.Node.around(Node.java:137) ~[junit-platform-engine-1.9.3.jar:1.9.3]
	at org.junit.platform.engine.support.hierarchical.NodeTestTask.lambda$executeRecursively$9(NodeTestTask.java:139) ~[junit-platform-engine-1.9.3.jar:1.9.3]
	at org.junit.platform.engine.support.hierarchical.ThrowableCollector.execute(ThrowableCollector.java:73) ~[junit-platform-engine-1.9.3.jar:1.9.3]
	at org.junit.platform.engine.support.hierarchical.NodeTestTask.executeRecursively(NodeTestTask.java:138) ~[junit-platform-engine-1.9.3.jar:1.9.3]
	at org.junit.platform.engine.support.hierarchical.NodeTestTask.execute(NodeTestTask.java:95) ~[junit-platform-engine-1.9.3.jar:1.9.3]
	at org.junit.platform.engine.support.hierarchical.SameThreadHierarchicalTestExecutorService.submit(SameThreadHierarchicalTestExecutorService.java:35) ~[junit-platform-engine-1.9.3.jar:1.9.3]
	at org.junit.platform.engine.support.hierarchical.HierarchicalTestExecutor.execute(HierarchicalTestExecutor.java:57) ~[junit-platform-engine-1.9.3.jar:1.9.3]
	at org.junit.platform.engine.support.hierarchical.HierarchicalTestEngine.execute(HierarchicalTestEngine.java:54) ~[junit-platform-engine-1.9.3.jar:1.9.3]
	at org.junit.platform.launcher.core.EngineExecutionOrchestrator.execute(EngineExecutionOrchestrator.java:147) ~[junit-platform-launcher-1.9.3.jar:1.9.3]
	at org.junit.platform.launcher.core.EngineExecutionOrchestrator.execute(EngineExecutionOrchestrator.java:127) ~[junit-platform-launcher-1.9.3.jar:1.9.3]
	at org.junit.platform.launcher.core.EngineExecutionOrchestrator.execute(EngineExecutionOrchestrator.java:90) ~[junit-platform-launcher-1.9.3.jar:1.9.3]
	at org.junit.platform.launcher.core.EngineExecutionOrchestrator.lambda$execute$0(EngineExecutionOrchestrator.java:55) ~[junit-platform-launcher-1.9.3.jar:1.9.3]
	at org.junit.platform.launcher.core.EngineExecutionOrchestrator.withInterceptedStreams(EngineExecutionOrchestrator.java:102) ~[junit-platform-launcher-1.9.3.jar:1.9.3]
	at org.junit.platform.launcher.core.EngineExecutionOrchestrator.execute(EngineExecutionOrchestrator.java:54) ~[junit-platform-launcher-1.9.3.jar:1.9.3]
	at org.junit.platform.launcher.core.DefaultLauncher.execute(DefaultLauncher.java:114) ~[junit-platform-launcher-1.9.3.jar:1.9.3]
	at org.junit.platform.launcher.core.DefaultLauncher.execute(DefaultLauncher.java:86) ~[junit-platform-launcher-1.9.3.jar:1.9.3]
	at org.junit.platform.launcher.core.DefaultLauncherSession$DelegatingLauncher.execute(DefaultLauncherSession.java:86) ~[junit-platform-launcher-1.9.3.jar:1.9.3]
	at org.apache.maven.surefire.junitplatform.LazyLauncher.execute(LazyLauncher.java:50) ~[surefire-junit-platform-3.0.0.jar:3.0.0]
	at org.apache.maven.surefire.junitplatform.JUnitPlatformProvider.execute(JUnitPlatformProvider.java:184) ~[surefire-junit-platform-3.0.0.jar:3.0.0]
	at org.apache.maven.surefire.junitplatform.JUnitPlatformProvider.invokeAllTests(JUnitPlatformProvider.java:148) ~[surefire-junit-platform-3.0.0.jar:3.0.0]
	at org.apache.maven.surefire.junitplatform.JUnitPlatformProvider.invoke(JUnitPlatformProvider.java:122) ~[surefire-junit-platform-3.0.0.jar:3.0.0]
	at org.apache.maven.surefire.booter.ForkedBooter.runSuitesInProcess(ForkedBooter.java:385) ~[surefire-booter-3.0.0.jar:3.0.0]
	at org.apache.maven.surefire.booter.ForkedBooter.execute(ForkedBooter.java:162) ~[surefire-booter-3.0.0.jar:3.0.0]
	at org.apache.maven.surefire.booter.ForkedBooter.run(ForkedBooter.java:507) ~[surefire-booter-3.0.0.jar:3.0.0]
	at org.apache.maven.surefire.booter.ForkedBooter.main(ForkedBooter.java:495) ~[surefire-booter-3.0.0.jar:3.0.0]
Caused by: org.apache.kafka.common.errors.TimeoutException: Timed out waiting for a node assignment. Call: listNodes

2023-12-19T12:21:29.502+01:00  INFO 15668 --- [| adminclient-5] org.apache.kafka.clients.NetworkClient   : [AdminClient clientId=adminclient-5] Node -1 disconnected.
2023-12-19T12:21:29.502+01:00  WARN 15668 --- [| adminclient-5] org.apache.kafka.clients.NetworkClient   : [AdminClient clientId=adminclient-5] Connection to node -1 (localhost/127.0.0.1:29092) could not be established. Broker may not be available.
2023-12-19T12:21:29.503+01:00  INFO 15668 --- [| adminclient-5] o.a.kafka.common.utils.AppInfoParser     : App info kafka.admin.client for adminclient-5 unregistered
2023-12-19T12:21:29.503+01:00  INFO 15668 --- [| adminclient-5] o.a.k.c.a.i.AdminMetadataManager         : [AdminClient clientId=adminclient-5] Metadata update failed

org.apache.kafka.common.errors.TimeoutException: The AdminClient thread has exited. Call: fetchMetadata

2023-12-19T12:21:29.503+01:00  INFO 15668 --- [| adminclient-5] o.a.k.clients.admin.KafkaAdminClient     : [AdminClient clientId=adminclient-5] Timed out 1 remaining operation(s) during close.
2023-12-19T12:21:29.504+01:00  INFO 15668 --- [| adminclient-5] o.apache.kafka.common.metrics.Metrics    : Metrics scheduler closed
2023-12-19T12:21:29.504+01:00  INFO 15668 --- [| adminclient-5] o.apache.kafka.common.metrics.Metrics    : Closing reporter org.apache.kafka.common.metrics.JmxReporter
2023-12-19T12:21:29.504+01:00  INFO 15668 --- [| adminclient-5] o.apache.kafka.common.metrics.Metrics    : Metrics reporters closed
2023-12-19T12:21:29.509+01:00  INFO 15668 --- [           main] o.s.b.w.embedded.tomcat.TomcatWebServer  : Tomcat started on port(s): 51440 (http) with context path ''
2023-12-19T12:21:29.513+01:00  INFO 15668 --- [           main] c.e.P.ProjectControllerTests             : Started ProjectControllerTests in 560.205 seconds (process running for 736.719)
2023-12-19T12:21:29.531+01:00 DEBUG 15668 --- [           main] org.hibernate.SQL                        : select p1_0.id,p1_0.email from projectmember p1_0 where p1_0.id=?
2023-12-19T12:21:29.534+01:00  INFO 15668 --- [           main] c.e.P.Project.ProjectService             : new project dto => Project{Id=null, Projectname='project66', Projectdescription='description1', Createdat=Tue Dec 19 12:21:29 CET 2023, Lastupdatedat=Tue Dec 19 12:21:29 CET 2023, Owner=ProjectMember{Id=140, Email='testusr140@gmail.com'}, Memberships=[]}
2023-12-19T12:21:29.535+01:00 DEBUG 15668 --- [           main] org.hibernate.SQL                        : insert into project (createdat,lastupdatedat,owner_id,projectdescription,projectname,id) values (?,?,?,?,?,default)
2023-12-19T12:21:29.904+01:00 DEBUG 15668 --- [           main] org.hibernate.SQL                        : SELECT * FROM `project` ORDER BY `id` DESC LIMIT 1
2023-12-19T12:21:29.934+01:00 DEBUG 15668 --- [           main] org.hibernate.SQL                        : SELECT * FROM `project` ORDER BY `id` DESC LIMIT 1
]]></system-out>
  </testcase>
  <testcase name="shouldGetNoProjectsFromAccount" classname="com.example.ProjectService.ProjectControllerTests" time="41.197">
    <system-out><![CDATA[2023-12-19T12:21:29.958+01:00  INFO 15668 --- [           main] o.apache.catalina.core.StandardService   : Stopping service [Tomcat]
2023-12-19T12:21:29.963+01:00  INFO 15668 --- [           main] j.LocalContainerEntityManagerFactoryBean : Closing JPA EntityManagerFactory for persistence unit 'default'
2023-12-19T12:21:29.963+01:00 DEBUG 15668 --- [           main] org.hibernate.SQL                        : drop table if exists project cascade 
2023-12-19T12:21:29.964+01:00 DEBUG 15668 --- [           main] org.hibernate.SQL                        : drop table if exists projectmember cascade 
2023-12-19T12:21:29.964+01:00 DEBUG 15668 --- [           main] org.hibernate.SQL                        : drop table if exists projectmembership cascade 
2023-12-19T12:21:29.965+01:00 DEBUG 15668 --- [           main] org.hibernate.SQL                        : drop table if exists projectrole cascade 
2023-12-19T12:21:29.965+01:00  INFO 15668 --- [           main] com.zaxxer.hikari.HikariDataSource       : HikariPool-5 - Shutdown initiated...
2023-12-19T12:21:29.966+01:00  INFO 15668 --- [           main] com.zaxxer.hikari.HikariDataSource       : HikariPool-5 - Shutdown completed.

  .   ____          _            __ _ _
 /\\ / ___'_ __ _ _(_)_ __  __ _ \ \ \ \
( ( )\___ | '_ | '_| | '_ \/ _` | \ \ \ \
 \\/  ___)| |_)| | | | | || (_| |  ) ) ) )
  '  |____| .__|_| |_|_| |_\__, | / / / /
 =========|_|==============|___/=/_/_/_/
 :: Spring Boot ::                (v3.1.5)

2023-12-19T12:21:29.987+01:00  INFO 15668 --- [           main] c.e.P.ProjectControllerTests             : Starting ProjectControllerTests using Java 17.0.8.1 with PID 15668 (started by mitch in D:\projecten\semester6individueel\ProjectService)
2023-12-19T12:21:29.987+01:00  INFO 15668 --- [           main] c.e.P.ProjectControllerTests             : The following 1 profile is active: "test"
2023-12-19T12:21:30.170+01:00  INFO 15668 --- [           main] .s.d.r.c.RepositoryConfigurationDelegate : Multiple Spring Data modules found, entering strict repository configuration mode
2023-12-19T12:21:30.170+01:00  INFO 15668 --- [           main] .s.d.r.c.RepositoryConfigurationDelegate : Bootstrapping Spring Data JPA repositories in DEFAULT mode.
2023-12-19T12:21:30.179+01:00  INFO 15668 --- [           main] .s.d.r.c.RepositoryConfigurationDelegate : Finished Spring Data repository scanning in 9 ms. Found 2 JPA repository interfaces.
2023-12-19T12:21:30.181+01:00  INFO 15668 --- [           main] .s.d.r.c.RepositoryConfigurationDelegate : Multiple Spring Data modules found, entering strict repository configuration mode
2023-12-19T12:21:30.181+01:00  INFO 15668 --- [           main] .s.d.r.c.RepositoryConfigurationDelegate : Bootstrapping Spring Data Redis repositories in DEFAULT mode.
2023-12-19T12:21:30.186+01:00  INFO 15668 --- [           main] .RepositoryConfigurationExtensionSupport : Spring Data Redis - Could not safely identify store assignment for repository candidate interface com.example.ProjectService.repositories.IAccountRepository; If you want this repository to be a Redis repository, consider annotating your entities with one of these annotations: org.springframework.data.redis.core.RedisHash (preferred), or consider extending one of the following types with your repository: org.springframework.data.keyvalue.repository.KeyValueRepository
2023-12-19T12:21:30.186+01:00  INFO 15668 --- [           main] .RepositoryConfigurationExtensionSupport : Spring Data Redis - Could not safely identify store assignment for repository candidate interface com.example.ProjectService.repositories.IProjectRepository; If you want this repository to be a Redis repository, consider annotating your entities with one of these annotations: org.springframework.data.redis.core.RedisHash (preferred), or consider extending one of the following types with your repository: org.springframework.data.keyvalue.repository.KeyValueRepository
2023-12-19T12:21:30.186+01:00  INFO 15668 --- [           main] .s.d.r.c.RepositoryConfigurationDelegate : Finished Spring Data repository scanning in 4 ms. Found 0 Redis repository interfaces.
2023-12-19T12:21:30.252+01:00  INFO 15668 --- [           main] o.s.b.w.embedded.tomcat.TomcatWebServer  : Tomcat initialized with port(s): 0 (http)
2023-12-19T12:21:30.252+01:00  INFO 15668 --- [           main] o.apache.catalina.core.StandardService   : Starting service [Tomcat]
2023-12-19T12:21:30.253+01:00  INFO 15668 --- [           main] o.apache.catalina.core.StandardEngine    : Starting Servlet engine: [Apache Tomcat/10.1.15]
2023-12-19T12:21:30.288+01:00  INFO 15668 --- [           main] o.a.c.c.C.[Tomcat].[localhost].[/]       : Initializing Spring embedded WebApplicationContext
2023-12-19T12:21:30.288+01:00  INFO 15668 --- [           main] w.s.c.ServletWebServerApplicationContext : Root WebApplicationContext: initialization completed in 300 ms
2023-12-19T12:21:30.337+01:00  INFO 15668 --- [           main] o.hibernate.jpa.internal.util.LogHelper  : HHH000204: Processing PersistenceUnitInfo [name: default]
2023-12-19T12:21:30.342+01:00  INFO 15668 --- [           main] o.s.o.j.p.SpringPersistenceUnitInfo      : No LoadTimeWeaver setup: ignoring JPA class transformer
2023-12-19T12:21:30.343+01:00  INFO 15668 --- [           main] com.zaxxer.hikari.HikariDataSource       : HikariPool-6 - Starting...
2023-12-19T12:21:30.344+01:00  INFO 15668 --- [           main] com.zaxxer.hikari.pool.HikariPool        : HikariPool-6 - Added connection conn50: url=jdbc:h2:mem:db user=SA
2023-12-19T12:21:30.344+01:00  INFO 15668 --- [           main] com.zaxxer.hikari.HikariDataSource       : HikariPool-6 - Start completed.
2023-12-19T12:21:30.344+01:00  WARN 15668 --- [           main] org.hibernate.orm.deprecation            : HHH90000025: H2Dialect does not need to be specified explicitly using 'hibernate.dialect' (remove the property setting and it will be selected by default)
2023-12-19T12:21:30.354+01:00  WARN 15668 --- [           main] org.hibernate.mapping.RootClass          : HHH000038: Composite-id class does not override equals(): com.example.ProjectService.JoinTable.ProjectMembership
2023-12-19T12:21:30.354+01:00  WARN 15668 --- [           main] org.hibernate.mapping.RootClass          : HHH000039: Composite-id class does not override hashCode(): com.example.ProjectService.JoinTable.ProjectMembership
2023-12-19T12:21:30.383+01:00  INFO 15668 --- [           main] o.h.e.t.j.p.i.JtaPlatformInitiator       : HHH000489: No JTA platform available (set 'hibernate.transaction.jta.platform' to enable JTA platform integration)
2023-12-19T12:21:30.383+01:00 DEBUG 15668 --- [           main] org.hibernate.SQL                        : drop table if exists project cascade 
2023-12-19T12:21:30.384+01:00 DEBUG 15668 --- [           main] org.hibernate.SQL                        : drop table if exists projectmember cascade 
2023-12-19T12:21:30.384+01:00 DEBUG 15668 --- [           main] org.hibernate.SQL                        : drop table if exists projectmembership cascade 
2023-12-19T12:21:30.384+01:00 DEBUG 15668 --- [           main] org.hibernate.SQL                        : drop table if exists projectrole cascade 
2023-12-19T12:21:30.384+01:00 DEBUG 15668 --- [           main] org.hibernate.SQL                        : create table project (createdat timestamp(6) not null, id bigint generated by default as identity, lastupdatedat timestamp(6) not null, owner_id bigint, projectname varchar(20) not null, projectdescription varchar(50) not null, primary key (id))
2023-12-19T12:21:30.385+01:00 DEBUG 15668 --- [           main] org.hibernate.SQL                        : create table projectmember (id bigint not null, email varchar(20) not null unique, primary key (id))
2023-12-19T12:21:30.385+01:00 DEBUG 15668 --- [           main] org.hibernate.SQL                        : create table projectmembership (joinedproject_id bigint not null, member_id bigint not null, role_id bigint not null, primary key (joinedproject_id, member_id, role_id))
2023-12-19T12:21:30.386+01:00 DEBUG 15668 --- [           main] org.hibernate.SQL                        : create table projectrole (id bigint generated by default as identity, name varchar(255) unique, primary key (id))
2023-12-19T12:21:30.386+01:00 DEBUG 15668 --- [           main] org.hibernate.SQL                        : alter table if exists project add constraint FKgela6raf25bsa6thxog5x8lkv foreign key (owner_id) references projectmember
2023-12-19T12:21:30.387+01:00 DEBUG 15668 --- [           main] org.hibernate.SQL                        : alter table if exists projectmembership add constraint FKr5hoxnh9k5nutty4hon93c6fe foreign key (joinedproject_id) references project
2023-12-19T12:21:30.388+01:00 DEBUG 15668 --- [           main] org.hibernate.SQL                        : alter table if exists projectmembership add constraint FKt45jjcbtrrsgom05jwu0fje4b foreign key (member_id) references projectmember
2023-12-19T12:21:30.389+01:00 DEBUG 15668 --- [           main] org.hibernate.SQL                        : alter table if exists projectmembership add constraint FKfnovlarbluovef58uneoi1li1 foreign key (role_id) references projectrole
2023-12-19T12:21:30.390+01:00  INFO 15668 --- [           main] j.LocalContainerEntityManagerFactoryBean : Initialized JPA EntityManagerFactory for persistence unit 'default'
2023-12-19T12:21:30.438+01:00  WARN 15668 --- [           main] JpaBaseConfiguration$JpaWebConfiguration : spring.jpa.open-in-view is enabled by default. Therefore, database queries may be performed during view rendering. Explicitly configure spring.jpa.open-in-view to disable this warning
2023-12-19T12:21:30.598+01:00  INFO 15668 --- [           main] o.a.c.c.C.[Tomcat].[localhost].[/]       : Initializing Spring TestDispatcherServlet ''
2023-12-19T12:21:30.598+01:00  INFO 15668 --- [           main] o.s.t.web.servlet.TestDispatcherServlet  : Initializing Servlet ''
2023-12-19T12:21:30.600+01:00  INFO 15668 --- [           main] o.s.b.a.e.web.EndpointLinksResolver      : Exposing 13 endpoint(s) beneath base path '/actuator'
2023-12-19T12:21:30.605+01:00  INFO 15668 --- [           main] o.s.t.web.servlet.TestDispatcherServlet  : Completed initialization in 7 ms
2023-12-19T12:21:30.612+01:00  INFO 15668 --- [           main] o.a.k.clients.admin.AdminClientConfig    : AdminClientConfig values: 
	auto.include.jmx.reporter = true
	bootstrap.servers = [localhost:29092]
	client.dns.lookup = use_all_dns_ips
	client.id = 
	connections.max.idle.ms = 300000
	default.api.timeout.ms = 60000
	metadata.max.age.ms = 300000
	metric.reporters = []
	metrics.num.samples = 2
	metrics.recording.level = INFO
	metrics.sample.window.ms = 30000
	receive.buffer.bytes = 65536
	reconnect.backoff.max.ms = 1000
	reconnect.backoff.ms = 50
	request.timeout.ms = 30000
	retries = 2147483647
	retry.backoff.ms = 100
	sasl.client.callback.handler.class = null
	sasl.jaas.config = null
	sasl.kerberos.kinit.cmd = /usr/bin/kinit
	sasl.kerberos.min.time.before.relogin = 60000
	sasl.kerberos.service.name = null
	sasl.kerberos.ticket.renew.jitter = 0.05
	sasl.kerberos.ticket.renew.window.factor = 0.8
	sasl.login.callback.handler.class = null
	sasl.login.class = null
	sasl.login.connect.timeout.ms = null
	sasl.login.read.timeout.ms = null
	sasl.login.refresh.buffer.seconds = 300
	sasl.login.refresh.min.period.seconds = 60
	sasl.login.refresh.window.factor = 0.8
	sasl.login.refresh.window.jitter = 0.05
	sasl.login.retry.backoff.max.ms = 10000
	sasl.login.retry.backoff.ms = 100
	sasl.mechanism = GSSAPI
	sasl.oauthbearer.clock.skew.seconds = 30
	sasl.oauthbearer.expected.audience = null
	sasl.oauthbearer.expected.issuer = null
	sasl.oauthbearer.jwks.endpoint.refresh.ms = 3600000
	sasl.oauthbearer.jwks.endpoint.retry.backoff.max.ms = 10000
	sasl.oauthbearer.jwks.endpoint.retry.backoff.ms = 100
	sasl.oauthbearer.jwks.endpoint.url = null
	sasl.oauthbearer.scope.claim.name = scope
	sasl.oauthbearer.sub.claim.name = sub
	sasl.oauthbearer.token.endpoint.url = null
	security.protocol = PLAINTEXT
	security.providers = null
	send.buffer.bytes = 131072
	socket.connection.setup.timeout.max.ms = 30000
	socket.connection.setup.timeout.ms = 10000
	ssl.cipher.suites = null
	ssl.enabled.protocols = [TLSv1.2, TLSv1.3]
	ssl.endpoint.identification.algorithm = https
	ssl.engine.factory.class = null
	ssl.key.password = null
	ssl.keymanager.algorithm = SunX509
	ssl.keystore.certificate.chain = null
	ssl.keystore.key = null
	ssl.keystore.location = null
	ssl.keystore.password = null
	ssl.keystore.type = JKS
	ssl.protocol = TLSv1.3
	ssl.provider = null
	ssl.secure.random.implementation = null
	ssl.trustmanager.algorithm = PKIX
	ssl.truststore.certificates = null
	ssl.truststore.location = null
	ssl.truststore.password = null
	ssl.truststore.type = JKS

2023-12-19T12:21:30.617+01:00  INFO 15668 --- [           main] o.a.kafka.common.utils.AppInfoParser     : Kafka version: 3.4.1
2023-12-19T12:21:30.617+01:00  INFO 15668 --- [           main] o.a.kafka.common.utils.AppInfoParser     : Kafka commitId: 8a516edc2755df89
2023-12-19T12:21:30.617+01:00  INFO 15668 --- [           main] o.a.kafka.common.utils.AppInfoParser     : Kafka startTimeMs: 1702984890617
2023-12-19T12:21:30.619+01:00  INFO 15668 --- [| adminclient-6] org.apache.kafka.clients.NetworkClient   : [AdminClient clientId=adminclient-6] Node -1 disconnected.
2023-12-19T12:21:30.619+01:00  WARN 15668 --- [| adminclient-6] org.apache.kafka.clients.NetworkClient   : [AdminClient clientId=adminclient-6] Connection to node -1 (localhost/127.0.0.1:29092) could not be established. Broker may not be available.
2023-12-19T12:21:30.721+01:00  INFO 15668 --- [| adminclient-6] org.apache.kafka.clients.NetworkClient   : [AdminClient clientId=adminclient-6] Node -1 disconnected.
2023-12-19T12:21:30.722+01:00  WARN 15668 --- [| adminclient-6] org.apache.kafka.clients.NetworkClient   : [AdminClient clientId=adminclient-6] Connection to node -1 (localhost/127.0.0.1:29092) could not be established. Broker may not be available.
2023-12-19T12:21:30.829+01:00  INFO 15668 --- [| adminclient-6] org.apache.kafka.clients.NetworkClient   : [AdminClient clientId=adminclient-6] Node -1 disconnected.
2023-12-19T12:21:30.829+01:00  WARN 15668 --- [| adminclient-6] org.apache.kafka.clients.NetworkClient   : [AdminClient clientId=adminclient-6] Connection to node -1 (localhost/127.0.0.1:29092) could not be established. Broker may not be available.
2023-12-19T12:21:31.156+01:00  INFO 15668 --- [| adminclient-6] org.apache.kafka.clients.NetworkClient   : [AdminClient clientId=adminclient-6] Node -1 disconnected.
2023-12-19T12:21:31.156+01:00  WARN 15668 --- [| adminclient-6] org.apache.kafka.clients.NetworkClient   : [AdminClient clientId=adminclient-6] Connection to node -1 (localhost/127.0.0.1:29092) could not be established. Broker may not be available.
2023-12-19T12:21:31.592+01:00  INFO 15668 --- [| adminclient-6] org.apache.kafka.clients.NetworkClient   : [AdminClient clientId=adminclient-6] Node -1 disconnected.
2023-12-19T12:21:31.593+01:00  WARN 15668 --- [| adminclient-6] org.apache.kafka.clients.NetworkClient   : [AdminClient clientId=adminclient-6] Connection to node -1 (localhost/127.0.0.1:29092) could not be established. Broker may not be available.
2023-12-19T12:21:32.349+01:00  INFO 15668 --- [| adminclient-6] org.apache.kafka.clients.NetworkClient   : [AdminClient clientId=adminclient-6] Node -1 disconnected.
2023-12-19T12:21:32.350+01:00  WARN 15668 --- [| adminclient-6] org.apache.kafka.clients.NetworkClient   : [AdminClient clientId=adminclient-6] Connection to node -1 (localhost/127.0.0.1:29092) could not be established. Broker may not be available.
2023-12-19T12:21:33.432+01:00  INFO 15668 --- [| adminclient-6] org.apache.kafka.clients.NetworkClient   : [AdminClient clientId=adminclient-6] Node -1 disconnected.
2023-12-19T12:21:33.432+01:00  WARN 15668 --- [| adminclient-6] org.apache.kafka.clients.NetworkClient   : [AdminClient clientId=adminclient-6] Connection to node -1 (localhost/127.0.0.1:29092) could not be established. Broker may not be available.
2023-12-19T12:21:34.296+01:00  INFO 15668 --- [| adminclient-6] org.apache.kafka.clients.NetworkClient   : [AdminClient clientId=adminclient-6] Node -1 disconnected.
2023-12-19T12:21:34.296+01:00  WARN 15668 --- [| adminclient-6] org.apache.kafka.clients.NetworkClient   : [AdminClient clientId=adminclient-6] Connection to node -1 (localhost/127.0.0.1:29092) could not be established. Broker may not be available.
2023-12-19T12:21:35.163+01:00  INFO 15668 --- [| adminclient-6] org.apache.kafka.clients.NetworkClient   : [AdminClient clientId=adminclient-6] Node -1 disconnected.
2023-12-19T12:21:35.163+01:00  WARN 15668 --- [| adminclient-6] org.apache.kafka.clients.NetworkClient   : [AdminClient clientId=adminclient-6] Connection to node -1 (localhost/127.0.0.1:29092) could not be established. Broker may not be available.
2023-12-19T12:21:36.142+01:00  INFO 15668 --- [| adminclient-6] org.apache.kafka.clients.NetworkClient   : [AdminClient clientId=adminclient-6] Node -1 disconnected.
2023-12-19T12:21:36.142+01:00  WARN 15668 --- [| adminclient-6] org.apache.kafka.clients.NetworkClient   : [AdminClient clientId=adminclient-6] Connection to node -1 (localhost/127.0.0.1:29092) could not be established. Broker may not be available.
2023-12-19T12:21:37.006+01:00  INFO 15668 --- [| adminclient-6] org.apache.kafka.clients.NetworkClient   : [AdminClient clientId=adminclient-6] Node -1 disconnected.
2023-12-19T12:21:37.006+01:00  WARN 15668 --- [| adminclient-6] org.apache.kafka.clients.NetworkClient   : [AdminClient clientId=adminclient-6] Connection to node -1 (localhost/127.0.0.1:29092) could not be established. Broker may not be available.
2023-12-19T12:21:38.182+01:00  INFO 15668 --- [| adminclient-6] org.apache.kafka.clients.NetworkClient   : [AdminClient clientId=adminclient-6] Node -1 disconnected.
2023-12-19T12:21:38.182+01:00  WARN 15668 --- [| adminclient-6] org.apache.kafka.clients.NetworkClient   : [AdminClient clientId=adminclient-6] Connection to node -1 (localhost/127.0.0.1:29092) could not be established. Broker may not be available.
2023-12-19T12:21:39.141+01:00  INFO 15668 --- [| adminclient-6] org.apache.kafka.clients.NetworkClient   : [AdminClient clientId=adminclient-6] Node -1 disconnected.
2023-12-19T12:21:39.142+01:00  WARN 15668 --- [| adminclient-6] org.apache.kafka.clients.NetworkClient   : [AdminClient clientId=adminclient-6] Connection to node -1 (localhost/127.0.0.1:29092) could not be established. Broker may not be available.
2023-12-19T12:21:40.229+01:00  INFO 15668 --- [| adminclient-6] org.apache.kafka.clients.NetworkClient   : [AdminClient clientId=adminclient-6] Node -1 disconnected.
2023-12-19T12:21:40.229+01:00  WARN 15668 --- [| adminclient-6] org.apache.kafka.clients.NetworkClient   : [AdminClient clientId=adminclient-6] Connection to node -1 (localhost/127.0.0.1:29092) could not be established. Broker may not be available.
2023-12-19T12:21:41.177+01:00  INFO 15668 --- [| adminclient-6] org.apache.kafka.clients.NetworkClient   : [AdminClient clientId=adminclient-6] Node -1 disconnected.
2023-12-19T12:21:41.177+01:00  WARN 15668 --- [| adminclient-6] org.apache.kafka.clients.NetworkClient   : [AdminClient clientId=adminclient-6] Connection to node -1 (localhost/127.0.0.1:29092) could not be established. Broker may not be available.
2023-12-19T12:21:42.250+01:00  INFO 15668 --- [| adminclient-6] org.apache.kafka.clients.NetworkClient   : [AdminClient clientId=adminclient-6] Node -1 disconnected.
2023-12-19T12:21:42.251+01:00  WARN 15668 --- [| adminclient-6] org.apache.kafka.clients.NetworkClient   : [AdminClient clientId=adminclient-6] Connection to node -1 (localhost/127.0.0.1:29092) could not be established. Broker may not be available.
2023-12-19T12:21:43.446+01:00  INFO 15668 --- [| adminclient-6] org.apache.kafka.clients.NetworkClient   : [AdminClient clientId=adminclient-6] Node -1 disconnected.
2023-12-19T12:21:43.446+01:00  WARN 15668 --- [| adminclient-6] org.apache.kafka.clients.NetworkClient   : [AdminClient clientId=adminclient-6] Connection to node -1 (localhost/127.0.0.1:29092) could not be established. Broker may not be available.
2023-12-19T12:21:44.641+01:00  INFO 15668 --- [| adminclient-6] org.apache.kafka.clients.NetworkClient   : [AdminClient clientId=adminclient-6] Node -1 disconnected.
2023-12-19T12:21:44.641+01:00  WARN 15668 --- [| adminclient-6] org.apache.kafka.clients.NetworkClient   : [AdminClient clientId=adminclient-6] Connection to node -1 (localhost/127.0.0.1:29092) could not be established. Broker may not be available.
2023-12-19T12:21:45.618+01:00  INFO 15668 --- [| adminclient-6] org.apache.kafka.clients.NetworkClient   : [AdminClient clientId=adminclient-6] Node -1 disconnected.
2023-12-19T12:21:45.618+01:00  WARN 15668 --- [| adminclient-6] org.apache.kafka.clients.NetworkClient   : [AdminClient clientId=adminclient-6] Connection to node -1 (localhost/127.0.0.1:29092) could not be established. Broker may not be available.
2023-12-19T12:21:46.658+01:00  INFO 15668 --- [| adminclient-6] org.apache.kafka.clients.NetworkClient   : [AdminClient clientId=adminclient-6] Node -1 disconnected.
2023-12-19T12:21:46.658+01:00  WARN 15668 --- [| adminclient-6] org.apache.kafka.clients.NetworkClient   : [AdminClient clientId=adminclient-6] Connection to node -1 (localhost/127.0.0.1:29092) could not be established. Broker may not be available.
2023-12-19T12:21:47.930+01:00  INFO 15668 --- [| adminclient-6] org.apache.kafka.clients.NetworkClient   : [AdminClient clientId=adminclient-6] Node -1 disconnected.
2023-12-19T12:21:47.930+01:00  WARN 15668 --- [| adminclient-6] org.apache.kafka.clients.NetworkClient   : [AdminClient clientId=adminclient-6] Connection to node -1 (localhost/127.0.0.1:29092) could not be established. Broker may not be available.
2023-12-19T12:21:49.114+01:00  INFO 15668 --- [| adminclient-6] org.apache.kafka.clients.NetworkClient   : [AdminClient clientId=adminclient-6] Node -1 disconnected.
2023-12-19T12:21:49.115+01:00  WARN 15668 --- [| adminclient-6] org.apache.kafka.clients.NetworkClient   : [AdminClient clientId=adminclient-6] Connection to node -1 (localhost/127.0.0.1:29092) could not be established. Broker may not be available.
2023-12-19T12:21:49.987+01:00  INFO 15668 --- [| adminclient-6] org.apache.kafka.clients.NetworkClient   : [AdminClient clientId=adminclient-6] Node -1 disconnected.
2023-12-19T12:21:49.988+01:00  WARN 15668 --- [| adminclient-6] org.apache.kafka.clients.NetworkClient   : [AdminClient clientId=adminclient-6] Connection to node -1 (localhost/127.0.0.1:29092) could not be established. Broker may not be available.
2023-12-19T12:21:51.186+01:00  INFO 15668 --- [| adminclient-6] org.apache.kafka.clients.NetworkClient   : [AdminClient clientId=adminclient-6] Node -1 disconnected.
2023-12-19T12:21:51.187+01:00  WARN 15668 --- [| adminclient-6] org.apache.kafka.clients.NetworkClient   : [AdminClient clientId=adminclient-6] Connection to node -1 (localhost/127.0.0.1:29092) could not be established. Broker may not be available.
2023-12-19T12:21:52.260+01:00  INFO 15668 --- [| adminclient-6] org.apache.kafka.clients.NetworkClient   : [AdminClient clientId=adminclient-6] Node -1 disconnected.
2023-12-19T12:21:52.260+01:00  WARN 15668 --- [| adminclient-6] org.apache.kafka.clients.NetworkClient   : [AdminClient clientId=adminclient-6] Connection to node -1 (localhost/127.0.0.1:29092) could not be established. Broker may not be available.
2023-12-19T12:21:53.127+01:00  INFO 15668 --- [| adminclient-6] org.apache.kafka.clients.NetworkClient   : [AdminClient clientId=adminclient-6] Node -1 disconnected.
2023-12-19T12:21:53.127+01:00  WARN 15668 --- [| adminclient-6] org.apache.kafka.clients.NetworkClient   : [AdminClient clientId=adminclient-6] Connection to node -1 (localhost/127.0.0.1:29092) could not be established. Broker may not be available.
2023-12-19T12:21:54.197+01:00  INFO 15668 --- [| adminclient-6] org.apache.kafka.clients.NetworkClient   : [AdminClient clientId=adminclient-6] Node -1 disconnected.
2023-12-19T12:21:54.198+01:00  WARN 15668 --- [| adminclient-6] org.apache.kafka.clients.NetworkClient   : [AdminClient clientId=adminclient-6] Connection to node -1 (localhost/127.0.0.1:29092) could not be established. Broker may not be available.
2023-12-19T12:21:55.399+01:00  INFO 15668 --- [| adminclient-6] org.apache.kafka.clients.NetworkClient   : [AdminClient clientId=adminclient-6] Node -1 disconnected.
2023-12-19T12:21:55.399+01:00  WARN 15668 --- [| adminclient-6] org.apache.kafka.clients.NetworkClient   : [AdminClient clientId=adminclient-6] Connection to node -1 (localhost/127.0.0.1:29092) could not be established. Broker may not be available.
2023-12-19T12:21:56.376+01:00  INFO 15668 --- [| adminclient-6] org.apache.kafka.clients.NetworkClient   : [AdminClient clientId=adminclient-6] Node -1 disconnected.
2023-12-19T12:21:56.377+01:00  WARN 15668 --- [| adminclient-6] org.apache.kafka.clients.NetworkClient   : [AdminClient clientId=adminclient-6] Connection to node -1 (localhost/127.0.0.1:29092) could not be established. Broker may not be available.
2023-12-19T12:21:57.331+01:00  INFO 15668 --- [| adminclient-6] org.apache.kafka.clients.NetworkClient   : [AdminClient clientId=adminclient-6] Node -1 disconnected.
2023-12-19T12:21:57.331+01:00  WARN 15668 --- [| adminclient-6] org.apache.kafka.clients.NetworkClient   : [AdminClient clientId=adminclient-6] Connection to node -1 (localhost/127.0.0.1:29092) could not be established. Broker may not be available.
2023-12-19T12:21:58.421+01:00  INFO 15668 --- [| adminclient-6] org.apache.kafka.clients.NetworkClient   : [AdminClient clientId=adminclient-6] Node -1 disconnected.
2023-12-19T12:21:58.422+01:00  WARN 15668 --- [| adminclient-6] org.apache.kafka.clients.NetworkClient   : [AdminClient clientId=adminclient-6] Connection to node -1 (localhost/127.0.0.1:29092) could not be established. Broker may not be available.
2023-12-19T12:21:59.621+01:00  INFO 15668 --- [| adminclient-6] org.apache.kafka.clients.NetworkClient   : [AdminClient clientId=adminclient-6] Node -1 disconnected.
2023-12-19T12:21:59.621+01:00  WARN 15668 --- [| adminclient-6] org.apache.kafka.clients.NetworkClient   : [AdminClient clientId=adminclient-6] Connection to node -1 (localhost/127.0.0.1:29092) could not be established. Broker may not be available.
2023-12-19T12:22:00.627+01:00  INFO 15668 --- [| adminclient-6] o.a.k.c.a.i.AdminMetadataManager         : [AdminClient clientId=adminclient-6] Metadata update failed

org.apache.kafka.common.errors.TimeoutException: Timed out waiting for a node assignment. Call: fetchMetadata

2023-12-19T12:22:00.627+01:00 ERROR 15668 --- [           main] o.springframework.kafka.core.KafkaAdmin  : Could not configure topics

java.util.concurrent.TimeoutException: null
	at java.base/java.util.concurrent.CompletableFuture.timedGet(CompletableFuture.java:1960) ~[na:na]
	at java.base/java.util.concurrent.CompletableFuture.get(CompletableFuture.java:2095) ~[na:na]
	at org.apache.kafka.common.internals.KafkaFutureImpl.get(KafkaFutureImpl.java:180) ~[kafka-clients-3.4.1.jar:na]
	at org.springframework.kafka.core.KafkaAdmin.initialize(KafkaAdmin.java:243) ~[spring-kafka-3.0.12.jar:3.0.12]
	at org.springframework.kafka.core.KafkaAdmin.afterSingletonsInstantiated(KafkaAdmin.java:212) ~[spring-kafka-3.0.12.jar:3.0.12]
	at org.springframework.beans.factory.support.DefaultListableBeanFactory.preInstantiateSingletons(DefaultListableBeanFactory.java:984) ~[spring-beans-6.0.13.jar:6.0.13]
	at org.springframework.context.support.AbstractApplicationContext.finishBeanFactoryInitialization(AbstractApplicationContext.java:950) ~[spring-context-6.0.13.jar:6.0.13]
	at org.springframework.context.support.AbstractApplicationContext.refresh(AbstractApplicationContext.java:616) ~[spring-context-6.0.13.jar:6.0.13]
	at org.springframework.boot.web.servlet.context.ServletWebServerApplicationContext.refresh(ServletWebServerApplicationContext.java:146) ~[spring-boot-3.1.5.jar:3.1.5]
	at org.springframework.boot.SpringApplication.refresh(SpringApplication.java:738) ~[spring-boot-3.1.5.jar:3.1.5]
	at org.springframework.boot.SpringApplication.refreshContext(SpringApplication.java:440) ~[spring-boot-3.1.5.jar:3.1.5]
	at org.springframework.boot.SpringApplication.run(SpringApplication.java:316) ~[spring-boot-3.1.5.jar:3.1.5]
	at org.springframework.boot.test.context.SpringBootContextLoader.lambda$loadContext$3(SpringBootContextLoader.java:137) ~[spring-boot-test-3.1.5.jar:3.1.5]
	at org.springframework.util.function.ThrowingSupplier.get(ThrowingSupplier.java:58) ~[spring-core-6.0.13.jar:6.0.13]
	at org.springframework.util.function.ThrowingSupplier.get(ThrowingSupplier.java:46) ~[spring-core-6.0.13.jar:6.0.13]
	at org.springframework.boot.SpringApplication.withHook(SpringApplication.java:1406) ~[spring-boot-3.1.5.jar:3.1.5]
	at org.springframework.boot.test.context.SpringBootContextLoader$ContextLoaderHook.run(SpringBootContextLoader.java:545) ~[spring-boot-test-3.1.5.jar:3.1.5]
	at org.springframework.boot.test.context.SpringBootContextLoader.loadContext(SpringBootContextLoader.java:137) ~[spring-boot-test-3.1.5.jar:3.1.5]
	at org.springframework.boot.test.context.SpringBootContextLoader.loadContext(SpringBootContextLoader.java:108) ~[spring-boot-test-3.1.5.jar:3.1.5]
	at org.springframework.test.context.cache.DefaultCacheAwareContextLoaderDelegate.loadContextInternal(DefaultCacheAwareContextLoaderDelegate.java:187) ~[spring-test-6.0.13.jar:6.0.13]
	at org.springframework.test.context.cache.DefaultCacheAwareContextLoaderDelegate.loadContext(DefaultCacheAwareContextLoaderDelegate.java:119) ~[spring-test-6.0.13.jar:6.0.13]
	at org.springframework.test.context.support.DefaultTestContext.getApplicationContext(DefaultTestContext.java:127) ~[spring-test-6.0.13.jar:6.0.13]
	at org.springframework.boot.test.mock.mockito.MockitoTestExecutionListener.postProcessFields(MockitoTestExecutionListener.java:110) ~[spring-boot-test-3.1.5.jar:3.1.5]
	at org.springframework.boot.test.mock.mockito.MockitoTestExecutionListener.reinjectFields(MockitoTestExecutionListener.java:99) ~[spring-boot-test-3.1.5.jar:3.1.5]
	at org.springframework.boot.test.mock.mockito.MockitoTestExecutionListener.beforeTestMethod(MockitoTestExecutionListener.java:69) ~[spring-boot-test-3.1.5.jar:3.1.5]
	at org.springframework.test.context.TestContextManager.beforeTestMethod(TestContextManager.java:288) ~[spring-test-6.0.13.jar:6.0.13]
	at org.springframework.test.context.junit.jupiter.SpringExtension.beforeEach(SpringExtension.java:174) ~[spring-test-6.0.13.jar:6.0.13]
	at org.junit.jupiter.engine.descriptor.TestMethodTestDescriptor.lambda$invokeBeforeEachCallbacks$2(TestMethodTestDescriptor.java:166) ~[junit-jupiter-engine-5.9.3.jar:5.9.3]
	at org.junit.jupiter.engine.descriptor.TestMethodTestDescriptor.lambda$invokeBeforeMethodsOrCallbacksUntilExceptionOccurs$6(TestMethodTestDescriptor.java:202) ~[junit-jupiter-engine-5.9.3.jar:5.9.3]
	at org.junit.platform.engine.support.hierarchical.ThrowableCollector.execute(ThrowableCollector.java:73) ~[junit-platform-engine-1.9.3.jar:1.9.3]
	at org.junit.jupiter.engine.descriptor.TestMethodTestDescriptor.invokeBeforeMethodsOrCallbacksUntilExceptionOccurs(TestMethodTestDescriptor.java:202) ~[junit-jupiter-engine-5.9.3.jar:5.9.3]
	at org.junit.jupiter.engine.descriptor.TestMethodTestDescriptor.invokeBeforeEachCallbacks(TestMethodTestDescriptor.java:165) ~[junit-jupiter-engine-5.9.3.jar:5.9.3]
	at org.junit.jupiter.engine.descriptor.TestMethodTestDescriptor.execute(TestMethodTestDescriptor.java:132) ~[junit-jupiter-engine-5.9.3.jar:5.9.3]
	at org.junit.jupiter.engine.descriptor.TestMethodTestDescriptor.execute(TestMethodTestDescriptor.java:68) ~[junit-jupiter-engine-5.9.3.jar:5.9.3]
	at org.junit.platform.engine.support.hierarchical.NodeTestTask.lambda$executeRecursively$6(NodeTestTask.java:151) ~[junit-platform-engine-1.9.3.jar:1.9.3]
	at org.junit.platform.engine.support.hierarchical.ThrowableCollector.execute(ThrowableCollector.java:73) ~[junit-platform-engine-1.9.3.jar:1.9.3]
	at org.junit.platform.engine.support.hierarchical.NodeTestTask.lambda$executeRecursively$8(NodeTestTask.java:141) ~[junit-platform-engine-1.9.3.jar:1.9.3]
	at org.junit.platform.engine.support.hierarchical.Node.around(Node.java:137) ~[junit-platform-engine-1.9.3.jar:1.9.3]
	at org.junit.platform.engine.support.hierarchical.NodeTestTask.lambda$executeRecursively$9(NodeTestTask.java:139) ~[junit-platform-engine-1.9.3.jar:1.9.3]
	at org.junit.platform.engine.support.hierarchical.ThrowableCollector.execute(ThrowableCollector.java:73) ~[junit-platform-engine-1.9.3.jar:1.9.3]
	at org.junit.platform.engine.support.hierarchical.NodeTestTask.executeRecursively(NodeTestTask.java:138) ~[junit-platform-engine-1.9.3.jar:1.9.3]
	at org.junit.platform.engine.support.hierarchical.NodeTestTask.execute(NodeTestTask.java:95) ~[junit-platform-engine-1.9.3.jar:1.9.3]
	at java.base/java.util.ArrayList.forEach(ArrayList.java:1511) ~[na:na]
	at org.junit.platform.engine.support.hierarchical.SameThreadHierarchicalTestExecutorService.invokeAll(SameThreadHierarchicalTestExecutorService.java:41) ~[junit-platform-engine-1.9.3.jar:1.9.3]
	at org.junit.platform.engine.support.hierarchical.NodeTestTask.lambda$executeRecursively$6(NodeTestTask.java:155) ~[junit-platform-engine-1.9.3.jar:1.9.3]
	at org.junit.platform.engine.support.hierarchical.ThrowableCollector.execute(ThrowableCollector.java:73) ~[junit-platform-engine-1.9.3.jar:1.9.3]
	at org.junit.platform.engine.support.hierarchical.NodeTestTask.lambda$executeRecursively$8(NodeTestTask.java:141) ~[junit-platform-engine-1.9.3.jar:1.9.3]
	at org.junit.platform.engine.support.hierarchical.Node.around(Node.java:137) ~[junit-platform-engine-1.9.3.jar:1.9.3]
	at org.junit.platform.engine.support.hierarchical.NodeTestTask.lambda$executeRecursively$9(NodeTestTask.java:139) ~[junit-platform-engine-1.9.3.jar:1.9.3]
	at org.junit.platform.engine.support.hierarchical.ThrowableCollector.execute(ThrowableCollector.java:73) ~[junit-platform-engine-1.9.3.jar:1.9.3]
	at org.junit.platform.engine.support.hierarchical.NodeTestTask.executeRecursively(NodeTestTask.java:138) ~[junit-platform-engine-1.9.3.jar:1.9.3]
	at org.junit.platform.engine.support.hierarchical.NodeTestTask.execute(NodeTestTask.java:95) ~[junit-platform-engine-1.9.3.jar:1.9.3]
	at java.base/java.util.ArrayList.forEach(ArrayList.java:1511) ~[na:na]
	at org.junit.platform.engine.support.hierarchical.SameThreadHierarchicalTestExecutorService.invokeAll(SameThreadHierarchicalTestExecutorService.java:41) ~[junit-platform-engine-1.9.3.jar:1.9.3]
	at org.junit.platform.engine.support.hierarchical.NodeTestTask.lambda$executeRecursively$6(NodeTestTask.java:155) ~[junit-platform-engine-1.9.3.jar:1.9.3]
	at org.junit.platform.engine.support.hierarchical.ThrowableCollector.execute(ThrowableCollector.java:73) ~[junit-platform-engine-1.9.3.jar:1.9.3]
	at org.junit.platform.engine.support.hierarchical.NodeTestTask.lambda$executeRecursively$8(NodeTestTask.java:141) ~[junit-platform-engine-1.9.3.jar:1.9.3]
	at org.junit.platform.engine.support.hierarchical.Node.around(Node.java:137) ~[junit-platform-engine-1.9.3.jar:1.9.3]
	at org.junit.platform.engine.support.hierarchical.NodeTestTask.lambda$executeRecursively$9(NodeTestTask.java:139) ~[junit-platform-engine-1.9.3.jar:1.9.3]
	at org.junit.platform.engine.support.hierarchical.ThrowableCollector.execute(ThrowableCollector.java:73) ~[junit-platform-engine-1.9.3.jar:1.9.3]
	at org.junit.platform.engine.support.hierarchical.NodeTestTask.executeRecursively(NodeTestTask.java:138) ~[junit-platform-engine-1.9.3.jar:1.9.3]
	at org.junit.platform.engine.support.hierarchical.NodeTestTask.execute(NodeTestTask.java:95) ~[junit-platform-engine-1.9.3.jar:1.9.3]
	at org.junit.platform.engine.support.hierarchical.SameThreadHierarchicalTestExecutorService.submit(SameThreadHierarchicalTestExecutorService.java:35) ~[junit-platform-engine-1.9.3.jar:1.9.3]
	at org.junit.platform.engine.support.hierarchical.HierarchicalTestExecutor.execute(HierarchicalTestExecutor.java:57) ~[junit-platform-engine-1.9.3.jar:1.9.3]
	at org.junit.platform.engine.support.hierarchical.HierarchicalTestEngine.execute(HierarchicalTestEngine.java:54) ~[junit-platform-engine-1.9.3.jar:1.9.3]
	at org.junit.platform.launcher.core.EngineExecutionOrchestrator.execute(EngineExecutionOrchestrator.java:147) ~[junit-platform-launcher-1.9.3.jar:1.9.3]
	at org.junit.platform.launcher.core.EngineExecutionOrchestrator.execute(EngineExecutionOrchestrator.java:127) ~[junit-platform-launcher-1.9.3.jar:1.9.3]
	at org.junit.platform.launcher.core.EngineExecutionOrchestrator.execute(EngineExecutionOrchestrator.java:90) ~[junit-platform-launcher-1.9.3.jar:1.9.3]
	at org.junit.platform.launcher.core.EngineExecutionOrchestrator.lambda$execute$0(EngineExecutionOrchestrator.java:55) ~[junit-platform-launcher-1.9.3.jar:1.9.3]
	at org.junit.platform.launcher.core.EngineExecutionOrchestrator.withInterceptedStreams(EngineExecutionOrchestrator.java:102) ~[junit-platform-launcher-1.9.3.jar:1.9.3]
	at org.junit.platform.launcher.core.EngineExecutionOrchestrator.execute(EngineExecutionOrchestrator.java:54) ~[junit-platform-launcher-1.9.3.jar:1.9.3]
	at org.junit.platform.launcher.core.DefaultLauncher.execute(DefaultLauncher.java:114) ~[junit-platform-launcher-1.9.3.jar:1.9.3]
	at org.junit.platform.launcher.core.DefaultLauncher.execute(DefaultLauncher.java:86) ~[junit-platform-launcher-1.9.3.jar:1.9.3]
	at org.junit.platform.launcher.core.DefaultLauncherSession$DelegatingLauncher.execute(DefaultLauncherSession.java:86) ~[junit-platform-launcher-1.9.3.jar:1.9.3]
	at org.apache.maven.surefire.junitplatform.LazyLauncher.execute(LazyLauncher.java:50) ~[surefire-junit-platform-3.0.0.jar:3.0.0]
	at org.apache.maven.surefire.junitplatform.JUnitPlatformProvider.execute(JUnitPlatformProvider.java:184) ~[surefire-junit-platform-3.0.0.jar:3.0.0]
	at org.apache.maven.surefire.junitplatform.JUnitPlatformProvider.invokeAllTests(JUnitPlatformProvider.java:148) ~[surefire-junit-platform-3.0.0.jar:3.0.0]
	at org.apache.maven.surefire.junitplatform.JUnitPlatformProvider.invoke(JUnitPlatformProvider.java:122) ~[surefire-junit-platform-3.0.0.jar:3.0.0]
	at org.apache.maven.surefire.booter.ForkedBooter.runSuitesInProcess(ForkedBooter.java:385) ~[surefire-booter-3.0.0.jar:3.0.0]
	at org.apache.maven.surefire.booter.ForkedBooter.execute(ForkedBooter.java:162) ~[surefire-booter-3.0.0.jar:3.0.0]
	at org.apache.maven.surefire.booter.ForkedBooter.run(ForkedBooter.java:507) ~[surefire-booter-3.0.0.jar:3.0.0]
	at org.apache.maven.surefire.booter.ForkedBooter.main(ForkedBooter.java:495) ~[surefire-booter-3.0.0.jar:3.0.0]

2023-12-19T12:22:00.829+01:00  INFO 15668 --- [| adminclient-6] org.apache.kafka.clients.NetworkClient   : [AdminClient clientId=adminclient-6] Node -1 disconnected.
2023-12-19T12:22:00.829+01:00  WARN 15668 --- [| adminclient-6] org.apache.kafka.clients.NetworkClient   : [AdminClient clientId=adminclient-6] Connection to node -1 (localhost/127.0.0.1:29092) could not be established. Broker may not be available.
2023-12-19T12:22:01.686+01:00  INFO 15668 --- [| adminclient-6] org.apache.kafka.clients.NetworkClient   : [AdminClient clientId=adminclient-6] Node -1 disconnected.
2023-12-19T12:22:01.687+01:00  WARN 15668 --- [| adminclient-6] org.apache.kafka.clients.NetworkClient   : [AdminClient clientId=adminclient-6] Connection to node -1 (localhost/127.0.0.1:29092) could not be established. Broker may not be available.
2023-12-19T12:22:02.870+01:00  INFO 15668 --- [| adminclient-6] org.apache.kafka.clients.NetworkClient   : [AdminClient clientId=adminclient-6] Node -1 disconnected.
2023-12-19T12:22:02.870+01:00  WARN 15668 --- [| adminclient-6] org.apache.kafka.clients.NetworkClient   : [AdminClient clientId=adminclient-6] Connection to node -1 (localhost/127.0.0.1:29092) could not be established. Broker may not be available.
2023-12-19T12:22:04.068+01:00  INFO 15668 --- [| adminclient-6] org.apache.kafka.clients.NetworkClient   : [AdminClient clientId=adminclient-6] Node -1 disconnected.
2023-12-19T12:22:04.069+01:00  WARN 15668 --- [| adminclient-6] org.apache.kafka.clients.NetworkClient   : [AdminClient clientId=adminclient-6] Connection to node -1 (localhost/127.0.0.1:29092) could not be established. Broker may not be available.
2023-12-19T12:22:05.140+01:00  INFO 15668 --- [| adminclient-6] org.apache.kafka.clients.NetworkClient   : [AdminClient clientId=adminclient-6] Node -1 disconnected.
2023-12-19T12:22:05.140+01:00  WARN 15668 --- [| adminclient-6] org.apache.kafka.clients.NetworkClient   : [AdminClient clientId=adminclient-6] Connection to node -1 (localhost/127.0.0.1:29092) could not be established. Broker may not be available.
2023-12-19T12:22:06.229+01:00  INFO 15668 --- [| adminclient-6] org.apache.kafka.clients.NetworkClient   : [AdminClient clientId=adminclient-6] Node -1 disconnected.
2023-12-19T12:22:06.230+01:00  WARN 15668 --- [| adminclient-6] org.apache.kafka.clients.NetworkClient   : [AdminClient clientId=adminclient-6] Connection to node -1 (localhost/127.0.0.1:29092) could not be established. Broker may not be available.
2023-12-19T12:22:07.196+01:00  INFO 15668 --- [| adminclient-6] org.apache.kafka.clients.NetworkClient   : [AdminClient clientId=adminclient-6] Node -1 disconnected.
2023-12-19T12:22:07.196+01:00  WARN 15668 --- [| adminclient-6] org.apache.kafka.clients.NetworkClient   : [AdminClient clientId=adminclient-6] Connection to node -1 (localhost/127.0.0.1:29092) could not be established. Broker may not be available.
2023-12-19T12:22:08.177+01:00  INFO 15668 --- [| adminclient-6] org.apache.kafka.clients.NetworkClient   : [AdminClient clientId=adminclient-6] Node -1 disconnected.
2023-12-19T12:22:08.178+01:00  WARN 15668 --- [| adminclient-6] org.apache.kafka.clients.NetworkClient   : [AdminClient clientId=adminclient-6] Connection to node -1 (localhost/127.0.0.1:29092) could not be established. Broker may not be available.
2023-12-19T12:22:09.142+01:00  INFO 15668 --- [| adminclient-6] org.apache.kafka.clients.NetworkClient   : [AdminClient clientId=adminclient-6] Node -1 disconnected.
2023-12-19T12:22:09.143+01:00  WARN 15668 --- [| adminclient-6] org.apache.kafka.clients.NetworkClient   : [AdminClient clientId=adminclient-6] Connection to node -1 (localhost/127.0.0.1:29092) could not be established. Broker may not be available.
2023-12-19T12:22:10.331+01:00  INFO 15668 --- [| adminclient-6] org.apache.kafka.clients.NetworkClient   : [AdminClient clientId=adminclient-6] Node -1 disconnected.
2023-12-19T12:22:10.331+01:00  WARN 15668 --- [| adminclient-6] org.apache.kafka.clients.NetworkClient   : [AdminClient clientId=adminclient-6] Connection to node -1 (localhost/127.0.0.1:29092) could not be established. Broker may not be available.
2023-12-19T12:22:10.632+01:00  INFO 15668 --- [           main] o.s.b.w.embedded.tomcat.TomcatWebServer  : Tomcat started on port(s): 51677 (http) with context path ''
2023-12-19T12:22:10.635+01:00  INFO 15668 --- [| adminclient-6] o.a.k.clients.admin.KafkaAdminClient     : [AdminClient clientId=adminclient-6] Forcing a hard I/O thread shutdown. Requests in progress will be aborted.
2023-12-19T12:22:10.635+01:00  INFO 15668 --- [| adminclient-6] o.a.kafka.common.utils.AppInfoParser     : App info kafka.admin.client for adminclient-6 unregistered
2023-12-19T12:22:10.635+01:00  INFO 15668 --- [| adminclient-6] o.a.k.c.a.i.AdminMetadataManager         : [AdminClient clientId=adminclient-6] Metadata update failed

org.apache.kafka.common.errors.TimeoutException: The AdminClient thread has exited. Call: fetchMetadata

2023-12-19T12:22:10.635+01:00  INFO 15668 --- [| adminclient-6] o.a.k.clients.admin.KafkaAdminClient     : [AdminClient clientId=adminclient-6] Timed out 2 remaining operation(s) during close.
2023-12-19T12:22:10.636+01:00  INFO 15668 --- [| adminclient-6] o.apache.kafka.common.metrics.Metrics    : Metrics scheduler closed
2023-12-19T12:22:10.636+01:00  INFO 15668 --- [| adminclient-6] o.apache.kafka.common.metrics.Metrics    : Closing reporter org.apache.kafka.common.metrics.JmxReporter
2023-12-19T12:22:10.636+01:00  INFO 15668 --- [| adminclient-6] o.apache.kafka.common.metrics.Metrics    : Metrics reporters closed
2023-12-19T12:22:10.636+01:00  INFO 15668 --- [           main] c.e.P.ProjectControllerTests             : Started ProjectControllerTests in 40.668 seconds (process running for 777.843)
2023-12-19T12:22:11.086+01:00 DEBUG 15668 --- [           main] org.hibernate.SQL                        : select p1_0.id,p1_0.email from projectmember p1_0 where p1_0.id=?
2023-12-19T12:22:11.096+01:00 DEBUG 15668 --- [           main] org.hibernate.SQL                        : SELECT * FROM project WHERE owner_id = ?
]]></system-out>
  </testcase>
  <testcase name="shouldCreateProjectWithNewUser" classname="com.example.ProjectService.ProjectControllerTests" time="1,179.501">
    <system-out><![CDATA[2023-12-19T12:22:11.153+01:00  INFO 15668 --- [           main] o.apache.catalina.core.StandardService   : Stopping service [Tomcat]
2023-12-19T12:22:11.275+01:00  INFO 15668 --- [           main] j.LocalContainerEntityManagerFactoryBean : Closing JPA EntityManagerFactory for persistence unit 'default'
2023-12-19T12:22:11.275+01:00 DEBUG 15668 --- [           main] org.hibernate.SQL                        : drop table if exists project cascade 
2023-12-19T12:22:11.276+01:00 DEBUG 15668 --- [           main] org.hibernate.SQL                        : drop table if exists projectmember cascade 
2023-12-19T12:22:11.276+01:00 DEBUG 15668 --- [           main] org.hibernate.SQL                        : drop table if exists projectmembership cascade 
2023-12-19T12:22:11.276+01:00 DEBUG 15668 --- [           main] org.hibernate.SQL                        : drop table if exists projectrole cascade 
2023-12-19T12:22:11.277+01:00  INFO 15668 --- [           main] com.zaxxer.hikari.HikariDataSource       : HikariPool-6 - Shutdown initiated...
2023-12-19T12:22:11.277+01:00  INFO 15668 --- [           main] com.zaxxer.hikari.HikariDataSource       : HikariPool-6 - Shutdown completed.

  .   ____          _            __ _ _
 /\\ / ___'_ __ _ _(_)_ __  __ _ \ \ \ \
( ( )\___ | '_ | '_| | '_ \/ _` | \ \ \ \
 \\/  ___)| |_)| | | | | || (_| |  ) ) ) )
  '  |____| .__|_| |_|_| |_\__, | / / / /
 =========|_|==============|___/=/_/_/_/
 :: Spring Boot ::                (v3.1.5)

2023-12-19T12:22:11.297+01:00  INFO 15668 --- [           main] c.e.P.ProjectControllerTests             : Starting ProjectControllerTests using Java 17.0.8.1 with PID 15668 (started by mitch in D:\projecten\semester6individueel\ProjectService)
2023-12-19T12:22:11.297+01:00  INFO 15668 --- [           main] c.e.P.ProjectControllerTests             : The following 1 profile is active: "test"
2023-12-19T12:22:11.459+01:00  INFO 15668 --- [           main] .s.d.r.c.RepositoryConfigurationDelegate : Multiple Spring Data modules found, entering strict repository configuration mode
2023-12-19T12:22:11.459+01:00  INFO 15668 --- [           main] .s.d.r.c.RepositoryConfigurationDelegate : Bootstrapping Spring Data JPA repositories in DEFAULT mode.
2023-12-19T12:22:11.467+01:00  INFO 15668 --- [           main] .s.d.r.c.RepositoryConfigurationDelegate : Finished Spring Data repository scanning in 8 ms. Found 2 JPA repository interfaces.
2023-12-19T12:22:11.468+01:00  INFO 15668 --- [           main] .s.d.r.c.RepositoryConfigurationDelegate : Multiple Spring Data modules found, entering strict repository configuration mode
2023-12-19T12:22:11.468+01:00  INFO 15668 --- [           main] .s.d.r.c.RepositoryConfigurationDelegate : Bootstrapping Spring Data Redis repositories in DEFAULT mode.
2023-12-19T12:22:11.472+01:00  INFO 15668 --- [           main] .RepositoryConfigurationExtensionSupport : Spring Data Redis - Could not safely identify store assignment for repository candidate interface com.example.ProjectService.repositories.IAccountRepository; If you want this repository to be a Redis repository, consider annotating your entities with one of these annotations: org.springframework.data.redis.core.RedisHash (preferred), or consider extending one of the following types with your repository: org.springframework.data.keyvalue.repository.KeyValueRepository
2023-12-19T12:22:11.472+01:00  INFO 15668 --- [           main] .RepositoryConfigurationExtensionSupport : Spring Data Redis - Could not safely identify store assignment for repository candidate interface com.example.ProjectService.repositories.IProjectRepository; If you want this repository to be a Redis repository, consider annotating your entities with one of these annotations: org.springframework.data.redis.core.RedisHash (preferred), or consider extending one of the following types with your repository: org.springframework.data.keyvalue.repository.KeyValueRepository
2023-12-19T12:22:11.472+01:00  INFO 15668 --- [           main] .s.d.r.c.RepositoryConfigurationDelegate : Finished Spring Data repository scanning in 3 ms. Found 0 Redis repository interfaces.
2023-12-19T12:22:11.523+01:00  INFO 15668 --- [           main] o.s.b.w.embedded.tomcat.TomcatWebServer  : Tomcat initialized with port(s): 0 (http)
2023-12-19T12:22:11.523+01:00  INFO 15668 --- [           main] o.apache.catalina.core.StandardService   : Starting service [Tomcat]
2023-12-19T12:22:11.523+01:00  INFO 15668 --- [           main] o.apache.catalina.core.StandardEngine    : Starting Servlet engine: [Apache Tomcat/10.1.15]
2023-12-19T12:22:11.560+01:00  INFO 15668 --- [           main] o.a.c.c.C.[Tomcat].[localhost].[/]       : Initializing Spring embedded WebApplicationContext
2023-12-19T12:22:11.560+01:00  INFO 15668 --- [           main] w.s.c.ServletWebServerApplicationContext : Root WebApplicationContext: initialization completed in 262 ms
2023-12-19T12:22:11.599+01:00  INFO 15668 --- [           main] o.hibernate.jpa.internal.util.LogHelper  : HHH000204: Processing PersistenceUnitInfo [name: default]
2023-12-19T12:22:11.603+01:00  INFO 15668 --- [           main] o.s.o.j.p.SpringPersistenceUnitInfo      : No LoadTimeWeaver setup: ignoring JPA class transformer
2023-12-19T12:22:11.604+01:00  INFO 15668 --- [           main] com.zaxxer.hikari.HikariDataSource       : HikariPool-7 - Starting...
2023-12-19T12:22:11.605+01:00  INFO 15668 --- [           main] com.zaxxer.hikari.pool.HikariPool        : HikariPool-7 - Added connection conn60: url=jdbc:h2:mem:db user=SA
2023-12-19T12:22:11.605+01:00  INFO 15668 --- [           main] com.zaxxer.hikari.HikariDataSource       : HikariPool-7 - Start completed.
2023-12-19T12:22:11.610+01:00  WARN 15668 --- [           main] org.hibernate.orm.deprecation            : HHH90000025: H2Dialect does not need to be specified explicitly using 'hibernate.dialect' (remove the property setting and it will be selected by default)
2023-12-19T12:22:11.622+01:00  WARN 15668 --- [           main] org.hibernate.mapping.RootClass          : HHH000038: Composite-id class does not override equals(): com.example.ProjectService.JoinTable.ProjectMembership
2023-12-19T12:22:11.622+01:00  WARN 15668 --- [           main] org.hibernate.mapping.RootClass          : HHH000039: Composite-id class does not override hashCode(): com.example.ProjectService.JoinTable.ProjectMembership
2023-12-19T12:22:11.650+01:00  INFO 15668 --- [           main] o.h.e.t.j.p.i.JtaPlatformInitiator       : HHH000489: No JTA platform available (set 'hibernate.transaction.jta.platform' to enable JTA platform integration)
2023-12-19T12:22:11.650+01:00 DEBUG 15668 --- [           main] org.hibernate.SQL                        : drop table if exists project cascade 
2023-12-19T12:22:11.651+01:00 DEBUG 15668 --- [           main] org.hibernate.SQL                        : drop table if exists projectmember cascade 
2023-12-19T12:22:11.651+01:00 DEBUG 15668 --- [           main] org.hibernate.SQL                        : drop table if exists projectmembership cascade 
2023-12-19T12:22:11.651+01:00 DEBUG 15668 --- [           main] org.hibernate.SQL                        : drop table if exists projectrole cascade 
2023-12-19T12:22:11.651+01:00 DEBUG 15668 --- [           main] org.hibernate.SQL                        : create table project (createdat timestamp(6) not null, id bigint generated by default as identity, lastupdatedat timestamp(6) not null, owner_id bigint, projectname varchar(20) not null, projectdescription varchar(50) not null, primary key (id))
2023-12-19T12:22:11.652+01:00 DEBUG 15668 --- [           main] org.hibernate.SQL                        : create table projectmember (id bigint not null, email varchar(20) not null unique, primary key (id))
2023-12-19T12:22:11.652+01:00 DEBUG 15668 --- [           main] org.hibernate.SQL                        : create table projectmembership (joinedproject_id bigint not null, member_id bigint not null, role_id bigint not null, primary key (joinedproject_id, member_id, role_id))
2023-12-19T12:22:11.653+01:00 DEBUG 15668 --- [           main] org.hibernate.SQL                        : create table projectrole (id bigint generated by default as identity, name varchar(255) unique, primary key (id))
2023-12-19T12:22:11.653+01:00 DEBUG 15668 --- [           main] org.hibernate.SQL                        : alter table if exists project add constraint FKgela6raf25bsa6thxog5x8lkv foreign key (owner_id) references projectmember
2023-12-19T12:22:11.655+01:00 DEBUG 15668 --- [           main] org.hibernate.SQL                        : alter table if exists projectmembership add constraint FKr5hoxnh9k5nutty4hon93c6fe foreign key (joinedproject_id) references project
2023-12-19T12:22:11.655+01:00 DEBUG 15668 --- [           main] org.hibernate.SQL                        : alter table if exists projectmembership add constraint FKt45jjcbtrrsgom05jwu0fje4b foreign key (member_id) references projectmember
2023-12-19T12:22:11.656+01:00 DEBUG 15668 --- [           main] org.hibernate.SQL                        : alter table if exists projectmembership add constraint FKfnovlarbluovef58uneoi1li1 foreign key (role_id) references projectrole
2023-12-19T12:22:11.657+01:00  INFO 15668 --- [           main] j.LocalContainerEntityManagerFactoryBean : Initialized JPA EntityManagerFactory for persistence unit 'default'
2023-12-19T12:22:11.703+01:00  WARN 15668 --- [           main] JpaBaseConfiguration$JpaWebConfiguration : spring.jpa.open-in-view is enabled by default. Therefore, database queries may be performed during view rendering. Explicitly configure spring.jpa.open-in-view to disable this warning
2023-12-19T12:22:11.840+01:00  INFO 15668 --- [           main] o.a.c.c.C.[Tomcat].[localhost].[/]       : Initializing Spring TestDispatcherServlet ''
2023-12-19T12:22:11.840+01:00  INFO 15668 --- [           main] o.s.t.web.servlet.TestDispatcherServlet  : Initializing Servlet ''
2023-12-19T12:22:11.842+01:00  INFO 15668 --- [           main] o.s.b.a.e.web.EndpointLinksResolver      : Exposing 13 endpoint(s) beneath base path '/actuator'
2023-12-19T12:22:11.849+01:00  INFO 15668 --- [           main] o.s.t.web.servlet.TestDispatcherServlet  : Completed initialization in 9 ms
2023-12-19T12:22:11.857+01:00  INFO 15668 --- [           main] o.a.k.clients.admin.AdminClientConfig    : AdminClientConfig values: 
	auto.include.jmx.reporter = true
	bootstrap.servers = [localhost:29092]
	client.dns.lookup = use_all_dns_ips
	client.id = 
	connections.max.idle.ms = 300000
	default.api.timeout.ms = 60000
	metadata.max.age.ms = 300000
	metric.reporters = []
	metrics.num.samples = 2
	metrics.recording.level = INFO
	metrics.sample.window.ms = 30000
	receive.buffer.bytes = 65536
	reconnect.backoff.max.ms = 1000
	reconnect.backoff.ms = 50
	request.timeout.ms = 30000
	retries = 2147483647
	retry.backoff.ms = 100
	sasl.client.callback.handler.class = null
	sasl.jaas.config = null
	sasl.kerberos.kinit.cmd = /usr/bin/kinit
	sasl.kerberos.min.time.before.relogin = 60000
	sasl.kerberos.service.name = null
	sasl.kerberos.ticket.renew.jitter = 0.05
	sasl.kerberos.ticket.renew.window.factor = 0.8
	sasl.login.callback.handler.class = null
	sasl.login.class = null
	sasl.login.connect.timeout.ms = null
	sasl.login.read.timeout.ms = null
	sasl.login.refresh.buffer.seconds = 300
	sasl.login.refresh.min.period.seconds = 60
	sasl.login.refresh.window.factor = 0.8
	sasl.login.refresh.window.jitter = 0.05
	sasl.login.retry.backoff.max.ms = 10000
	sasl.login.retry.backoff.ms = 100
	sasl.mechanism = GSSAPI
	sasl.oauthbearer.clock.skew.seconds = 30
	sasl.oauthbearer.expected.audience = null
	sasl.oauthbearer.expected.issuer = null
	sasl.oauthbearer.jwks.endpoint.refresh.ms = 3600000
	sasl.oauthbearer.jwks.endpoint.retry.backoff.max.ms = 10000
	sasl.oauthbearer.jwks.endpoint.retry.backoff.ms = 100
	sasl.oauthbearer.jwks.endpoint.url = null
	sasl.oauthbearer.scope.claim.name = scope
	sasl.oauthbearer.sub.claim.name = sub
	sasl.oauthbearer.token.endpoint.url = null
	security.protocol = PLAINTEXT
	security.providers = null
	send.buffer.bytes = 131072
	socket.connection.setup.timeout.max.ms = 30000
	socket.connection.setup.timeout.ms = 10000
	ssl.cipher.suites = null
	ssl.enabled.protocols = [TLSv1.2, TLSv1.3]
	ssl.endpoint.identification.algorithm = https
	ssl.engine.factory.class = null
	ssl.key.password = null
	ssl.keymanager.algorithm = SunX509
	ssl.keystore.certificate.chain = null
	ssl.keystore.key = null
	ssl.keystore.location = null
	ssl.keystore.password = null
	ssl.keystore.type = JKS
	ssl.protocol = TLSv1.3
	ssl.provider = null
	ssl.secure.random.implementation = null
	ssl.trustmanager.algorithm = PKIX
	ssl.truststore.certificates = null
	ssl.truststore.location = null
	ssl.truststore.password = null
	ssl.truststore.type = JKS

2023-12-19T12:22:11.860+01:00  INFO 15668 --- [           main] o.a.kafka.common.utils.AppInfoParser     : Kafka version: 3.4.1
2023-12-19T12:22:11.860+01:00  INFO 15668 --- [           main] o.a.kafka.common.utils.AppInfoParser     : Kafka commitId: 8a516edc2755df89
2023-12-19T12:22:11.860+01:00  INFO 15668 --- [           main] o.a.kafka.common.utils.AppInfoParser     : Kafka startTimeMs: 1702984931860
2023-12-19T12:22:11.862+01:00  INFO 15668 --- [| adminclient-7] org.apache.kafka.clients.NetworkClient   : [AdminClient clientId=adminclient-7] Node -1 disconnected.
2023-12-19T12:22:11.862+01:00  WARN 15668 --- [| adminclient-7] org.apache.kafka.clients.NetworkClient   : [AdminClient clientId=adminclient-7] Connection to node -1 (localhost/127.0.0.1:29092) could not be established. Broker may not be available.
2023-12-19T12:22:11.972+01:00  INFO 15668 --- [| adminclient-7] org.apache.kafka.clients.NetworkClient   : [AdminClient clientId=adminclient-7] Node -1 disconnected.
2023-12-19T12:22:11.972+01:00  WARN 15668 --- [| adminclient-7] org.apache.kafka.clients.NetworkClient   : [AdminClient clientId=adminclient-7] Connection to node -1 (localhost/127.0.0.1:29092) could not be established. Broker may not be available.
2023-12-19T12:22:12.080+01:00  INFO 15668 --- [| adminclient-7] org.apache.kafka.clients.NetworkClient   : [AdminClient clientId=adminclient-7] Node -1 disconnected.
2023-12-19T12:22:12.080+01:00  WARN 15668 --- [| adminclient-7] org.apache.kafka.clients.NetworkClient   : [AdminClient clientId=adminclient-7] Connection to node -1 (localhost/127.0.0.1:29092) could not be established. Broker may not be available.
2023-12-19T12:22:12.297+01:00  INFO 15668 --- [| adminclient-7] org.apache.kafka.clients.NetworkClient   : [AdminClient clientId=adminclient-7] Node -1 disconnected.
2023-12-19T12:22:12.298+01:00  WARN 15668 --- [| adminclient-7] org.apache.kafka.clients.NetworkClient   : [AdminClient clientId=adminclient-7] Connection to node -1 (localhost/127.0.0.1:29092) could not be established. Broker may not be available.
2023-12-19T12:22:12.738+01:00  INFO 15668 --- [| adminclient-7] org.apache.kafka.clients.NetworkClient   : [AdminClient clientId=adminclient-7] Node -1 disconnected.
2023-12-19T12:22:12.738+01:00  WARN 15668 --- [| adminclient-7] org.apache.kafka.clients.NetworkClient   : [AdminClient clientId=adminclient-7] Connection to node -1 (localhost/127.0.0.1:29092) could not be established. Broker may not be available.
2023-12-19T12:22:13.493+01:00  INFO 15668 --- [| adminclient-7] org.apache.kafka.clients.NetworkClient   : [AdminClient clientId=adminclient-7] Node -1 disconnected.
2023-12-19T12:22:13.493+01:00  WARN 15668 --- [| adminclient-7] org.apache.kafka.clients.NetworkClient   : [AdminClient clientId=adminclient-7] Connection to node -1 (localhost/127.0.0.1:29092) could not be established. Broker may not be available.
2023-12-19T12:22:14.667+01:00  INFO 15668 --- [| adminclient-7] org.apache.kafka.clients.NetworkClient   : [AdminClient clientId=adminclient-7] Node -1 disconnected.
2023-12-19T12:22:14.667+01:00  WARN 15668 --- [| adminclient-7] org.apache.kafka.clients.NetworkClient   : [AdminClient clientId=adminclient-7] Connection to node -1 (localhost/127.0.0.1:29092) could not be established. Broker may not be available.
2023-12-19T12:22:15.630+01:00  INFO 15668 --- [| adminclient-7] org.apache.kafka.clients.NetworkClient   : [AdminClient clientId=adminclient-7] Node -1 disconnected.
2023-12-19T12:22:15.630+01:00  WARN 15668 --- [| adminclient-7] org.apache.kafka.clients.NetworkClient   : [AdminClient clientId=adminclient-7] Connection to node -1 (localhost/127.0.0.1:29092) could not be established. Broker may not be available.
2023-12-19T12:22:16.594+01:00  INFO 15668 --- [| adminclient-7] org.apache.kafka.clients.NetworkClient   : [AdminClient clientId=adminclient-7] Node -1 disconnected.
2023-12-19T12:22:16.594+01:00  WARN 15668 --- [| adminclient-7] org.apache.kafka.clients.NetworkClient   : [AdminClient clientId=adminclient-7] Connection to node -1 (localhost/127.0.0.1:29092) could not be established. Broker may not be available.
2023-12-19T12:22:17.667+01:00  INFO 15668 --- [| adminclient-7] org.apache.kafka.clients.NetworkClient   : [AdminClient clientId=adminclient-7] Node -1 disconnected.
2023-12-19T12:22:17.667+01:00  WARN 15668 --- [| adminclient-7] org.apache.kafka.clients.NetworkClient   : [AdminClient clientId=adminclient-7] Connection to node -1 (localhost/127.0.0.1:29092) could not be established. Broker may not be available.
2023-12-19T12:22:18.616+01:00  INFO 15668 --- [| adminclient-7] org.apache.kafka.clients.NetworkClient   : [AdminClient clientId=adminclient-7] Node -1 disconnected.
2023-12-19T12:22:18.616+01:00  WARN 15668 --- [| adminclient-7] org.apache.kafka.clients.NetworkClient   : [AdminClient clientId=adminclient-7] Connection to node -1 (localhost/127.0.0.1:29092) could not be established. Broker may not be available.
2023-12-19T12:22:19.487+01:00  INFO 15668 --- [| adminclient-7] org.apache.kafka.clients.NetworkClient   : [AdminClient clientId=adminclient-7] Node -1 disconnected.
2023-12-19T12:22:19.487+01:00  WARN 15668 --- [| adminclient-7] org.apache.kafka.clients.NetworkClient   : [AdminClient clientId=adminclient-7] Connection to node -1 (localhost/127.0.0.1:29092) could not be established. Broker may not be available.
2023-12-19T12:22:20.346+01:00  INFO 15668 --- [| adminclient-7] org.apache.kafka.clients.NetworkClient   : [AdminClient clientId=adminclient-7] Node -1 disconnected.
2023-12-19T12:22:20.347+01:00  WARN 15668 --- [| adminclient-7] org.apache.kafka.clients.NetworkClient   : [AdminClient clientId=adminclient-7] Connection to node -1 (localhost/127.0.0.1:29092) could not be established. Broker may not be available.
2023-12-19T12:41:50.593+01:00  INFO 15668 --- [| adminclient-7] o.a.k.c.a.i.AdminMetadataManager         : [AdminClient clientId=adminclient-7] Metadata update failed

org.apache.kafka.common.errors.TimeoutException: Timed out waiting for a node assignment. Call: fetchMetadata

2023-12-19T12:41:50.593+01:00 ERROR 15668 --- [           main] o.springframework.kafka.core.KafkaAdmin  : Could not configure topics

java.util.concurrent.ExecutionException: org.apache.kafka.common.errors.TimeoutException: Timed out waiting for a node assignment. Call: listNodes
	at java.base/java.util.concurrent.CompletableFuture.reportGet(CompletableFuture.java:396) ~[na:na]
	at java.base/java.util.concurrent.CompletableFuture.get(CompletableFuture.java:2096) ~[na:na]
	at org.apache.kafka.common.internals.KafkaFutureImpl.get(KafkaFutureImpl.java:180) ~[kafka-clients-3.4.1.jar:na]
	at org.springframework.kafka.core.KafkaAdmin.initialize(KafkaAdmin.java:243) ~[spring-kafka-3.0.12.jar:3.0.12]
	at org.springframework.kafka.core.KafkaAdmin.afterSingletonsInstantiated(KafkaAdmin.java:212) ~[spring-kafka-3.0.12.jar:3.0.12]
	at org.springframework.beans.factory.support.DefaultListableBeanFactory.preInstantiateSingletons(DefaultListableBeanFactory.java:984) ~[spring-beans-6.0.13.jar:6.0.13]
	at org.springframework.context.support.AbstractApplicationContext.finishBeanFactoryInitialization(AbstractApplicationContext.java:950) ~[spring-context-6.0.13.jar:6.0.13]
	at org.springframework.context.support.AbstractApplicationContext.refresh(AbstractApplicationContext.java:616) ~[spring-context-6.0.13.jar:6.0.13]
	at org.springframework.boot.web.servlet.context.ServletWebServerApplicationContext.refresh(ServletWebServerApplicationContext.java:146) ~[spring-boot-3.1.5.jar:3.1.5]
	at org.springframework.boot.SpringApplication.refresh(SpringApplication.java:738) ~[spring-boot-3.1.5.jar:3.1.5]
	at org.springframework.boot.SpringApplication.refreshContext(SpringApplication.java:440) ~[spring-boot-3.1.5.jar:3.1.5]
	at org.springframework.boot.SpringApplication.run(SpringApplication.java:316) ~[spring-boot-3.1.5.jar:3.1.5]
	at org.springframework.boot.test.context.SpringBootContextLoader.lambda$loadContext$3(SpringBootContextLoader.java:137) ~[spring-boot-test-3.1.5.jar:3.1.5]
	at org.springframework.util.function.ThrowingSupplier.get(ThrowingSupplier.java:58) ~[spring-core-6.0.13.jar:6.0.13]
	at org.springframework.util.function.ThrowingSupplier.get(ThrowingSupplier.java:46) ~[spring-core-6.0.13.jar:6.0.13]
	at org.springframework.boot.SpringApplication.withHook(SpringApplication.java:1406) ~[spring-boot-3.1.5.jar:3.1.5]
	at org.springframework.boot.test.context.SpringBootContextLoader$ContextLoaderHook.run(SpringBootContextLoader.java:545) ~[spring-boot-test-3.1.5.jar:3.1.5]
	at org.springframework.boot.test.context.SpringBootContextLoader.loadContext(SpringBootContextLoader.java:137) ~[spring-boot-test-3.1.5.jar:3.1.5]
	at org.springframework.boot.test.context.SpringBootContextLoader.loadContext(SpringBootContextLoader.java:108) ~[spring-boot-test-3.1.5.jar:3.1.5]
	at org.springframework.test.context.cache.DefaultCacheAwareContextLoaderDelegate.loadContextInternal(DefaultCacheAwareContextLoaderDelegate.java:187) ~[spring-test-6.0.13.jar:6.0.13]
	at org.springframework.test.context.cache.DefaultCacheAwareContextLoaderDelegate.loadContext(DefaultCacheAwareContextLoaderDelegate.java:119) ~[spring-test-6.0.13.jar:6.0.13]
	at org.springframework.test.context.support.DefaultTestContext.getApplicationContext(DefaultTestContext.java:127) ~[spring-test-6.0.13.jar:6.0.13]
	at org.springframework.boot.test.mock.mockito.MockitoTestExecutionListener.postProcessFields(MockitoTestExecutionListener.java:110) ~[spring-boot-test-3.1.5.jar:3.1.5]
	at org.springframework.boot.test.mock.mockito.MockitoTestExecutionListener.reinjectFields(MockitoTestExecutionListener.java:99) ~[spring-boot-test-3.1.5.jar:3.1.5]
	at org.springframework.boot.test.mock.mockito.MockitoTestExecutionListener.beforeTestMethod(MockitoTestExecutionListener.java:69) ~[spring-boot-test-3.1.5.jar:3.1.5]
	at org.springframework.test.context.TestContextManager.beforeTestMethod(TestContextManager.java:288) ~[spring-test-6.0.13.jar:6.0.13]
	at org.springframework.test.context.junit.jupiter.SpringExtension.beforeEach(SpringExtension.java:174) ~[spring-test-6.0.13.jar:6.0.13]
	at org.junit.jupiter.engine.descriptor.TestMethodTestDescriptor.lambda$invokeBeforeEachCallbacks$2(TestMethodTestDescriptor.java:166) ~[junit-jupiter-engine-5.9.3.jar:5.9.3]
	at org.junit.jupiter.engine.descriptor.TestMethodTestDescriptor.lambda$invokeBeforeMethodsOrCallbacksUntilExceptionOccurs$6(TestMethodTestDescriptor.java:202) ~[junit-jupiter-engine-5.9.3.jar:5.9.3]
	at org.junit.platform.engine.support.hierarchical.ThrowableCollector.execute(ThrowableCollector.java:73) ~[junit-platform-engine-1.9.3.jar:1.9.3]
	at org.junit.jupiter.engine.descriptor.TestMethodTestDescriptor.invokeBeforeMethodsOrCallbacksUntilExceptionOccurs(TestMethodTestDescriptor.java:202) ~[junit-jupiter-engine-5.9.3.jar:5.9.3]
	at org.junit.jupiter.engine.descriptor.TestMethodTestDescriptor.invokeBeforeEachCallbacks(TestMethodTestDescriptor.java:165) ~[junit-jupiter-engine-5.9.3.jar:5.9.3]
	at org.junit.jupiter.engine.descriptor.TestMethodTestDescriptor.execute(TestMethodTestDescriptor.java:132) ~[junit-jupiter-engine-5.9.3.jar:5.9.3]
	at org.junit.jupiter.engine.descriptor.TestMethodTestDescriptor.execute(TestMethodTestDescriptor.java:68) ~[junit-jupiter-engine-5.9.3.jar:5.9.3]
	at org.junit.platform.engine.support.hierarchical.NodeTestTask.lambda$executeRecursively$6(NodeTestTask.java:151) ~[junit-platform-engine-1.9.3.jar:1.9.3]
	at org.junit.platform.engine.support.hierarchical.ThrowableCollector.execute(ThrowableCollector.java:73) ~[junit-platform-engine-1.9.3.jar:1.9.3]
	at org.junit.platform.engine.support.hierarchical.NodeTestTask.lambda$executeRecursively$8(NodeTestTask.java:141) ~[junit-platform-engine-1.9.3.jar:1.9.3]
	at org.junit.platform.engine.support.hierarchical.Node.around(Node.java:137) ~[junit-platform-engine-1.9.3.jar:1.9.3]
	at org.junit.platform.engine.support.hierarchical.NodeTestTask.lambda$executeRecursively$9(NodeTestTask.java:139) ~[junit-platform-engine-1.9.3.jar:1.9.3]
	at org.junit.platform.engine.support.hierarchical.ThrowableCollector.execute(ThrowableCollector.java:73) ~[junit-platform-engine-1.9.3.jar:1.9.3]
	at org.junit.platform.engine.support.hierarchical.NodeTestTask.executeRecursively(NodeTestTask.java:138) ~[junit-platform-engine-1.9.3.jar:1.9.3]
	at org.junit.platform.engine.support.hierarchical.NodeTestTask.execute(NodeTestTask.java:95) ~[junit-platform-engine-1.9.3.jar:1.9.3]
	at java.base/java.util.ArrayList.forEach(ArrayList.java:1511) ~[na:na]
	at org.junit.platform.engine.support.hierarchical.SameThreadHierarchicalTestExecutorService.invokeAll(SameThreadHierarchicalTestExecutorService.java:41) ~[junit-platform-engine-1.9.3.jar:1.9.3]
	at org.junit.platform.engine.support.hierarchical.NodeTestTask.lambda$executeRecursively$6(NodeTestTask.java:155) ~[junit-platform-engine-1.9.3.jar:1.9.3]
	at org.junit.platform.engine.support.hierarchical.ThrowableCollector.execute(ThrowableCollector.java:73) ~[junit-platform-engine-1.9.3.jar:1.9.3]
	at org.junit.platform.engine.support.hierarchical.NodeTestTask.lambda$executeRecursively$8(NodeTestTask.java:141) ~[junit-platform-engine-1.9.3.jar:1.9.3]
	at org.junit.platform.engine.support.hierarchical.Node.around(Node.java:137) ~[junit-platform-engine-1.9.3.jar:1.9.3]
	at org.junit.platform.engine.support.hierarchical.NodeTestTask.lambda$executeRecursively$9(NodeTestTask.java:139) ~[junit-platform-engine-1.9.3.jar:1.9.3]
	at org.junit.platform.engine.support.hierarchical.ThrowableCollector.execute(ThrowableCollector.java:73) ~[junit-platform-engine-1.9.3.jar:1.9.3]
	at org.junit.platform.engine.support.hierarchical.NodeTestTask.executeRecursively(NodeTestTask.java:138) ~[junit-platform-engine-1.9.3.jar:1.9.3]
	at org.junit.platform.engine.support.hierarchical.NodeTestTask.execute(NodeTestTask.java:95) ~[junit-platform-engine-1.9.3.jar:1.9.3]
	at java.base/java.util.ArrayList.forEach(ArrayList.java:1511) ~[na:na]
	at org.junit.platform.engine.support.hierarchical.SameThreadHierarchicalTestExecutorService.invokeAll(SameThreadHierarchicalTestExecutorService.java:41) ~[junit-platform-engine-1.9.3.jar:1.9.3]
	at org.junit.platform.engine.support.hierarchical.NodeTestTask.lambda$executeRecursively$6(NodeTestTask.java:155) ~[junit-platform-engine-1.9.3.jar:1.9.3]
	at org.junit.platform.engine.support.hierarchical.ThrowableCollector.execute(ThrowableCollector.java:73) ~[junit-platform-engine-1.9.3.jar:1.9.3]
	at org.junit.platform.engine.support.hierarchical.NodeTestTask.lambda$executeRecursively$8(NodeTestTask.java:141) ~[junit-platform-engine-1.9.3.jar:1.9.3]
	at org.junit.platform.engine.support.hierarchical.Node.around(Node.java:137) ~[junit-platform-engine-1.9.3.jar:1.9.3]
	at org.junit.platform.engine.support.hierarchical.NodeTestTask.lambda$executeRecursively$9(NodeTestTask.java:139) ~[junit-platform-engine-1.9.3.jar:1.9.3]
	at org.junit.platform.engine.support.hierarchical.ThrowableCollector.execute(ThrowableCollector.java:73) ~[junit-platform-engine-1.9.3.jar:1.9.3]
	at org.junit.platform.engine.support.hierarchical.NodeTestTask.executeRecursively(NodeTestTask.java:138) ~[junit-platform-engine-1.9.3.jar:1.9.3]
	at org.junit.platform.engine.support.hierarchical.NodeTestTask.execute(NodeTestTask.java:95) ~[junit-platform-engine-1.9.3.jar:1.9.3]
	at org.junit.platform.engine.support.hierarchical.SameThreadHierarchicalTestExecutorService.submit(SameThreadHierarchicalTestExecutorService.java:35) ~[junit-platform-engine-1.9.3.jar:1.9.3]
	at org.junit.platform.engine.support.hierarchical.HierarchicalTestExecutor.execute(HierarchicalTestExecutor.java:57) ~[junit-platform-engine-1.9.3.jar:1.9.3]
	at org.junit.platform.engine.support.hierarchical.HierarchicalTestEngine.execute(HierarchicalTestEngine.java:54) ~[junit-platform-engine-1.9.3.jar:1.9.3]
	at org.junit.platform.launcher.core.EngineExecutionOrchestrator.execute(EngineExecutionOrchestrator.java:147) ~[junit-platform-launcher-1.9.3.jar:1.9.3]
	at org.junit.platform.launcher.core.EngineExecutionOrchestrator.execute(EngineExecutionOrchestrator.java:127) ~[junit-platform-launcher-1.9.3.jar:1.9.3]
	at org.junit.platform.launcher.core.EngineExecutionOrchestrator.execute(EngineExecutionOrchestrator.java:90) ~[junit-platform-launcher-1.9.3.jar:1.9.3]
	at org.junit.platform.launcher.core.EngineExecutionOrchestrator.lambda$execute$0(EngineExecutionOrchestrator.java:55) ~[junit-platform-launcher-1.9.3.jar:1.9.3]
	at org.junit.platform.launcher.core.EngineExecutionOrchestrator.withInterceptedStreams(EngineExecutionOrchestrator.java:102) ~[junit-platform-launcher-1.9.3.jar:1.9.3]
	at org.junit.platform.launcher.core.EngineExecutionOrchestrator.execute(EngineExecutionOrchestrator.java:54) ~[junit-platform-launcher-1.9.3.jar:1.9.3]
	at org.junit.platform.launcher.core.DefaultLauncher.execute(DefaultLauncher.java:114) ~[junit-platform-launcher-1.9.3.jar:1.9.3]
	at org.junit.platform.launcher.core.DefaultLauncher.execute(DefaultLauncher.java:86) ~[junit-platform-launcher-1.9.3.jar:1.9.3]
	at org.junit.platform.launcher.core.DefaultLauncherSession$DelegatingLauncher.execute(DefaultLauncherSession.java:86) ~[junit-platform-launcher-1.9.3.jar:1.9.3]
	at org.apache.maven.surefire.junitplatform.LazyLauncher.execute(LazyLauncher.java:50) ~[surefire-junit-platform-3.0.0.jar:3.0.0]
	at org.apache.maven.surefire.junitplatform.JUnitPlatformProvider.execute(JUnitPlatformProvider.java:184) ~[surefire-junit-platform-3.0.0.jar:3.0.0]
	at org.apache.maven.surefire.junitplatform.JUnitPlatformProvider.invokeAllTests(JUnitPlatformProvider.java:148) ~[surefire-junit-platform-3.0.0.jar:3.0.0]
	at org.apache.maven.surefire.junitplatform.JUnitPlatformProvider.invoke(JUnitPlatformProvider.java:122) ~[surefire-junit-platform-3.0.0.jar:3.0.0]
	at org.apache.maven.surefire.booter.ForkedBooter.runSuitesInProcess(ForkedBooter.java:385) ~[surefire-booter-3.0.0.jar:3.0.0]
	at org.apache.maven.surefire.booter.ForkedBooter.execute(ForkedBooter.java:162) ~[surefire-booter-3.0.0.jar:3.0.0]
	at org.apache.maven.surefire.booter.ForkedBooter.run(ForkedBooter.java:507) ~[surefire-booter-3.0.0.jar:3.0.0]
	at org.apache.maven.surefire.booter.ForkedBooter.main(ForkedBooter.java:495) ~[surefire-booter-3.0.0.jar:3.0.0]
Caused by: org.apache.kafka.common.errors.TimeoutException: Timed out waiting for a node assignment. Call: listNodes

2023-12-19T12:41:50.594+01:00  INFO 15668 --- [| adminclient-7] org.apache.kafka.clients.NetworkClient   : [AdminClient clientId=adminclient-7] Node -1 disconnected.
2023-12-19T12:41:50.594+01:00  WARN 15668 --- [| adminclient-7] org.apache.kafka.clients.NetworkClient   : [AdminClient clientId=adminclient-7] Connection to node -1 (localhost/127.0.0.1:29092) could not be established. Broker may not be available.
2023-12-19T12:41:50.594+01:00  INFO 15668 --- [| adminclient-7] o.a.kafka.common.utils.AppInfoParser     : App info kafka.admin.client for adminclient-7 unregistered
2023-12-19T12:41:50.594+01:00  INFO 15668 --- [| adminclient-7] o.a.k.c.a.i.AdminMetadataManager         : [AdminClient clientId=adminclient-7] Metadata update failed

org.apache.kafka.common.errors.TimeoutException: The AdminClient thread has exited. Call: fetchMetadata

2023-12-19T12:41:50.594+01:00  INFO 15668 --- [| adminclient-7] o.a.k.clients.admin.KafkaAdminClient     : [AdminClient clientId=adminclient-7] Timed out 1 remaining operation(s) during close.
2023-12-19T12:41:50.595+01:00  INFO 15668 --- [| adminclient-7] o.apache.kafka.common.metrics.Metrics    : Metrics scheduler closed
2023-12-19T12:41:50.595+01:00  INFO 15668 --- [| adminclient-7] o.apache.kafka.common.metrics.Metrics    : Closing reporter org.apache.kafka.common.metrics.JmxReporter
2023-12-19T12:41:50.595+01:00  INFO 15668 --- [| adminclient-7] o.apache.kafka.common.metrics.Metrics    : Metrics reporters closed
2023-12-19T12:41:50.598+01:00  INFO 15668 --- [           main] o.s.b.w.embedded.tomcat.TomcatWebServer  : Tomcat started on port(s): 51713 (http) with context path ''
2023-12-19T12:41:50.601+01:00  INFO 15668 --- [           main] c.e.P.ProjectControllerTests             : Started ProjectControllerTests in 1179.412 seconds (process running for 1957.9)
2023-12-19T12:41:50.620+01:00 DEBUG 15668 --- [           main] org.hibernate.SQL                        : select p1_0.id,p1_0.email from projectmember p1_0 where p1_0.id=?
2023-12-19T12:41:50.624+01:00 DEBUG 15668 --- [           main] org.hibernate.SQL                        : select p1_0.id,p1_0.email from projectmember p1_0 where p1_0.id=?
2023-12-19T12:41:50.630+01:00 DEBUG 15668 --- [           main] org.hibernate.SQL                        : insert into projectmember (email,id) values (?,?)
2023-12-19T12:41:50.633+01:00  INFO 15668 --- [           main] c.e.P.Project.ProjectService             : new project dto => Project{Id=null, Projectname='project666666', Projectdescription='description16666', Createdat=Tue Dec 19 12:41:50 CET 2023, Lastupdatedat=Tue Dec 19 12:41:50 CET 2023, Owner=ProjectMember{Id=144, Email='testusr144@gmail.com'}, Memberships=[]}
2023-12-19T12:41:50.634+01:00 DEBUG 15668 --- [           main] org.hibernate.SQL                        : insert into project (createdat,lastupdatedat,owner_id,projectdescription,projectname,id) values (?,?,?,?,?,default)
2023-12-19T12:41:50.636+01:00 DEBUG 15668 --- [           main] org.hibernate.SQL                        : SELECT * FROM `project` ORDER BY `id` DESC LIMIT 1
2023-12-19T12:41:50.637+01:00 DEBUG 15668 --- [           main] org.hibernate.SQL                        : SELECT * FROM `project` ORDER BY `id` DESC LIMIT 1
]]></system-out>
  </testcase>
  <testcase name="shouldGetAll3ProjectsFromAccount" classname="com.example.ProjectService.ProjectControllerTests" time="40.625">
    <system-out><![CDATA[2023-12-19T12:41:50.650+01:00  INFO 15668 --- [           main] o.apache.catalina.core.StandardService   : Stopping service [Tomcat]
2023-12-19T12:41:50.653+01:00  INFO 15668 --- [           main] j.LocalContainerEntityManagerFactoryBean : Closing JPA EntityManagerFactory for persistence unit 'default'
2023-12-19T12:41:50.653+01:00 DEBUG 15668 --- [           main] org.hibernate.SQL                        : drop table if exists project cascade 
2023-12-19T12:41:50.654+01:00 DEBUG 15668 --- [           main] org.hibernate.SQL                        : drop table if exists projectmember cascade 
2023-12-19T12:41:50.654+01:00 DEBUG 15668 --- [           main] org.hibernate.SQL                        : drop table if exists projectmembership cascade 
2023-12-19T12:41:50.654+01:00 DEBUG 15668 --- [           main] org.hibernate.SQL                        : drop table if exists projectrole cascade 
2023-12-19T12:41:50.654+01:00  INFO 15668 --- [           main] com.zaxxer.hikari.HikariDataSource       : HikariPool-7 - Shutdown initiated...
2023-12-19T12:41:50.655+01:00  INFO 15668 --- [           main] com.zaxxer.hikari.HikariDataSource       : HikariPool-7 - Shutdown completed.

  .   ____          _            __ _ _
 /\\ / ___'_ __ _ _(_)_ __  __ _ \ \ \ \
( ( )\___ | '_ | '_| | '_ \/ _` | \ \ \ \
 \\/  ___)| |_)| | | | | || (_| |  ) ) ) )
  '  |____| .__|_| |_|_| |_\__, | / / / /
 =========|_|==============|___/=/_/_/_/
 :: Spring Boot ::                (v3.1.5)

2023-12-19T12:41:50.667+01:00  INFO 15668 --- [           main] c.e.P.ProjectControllerTests             : Starting ProjectControllerTests using Java 17.0.8.1 with PID 15668 (started by mitch in D:\projecten\semester6individueel\ProjectService)
2023-12-19T12:41:50.667+01:00  INFO 15668 --- [           main] c.e.P.ProjectControllerTests             : The following 1 profile is active: "test"
2023-12-19T12:41:50.859+01:00  INFO 15668 --- [           main] .s.d.r.c.RepositoryConfigurationDelegate : Multiple Spring Data modules found, entering strict repository configuration mode
2023-12-19T12:41:50.859+01:00  INFO 15668 --- [           main] .s.d.r.c.RepositoryConfigurationDelegate : Bootstrapping Spring Data JPA repositories in DEFAULT mode.
2023-12-19T12:41:50.871+01:00  INFO 15668 --- [           main] .s.d.r.c.RepositoryConfigurationDelegate : Finished Spring Data repository scanning in 11 ms. Found 2 JPA repository interfaces.
2023-12-19T12:41:50.873+01:00  INFO 15668 --- [           main] .s.d.r.c.RepositoryConfigurationDelegate : Multiple Spring Data modules found, entering strict repository configuration mode
2023-12-19T12:41:50.874+01:00  INFO 15668 --- [           main] .s.d.r.c.RepositoryConfigurationDelegate : Bootstrapping Spring Data Redis repositories in DEFAULT mode.
2023-12-19T12:41:50.882+01:00  INFO 15668 --- [           main] .RepositoryConfigurationExtensionSupport : Spring Data Redis - Could not safely identify store assignment for repository candidate interface com.example.ProjectService.repositories.IAccountRepository; If you want this repository to be a Redis repository, consider annotating your entities with one of these annotations: org.springframework.data.redis.core.RedisHash (preferred), or consider extending one of the following types with your repository: org.springframework.data.keyvalue.repository.KeyValueRepository
2023-12-19T12:41:50.882+01:00  INFO 15668 --- [           main] .RepositoryConfigurationExtensionSupport : Spring Data Redis - Could not safely identify store assignment for repository candidate interface com.example.ProjectService.repositories.IProjectRepository; If you want this repository to be a Redis repository, consider annotating your entities with one of these annotations: org.springframework.data.redis.core.RedisHash (preferred), or consider extending one of the following types with your repository: org.springframework.data.keyvalue.repository.KeyValueRepository
2023-12-19T12:41:50.882+01:00  INFO 15668 --- [           main] .s.d.r.c.RepositoryConfigurationDelegate : Finished Spring Data repository scanning in 9 ms. Found 0 Redis repository interfaces.
2023-12-19T12:41:50.934+01:00  INFO 15668 --- [           main] o.s.b.w.embedded.tomcat.TomcatWebServer  : Tomcat initialized with port(s): 0 (http)
2023-12-19T12:41:50.934+01:00  INFO 15668 --- [           main] o.apache.catalina.core.StandardService   : Starting service [Tomcat]
2023-12-19T12:41:50.934+01:00  INFO 15668 --- [           main] o.apache.catalina.core.StandardEngine    : Starting Servlet engine: [Apache Tomcat/10.1.15]
2023-12-19T12:41:50.970+01:00  INFO 15668 --- [           main] o.a.c.c.C.[Tomcat].[localhost].[/]       : Initializing Spring embedded WebApplicationContext
2023-12-19T12:41:50.970+01:00  INFO 15668 --- [           main] w.s.c.ServletWebServerApplicationContext : Root WebApplicationContext: initialization completed in 301 ms
2023-12-19T12:41:51.004+01:00  INFO 15668 --- [           main] o.hibernate.jpa.internal.util.LogHelper  : HHH000204: Processing PersistenceUnitInfo [name: default]
2023-12-19T12:41:51.009+01:00  INFO 15668 --- [           main] o.s.o.j.p.SpringPersistenceUnitInfo      : No LoadTimeWeaver setup: ignoring JPA class transformer
2023-12-19T12:41:51.009+01:00  INFO 15668 --- [           main] com.zaxxer.hikari.HikariDataSource       : HikariPool-8 - Starting...
2023-12-19T12:41:51.010+01:00  INFO 15668 --- [           main] com.zaxxer.hikari.pool.HikariPool        : HikariPool-8 - Added connection conn70: url=jdbc:h2:mem:db user=SA
2023-12-19T12:41:51.010+01:00  INFO 15668 --- [           main] com.zaxxer.hikari.HikariDataSource       : HikariPool-8 - Start completed.
2023-12-19T12:41:51.011+01:00  WARN 15668 --- [           main] org.hibernate.orm.deprecation            : HHH90000025: H2Dialect does not need to be specified explicitly using 'hibernate.dialect' (remove the property setting and it will be selected by default)
2023-12-19T12:41:51.021+01:00  WARN 15668 --- [           main] org.hibernate.mapping.RootClass          : HHH000038: Composite-id class does not override equals(): com.example.ProjectService.JoinTable.ProjectMembership
2023-12-19T12:41:51.021+01:00  WARN 15668 --- [           main] org.hibernate.mapping.RootClass          : HHH000039: Composite-id class does not override hashCode(): com.example.ProjectService.JoinTable.ProjectMembership
2023-12-19T12:41:51.040+01:00  INFO 15668 --- [           main] o.h.e.t.j.p.i.JtaPlatformInitiator       : HHH000489: No JTA platform available (set 'hibernate.transaction.jta.platform' to enable JTA platform integration)
2023-12-19T12:41:51.040+01:00 DEBUG 15668 --- [           main] org.hibernate.SQL                        : drop table if exists project cascade 
2023-12-19T12:41:51.040+01:00 DEBUG 15668 --- [           main] org.hibernate.SQL                        : drop table if exists projectmember cascade 
2023-12-19T12:41:51.040+01:00 DEBUG 15668 --- [           main] org.hibernate.SQL                        : drop table if exists projectmembership cascade 
2023-12-19T12:41:51.040+01:00 DEBUG 15668 --- [           main] org.hibernate.SQL                        : drop table if exists projectrole cascade 
2023-12-19T12:41:51.041+01:00 DEBUG 15668 --- [           main] org.hibernate.SQL                        : create table project (createdat timestamp(6) not null, id bigint generated by default as identity, lastupdatedat timestamp(6) not null, owner_id bigint, projectname varchar(20) not null, projectdescription varchar(50) not null, primary key (id))
2023-12-19T12:41:51.041+01:00 DEBUG 15668 --- [           main] org.hibernate.SQL                        : create table projectmember (id bigint not null, email varchar(20) not null unique, primary key (id))
2023-12-19T12:41:51.042+01:00 DEBUG 15668 --- [           main] org.hibernate.SQL                        : create table projectmembership (joinedproject_id bigint not null, member_id bigint not null, role_id bigint not null, primary key (joinedproject_id, member_id, role_id))
2023-12-19T12:41:51.042+01:00 DEBUG 15668 --- [           main] org.hibernate.SQL                        : create table projectrole (id bigint generated by default as identity, name varchar(255) unique, primary key (id))
2023-12-19T12:41:51.042+01:00 DEBUG 15668 --- [           main] org.hibernate.SQL                        : alter table if exists project add constraint FKgela6raf25bsa6thxog5x8lkv foreign key (owner_id) references projectmember
2023-12-19T12:41:51.043+01:00 DEBUG 15668 --- [           main] org.hibernate.SQL                        : alter table if exists projectmembership add constraint FKr5hoxnh9k5nutty4hon93c6fe foreign key (joinedproject_id) references project
2023-12-19T12:41:51.043+01:00 DEBUG 15668 --- [           main] org.hibernate.SQL                        : alter table if exists projectmembership add constraint FKt45jjcbtrrsgom05jwu0fje4b foreign key (member_id) references projectmember
2023-12-19T12:41:51.044+01:00 DEBUG 15668 --- [           main] org.hibernate.SQL                        : alter table if exists projectmembership add constraint FKfnovlarbluovef58uneoi1li1 foreign key (role_id) references projectrole
2023-12-19T12:41:51.045+01:00  INFO 15668 --- [           main] j.LocalContainerEntityManagerFactoryBean : Initialized JPA EntityManagerFactory for persistence unit 'default'
2023-12-19T12:41:51.078+01:00  WARN 15668 --- [           main] JpaBaseConfiguration$JpaWebConfiguration : spring.jpa.open-in-view is enabled by default. Therefore, database queries may be performed during view rendering. Explicitly configure spring.jpa.open-in-view to disable this warning
2023-12-19T12:41:51.180+01:00  INFO 15668 --- [           main] o.a.c.c.C.[Tomcat].[localhost].[/]       : Initializing Spring TestDispatcherServlet ''
2023-12-19T12:41:51.180+01:00  INFO 15668 --- [           main] o.s.t.web.servlet.TestDispatcherServlet  : Initializing Servlet ''
2023-12-19T12:41:51.182+01:00  INFO 15668 --- [           main] o.s.b.a.e.web.EndpointLinksResolver      : Exposing 13 endpoint(s) beneath base path '/actuator'
2023-12-19T12:41:51.187+01:00  INFO 15668 --- [           main] o.s.t.web.servlet.TestDispatcherServlet  : Completed initialization in 7 ms
2023-12-19T12:41:51.194+01:00  INFO 15668 --- [           main] o.a.k.clients.admin.AdminClientConfig    : AdminClientConfig values: 
	auto.include.jmx.reporter = true
	bootstrap.servers = [localhost:29092]
	client.dns.lookup = use_all_dns_ips
	client.id = 
	connections.max.idle.ms = 300000
	default.api.timeout.ms = 60000
	metadata.max.age.ms = 300000
	metric.reporters = []
	metrics.num.samples = 2
	metrics.recording.level = INFO
	metrics.sample.window.ms = 30000
	receive.buffer.bytes = 65536
	reconnect.backoff.max.ms = 1000
	reconnect.backoff.ms = 50
	request.timeout.ms = 30000
	retries = 2147483647
	retry.backoff.ms = 100
	sasl.client.callback.handler.class = null
	sasl.jaas.config = null
	sasl.kerberos.kinit.cmd = /usr/bin/kinit
	sasl.kerberos.min.time.before.relogin = 60000
	sasl.kerberos.service.name = null
	sasl.kerberos.ticket.renew.jitter = 0.05
	sasl.kerberos.ticket.renew.window.factor = 0.8
	sasl.login.callback.handler.class = null
	sasl.login.class = null
	sasl.login.connect.timeout.ms = null
	sasl.login.read.timeout.ms = null
	sasl.login.refresh.buffer.seconds = 300
	sasl.login.refresh.min.period.seconds = 60
	sasl.login.refresh.window.factor = 0.8
	sasl.login.refresh.window.jitter = 0.05
	sasl.login.retry.backoff.max.ms = 10000
	sasl.login.retry.backoff.ms = 100
	sasl.mechanism = GSSAPI
	sasl.oauthbearer.clock.skew.seconds = 30
	sasl.oauthbearer.expected.audience = null
	sasl.oauthbearer.expected.issuer = null
	sasl.oauthbearer.jwks.endpoint.refresh.ms = 3600000
	sasl.oauthbearer.jwks.endpoint.retry.backoff.max.ms = 10000
	sasl.oauthbearer.jwks.endpoint.retry.backoff.ms = 100
	sasl.oauthbearer.jwks.endpoint.url = null
	sasl.oauthbearer.scope.claim.name = scope
	sasl.oauthbearer.sub.claim.name = sub
	sasl.oauthbearer.token.endpoint.url = null
	security.protocol = PLAINTEXT
	security.providers = null
	send.buffer.bytes = 131072
	socket.connection.setup.timeout.max.ms = 30000
	socket.connection.setup.timeout.ms = 10000
	ssl.cipher.suites = null
	ssl.enabled.protocols = [TLSv1.2, TLSv1.3]
	ssl.endpoint.identification.algorithm = https
	ssl.engine.factory.class = null
	ssl.key.password = null
	ssl.keymanager.algorithm = SunX509
	ssl.keystore.certificate.chain = null
	ssl.keystore.key = null
	ssl.keystore.location = null
	ssl.keystore.password = null
	ssl.keystore.type = JKS
	ssl.protocol = TLSv1.3
	ssl.provider = null
	ssl.secure.random.implementation = null
	ssl.trustmanager.algorithm = PKIX
	ssl.truststore.certificates = null
	ssl.truststore.location = null
	ssl.truststore.password = null
	ssl.truststore.type = JKS

2023-12-19T12:41:51.197+01:00  INFO 15668 --- [           main] o.a.kafka.common.utils.AppInfoParser     : Kafka version: 3.4.1
2023-12-19T12:41:51.197+01:00  INFO 15668 --- [           main] o.a.kafka.common.utils.AppInfoParser     : Kafka commitId: 8a516edc2755df89
2023-12-19T12:41:51.197+01:00  INFO 15668 --- [           main] o.a.kafka.common.utils.AppInfoParser     : Kafka startTimeMs: 1702986111197
2023-12-19T12:41:51.198+01:00  INFO 15668 --- [| adminclient-8] org.apache.kafka.clients.NetworkClient   : [AdminClient clientId=adminclient-8] Node -1 disconnected.
2023-12-19T12:41:51.198+01:00  WARN 15668 --- [| adminclient-8] org.apache.kafka.clients.NetworkClient   : [AdminClient clientId=adminclient-8] Connection to node -1 (localhost/127.0.0.1:29092) could not be established. Broker may not be available.
2023-12-19T12:41:51.308+01:00  INFO 15668 --- [| adminclient-8] org.apache.kafka.clients.NetworkClient   : [AdminClient clientId=adminclient-8] Node -1 disconnected.
2023-12-19T12:41:51.309+01:00  WARN 15668 --- [| adminclient-8] org.apache.kafka.clients.NetworkClient   : [AdminClient clientId=adminclient-8] Connection to node -1 (localhost/127.0.0.1:29092) could not be established. Broker may not be available.
2023-12-19T12:41:51.420+01:00  INFO 15668 --- [| adminclient-8] org.apache.kafka.clients.NetworkClient   : [AdminClient clientId=adminclient-8] Node -1 disconnected.
2023-12-19T12:41:51.420+01:00  WARN 15668 --- [| adminclient-8] org.apache.kafka.clients.NetworkClient   : [AdminClient clientId=adminclient-8] Connection to node -1 (localhost/127.0.0.1:29092) could not be established. Broker may not be available.
2023-12-19T12:41:51.637+01:00  INFO 15668 --- [| adminclient-8] org.apache.kafka.clients.NetworkClient   : [AdminClient clientId=adminclient-8] Node -1 disconnected.
2023-12-19T12:41:51.637+01:00  WARN 15668 --- [| adminclient-8] org.apache.kafka.clients.NetworkClient   : [AdminClient clientId=adminclient-8] Connection to node -1 (localhost/127.0.0.1:29092) could not be established. Broker may not be available.
2023-12-19T12:41:52.078+01:00  INFO 15668 --- [| adminclient-8] org.apache.kafka.clients.NetworkClient   : [AdminClient clientId=adminclient-8] Node -1 disconnected.
2023-12-19T12:41:52.079+01:00  WARN 15668 --- [| adminclient-8] org.apache.kafka.clients.NetworkClient   : [AdminClient clientId=adminclient-8] Connection to node -1 (localhost/127.0.0.1:29092) could not be established. Broker may not be available.
2023-12-19T12:41:53.047+01:00  INFO 15668 --- [| adminclient-8] org.apache.kafka.clients.NetworkClient   : [AdminClient clientId=adminclient-8] Node -1 disconnected.
2023-12-19T12:41:53.048+01:00  WARN 15668 --- [| adminclient-8] org.apache.kafka.clients.NetworkClient   : [AdminClient clientId=adminclient-8] Connection to node -1 (localhost/127.0.0.1:29092) could not be established. Broker may not be available.
2023-12-19T12:41:54.234+01:00  INFO 15668 --- [| adminclient-8] org.apache.kafka.clients.NetworkClient   : [AdminClient clientId=adminclient-8] Node -1 disconnected.
2023-12-19T12:41:54.235+01:00  WARN 15668 --- [| adminclient-8] org.apache.kafka.clients.NetworkClient   : [AdminClient clientId=adminclient-8] Connection to node -1 (localhost/127.0.0.1:29092) could not be established. Broker may not be available.
2023-12-19T12:41:55.195+01:00  INFO 15668 --- [| adminclient-8] org.apache.kafka.clients.NetworkClient   : [AdminClient clientId=adminclient-8] Node -1 disconnected.
2023-12-19T12:41:55.195+01:00  WARN 15668 --- [| adminclient-8] org.apache.kafka.clients.NetworkClient   : [AdminClient clientId=adminclient-8] Connection to node -1 (localhost/127.0.0.1:29092) could not be established. Broker may not be available.
2023-12-19T12:41:56.283+01:00  INFO 15668 --- [| adminclient-8] org.apache.kafka.clients.NetworkClient   : [AdminClient clientId=adminclient-8] Node -1 disconnected.
2023-12-19T12:41:56.283+01:00  WARN 15668 --- [| adminclient-8] org.apache.kafka.clients.NetworkClient   : [AdminClient clientId=adminclient-8] Connection to node -1 (localhost/127.0.0.1:29092) could not be established. Broker may not be available.
2023-12-19T12:41:57.364+01:00  INFO 15668 --- [| adminclient-8] org.apache.kafka.clients.NetworkClient   : [AdminClient clientId=adminclient-8] Node -1 disconnected.
2023-12-19T12:41:57.364+01:00  WARN 15668 --- [| adminclient-8] org.apache.kafka.clients.NetworkClient   : [AdminClient clientId=adminclient-8] Connection to node -1 (localhost/127.0.0.1:29092) could not be established. Broker may not be available.
2023-12-19T12:41:58.456+01:00  INFO 15668 --- [| adminclient-8] org.apache.kafka.clients.NetworkClient   : [AdminClient clientId=adminclient-8] Node -1 disconnected.
2023-12-19T12:41:58.456+01:00  WARN 15668 --- [| adminclient-8] org.apache.kafka.clients.NetworkClient   : [AdminClient clientId=adminclient-8] Connection to node -1 (localhost/127.0.0.1:29092) could not be established. Broker may not be available.
2023-12-19T12:41:59.317+01:00  INFO 15668 --- [| adminclient-8] org.apache.kafka.clients.NetworkClient   : [AdminClient clientId=adminclient-8] Node -1 disconnected.
2023-12-19T12:41:59.317+01:00  WARN 15668 --- [| adminclient-8] org.apache.kafka.clients.NetworkClient   : [AdminClient clientId=adminclient-8] Connection to node -1 (localhost/127.0.0.1:29092) could not be established. Broker may not be available.
2023-12-19T12:42:00.482+01:00  INFO 15668 --- [| adminclient-8] org.apache.kafka.clients.NetworkClient   : [AdminClient clientId=adminclient-8] Node -1 disconnected.
2023-12-19T12:42:00.483+01:00  WARN 15668 --- [| adminclient-8] org.apache.kafka.clients.NetworkClient   : [AdminClient clientId=adminclient-8] Connection to node -1 (localhost/127.0.0.1:29092) could not be established. Broker may not be available.
2023-12-19T12:42:01.669+01:00  INFO 15668 --- [| adminclient-8] org.apache.kafka.clients.NetworkClient   : [AdminClient clientId=adminclient-8] Node -1 disconnected.
2023-12-19T12:42:01.669+01:00  WARN 15668 --- [| adminclient-8] org.apache.kafka.clients.NetworkClient   : [AdminClient clientId=adminclient-8] Connection to node -1 (localhost/127.0.0.1:29092) could not be established. Broker may not be available.
2023-12-19T12:42:02.753+01:00  INFO 15668 --- [| adminclient-8] org.apache.kafka.clients.NetworkClient   : [AdminClient clientId=adminclient-8] Node -1 disconnected.
2023-12-19T12:42:02.754+01:00  WARN 15668 --- [| adminclient-8] org.apache.kafka.clients.NetworkClient   : [AdminClient clientId=adminclient-8] Connection to node -1 (localhost/127.0.0.1:29092) could not be established. Broker may not be available.
2023-12-19T12:42:03.937+01:00  INFO 15668 --- [| adminclient-8] org.apache.kafka.clients.NetworkClient   : [AdminClient clientId=adminclient-8] Node -1 disconnected.
2023-12-19T12:42:03.938+01:00  WARN 15668 --- [| adminclient-8] org.apache.kafka.clients.NetworkClient   : [AdminClient clientId=adminclient-8] Connection to node -1 (localhost/127.0.0.1:29092) could not be established. Broker may not be available.
2023-12-19T12:42:04.803+01:00  INFO 15668 --- [| adminclient-8] org.apache.kafka.clients.NetworkClient   : [AdminClient clientId=adminclient-8] Node -1 disconnected.
2023-12-19T12:42:04.803+01:00  WARN 15668 --- [| adminclient-8] org.apache.kafka.clients.NetworkClient   : [AdminClient clientId=adminclient-8] Connection to node -1 (localhost/127.0.0.1:29092) could not be established. Broker may not be available.
2023-12-19T12:42:06.095+01:00  INFO 15668 --- [| adminclient-8] org.apache.kafka.clients.NetworkClient   : [AdminClient clientId=adminclient-8] Node -1 disconnected.
2023-12-19T12:42:06.096+01:00  WARN 15668 --- [| adminclient-8] org.apache.kafka.clients.NetworkClient   : [AdminClient clientId=adminclient-8] Connection to node -1 (localhost/127.0.0.1:29092) could not be established. Broker may not be available.
2023-12-19T12:42:07.069+01:00  INFO 15668 --- [| adminclient-8] org.apache.kafka.clients.NetworkClient   : [AdminClient clientId=adminclient-8] Node -1 disconnected.
2023-12-19T12:42:07.069+01:00  WARN 15668 --- [| adminclient-8] org.apache.kafka.clients.NetworkClient   : [AdminClient clientId=adminclient-8] Connection to node -1 (localhost/127.0.0.1:29092) could not be established. Broker may not be available.
2023-12-19T12:42:08.245+01:00  INFO 15668 --- [| adminclient-8] org.apache.kafka.clients.NetworkClient   : [AdminClient clientId=adminclient-8] Node -1 disconnected.
2023-12-19T12:42:08.245+01:00  WARN 15668 --- [| adminclient-8] org.apache.kafka.clients.NetworkClient   : [AdminClient clientId=adminclient-8] Connection to node -1 (localhost/127.0.0.1:29092) could not be established. Broker may not be available.
2023-12-19T12:42:09.427+01:00  INFO 15668 --- [| adminclient-8] org.apache.kafka.clients.NetworkClient   : [AdminClient clientId=adminclient-8] Node -1 disconnected.
2023-12-19T12:42:09.427+01:00  WARN 15668 --- [| adminclient-8] org.apache.kafka.clients.NetworkClient   : [AdminClient clientId=adminclient-8] Connection to node -1 (localhost/127.0.0.1:29092) could not be established. Broker may not be available.
2023-12-19T12:42:10.293+01:00  INFO 15668 --- [| adminclient-8] org.apache.kafka.clients.NetworkClient   : [AdminClient clientId=adminclient-8] Node -1 disconnected.
2023-12-19T12:42:10.293+01:00  WARN 15668 --- [| adminclient-8] org.apache.kafka.clients.NetworkClient   : [AdminClient clientId=adminclient-8] Connection to node -1 (localhost/127.0.0.1:29092) could not be established. Broker may not be available.
2023-12-19T12:42:11.492+01:00  INFO 15668 --- [| adminclient-8] org.apache.kafka.clients.NetworkClient   : [AdminClient clientId=adminclient-8] Node -1 disconnected.
2023-12-19T12:42:11.492+01:00  WARN 15668 --- [| adminclient-8] org.apache.kafka.clients.NetworkClient   : [AdminClient clientId=adminclient-8] Connection to node -1 (localhost/127.0.0.1:29092) could not be established. Broker may not be available.
2023-12-19T12:42:12.470+01:00  INFO 15668 --- [| adminclient-8] org.apache.kafka.clients.NetworkClient   : [AdminClient clientId=adminclient-8] Node -1 disconnected.
2023-12-19T12:42:12.470+01:00  WARN 15668 --- [| adminclient-8] org.apache.kafka.clients.NetworkClient   : [AdminClient clientId=adminclient-8] Connection to node -1 (localhost/127.0.0.1:29092) could not be established. Broker may not be available.
2023-12-19T12:42:13.422+01:00  INFO 15668 --- [| adminclient-8] org.apache.kafka.clients.NetworkClient   : [AdminClient clientId=adminclient-8] Node -1 disconnected.
2023-12-19T12:42:13.422+01:00  WARN 15668 --- [| adminclient-8] org.apache.kafka.clients.NetworkClient   : [AdminClient clientId=adminclient-8] Connection to node -1 (localhost/127.0.0.1:29092) could not be established. Broker may not be available.
2023-12-19T12:42:14.400+01:00  INFO 15668 --- [| adminclient-8] org.apache.kafka.clients.NetworkClient   : [AdminClient clientId=adminclient-8] Node -1 disconnected.
2023-12-19T12:42:14.401+01:00  WARN 15668 --- [| adminclient-8] org.apache.kafka.clients.NetworkClient   : [AdminClient clientId=adminclient-8] Connection to node -1 (localhost/127.0.0.1:29092) could not be established. Broker may not be available.
2023-12-19T12:42:15.372+01:00  INFO 15668 --- [| adminclient-8] org.apache.kafka.clients.NetworkClient   : [AdminClient clientId=adminclient-8] Node -1 disconnected.
2023-12-19T12:42:15.372+01:00  WARN 15668 --- [| adminclient-8] org.apache.kafka.clients.NetworkClient   : [AdminClient clientId=adminclient-8] Connection to node -1 (localhost/127.0.0.1:29092) could not be established. Broker may not be available.
2023-12-19T12:42:16.564+01:00  INFO 15668 --- [| adminclient-8] org.apache.kafka.clients.NetworkClient   : [AdminClient clientId=adminclient-8] Node -1 disconnected.
2023-12-19T12:42:16.565+01:00  WARN 15668 --- [| adminclient-8] org.apache.kafka.clients.NetworkClient   : [AdminClient clientId=adminclient-8] Connection to node -1 (localhost/127.0.0.1:29092) could not be established. Broker may not be available.
2023-12-19T12:42:17.759+01:00  INFO 15668 --- [| adminclient-8] org.apache.kafka.clients.NetworkClient   : [AdminClient clientId=adminclient-8] Node -1 disconnected.
2023-12-19T12:42:17.759+01:00  WARN 15668 --- [| adminclient-8] org.apache.kafka.clients.NetworkClient   : [AdminClient clientId=adminclient-8] Connection to node -1 (localhost/127.0.0.1:29092) could not be established. Broker may not be available.
2023-12-19T12:42:18.625+01:00  INFO 15668 --- [| adminclient-8] org.apache.kafka.clients.NetworkClient   : [AdminClient clientId=adminclient-8] Node -1 disconnected.
2023-12-19T12:42:18.625+01:00  WARN 15668 --- [| adminclient-8] org.apache.kafka.clients.NetworkClient   : [AdminClient clientId=adminclient-8] Connection to node -1 (localhost/127.0.0.1:29092) could not be established. Broker may not be available.
2023-12-19T12:42:19.793+01:00  INFO 15668 --- [| adminclient-8] org.apache.kafka.clients.NetworkClient   : [AdminClient clientId=adminclient-8] Node -1 disconnected.
2023-12-19T12:42:19.793+01:00  WARN 15668 --- [| adminclient-8] org.apache.kafka.clients.NetworkClient   : [AdminClient clientId=adminclient-8] Connection to node -1 (localhost/127.0.0.1:29092) could not be established. Broker may not be available.
2023-12-19T12:42:20.777+01:00  INFO 15668 --- [| adminclient-8] org.apache.kafka.clients.NetworkClient   : [AdminClient clientId=adminclient-8] Node -1 disconnected.
2023-12-19T12:42:20.777+01:00  WARN 15668 --- [| adminclient-8] org.apache.kafka.clients.NetworkClient   : [AdminClient clientId=adminclient-8] Connection to node -1 (localhost/127.0.0.1:29092) could not be established. Broker may not be available.
2023-12-19T12:42:21.207+01:00  INFO 15668 --- [| adminclient-8] o.a.k.c.a.i.AdminMetadataManager         : [AdminClient clientId=adminclient-8] Metadata update failed

org.apache.kafka.common.errors.TimeoutException: Timed out waiting for a node assignment. Call: fetchMetadata

2023-12-19T12:42:21.207+01:00 ERROR 15668 --- [           main] o.springframework.kafka.core.KafkaAdmin  : Could not configure topics

java.util.concurrent.TimeoutException: null
	at java.base/java.util.concurrent.CompletableFuture.timedGet(CompletableFuture.java:1960) ~[na:na]
	at java.base/java.util.concurrent.CompletableFuture.get(CompletableFuture.java:2095) ~[na:na]
	at org.apache.kafka.common.internals.KafkaFutureImpl.get(KafkaFutureImpl.java:180) ~[kafka-clients-3.4.1.jar:na]
	at org.springframework.kafka.core.KafkaAdmin.initialize(KafkaAdmin.java:243) ~[spring-kafka-3.0.12.jar:3.0.12]
	at org.springframework.kafka.core.KafkaAdmin.afterSingletonsInstantiated(KafkaAdmin.java:212) ~[spring-kafka-3.0.12.jar:3.0.12]
	at org.springframework.beans.factory.support.DefaultListableBeanFactory.preInstantiateSingletons(DefaultListableBeanFactory.java:984) ~[spring-beans-6.0.13.jar:6.0.13]
	at org.springframework.context.support.AbstractApplicationContext.finishBeanFactoryInitialization(AbstractApplicationContext.java:950) ~[spring-context-6.0.13.jar:6.0.13]
	at org.springframework.context.support.AbstractApplicationContext.refresh(AbstractApplicationContext.java:616) ~[spring-context-6.0.13.jar:6.0.13]
	at org.springframework.boot.web.servlet.context.ServletWebServerApplicationContext.refresh(ServletWebServerApplicationContext.java:146) ~[spring-boot-3.1.5.jar:3.1.5]
	at org.springframework.boot.SpringApplication.refresh(SpringApplication.java:738) ~[spring-boot-3.1.5.jar:3.1.5]
	at org.springframework.boot.SpringApplication.refreshContext(SpringApplication.java:440) ~[spring-boot-3.1.5.jar:3.1.5]
	at org.springframework.boot.SpringApplication.run(SpringApplication.java:316) ~[spring-boot-3.1.5.jar:3.1.5]
	at org.springframework.boot.test.context.SpringBootContextLoader.lambda$loadContext$3(SpringBootContextLoader.java:137) ~[spring-boot-test-3.1.5.jar:3.1.5]
	at org.springframework.util.function.ThrowingSupplier.get(ThrowingSupplier.java:58) ~[spring-core-6.0.13.jar:6.0.13]
	at org.springframework.util.function.ThrowingSupplier.get(ThrowingSupplier.java:46) ~[spring-core-6.0.13.jar:6.0.13]
	at org.springframework.boot.SpringApplication.withHook(SpringApplication.java:1406) ~[spring-boot-3.1.5.jar:3.1.5]
	at org.springframework.boot.test.context.SpringBootContextLoader$ContextLoaderHook.run(SpringBootContextLoader.java:545) ~[spring-boot-test-3.1.5.jar:3.1.5]
	at org.springframework.boot.test.context.SpringBootContextLoader.loadContext(SpringBootContextLoader.java:137) ~[spring-boot-test-3.1.5.jar:3.1.5]
	at org.springframework.boot.test.context.SpringBootContextLoader.loadContext(SpringBootContextLoader.java:108) ~[spring-boot-test-3.1.5.jar:3.1.5]
	at org.springframework.test.context.cache.DefaultCacheAwareContextLoaderDelegate.loadContextInternal(DefaultCacheAwareContextLoaderDelegate.java:187) ~[spring-test-6.0.13.jar:6.0.13]
	at org.springframework.test.context.cache.DefaultCacheAwareContextLoaderDelegate.loadContext(DefaultCacheAwareContextLoaderDelegate.java:119) ~[spring-test-6.0.13.jar:6.0.13]
	at org.springframework.test.context.support.DefaultTestContext.getApplicationContext(DefaultTestContext.java:127) ~[spring-test-6.0.13.jar:6.0.13]
	at org.springframework.boot.test.mock.mockito.MockitoTestExecutionListener.postProcessFields(MockitoTestExecutionListener.java:110) ~[spring-boot-test-3.1.5.jar:3.1.5]
	at org.springframework.boot.test.mock.mockito.MockitoTestExecutionListener.reinjectFields(MockitoTestExecutionListener.java:99) ~[spring-boot-test-3.1.5.jar:3.1.5]
	at org.springframework.boot.test.mock.mockito.MockitoTestExecutionListener.beforeTestMethod(MockitoTestExecutionListener.java:69) ~[spring-boot-test-3.1.5.jar:3.1.5]
	at org.springframework.test.context.TestContextManager.beforeTestMethod(TestContextManager.java:288) ~[spring-test-6.0.13.jar:6.0.13]
	at org.springframework.test.context.junit.jupiter.SpringExtension.beforeEach(SpringExtension.java:174) ~[spring-test-6.0.13.jar:6.0.13]
	at org.junit.jupiter.engine.descriptor.TestMethodTestDescriptor.lambda$invokeBeforeEachCallbacks$2(TestMethodTestDescriptor.java:166) ~[junit-jupiter-engine-5.9.3.jar:5.9.3]
	at org.junit.jupiter.engine.descriptor.TestMethodTestDescriptor.lambda$invokeBeforeMethodsOrCallbacksUntilExceptionOccurs$6(TestMethodTestDescriptor.java:202) ~[junit-jupiter-engine-5.9.3.jar:5.9.3]
	at org.junit.platform.engine.support.hierarchical.ThrowableCollector.execute(ThrowableCollector.java:73) ~[junit-platform-engine-1.9.3.jar:1.9.3]
	at org.junit.jupiter.engine.descriptor.TestMethodTestDescriptor.invokeBeforeMethodsOrCallbacksUntilExceptionOccurs(TestMethodTestDescriptor.java:202) ~[junit-jupiter-engine-5.9.3.jar:5.9.3]
	at org.junit.jupiter.engine.descriptor.TestMethodTestDescriptor.invokeBeforeEachCallbacks(TestMethodTestDescriptor.java:165) ~[junit-jupiter-engine-5.9.3.jar:5.9.3]
	at org.junit.jupiter.engine.descriptor.TestMethodTestDescriptor.execute(TestMethodTestDescriptor.java:132) ~[junit-jupiter-engine-5.9.3.jar:5.9.3]
	at org.junit.jupiter.engine.descriptor.TestMethodTestDescriptor.execute(TestMethodTestDescriptor.java:68) ~[junit-jupiter-engine-5.9.3.jar:5.9.3]
	at org.junit.platform.engine.support.hierarchical.NodeTestTask.lambda$executeRecursively$6(NodeTestTask.java:151) ~[junit-platform-engine-1.9.3.jar:1.9.3]
	at org.junit.platform.engine.support.hierarchical.ThrowableCollector.execute(ThrowableCollector.java:73) ~[junit-platform-engine-1.9.3.jar:1.9.3]
	at org.junit.platform.engine.support.hierarchical.NodeTestTask.lambda$executeRecursively$8(NodeTestTask.java:141) ~[junit-platform-engine-1.9.3.jar:1.9.3]
	at org.junit.platform.engine.support.hierarchical.Node.around(Node.java:137) ~[junit-platform-engine-1.9.3.jar:1.9.3]
	at org.junit.platform.engine.support.hierarchical.NodeTestTask.lambda$executeRecursively$9(NodeTestTask.java:139) ~[junit-platform-engine-1.9.3.jar:1.9.3]
	at org.junit.platform.engine.support.hierarchical.ThrowableCollector.execute(ThrowableCollector.java:73) ~[junit-platform-engine-1.9.3.jar:1.9.3]
	at org.junit.platform.engine.support.hierarchical.NodeTestTask.executeRecursively(NodeTestTask.java:138) ~[junit-platform-engine-1.9.3.jar:1.9.3]
	at org.junit.platform.engine.support.hierarchical.NodeTestTask.execute(NodeTestTask.java:95) ~[junit-platform-engine-1.9.3.jar:1.9.3]
	at java.base/java.util.ArrayList.forEach(ArrayList.java:1511) ~[na:na]
	at org.junit.platform.engine.support.hierarchical.SameThreadHierarchicalTestExecutorService.invokeAll(SameThreadHierarchicalTestExecutorService.java:41) ~[junit-platform-engine-1.9.3.jar:1.9.3]
	at org.junit.platform.engine.support.hierarchical.NodeTestTask.lambda$executeRecursively$6(NodeTestTask.java:155) ~[junit-platform-engine-1.9.3.jar:1.9.3]
	at org.junit.platform.engine.support.hierarchical.ThrowableCollector.execute(ThrowableCollector.java:73) ~[junit-platform-engine-1.9.3.jar:1.9.3]
	at org.junit.platform.engine.support.hierarchical.NodeTestTask.lambda$executeRecursively$8(NodeTestTask.java:141) ~[junit-platform-engine-1.9.3.jar:1.9.3]
	at org.junit.platform.engine.support.hierarchical.Node.around(Node.java:137) ~[junit-platform-engine-1.9.3.jar:1.9.3]
	at org.junit.platform.engine.support.hierarchical.NodeTestTask.lambda$executeRecursively$9(NodeTestTask.java:139) ~[junit-platform-engine-1.9.3.jar:1.9.3]
	at org.junit.platform.engine.support.hierarchical.ThrowableCollector.execute(ThrowableCollector.java:73) ~[junit-platform-engine-1.9.3.jar:1.9.3]
	at org.junit.platform.engine.support.hierarchical.NodeTestTask.executeRecursively(NodeTestTask.java:138) ~[junit-platform-engine-1.9.3.jar:1.9.3]
	at org.junit.platform.engine.support.hierarchical.NodeTestTask.execute(NodeTestTask.java:95) ~[junit-platform-engine-1.9.3.jar:1.9.3]
	at java.base/java.util.ArrayList.forEach(ArrayList.java:1511) ~[na:na]
	at org.junit.platform.engine.support.hierarchical.SameThreadHierarchicalTestExecutorService.invokeAll(SameThreadHierarchicalTestExecutorService.java:41) ~[junit-platform-engine-1.9.3.jar:1.9.3]
	at org.junit.platform.engine.support.hierarchical.NodeTestTask.lambda$executeRecursively$6(NodeTestTask.java:155) ~[junit-platform-engine-1.9.3.jar:1.9.3]
	at org.junit.platform.engine.support.hierarchical.ThrowableCollector.execute(ThrowableCollector.java:73) ~[junit-platform-engine-1.9.3.jar:1.9.3]
	at org.junit.platform.engine.support.hierarchical.NodeTestTask.lambda$executeRecursively$8(NodeTestTask.java:141) ~[junit-platform-engine-1.9.3.jar:1.9.3]
	at org.junit.platform.engine.support.hierarchical.Node.around(Node.java:137) ~[junit-platform-engine-1.9.3.jar:1.9.3]
	at org.junit.platform.engine.support.hierarchical.NodeTestTask.lambda$executeRecursively$9(NodeTestTask.java:139) ~[junit-platform-engine-1.9.3.jar:1.9.3]
	at org.junit.platform.engine.support.hierarchical.ThrowableCollector.execute(ThrowableCollector.java:73) ~[junit-platform-engine-1.9.3.jar:1.9.3]
	at org.junit.platform.engine.support.hierarchical.NodeTestTask.executeRecursively(NodeTestTask.java:138) ~[junit-platform-engine-1.9.3.jar:1.9.3]
	at org.junit.platform.engine.support.hierarchical.NodeTestTask.execute(NodeTestTask.java:95) ~[junit-platform-engine-1.9.3.jar:1.9.3]
	at org.junit.platform.engine.support.hierarchical.SameThreadHierarchicalTestExecutorService.submit(SameThreadHierarchicalTestExecutorService.java:35) ~[junit-platform-engine-1.9.3.jar:1.9.3]
	at org.junit.platform.engine.support.hierarchical.HierarchicalTestExecutor.execute(HierarchicalTestExecutor.java:57) ~[junit-platform-engine-1.9.3.jar:1.9.3]
	at org.junit.platform.engine.support.hierarchical.HierarchicalTestEngine.execute(HierarchicalTestEngine.java:54) ~[junit-platform-engine-1.9.3.jar:1.9.3]
	at org.junit.platform.launcher.core.EngineExecutionOrchestrator.execute(EngineExecutionOrchestrator.java:147) ~[junit-platform-launcher-1.9.3.jar:1.9.3]
	at org.junit.platform.launcher.core.EngineExecutionOrchestrator.execute(EngineExecutionOrchestrator.java:127) ~[junit-platform-launcher-1.9.3.jar:1.9.3]
	at org.junit.platform.launcher.core.EngineExecutionOrchestrator.execute(EngineExecutionOrchestrator.java:90) ~[junit-platform-launcher-1.9.3.jar:1.9.3]
	at org.junit.platform.launcher.core.EngineExecutionOrchestrator.lambda$execute$0(EngineExecutionOrchestrator.java:55) ~[junit-platform-launcher-1.9.3.jar:1.9.3]
	at org.junit.platform.launcher.core.EngineExecutionOrchestrator.withInterceptedStreams(EngineExecutionOrchestrator.java:102) ~[junit-platform-launcher-1.9.3.jar:1.9.3]
	at org.junit.platform.launcher.core.EngineExecutionOrchestrator.execute(EngineExecutionOrchestrator.java:54) ~[junit-platform-launcher-1.9.3.jar:1.9.3]
	at org.junit.platform.launcher.core.DefaultLauncher.execute(DefaultLauncher.java:114) ~[junit-platform-launcher-1.9.3.jar:1.9.3]
	at org.junit.platform.launcher.core.DefaultLauncher.execute(DefaultLauncher.java:86) ~[junit-platform-launcher-1.9.3.jar:1.9.3]
	at org.junit.platform.launcher.core.DefaultLauncherSession$DelegatingLauncher.execute(DefaultLauncherSession.java:86) ~[junit-platform-launcher-1.9.3.jar:1.9.3]
	at org.apache.maven.surefire.junitplatform.LazyLauncher.execute(LazyLauncher.java:50) ~[surefire-junit-platform-3.0.0.jar:3.0.0]
	at org.apache.maven.surefire.junitplatform.JUnitPlatformProvider.execute(JUnitPlatformProvider.java:184) ~[surefire-junit-platform-3.0.0.jar:3.0.0]
	at org.apache.maven.surefire.junitplatform.JUnitPlatformProvider.invokeAllTests(JUnitPlatformProvider.java:148) ~[surefire-junit-platform-3.0.0.jar:3.0.0]
	at org.apache.maven.surefire.junitplatform.JUnitPlatformProvider.invoke(JUnitPlatformProvider.java:122) ~[surefire-junit-platform-3.0.0.jar:3.0.0]
	at org.apache.maven.surefire.booter.ForkedBooter.runSuitesInProcess(ForkedBooter.java:385) ~[surefire-booter-3.0.0.jar:3.0.0]
	at org.apache.maven.surefire.booter.ForkedBooter.execute(ForkedBooter.java:162) ~[surefire-booter-3.0.0.jar:3.0.0]
	at org.apache.maven.surefire.booter.ForkedBooter.run(ForkedBooter.java:507) ~[surefire-booter-3.0.0.jar:3.0.0]
	at org.apache.maven.surefire.booter.ForkedBooter.main(ForkedBooter.java:495) ~[surefire-booter-3.0.0.jar:3.0.0]

2023-12-19T12:42:21.753+01:00  INFO 15668 --- [| adminclient-8] org.apache.kafka.clients.NetworkClient   : [AdminClient clientId=adminclient-8] Node -1 disconnected.
2023-12-19T12:42:21.753+01:00  WARN 15668 --- [| adminclient-8] org.apache.kafka.clients.NetworkClient   : [AdminClient clientId=adminclient-8] Connection to node -1 (localhost/127.0.0.1:29092) could not be established. Broker may not be available.
2023-12-19T12:42:22.839+01:00  INFO 15668 --- [| adminclient-8] org.apache.kafka.clients.NetworkClient   : [AdminClient clientId=adminclient-8] Node -1 disconnected.
2023-12-19T12:42:22.839+01:00  WARN 15668 --- [| adminclient-8] org.apache.kafka.clients.NetworkClient   : [AdminClient clientId=adminclient-8] Connection to node -1 (localhost/127.0.0.1:29092) could not be established. Broker may not be available.
2023-12-19T12:42:23.820+01:00  INFO 15668 --- [| adminclient-8] org.apache.kafka.clients.NetworkClient   : [AdminClient clientId=adminclient-8] Node -1 disconnected.
2023-12-19T12:42:23.820+01:00  WARN 15668 --- [| adminclient-8] org.apache.kafka.clients.NetworkClient   : [AdminClient clientId=adminclient-8] Connection to node -1 (localhost/127.0.0.1:29092) could not be established. Broker may not be available.
2023-12-19T12:42:25.005+01:00  INFO 15668 --- [| adminclient-8] org.apache.kafka.clients.NetworkClient   : [AdminClient clientId=adminclient-8] Node -1 disconnected.
2023-12-19T12:42:25.006+01:00  WARN 15668 --- [| adminclient-8] org.apache.kafka.clients.NetworkClient   : [AdminClient clientId=adminclient-8] Connection to node -1 (localhost/127.0.0.1:29092) could not be established. Broker may not be available.
2023-12-19T12:42:26.071+01:00  INFO 15668 --- [| adminclient-8] org.apache.kafka.clients.NetworkClient   : [AdminClient clientId=adminclient-8] Node -1 disconnected.
2023-12-19T12:42:26.071+01:00  WARN 15668 --- [| adminclient-8] org.apache.kafka.clients.NetworkClient   : [AdminClient clientId=adminclient-8] Connection to node -1 (localhost/127.0.0.1:29092) could not be established. Broker may not be available.
2023-12-19T12:42:27.024+01:00  INFO 15668 --- [| adminclient-8] org.apache.kafka.clients.NetworkClient   : [AdminClient clientId=adminclient-8] Node -1 disconnected.
2023-12-19T12:42:27.024+01:00  WARN 15668 --- [| adminclient-8] org.apache.kafka.clients.NetworkClient   : [AdminClient clientId=adminclient-8] Connection to node -1 (localhost/127.0.0.1:29092) could not be established. Broker may not be available.
2023-12-19T12:42:27.970+01:00  INFO 15668 --- [| adminclient-8] org.apache.kafka.clients.NetworkClient   : [AdminClient clientId=adminclient-8] Node -1 disconnected.
2023-12-19T12:42:27.970+01:00  WARN 15668 --- [| adminclient-8] org.apache.kafka.clients.NetworkClient   : [AdminClient clientId=adminclient-8] Connection to node -1 (localhost/127.0.0.1:29092) could not be established. Broker may not be available.
2023-12-19T12:42:29.151+01:00  INFO 15668 --- [| adminclient-8] org.apache.kafka.clients.NetworkClient   : [AdminClient clientId=adminclient-8] Node -1 disconnected.
2023-12-19T12:42:29.152+01:00  WARN 15668 --- [| adminclient-8] org.apache.kafka.clients.NetworkClient   : [AdminClient clientId=adminclient-8] Connection to node -1 (localhost/127.0.0.1:29092) could not be established. Broker may not be available.
2023-12-19T12:42:30.209+01:00  INFO 15668 --- [| adminclient-8] org.apache.kafka.clients.NetworkClient   : [AdminClient clientId=adminclient-8] Node -1 disconnected.
2023-12-19T12:42:30.209+01:00  WARN 15668 --- [| adminclient-8] org.apache.kafka.clients.NetworkClient   : [AdminClient clientId=adminclient-8] Connection to node -1 (localhost/127.0.0.1:29092) could not be established. Broker may not be available.
2023-12-19T12:42:31.220+01:00  INFO 15668 --- [| adminclient-8] o.a.k.clients.admin.KafkaAdminClient     : [AdminClient clientId=adminclient-8] Forcing a hard I/O thread shutdown. Requests in progress will be aborted.
2023-12-19T12:42:31.220+01:00  INFO 15668 --- [| adminclient-8] o.a.kafka.common.utils.AppInfoParser     : App info kafka.admin.client for adminclient-8 unregistered
2023-12-19T12:42:31.220+01:00  INFO 15668 --- [| adminclient-8] o.a.k.c.a.i.AdminMetadataManager         : [AdminClient clientId=adminclient-8] Metadata update failed

org.apache.kafka.common.errors.TimeoutException: The AdminClient thread has exited. Call: fetchMetadata

2023-12-19T12:42:31.220+01:00  INFO 15668 --- [| adminclient-8] o.a.k.clients.admin.KafkaAdminClient     : [AdminClient clientId=adminclient-8] Timed out 2 remaining operation(s) during close.
2023-12-19T12:42:31.220+01:00  INFO 15668 --- [| adminclient-8] o.apache.kafka.common.metrics.Metrics    : Metrics scheduler closed
2023-12-19T12:42:31.220+01:00  INFO 15668 --- [| adminclient-8] o.apache.kafka.common.metrics.Metrics    : Closing reporter org.apache.kafka.common.metrics.JmxReporter
2023-12-19T12:42:31.221+01:00  INFO 15668 --- [| adminclient-8] o.apache.kafka.common.metrics.Metrics    : Metrics reporters closed
2023-12-19T12:42:31.223+01:00  INFO 15668 --- [           main] o.s.b.w.embedded.tomcat.TomcatWebServer  : Tomcat started on port(s): 51947 (http) with context path ''
2023-12-19T12:42:31.226+01:00  INFO 15668 --- [           main] c.e.P.ProjectControllerTests             : Started ProjectControllerTests in 40.57 seconds (process running for 1998.525)
2023-12-19T12:42:31.256+01:00 DEBUG 15668 --- [           main] org.hibernate.SQL                        : select p1_0.id,p1_0.email from projectmember p1_0 where p1_0.id=?
2023-12-19T12:42:31.258+01:00 DEBUG 15668 --- [           main] org.hibernate.SQL                        : SELECT * FROM project WHERE owner_id = ?
]]></system-out>
  </testcase>
</testsuite>