<?xml version="1.0" encoding="UTF-8"?>
<testsuite xmlns:xsi="http://www.w3.org/2001/XMLSchema-instance" xsi:noNamespaceSchemaLocation="https://maven.apache.org/surefire/maven-surefire-plugin/xsd/surefire-test-report-3.0.xsd" version="3.0" name="com.example.ProjectService.ProjectControllerTests" time="14.202" tests="7" errors="0" skipped="0" failures="0">
  <properties>
    <property name="java.specification.version" value="17"/>
    <property name="sun.cpu.isalist" value="amd64"/>
    <property name="sun.jnu.encoding" value="Cp1252"/>
    <property name="java.class.path" value="D:\projecten\semester6individueel\ProjectService\target\test-classes;D:\projecten\semester6individueel\ProjectService\target\classes;C:\Users\mitch\.m2\repository\org\springframework\boot\spring-boot-starter-data-jpa\3.1.5\spring-boot-starter-data-jpa-3.1.5.jar;C:\Users\mitch\.m2\repository\org\springframework\boot\spring-boot-starter-aop\3.1.5\spring-boot-starter-aop-3.1.5.jar;C:\Users\mitch\.m2\repository\org\springframework\spring-aop\6.0.13\spring-aop-6.0.13.jar;C:\Users\mitch\.m2\repository\org\aspectj\aspectjweaver\1.9.20\aspectjweaver-1.9.20.jar;C:\Users\mitch\.m2\repository\org\springframework\boot\spring-boot-starter-jdbc\3.1.5\spring-boot-starter-jdbc-3.1.5.jar;C:\Users\mitch\.m2\repository\com\zaxxer\HikariCP\5.0.1\HikariCP-5.0.1.jar;C:\Users\mitch\.m2\repository\org\springframework\spring-jdbc\6.0.13\spring-jdbc-6.0.13.jar;C:\Users\mitch\.m2\repository\org\hibernate\orm\hibernate-core\6.2.13.Final\hibernate-core-6.2.13.Final.jar;C:\Users\mitch\.m2\repository\jakarta\persistence\jakarta.persistence-api\3.1.0\jakarta.persistence-api-3.1.0.jar;C:\Users\mitch\.m2\repository\jakarta\transaction\jakarta.transaction-api\2.0.1\jakarta.transaction-api-2.0.1.jar;C:\Users\mitch\.m2\repository\org\jboss\logging\jboss-logging\3.5.3.Final\jboss-logging-3.5.3.Final.jar;C:\Users\mitch\.m2\repository\org\hibernate\common\hibernate-commons-annotations\6.0.6.Final\hibernate-commons-annotations-6.0.6.Final.jar;C:\Users\mitch\.m2\repository\io\smallrye\jandex\3.0.5\jandex-3.0.5.jar;C:\Users\mitch\.m2\repository\com\fasterxml\classmate\1.5.1\classmate-1.5.1.jar;C:\Users\mitch\.m2\repository\net\bytebuddy\byte-buddy\1.14.9\byte-buddy-1.14.9.jar;C:\Users\mitch\.m2\repository\org\glassfish\jaxb\jaxb-runtime\4.0.3\jaxb-runtime-4.0.3.jar;C:\Users\mitch\.m2\repository\org\glassfish\jaxb\jaxb-core\4.0.3\jaxb-core-4.0.3.jar;C:\Users\mitch\.m2\repository\org\eclipse\angus\angus-activation\2.0.1\angus-activation-2.0.1.jar;C:\Users\mitch\.m2\repository\org\glassfish\jaxb\txw2\4.0.3\txw2-4.0.3.jar;C:\Users\mitch\.m2\repository\com\sun\istack\istack-commons-runtime\4.1.2\istack-commons-runtime-4.1.2.jar;C:\Users\mitch\.m2\repository\jakarta\inject\jakarta.inject-api\2.0.1\jakarta.inject-api-2.0.1.jar;C:\Users\mitch\.m2\repository\org\antlr\antlr4-runtime\4.10.1\antlr4-runtime-4.10.1.jar;C:\Users\mitch\.m2\repository\org\springframework\data\spring-data-jpa\3.1.5\spring-data-jpa-3.1.5.jar;C:\Users\mitch\.m2\repository\org\springframework\data\spring-data-commons\3.1.5\spring-data-commons-3.1.5.jar;C:\Users\mitch\.m2\repository\org\springframework\spring-orm\6.0.13\spring-orm-6.0.13.jar;C:\Users\mitch\.m2\repository\org\springframework\spring-beans\6.0.13\spring-beans-6.0.13.jar;C:\Users\mitch\.m2\repository\jakarta\annotation\jakarta.annotation-api\2.1.1\jakarta.annotation-api-2.1.1.jar;C:\Users\mitch\.m2\repository\org\slf4j\slf4j-api\2.0.9\slf4j-api-2.0.9.jar;C:\Users\mitch\.m2\repository\org\springframework\spring-aspects\6.0.13\spring-aspects-6.0.13.jar;C:\Users\mitch\.m2\repository\org\springframework\boot\spring-boot-starter-web\3.1.5\spring-boot-starter-web-3.1.5.jar;C:\Users\mitch\.m2\repository\org\springframework\boot\spring-boot-starter\3.1.5\spring-boot-starter-3.1.5.jar;C:\Users\mitch\.m2\repository\org\springframework\boot\spring-boot\3.1.5\spring-boot-3.1.5.jar;C:\Users\mitch\.m2\repository\org\springframework\boot\spring-boot-autoconfigure\3.1.5\spring-boot-autoconfigure-3.1.5.jar;C:\Users\mitch\.m2\repository\org\springframework\boot\spring-boot-starter-logging\3.1.5\spring-boot-starter-logging-3.1.5.jar;C:\Users\mitch\.m2\repository\ch\qos\logback\logback-classic\1.4.11\logback-classic-1.4.11.jar;C:\Users\mitch\.m2\repository\ch\qos\logback\logback-core\1.4.11\logback-core-1.4.11.jar;C:\Users\mitch\.m2\repository\org\apache\logging\log4j\log4j-to-slf4j\2.20.0\log4j-to-slf4j-2.20.0.jar;C:\Users\mitch\.m2\repository\org\apache\logging\log4j\log4j-api\2.20.0\log4j-api-2.20.0.jar;C:\Users\mitch\.m2\repository\org\slf4j\jul-to-slf4j\2.0.9\jul-to-slf4j-2.0.9.jar;C:\Users\mitch\.m2\repository\org\yaml\snakeyaml\1.33\snakeyaml-1.33.jar;C:\Users\mitch\.m2\repository\org\springframework\boot\spring-boot-starter-json\3.1.5\spring-boot-starter-json-3.1.5.jar;C:\Users\mitch\.m2\repository\com\fasterxml\jackson\core\jackson-databind\2.15.3\jackson-databind-2.15.3.jar;C:\Users\mitch\.m2\repository\com\fasterxml\jackson\core\jackson-annotations\2.15.3\jackson-annotations-2.15.3.jar;C:\Users\mitch\.m2\repository\com\fasterxml\jackson\core\jackson-core\2.15.3\jackson-core-2.15.3.jar;C:\Users\mitch\.m2\repository\com\fasterxml\jackson\datatype\jackson-datatype-jdk8\2.15.3\jackson-datatype-jdk8-2.15.3.jar;C:\Users\mitch\.m2\repository\com\fasterxml\jackson\datatype\jackson-datatype-jsr310\2.15.3\jackson-datatype-jsr310-2.15.3.jar;C:\Users\mitch\.m2\repository\com\fasterxml\jackson\module\jackson-module-parameter-names\2.15.3\jackson-module-parameter-names-2.15.3.jar;C:\Users\mitch\.m2\repository\org\springframework\boot\spring-boot-starter-tomcat\3.1.5\spring-boot-starter-tomcat-3.1.5.jar;C:\Users\mitch\.m2\repository\org\apache\tomcat\embed\tomcat-embed-core\10.1.15\tomcat-embed-core-10.1.15.jar;C:\Users\mitch\.m2\repository\org\apache\tomcat\embed\tomcat-embed-el\10.1.15\tomcat-embed-el-10.1.15.jar;C:\Users\mitch\.m2\repository\org\apache\tomcat\embed\tomcat-embed-websocket\10.1.15\tomcat-embed-websocket-10.1.15.jar;C:\Users\mitch\.m2\repository\org\springframework\spring-web\6.0.13\spring-web-6.0.13.jar;C:\Users\mitch\.m2\repository\org\springframework\spring-webmvc\6.0.13\spring-webmvc-6.0.13.jar;C:\Users\mitch\.m2\repository\org\springframework\spring-expression\6.0.13\spring-expression-6.0.13.jar;C:\Users\mitch\.m2\repository\org\springframework\boot\spring-boot-starter-test\3.1.5\spring-boot-starter-test-3.1.5.jar;C:\Users\mitch\.m2\repository\org\springframework\boot\spring-boot-test\3.1.5\spring-boot-test-3.1.5.jar;C:\Users\mitch\.m2\repository\org\springframework\boot\spring-boot-test-autoconfigure\3.1.5\spring-boot-test-autoconfigure-3.1.5.jar;C:\Users\mitch\.m2\repository\com\jayway\jsonpath\json-path\2.8.0\json-path-2.8.0.jar;C:\Users\mitch\.m2\repository\jakarta\xml\bind\jakarta.xml.bind-api\4.0.1\jakarta.xml.bind-api-4.0.1.jar;C:\Users\mitch\.m2\repository\jakarta\activation\jakarta.activation-api\2.1.2\jakarta.activation-api-2.1.2.jar;C:\Users\mitch\.m2\repository\net\minidev\json-smart\2.4.11\json-smart-2.4.11.jar;C:\Users\mitch\.m2\repository\net\minidev\accessors-smart\2.4.11\accessors-smart-2.4.11.jar;C:\Users\mitch\.m2\repository\org\ow2\asm\asm\9.3\asm-9.3.jar;C:\Users\mitch\.m2\repository\org\assertj\assertj-core\3.24.2\assertj-core-3.24.2.jar;C:\Users\mitch\.m2\repository\org\hamcrest\hamcrest\2.2\hamcrest-2.2.jar;C:\Users\mitch\.m2\repository\org\junit\jupiter\junit-jupiter\5.9.3\junit-jupiter-5.9.3.jar;C:\Users\mitch\.m2\repository\org\junit\jupiter\junit-jupiter-params\5.9.3\junit-jupiter-params-5.9.3.jar;C:\Users\mitch\.m2\repository\org\junit\jupiter\junit-jupiter-engine\5.9.3\junit-jupiter-engine-5.9.3.jar;C:\Users\mitch\.m2\repository\org\mockito\mockito-core\5.3.1\mockito-core-5.3.1.jar;C:\Users\mitch\.m2\repository\net\bytebuddy\byte-buddy-agent\1.14.9\byte-buddy-agent-1.14.9.jar;C:\Users\mitch\.m2\repository\org\objenesis\objenesis\3.3\objenesis-3.3.jar;C:\Users\mitch\.m2\repository\org\mockito\mockito-junit-jupiter\5.3.1\mockito-junit-jupiter-5.3.1.jar;C:\Users\mitch\.m2\repository\org\skyscreamer\jsonassert\1.5.1\jsonassert-1.5.1.jar;C:\Users\mitch\.m2\repository\com\vaadin\external\google\android-json\0.0.20131108.vaadin1\android-json-0.0.20131108.vaadin1.jar;C:\Users\mitch\.m2\repository\org\springframework\spring-core\6.0.13\spring-core-6.0.13.jar;C:\Users\mitch\.m2\repository\org\springframework\spring-jcl\6.0.13\spring-jcl-6.0.13.jar;C:\Users\mitch\.m2\repository\org\springframework\spring-test\6.0.13\spring-test-6.0.13.jar;C:\Users\mitch\.m2\repository\org\xmlunit\xmlunit-core\2.9.1\xmlunit-core-2.9.1.jar;C:\Users\mitch\.m2\repository\org\springframework\kafka\spring-kafka\3.0.12\spring-kafka-3.0.12.jar;C:\Users\mitch\.m2\repository\org\springframework\spring-context\6.0.13\spring-context-6.0.13.jar;C:\Users\mitch\.m2\repository\org\springframework\spring-messaging\6.0.13\spring-messaging-6.0.13.jar;C:\Users\mitch\.m2\repository\org\springframework\spring-tx\6.0.13\spring-tx-6.0.13.jar;C:\Users\mitch\.m2\repository\org\springframework\retry\spring-retry\2.0.4\spring-retry-2.0.4.jar;C:\Users\mitch\.m2\repository\org\apache\kafka\kafka-clients\3.4.1\kafka-clients-3.4.1.jar;C:\Users\mitch\.m2\repository\com\github\luben\zstd-jni\1.5.2-1\zstd-jni-1.5.2-1.jar;C:\Users\mitch\.m2\repository\org\lz4\lz4-java\1.8.0\lz4-java-1.8.0.jar;C:\Users\mitch\.m2\repository\org\xerial\snappy\snappy-java\1.1.8.4\snappy-java-1.1.8.4.jar;C:\Users\mitch\.m2\repository\io\micrometer\micrometer-observation\1.11.5\micrometer-observation-1.11.5.jar;C:\Users\mitch\.m2\repository\io\micrometer\micrometer-commons\1.11.5\micrometer-commons-1.11.5.jar;C:\Users\mitch\.m2\repository\com\google\code\findbugs\jsr305\3.0.2\jsr305-3.0.2.jar;C:\Users\mitch\.m2\repository\org\springframework\kafka\spring-kafka-test\3.0.11\spring-kafka-test-3.0.11.jar;C:\Users\mitch\.m2\repository\org\apache\zookeeper\zookeeper\3.6.3\zookeeper-3.6.3.jar;C:\Users\mitch\.m2\repository\org\apache\zookeeper\zookeeper-jute\3.6.3\zookeeper-jute-3.6.3.jar;C:\Users\mitch\.m2\repository\org\apache\yetus\audience-annotations\0.5.0\audience-annotations-0.5.0.jar;C:\Users\mitch\.m2\repository\io\netty\netty-handler\4.1.100.Final\netty-handler-4.1.100.Final.jar;C:\Users\mitch\.m2\repository\io\netty\netty-resolver\4.1.100.Final\netty-resolver-4.1.100.Final.jar;C:\Users\mitch\.m2\repository\io\netty\netty-buffer\4.1.100.Final\netty-buffer-4.1.100.Final.jar;C:\Users\mitch\.m2\repository\io\netty\netty-transport-native-unix-common\4.1.100.Final\netty-transport-native-unix-common-4.1.100.Final.jar;C:\Users\mitch\.m2\repository\io\netty\netty-codec\4.1.100.Final\netty-codec-4.1.100.Final.jar;C:\Users\mitch\.m2\repository\io\netty\netty-transport-native-epoll\4.1.100.Final\netty-transport-native-epoll-4.1.100.Final.jar;C:\Users\mitch\.m2\repository\io\netty\netty-transport-classes-epoll\4.1.100.Final\netty-transport-classes-epoll-4.1.100.Final.jar;C:\Users\mitch\.m2\repository\org\apache\kafka\kafka-clients\3.4.1\kafka-clients-3.4.1-test.jar;C:\Users\mitch\.m2\repository\org\apache\kafka\kafka-metadata\3.4.1\kafka-metadata-3.4.1.jar;C:\Users\mitch\.m2\repository\org\apache\kafka\kafka-server-common\3.4.1\kafka-server-common-3.4.1.jar;C:\Users\mitch\.m2\repository\org\apache\kafka\kafka-raft\3.4.1\kafka-raft-3.4.1.jar;C:\Users\mitch\.m2\repository\com\yammer\metrics\metrics-core\2.2.0\metrics-core-2.2.0.jar;C:\Users\mitch\.m2\repository\org\apache\kafka\kafka-streams-test-utils\3.4.1\kafka-streams-test-utils-3.4.1.jar;C:\Users\mitch\.m2\repository\org\apache\kafka\kafka-streams\3.4.1\kafka-streams-3.4.1.jar;C:\Users\mitch\.m2\repository\org\rocksdb\rocksdbjni\7.1.2\rocksdbjni-7.1.2.jar;C:\Users\mitch\.m2\repository\org\apache\kafka\kafka_2.13\3.4.1\kafka_2.13-3.4.1.jar;C:\Users\mitch\.m2\repository\org\scala-lang\scala-library\2.13.10\scala-library-2.13.10.jar;C:\Users\mitch\.m2\repository\org\apache\kafka\kafka-group-coordinator\3.4.1\kafka-group-coordinator-3.4.1.jar;C:\Users\mitch\.m2\repository\org\apache\kafka\kafka-storage\3.4.1\kafka-storage-3.4.1.jar;C:\Users\mitch\.m2\repository\org\apache\kafka\kafka-storage-api\3.4.1\kafka-storage-api-3.4.1.jar;C:\Users\mitch\.m2\repository\net\sourceforge\argparse4j\argparse4j\0.7.0\argparse4j-0.7.0.jar;C:\Users\mitch\.m2\repository\com\fasterxml\jackson\module\jackson-module-scala_2.13\2.15.3\jackson-module-scala_2.13-2.15.3.jar;C:\Users\mitch\.m2\repository\com\thoughtworks\paranamer\paranamer\2.8\paranamer-2.8.jar;C:\Users\mitch\.m2\repository\com\fasterxml\jackson\dataformat\jackson-dataformat-csv\2.15.3\jackson-dataformat-csv-2.15.3.jar;C:\Users\mitch\.m2\repository\net\sf\jopt-simple\jopt-simple\5.0.4\jopt-simple-5.0.4.jar;C:\Users\mitch\.m2\repository\org\bitbucket\b_c\jose4j\0.9.3\jose4j-0.9.3.jar;C:\Users\mitch\.m2\repository\org\scala-lang\modules\scala-collection-compat_2.13\2.10.0\scala-collection-compat_2.13-2.10.0.jar;C:\Users\mitch\.m2\repository\org\scala-lang\modules\scala-java8-compat_2.13\1.0.2\scala-java8-compat_2.13-1.0.2.jar;C:\Users\mitch\.m2\repository\org\scala-lang\scala-reflect\2.13.10\scala-reflect-2.13.10.jar;C:\Users\mitch\.m2\repository\com\typesafe\scala-logging\scala-logging_2.13\3.9.4\scala-logging_2.13-3.9.4.jar;C:\Users\mitch\.m2\repository\io\dropwizard\metrics\metrics-core\4.2.21\metrics-core-4.2.21.jar;C:\Users\mitch\.m2\repository\commons-cli\commons-cli\1.4\commons-cli-1.4.jar;C:\Users\mitch\.m2\repository\org\apache\kafka\kafka_2.13\3.4.1\kafka_2.13-3.4.1-test.jar;C:\Users\mitch\.m2\repository\org\junit\jupiter\junit-jupiter-api\5.9.3\junit-jupiter-api-5.9.3.jar;C:\Users\mitch\.m2\repository\org\opentest4j\opentest4j\1.2.0\opentest4j-1.2.0.jar;C:\Users\mitch\.m2\repository\org\junit\platform\junit-platform-commons\1.9.3\junit-platform-commons-1.9.3.jar;C:\Users\mitch\.m2\repository\org\apiguardian\apiguardian-api\1.1.2\apiguardian-api-1.1.2.jar;C:\Users\mitch\.m2\repository\org\junit\platform\junit-platform-launcher\1.9.3\junit-platform-launcher-1.9.3.jar;C:\Users\mitch\.m2\repository\org\junit\platform\junit-platform-engine\1.9.3\junit-platform-engine-1.9.3.jar;C:\Users\mitch\.m2\repository\com\h2database\h2\2.1.214\h2-2.1.214.jar;C:\Users\mitch\.m2\repository\com\mysql\mysql-connector-j\8.0.33\mysql-connector-j-8.0.33.jar;C:\Users\mitch\.m2\repository\junit\junit\4.13.2\junit-4.13.2.jar;C:\Users\mitch\.m2\repository\org\hamcrest\hamcrest-core\2.2\hamcrest-core-2.2.jar;C:\Users\mitch\.m2\repository\org\springframework\boot\spring-boot-starter-data-redis\3.1.5\spring-boot-starter-data-redis-3.1.5.jar;C:\Users\mitch\.m2\repository\org\springframework\data\spring-data-redis\3.1.5\spring-data-redis-3.1.5.jar;C:\Users\mitch\.m2\repository\org\springframework\data\spring-data-keyvalue\3.1.5\spring-data-keyvalue-3.1.5.jar;C:\Users\mitch\.m2\repository\org\springframework\spring-oxm\6.0.13\spring-oxm-6.0.13.jar;C:\Users\mitch\.m2\repository\io\lettuce\lettuce-core\6.2.6.RELEASE\lettuce-core-6.2.6.RELEASE.jar;C:\Users\mitch\.m2\repository\io\netty\netty-common\4.1.100.Final\netty-common-4.1.100.Final.jar;C:\Users\mitch\.m2\repository\io\netty\netty-transport\4.1.100.Final\netty-transport-4.1.100.Final.jar;C:\Users\mitch\.m2\repository\io\projectreactor\reactor-core\3.5.11\reactor-core-3.5.11.jar;C:\Users\mitch\.m2\repository\org\reactivestreams\reactive-streams\1.0.4\reactive-streams-1.0.4.jar;C:\Users\mitch\.m2\repository\org\springframework\boot\spring-boot-starter-cache\3.1.5\spring-boot-starter-cache-3.1.5.jar;C:\Users\mitch\.m2\repository\org\springframework\spring-context-support\6.0.13\spring-context-support-6.0.13.jar;"/>
    <property name="java.vm.vendor" value="Amazon.com Inc."/>
    <property name="sun.arch.data.model" value="64"/>
    <property name="user.variant" value=""/>
    <property name="catalina.useNaming" value="false"/>
    <property name="java.vendor.url" value="https://aws.amazon.com/corretto/"/>
    <property name="user.timezone" value="Europe/Amsterdam"/>
    <property name="org.jboss.logging.provider" value="slf4j"/>
    <property name="os.name" value="Windows 11"/>
    <property name="java.vm.specification.version" value="17"/>
    <property name="sun.java.launcher" value="SUN_STANDARD"/>
    <property name="user.country" value="NL"/>
    <property name="sun.boot.library.path" value="C:\Users\mitch\.jdks\corretto-17.0.8.1\bin"/>
    <property name="sun.java.command" value="C:\Users\mitch\AppData\Local\Temp\surefire6987195021321592400\surefirebooter-20231126170214538_3.jar C:\Users\mitch\AppData\Local\Temp\surefire6987195021321592400 2023-11-26T17-02-14_282-jvmRun1 surefire-20231126170214538_1tmp surefire_0-20231126170214538_2tmp"/>
    <property name="jdk.debug" value="release"/>
    <property name="surefire.test.class.path" value="D:\projecten\semester6individueel\ProjectService\target\test-classes;D:\projecten\semester6individueel\ProjectService\target\classes;C:\Users\mitch\.m2\repository\org\springframework\boot\spring-boot-starter-data-jpa\3.1.5\spring-boot-starter-data-jpa-3.1.5.jar;C:\Users\mitch\.m2\repository\org\springframework\boot\spring-boot-starter-aop\3.1.5\spring-boot-starter-aop-3.1.5.jar;C:\Users\mitch\.m2\repository\org\springframework\spring-aop\6.0.13\spring-aop-6.0.13.jar;C:\Users\mitch\.m2\repository\org\aspectj\aspectjweaver\1.9.20\aspectjweaver-1.9.20.jar;C:\Users\mitch\.m2\repository\org\springframework\boot\spring-boot-starter-jdbc\3.1.5\spring-boot-starter-jdbc-3.1.5.jar;C:\Users\mitch\.m2\repository\com\zaxxer\HikariCP\5.0.1\HikariCP-5.0.1.jar;C:\Users\mitch\.m2\repository\org\springframework\spring-jdbc\6.0.13\spring-jdbc-6.0.13.jar;C:\Users\mitch\.m2\repository\org\hibernate\orm\hibernate-core\6.2.13.Final\hibernate-core-6.2.13.Final.jar;C:\Users\mitch\.m2\repository\jakarta\persistence\jakarta.persistence-api\3.1.0\jakarta.persistence-api-3.1.0.jar;C:\Users\mitch\.m2\repository\jakarta\transaction\jakarta.transaction-api\2.0.1\jakarta.transaction-api-2.0.1.jar;C:\Users\mitch\.m2\repository\org\jboss\logging\jboss-logging\3.5.3.Final\jboss-logging-3.5.3.Final.jar;C:\Users\mitch\.m2\repository\org\hibernate\common\hibernate-commons-annotations\6.0.6.Final\hibernate-commons-annotations-6.0.6.Final.jar;C:\Users\mitch\.m2\repository\io\smallrye\jandex\3.0.5\jandex-3.0.5.jar;C:\Users\mitch\.m2\repository\com\fasterxml\classmate\1.5.1\classmate-1.5.1.jar;C:\Users\mitch\.m2\repository\net\bytebuddy\byte-buddy\1.14.9\byte-buddy-1.14.9.jar;C:\Users\mitch\.m2\repository\org\glassfish\jaxb\jaxb-runtime\4.0.3\jaxb-runtime-4.0.3.jar;C:\Users\mitch\.m2\repository\org\glassfish\jaxb\jaxb-core\4.0.3\jaxb-core-4.0.3.jar;C:\Users\mitch\.m2\repository\org\eclipse\angus\angus-activation\2.0.1\angus-activation-2.0.1.jar;C:\Users\mitch\.m2\repository\org\glassfish\jaxb\txw2\4.0.3\txw2-4.0.3.jar;C:\Users\mitch\.m2\repository\com\sun\istack\istack-commons-runtime\4.1.2\istack-commons-runtime-4.1.2.jar;C:\Users\mitch\.m2\repository\jakarta\inject\jakarta.inject-api\2.0.1\jakarta.inject-api-2.0.1.jar;C:\Users\mitch\.m2\repository\org\antlr\antlr4-runtime\4.10.1\antlr4-runtime-4.10.1.jar;C:\Users\mitch\.m2\repository\org\springframework\data\spring-data-jpa\3.1.5\spring-data-jpa-3.1.5.jar;C:\Users\mitch\.m2\repository\org\springframework\data\spring-data-commons\3.1.5\spring-data-commons-3.1.5.jar;C:\Users\mitch\.m2\repository\org\springframework\spring-orm\6.0.13\spring-orm-6.0.13.jar;C:\Users\mitch\.m2\repository\org\springframework\spring-beans\6.0.13\spring-beans-6.0.13.jar;C:\Users\mitch\.m2\repository\jakarta\annotation\jakarta.annotation-api\2.1.1\jakarta.annotation-api-2.1.1.jar;C:\Users\mitch\.m2\repository\org\slf4j\slf4j-api\2.0.9\slf4j-api-2.0.9.jar;C:\Users\mitch\.m2\repository\org\springframework\spring-aspects\6.0.13\spring-aspects-6.0.13.jar;C:\Users\mitch\.m2\repository\org\springframework\boot\spring-boot-starter-web\3.1.5\spring-boot-starter-web-3.1.5.jar;C:\Users\mitch\.m2\repository\org\springframework\boot\spring-boot-starter\3.1.5\spring-boot-starter-3.1.5.jar;C:\Users\mitch\.m2\repository\org\springframework\boot\spring-boot\3.1.5\spring-boot-3.1.5.jar;C:\Users\mitch\.m2\repository\org\springframework\boot\spring-boot-autoconfigure\3.1.5\spring-boot-autoconfigure-3.1.5.jar;C:\Users\mitch\.m2\repository\org\springframework\boot\spring-boot-starter-logging\3.1.5\spring-boot-starter-logging-3.1.5.jar;C:\Users\mitch\.m2\repository\ch\qos\logback\logback-classic\1.4.11\logback-classic-1.4.11.jar;C:\Users\mitch\.m2\repository\ch\qos\logback\logback-core\1.4.11\logback-core-1.4.11.jar;C:\Users\mitch\.m2\repository\org\apache\logging\log4j\log4j-to-slf4j\2.20.0\log4j-to-slf4j-2.20.0.jar;C:\Users\mitch\.m2\repository\org\apache\logging\log4j\log4j-api\2.20.0\log4j-api-2.20.0.jar;C:\Users\mitch\.m2\repository\org\slf4j\jul-to-slf4j\2.0.9\jul-to-slf4j-2.0.9.jar;C:\Users\mitch\.m2\repository\org\yaml\snakeyaml\1.33\snakeyaml-1.33.jar;C:\Users\mitch\.m2\repository\org\springframework\boot\spring-boot-starter-json\3.1.5\spring-boot-starter-json-3.1.5.jar;C:\Users\mitch\.m2\repository\com\fasterxml\jackson\core\jackson-databind\2.15.3\jackson-databind-2.15.3.jar;C:\Users\mitch\.m2\repository\com\fasterxml\jackson\core\jackson-annotations\2.15.3\jackson-annotations-2.15.3.jar;C:\Users\mitch\.m2\repository\com\fasterxml\jackson\core\jackson-core\2.15.3\jackson-core-2.15.3.jar;C:\Users\mitch\.m2\repository\com\fasterxml\jackson\datatype\jackson-datatype-jdk8\2.15.3\jackson-datatype-jdk8-2.15.3.jar;C:\Users\mitch\.m2\repository\com\fasterxml\jackson\datatype\jackson-datatype-jsr310\2.15.3\jackson-datatype-jsr310-2.15.3.jar;C:\Users\mitch\.m2\repository\com\fasterxml\jackson\module\jackson-module-parameter-names\2.15.3\jackson-module-parameter-names-2.15.3.jar;C:\Users\mitch\.m2\repository\org\springframework\boot\spring-boot-starter-tomcat\3.1.5\spring-boot-starter-tomcat-3.1.5.jar;C:\Users\mitch\.m2\repository\org\apache\tomcat\embed\tomcat-embed-core\10.1.15\tomcat-embed-core-10.1.15.jar;C:\Users\mitch\.m2\repository\org\apache\tomcat\embed\tomcat-embed-el\10.1.15\tomcat-embed-el-10.1.15.jar;C:\Users\mitch\.m2\repository\org\apache\tomcat\embed\tomcat-embed-websocket\10.1.15\tomcat-embed-websocket-10.1.15.jar;C:\Users\mitch\.m2\repository\org\springframework\spring-web\6.0.13\spring-web-6.0.13.jar;C:\Users\mitch\.m2\repository\org\springframework\spring-webmvc\6.0.13\spring-webmvc-6.0.13.jar;C:\Users\mitch\.m2\repository\org\springframework\spring-expression\6.0.13\spring-expression-6.0.13.jar;C:\Users\mitch\.m2\repository\org\springframework\boot\spring-boot-starter-test\3.1.5\spring-boot-starter-test-3.1.5.jar;C:\Users\mitch\.m2\repository\org\springframework\boot\spring-boot-test\3.1.5\spring-boot-test-3.1.5.jar;C:\Users\mitch\.m2\repository\org\springframework\boot\spring-boot-test-autoconfigure\3.1.5\spring-boot-test-autoconfigure-3.1.5.jar;C:\Users\mitch\.m2\repository\com\jayway\jsonpath\json-path\2.8.0\json-path-2.8.0.jar;C:\Users\mitch\.m2\repository\jakarta\xml\bind\jakarta.xml.bind-api\4.0.1\jakarta.xml.bind-api-4.0.1.jar;C:\Users\mitch\.m2\repository\jakarta\activation\jakarta.activation-api\2.1.2\jakarta.activation-api-2.1.2.jar;C:\Users\mitch\.m2\repository\net\minidev\json-smart\2.4.11\json-smart-2.4.11.jar;C:\Users\mitch\.m2\repository\net\minidev\accessors-smart\2.4.11\accessors-smart-2.4.11.jar;C:\Users\mitch\.m2\repository\org\ow2\asm\asm\9.3\asm-9.3.jar;C:\Users\mitch\.m2\repository\org\assertj\assertj-core\3.24.2\assertj-core-3.24.2.jar;C:\Users\mitch\.m2\repository\org\hamcrest\hamcrest\2.2\hamcrest-2.2.jar;C:\Users\mitch\.m2\repository\org\junit\jupiter\junit-jupiter\5.9.3\junit-jupiter-5.9.3.jar;C:\Users\mitch\.m2\repository\org\junit\jupiter\junit-jupiter-params\5.9.3\junit-jupiter-params-5.9.3.jar;C:\Users\mitch\.m2\repository\org\junit\jupiter\junit-jupiter-engine\5.9.3\junit-jupiter-engine-5.9.3.jar;C:\Users\mitch\.m2\repository\org\mockito\mockito-core\5.3.1\mockito-core-5.3.1.jar;C:\Users\mitch\.m2\repository\net\bytebuddy\byte-buddy-agent\1.14.9\byte-buddy-agent-1.14.9.jar;C:\Users\mitch\.m2\repository\org\objenesis\objenesis\3.3\objenesis-3.3.jar;C:\Users\mitch\.m2\repository\org\mockito\mockito-junit-jupiter\5.3.1\mockito-junit-jupiter-5.3.1.jar;C:\Users\mitch\.m2\repository\org\skyscreamer\jsonassert\1.5.1\jsonassert-1.5.1.jar;C:\Users\mitch\.m2\repository\com\vaadin\external\google\android-json\0.0.20131108.vaadin1\android-json-0.0.20131108.vaadin1.jar;C:\Users\mitch\.m2\repository\org\springframework\spring-core\6.0.13\spring-core-6.0.13.jar;C:\Users\mitch\.m2\repository\org\springframework\spring-jcl\6.0.13\spring-jcl-6.0.13.jar;C:\Users\mitch\.m2\repository\org\springframework\spring-test\6.0.13\spring-test-6.0.13.jar;C:\Users\mitch\.m2\repository\org\xmlunit\xmlunit-core\2.9.1\xmlunit-core-2.9.1.jar;C:\Users\mitch\.m2\repository\org\springframework\kafka\spring-kafka\3.0.12\spring-kafka-3.0.12.jar;C:\Users\mitch\.m2\repository\org\springframework\spring-context\6.0.13\spring-context-6.0.13.jar;C:\Users\mitch\.m2\repository\org\springframework\spring-messaging\6.0.13\spring-messaging-6.0.13.jar;C:\Users\mitch\.m2\repository\org\springframework\spring-tx\6.0.13\spring-tx-6.0.13.jar;C:\Users\mitch\.m2\repository\org\springframework\retry\spring-retry\2.0.4\spring-retry-2.0.4.jar;C:\Users\mitch\.m2\repository\org\apache\kafka\kafka-clients\3.4.1\kafka-clients-3.4.1.jar;C:\Users\mitch\.m2\repository\com\github\luben\zstd-jni\1.5.2-1\zstd-jni-1.5.2-1.jar;C:\Users\mitch\.m2\repository\org\lz4\lz4-java\1.8.0\lz4-java-1.8.0.jar;C:\Users\mitch\.m2\repository\org\xerial\snappy\snappy-java\1.1.8.4\snappy-java-1.1.8.4.jar;C:\Users\mitch\.m2\repository\io\micrometer\micrometer-observation\1.11.5\micrometer-observation-1.11.5.jar;C:\Users\mitch\.m2\repository\io\micrometer\micrometer-commons\1.11.5\micrometer-commons-1.11.5.jar;C:\Users\mitch\.m2\repository\com\google\code\findbugs\jsr305\3.0.2\jsr305-3.0.2.jar;C:\Users\mitch\.m2\repository\org\springframework\kafka\spring-kafka-test\3.0.11\spring-kafka-test-3.0.11.jar;C:\Users\mitch\.m2\repository\org\apache\zookeeper\zookeeper\3.6.3\zookeeper-3.6.3.jar;C:\Users\mitch\.m2\repository\org\apache\zookeeper\zookeeper-jute\3.6.3\zookeeper-jute-3.6.3.jar;C:\Users\mitch\.m2\repository\org\apache\yetus\audience-annotations\0.5.0\audience-annotations-0.5.0.jar;C:\Users\mitch\.m2\repository\io\netty\netty-handler\4.1.100.Final\netty-handler-4.1.100.Final.jar;C:\Users\mitch\.m2\repository\io\netty\netty-resolver\4.1.100.Final\netty-resolver-4.1.100.Final.jar;C:\Users\mitch\.m2\repository\io\netty\netty-buffer\4.1.100.Final\netty-buffer-4.1.100.Final.jar;C:\Users\mitch\.m2\repository\io\netty\netty-transport-native-unix-common\4.1.100.Final\netty-transport-native-unix-common-4.1.100.Final.jar;C:\Users\mitch\.m2\repository\io\netty\netty-codec\4.1.100.Final\netty-codec-4.1.100.Final.jar;C:\Users\mitch\.m2\repository\io\netty\netty-transport-native-epoll\4.1.100.Final\netty-transport-native-epoll-4.1.100.Final.jar;C:\Users\mitch\.m2\repository\io\netty\netty-transport-classes-epoll\4.1.100.Final\netty-transport-classes-epoll-4.1.100.Final.jar;C:\Users\mitch\.m2\repository\org\apache\kafka\kafka-clients\3.4.1\kafka-clients-3.4.1-test.jar;C:\Users\mitch\.m2\repository\org\apache\kafka\kafka-metadata\3.4.1\kafka-metadata-3.4.1.jar;C:\Users\mitch\.m2\repository\org\apache\kafka\kafka-server-common\3.4.1\kafka-server-common-3.4.1.jar;C:\Users\mitch\.m2\repository\org\apache\kafka\kafka-raft\3.4.1\kafka-raft-3.4.1.jar;C:\Users\mitch\.m2\repository\com\yammer\metrics\metrics-core\2.2.0\metrics-core-2.2.0.jar;C:\Users\mitch\.m2\repository\org\apache\kafka\kafka-streams-test-utils\3.4.1\kafka-streams-test-utils-3.4.1.jar;C:\Users\mitch\.m2\repository\org\apache\kafka\kafka-streams\3.4.1\kafka-streams-3.4.1.jar;C:\Users\mitch\.m2\repository\org\rocksdb\rocksdbjni\7.1.2\rocksdbjni-7.1.2.jar;C:\Users\mitch\.m2\repository\org\apache\kafka\kafka_2.13\3.4.1\kafka_2.13-3.4.1.jar;C:\Users\mitch\.m2\repository\org\scala-lang\scala-library\2.13.10\scala-library-2.13.10.jar;C:\Users\mitch\.m2\repository\org\apache\kafka\kafka-group-coordinator\3.4.1\kafka-group-coordinator-3.4.1.jar;C:\Users\mitch\.m2\repository\org\apache\kafka\kafka-storage\3.4.1\kafka-storage-3.4.1.jar;C:\Users\mitch\.m2\repository\org\apache\kafka\kafka-storage-api\3.4.1\kafka-storage-api-3.4.1.jar;C:\Users\mitch\.m2\repository\net\sourceforge\argparse4j\argparse4j\0.7.0\argparse4j-0.7.0.jar;C:\Users\mitch\.m2\repository\com\fasterxml\jackson\module\jackson-module-scala_2.13\2.15.3\jackson-module-scala_2.13-2.15.3.jar;C:\Users\mitch\.m2\repository\com\thoughtworks\paranamer\paranamer\2.8\paranamer-2.8.jar;C:\Users\mitch\.m2\repository\com\fasterxml\jackson\dataformat\jackson-dataformat-csv\2.15.3\jackson-dataformat-csv-2.15.3.jar;C:\Users\mitch\.m2\repository\net\sf\jopt-simple\jopt-simple\5.0.4\jopt-simple-5.0.4.jar;C:\Users\mitch\.m2\repository\org\bitbucket\b_c\jose4j\0.9.3\jose4j-0.9.3.jar;C:\Users\mitch\.m2\repository\org\scala-lang\modules\scala-collection-compat_2.13\2.10.0\scala-collection-compat_2.13-2.10.0.jar;C:\Users\mitch\.m2\repository\org\scala-lang\modules\scala-java8-compat_2.13\1.0.2\scala-java8-compat_2.13-1.0.2.jar;C:\Users\mitch\.m2\repository\org\scala-lang\scala-reflect\2.13.10\scala-reflect-2.13.10.jar;C:\Users\mitch\.m2\repository\com\typesafe\scala-logging\scala-logging_2.13\3.9.4\scala-logging_2.13-3.9.4.jar;C:\Users\mitch\.m2\repository\io\dropwizard\metrics\metrics-core\4.2.21\metrics-core-4.2.21.jar;C:\Users\mitch\.m2\repository\commons-cli\commons-cli\1.4\commons-cli-1.4.jar;C:\Users\mitch\.m2\repository\org\apache\kafka\kafka_2.13\3.4.1\kafka_2.13-3.4.1-test.jar;C:\Users\mitch\.m2\repository\org\junit\jupiter\junit-jupiter-api\5.9.3\junit-jupiter-api-5.9.3.jar;C:\Users\mitch\.m2\repository\org\opentest4j\opentest4j\1.2.0\opentest4j-1.2.0.jar;C:\Users\mitch\.m2\repository\org\junit\platform\junit-platform-commons\1.9.3\junit-platform-commons-1.9.3.jar;C:\Users\mitch\.m2\repository\org\apiguardian\apiguardian-api\1.1.2\apiguardian-api-1.1.2.jar;C:\Users\mitch\.m2\repository\org\junit\platform\junit-platform-launcher\1.9.3\junit-platform-launcher-1.9.3.jar;C:\Users\mitch\.m2\repository\org\junit\platform\junit-platform-engine\1.9.3\junit-platform-engine-1.9.3.jar;C:\Users\mitch\.m2\repository\com\h2database\h2\2.1.214\h2-2.1.214.jar;C:\Users\mitch\.m2\repository\com\mysql\mysql-connector-j\8.0.33\mysql-connector-j-8.0.33.jar;C:\Users\mitch\.m2\repository\junit\junit\4.13.2\junit-4.13.2.jar;C:\Users\mitch\.m2\repository\org\hamcrest\hamcrest-core\2.2\hamcrest-core-2.2.jar;C:\Users\mitch\.m2\repository\org\springframework\boot\spring-boot-starter-data-redis\3.1.5\spring-boot-starter-data-redis-3.1.5.jar;C:\Users\mitch\.m2\repository\org\springframework\data\spring-data-redis\3.1.5\spring-data-redis-3.1.5.jar;C:\Users\mitch\.m2\repository\org\springframework\data\spring-data-keyvalue\3.1.5\spring-data-keyvalue-3.1.5.jar;C:\Users\mitch\.m2\repository\org\springframework\spring-oxm\6.0.13\spring-oxm-6.0.13.jar;C:\Users\mitch\.m2\repository\io\lettuce\lettuce-core\6.2.6.RELEASE\lettuce-core-6.2.6.RELEASE.jar;C:\Users\mitch\.m2\repository\io\netty\netty-common\4.1.100.Final\netty-common-4.1.100.Final.jar;C:\Users\mitch\.m2\repository\io\netty\netty-transport\4.1.100.Final\netty-transport-4.1.100.Final.jar;C:\Users\mitch\.m2\repository\io\projectreactor\reactor-core\3.5.11\reactor-core-3.5.11.jar;C:\Users\mitch\.m2\repository\org\reactivestreams\reactive-streams\1.0.4\reactive-streams-1.0.4.jar;C:\Users\mitch\.m2\repository\org\springframework\boot\spring-boot-starter-cache\3.1.5\spring-boot-starter-cache-3.1.5.jar;C:\Users\mitch\.m2\repository\org\springframework\spring-context-support\6.0.13\spring-context-support-6.0.13.jar;"/>
    <property name="sun.cpu.endian" value="little"/>
    <property name="user.home" value="C:\Users\mitch"/>
    <property name="user.language" value="nl"/>
    <property name="java.specification.vendor" value="Oracle Corporation"/>
    <property name="java.version.date" value="2023-08-22"/>
    <property name="java.home" value="C:\Users\mitch\.jdks\corretto-17.0.8.1"/>
    <property name="file.separator" value="\"/>
    <property name="basedir" value="D:\projecten\semester6individueel\ProjectService"/>
    <property name="java.vm.compressedOopsMode" value="Zero based"/>
    <property name="line.separator" value="&#10;"/>
    <property name="java.vm.specification.vendor" value="Oracle Corporation"/>
    <property name="java.specification.name" value="Java Platform API Specification"/>
    <property name="FILE_LOG_CHARSET" value="windows-1252"/>
    <property name="java.awt.headless" value="true"/>
    <property name="surefire.real.class.path" value="C:\Users\mitch\AppData\Local\Temp\surefire6987195021321592400\surefirebooter-20231126170214538_3.jar"/>
    <property name="user.script" value=""/>
    <property name="sun.management.compiler" value="HotSpot 64-Bit Tiered Compilers"/>
    <property name="java.runtime.version" value="17.0.8.1+8-LTS"/>
    <property name="user.name" value="mitch"/>
    <property name="path.separator" value=";"/>
    <property name="os.version" value="10.0"/>
    <property name="java.runtime.name" value="OpenJDK Runtime Environment"/>
    <property name="file.encoding" value="Cp1252"/>
    <property name="java.vm.name" value="OpenJDK 64-Bit Server VM"/>
    <property name="java.vendor.version" value="Corretto-17.0.8.8.1"/>
    <property name="localRepository" value="C:\Users\mitch\.m2\repository"/>
    <property name="java.vendor.url.bug" value="https://github.com/corretto/corretto-17/issues/"/>
    <property name="java.io.tmpdir" value="C:\Users\mitch\AppData\Local\Temp\"/>
    <property name="idea.version" value="2022.1.4"/>
    <property name="catalina.home" value="C:\Users\mitch\AppData\Local\Temp\tomcat.0.8266892636686631289"/>
    <property name="com.zaxxer.hikari.pool_number" value="8"/>
    <property name="java.version" value="17.0.8.1"/>
    <property name="user.dir" value="D:\projecten\semester6individueel\ProjectService"/>
    <property name="os.arch" value="amd64"/>
    <property name="java.vm.specification.name" value="Java Virtual Machine Specification"/>
    <property name="PID" value="4812"/>
    <property name="sun.os.patch.level" value=""/>
    <property name="CONSOLE_LOG_CHARSET" value="windows-1252"/>
    <property name="catalina.base" value="C:\Users\mitch\AppData\Local\Temp\tomcat.0.10688477102591251869"/>
    <property name="native.encoding" value="Cp1252"/>
    <property name="java.library.path" value="C:\Users\mitch\.jdks\corretto-17.0.8.1\bin;C:\WINDOWS\Sun\Java\bin;C:\WINDOWS\system32;C:\WINDOWS;C:\Program Files\Microsoft\jdk-11.0.12.7-hotspot\bin;C:\Windows\system32;C:\Windows;C:\Windows\System32\Wbem;C:\Windows\System32\WindowsPowerShell\v1.0\;C:\Windows\System32\OpenSSH\;C:\Program Files (x86)\NVIDIA Corporation\PhysX\Common;C:\Program Files\NVIDIA Corporation\NVIDIA NvDLISR;C:\Program Files\Microsoft SQL Server\150\Tools\Binn\;C:\Program Files\Microsoft SQL Server\Client SDK\ODBC\170\Tools\Binn\;C:\Program Files\dotnet\;C:\WINDOWS\system32;C:\WINDOWS;C:\WINDOWS\System32\Wbem;C:\WINDOWS\System32\WindowsPowerShell\v1.0\;C:\WINDOWS\System32\OpenSSH\;C:\Program Files (x86)\Microsoft SQL Server\150\DTS\Binn\;C:\Program Files\Azure Data Studio\bin;D:\Program Files\nodejs\;C:\Program Files\Docker\Docker\resources\bin;D:\Program Files\Git\cmd;C:\Users\mitch\AppData\Local\Microsoft\WindowsApps;C:\Users\mitch\.dotnet\tools;D:\Users\mitch\AppData\Local\Programs\Microsoft VS Code\bin;C:\Program Files\Azure Data Studio\bin;C:\Users\mitch\AppData\Roaming\npm;C:\Users\mitch\AppData\Local\GitHubDesktop\bin;D:\Program Files (x86)\cmake-3.26.0-windows-x86_64\bin;;."/>
    <property name="java.vm.info" value="mixed mode, sharing"/>
    <property name="java.vendor" value="Amazon.com Inc."/>
    <property name="java.vm.version" value="17.0.8.1+8-LTS"/>
    <property name="sun.io.unicode.encoding" value="UnicodeLittle"/>
    <property name="java.class.version" value="61.0"/>
  </properties>
  <testcase name="shouldGetNoProjectsFromAccounts" classname="com.example.ProjectService.ProjectControllerTests" time="1.337">
    <system-out><![CDATA[
  .   ____          _            __ _ _
 /\\ / ___'_ __ _ _(_)_ __  __ _ \ \ \ \
( ( )\___ | '_ | '_| | '_ \/ _` | \ \ \ \
 \\/  ___)| |_)| | | | | || (_| |  ) ) ) )
  '  |____| .__|_| |_|_| |_\__, | / / / /
 =========|_|==============|___/=/_/_/_/
 :: Spring Boot ::                (v3.1.5)

2023-11-26T17:02:15.825+01:00  INFO 4812 --- [           main] c.e.P.ProjectControllerTests             : Starting ProjectControllerTests using Java 17.0.8.1 with PID 4812 (started by mitch in D:\projecten\semester6individueel\ProjectService)
2023-11-26T17:02:15.829+01:00  INFO 4812 --- [           main] c.e.P.ProjectControllerTests             : The following 1 profile is active: "test"
2023-11-26T17:02:16.506+01:00  INFO 4812 --- [           main] .s.d.r.c.RepositoryConfigurationDelegate : Multiple Spring Data modules found, entering strict repository configuration mode
2023-11-26T17:02:16.510+01:00  INFO 4812 --- [           main] .s.d.r.c.RepositoryConfigurationDelegate : Bootstrapping Spring Data JPA repositories in DEFAULT mode.
2023-11-26T17:02:16.635+01:00  INFO 4812 --- [           main] .s.d.r.c.RepositoryConfigurationDelegate : Finished Spring Data repository scanning in 117 ms. Found 2 JPA repository interfaces.
2023-11-26T17:02:16.648+01:00  INFO 4812 --- [           main] .s.d.r.c.RepositoryConfigurationDelegate : Multiple Spring Data modules found, entering strict repository configuration mode
2023-11-26T17:02:16.648+01:00  INFO 4812 --- [           main] .s.d.r.c.RepositoryConfigurationDelegate : Bootstrapping Spring Data Redis repositories in DEFAULT mode.
2023-11-26T17:02:16.664+01:00  INFO 4812 --- [           main] .RepositoryConfigurationExtensionSupport : Spring Data Redis - Could not safely identify store assignment for repository candidate interface com.example.ProjectService.repositories.IAccountRepository; If you want this repository to be a Redis repository, consider annotating your entities with one of these annotations: org.springframework.data.redis.core.RedisHash (preferred), or consider extending one of the following types with your repository: org.springframework.data.keyvalue.repository.KeyValueRepository
2023-11-26T17:02:16.664+01:00  INFO 4812 --- [           main] .RepositoryConfigurationExtensionSupport : Spring Data Redis - Could not safely identify store assignment for repository candidate interface com.example.ProjectService.repositories.IProjectRepository; If you want this repository to be a Redis repository, consider annotating your entities with one of these annotations: org.springframework.data.redis.core.RedisHash (preferred), or consider extending one of the following types with your repository: org.springframework.data.keyvalue.repository.KeyValueRepository
2023-11-26T17:02:16.664+01:00  INFO 4812 --- [           main] .s.d.r.c.RepositoryConfigurationDelegate : Finished Spring Data repository scanning in 8 ms. Found 0 Redis repository interfaces.
2023-11-26T17:02:18.864+01:00  INFO 4812 --- [           main] o.s.b.w.embedded.tomcat.TomcatWebServer  : Tomcat initialized with port(s): 0 (http)
2023-11-26T17:02:18.884+01:00  INFO 4812 --- [           main] o.apache.catalina.core.StandardService   : Starting service [Tomcat]
2023-11-26T17:02:18.884+01:00  INFO 4812 --- [           main] o.apache.catalina.core.StandardEngine    : Starting Servlet engine: [Apache Tomcat/10.1.15]
2023-11-26T17:02:19.104+01:00  INFO 4812 --- [           main] o.a.c.c.C.[Tomcat].[localhost].[/]       : Initializing Spring embedded WebApplicationContext
2023-11-26T17:02:19.108+01:00  INFO 4812 --- [           main] w.s.c.ServletWebServerApplicationContext : Root WebApplicationContext: initialization completed in 3263 ms
2023-11-26T17:02:19.475+01:00  INFO 4812 --- [           main] o.hibernate.jpa.internal.util.LogHelper  : HHH000204: Processing PersistenceUnitInfo [name: default]
2023-11-26T17:02:19.640+01:00  INFO 4812 --- [           main] org.hibernate.Version                    : HHH000412: Hibernate ORM core version 6.2.13.Final
2023-11-26T17:02:19.640+01:00  INFO 4812 --- [           main] org.hibernate.cfg.Environment            : HHH000406: Using bytecode reflection optimizer
2023-11-26T17:02:19.896+01:00  INFO 4812 --- [           main] o.s.o.j.p.SpringPersistenceUnitInfo      : No LoadTimeWeaver setup: ignoring JPA class transformer
2023-11-26T17:02:19.944+01:00  INFO 4812 --- [           main] com.zaxxer.hikari.HikariDataSource       : HikariPool-1 - Starting...
2023-11-26T17:02:20.204+01:00  INFO 4812 --- [           main] com.zaxxer.hikari.pool.HikariPool        : HikariPool-1 - Added connection conn0: url=jdbc:h2:mem:db user=SA
2023-11-26T17:02:20.208+01:00  INFO 4812 --- [           main] com.zaxxer.hikari.HikariDataSource       : HikariPool-1 - Start completed.
2023-11-26T17:02:20.264+01:00  WARN 4812 --- [           main] org.hibernate.orm.deprecation            : HHH90000025: H2Dialect does not need to be specified explicitly using 'hibernate.dialect' (remove the property setting and it will be selected by default)
2023-11-26T17:02:20.649+01:00  WARN 4812 --- [           main] org.hibernate.mapping.RootClass          : HHH000038: Composite-id class does not override equals(): com.example.ProjectService.JoinTable.ProjectMembership
2023-11-26T17:02:20.649+01:00  WARN 4812 --- [           main] org.hibernate.mapping.RootClass          : HHH000039: Composite-id class does not override hashCode(): com.example.ProjectService.JoinTable.ProjectMembership
2023-11-26T17:02:21.087+01:00  INFO 4812 --- [           main] o.h.e.t.j.p.i.JtaPlatformInitiator       : HHH000489: No JTA platform available (set 'hibernate.transaction.jta.platform' to enable JTA platform integration)
2023-11-26T17:02:21.099+01:00 DEBUG 4812 --- [           main] org.hibernate.SQL                        : drop table if exists project cascade 
2023-11-26T17:02:21.103+01:00 DEBUG 4812 --- [           main] org.hibernate.SQL                        : drop table if exists projectmember cascade 
2023-11-26T17:02:21.103+01:00 DEBUG 4812 --- [           main] org.hibernate.SQL                        : drop table if exists projectmembership cascade 
2023-11-26T17:02:21.103+01:00 DEBUG 4812 --- [           main] org.hibernate.SQL                        : drop table if exists projectrole cascade 
2023-11-26T17:02:21.107+01:00 DEBUG 4812 --- [           main] org.hibernate.SQL                        : create table project (createdat timestamp(6) not null, id bigint generated by default as identity, lastupdatedat timestamp(6) not null, owner_id bigint, projectname varchar(20) not null, projectdescription varchar(50) not null, primary key (id))
2023-11-26T17:02:21.115+01:00 DEBUG 4812 --- [           main] org.hibernate.SQL                        : create table projectmember (id bigint not null, email varchar(255) unique, primary key (id))
2023-11-26T17:02:21.115+01:00 DEBUG 4812 --- [           main] org.hibernate.SQL                        : create table projectmembership (joinedproject_id bigint not null, member_id bigint not null, role_id bigint not null, primary key (joinedproject_id, member_id, role_id))
2023-11-26T17:02:21.119+01:00 DEBUG 4812 --- [           main] org.hibernate.SQL                        : create table projectrole (id bigint generated by default as identity, name varchar(255) unique, primary key (id))
2023-11-26T17:02:21.119+01:00 DEBUG 4812 --- [           main] org.hibernate.SQL                        : alter table if exists project add constraint FKgela6raf25bsa6thxog5x8lkv foreign key (owner_id) references projectmember
2023-11-26T17:02:21.127+01:00 DEBUG 4812 --- [           main] org.hibernate.SQL                        : alter table if exists projectmembership add constraint FKr5hoxnh9k5nutty4hon93c6fe foreign key (joinedproject_id) references project
2023-11-26T17:02:21.131+01:00 DEBUG 4812 --- [           main] org.hibernate.SQL                        : alter table if exists projectmembership add constraint FKt45jjcbtrrsgom05jwu0fje4b foreign key (member_id) references projectmember
2023-11-26T17:02:21.131+01:00 DEBUG 4812 --- [           main] org.hibernate.SQL                        : alter table if exists projectmembership add constraint FKfnovlarbluovef58uneoi1li1 foreign key (role_id) references projectrole
2023-11-26T17:02:21.135+01:00  INFO 4812 --- [           main] j.LocalContainerEntityManagerFactoryBean : Initialized JPA EntityManagerFactory for persistence unit 'default'
2023-11-26T17:02:21.787+01:00  INFO 4812 --- [           main] o.s.d.j.r.query.QueryEnhancerFactory     : Hibernate is in classpath; If applicable, HQL parser will be used.
2023-11-26T17:02:22.247+01:00  WARN 4812 --- [           main] JpaBaseConfiguration$JpaWebConfiguration : spring.jpa.open-in-view is enabled by default. Therefore, database queries may be performed during view rendering. Explicitly configure spring.jpa.open-in-view to disable this warning
2023-11-26T17:02:23.384+01:00  INFO 4812 --- [           main] o.a.c.c.C.[Tomcat].[localhost].[/]       : Initializing Spring TestDispatcherServlet ''
2023-11-26T17:02:23.384+01:00  INFO 4812 --- [           main] o.s.t.web.servlet.TestDispatcherServlet  : Initializing Servlet ''
2023-11-26T17:02:23.388+01:00  INFO 4812 --- [           main] o.s.t.web.servlet.TestDispatcherServlet  : Completed initialization in 4 ms
2023-11-26T17:02:23.528+01:00  INFO 4812 --- [           main] o.s.b.w.embedded.tomcat.TomcatWebServer  : Tomcat started on port(s): 52513 (http) with context path ''
2023-11-26T17:02:23.544+01:00  INFO 4812 --- [           main] c.e.P.ProjectControllerTests             : Started ProjectControllerTests in 7.999 seconds (process running for 8.853)
2023-11-26T17:02:23.633+01:00  INFO 4812 --- [           main] o.apache.catalina.core.StandardService   : Stopping service [Tomcat]
2023-11-26T17:02:23.677+01:00  INFO 4812 --- [           main] j.LocalContainerEntityManagerFactoryBean : Closing JPA EntityManagerFactory for persistence unit 'default'
2023-11-26T17:02:23.677+01:00 DEBUG 4812 --- [           main] org.hibernate.SQL                        : drop table if exists project cascade 
2023-11-26T17:02:23.680+01:00 DEBUG 4812 --- [           main] org.hibernate.SQL                        : drop table if exists projectmember cascade 
2023-11-26T17:02:23.680+01:00 DEBUG 4812 --- [           main] org.hibernate.SQL                        : drop table if exists projectmembership cascade 
2023-11-26T17:02:23.680+01:00 DEBUG 4812 --- [           main] org.hibernate.SQL                        : drop table if exists projectrole cascade 
2023-11-26T17:02:23.688+01:00  INFO 4812 --- [           main] com.zaxxer.hikari.HikariDataSource       : HikariPool-1 - Shutdown initiated...
2023-11-26T17:02:23.692+01:00  INFO 4812 --- [           main] com.zaxxer.hikari.HikariDataSource       : HikariPool-1 - Shutdown completed.

  .   ____          _            __ _ _
 /\\ / ___'_ __ _ _(_)_ __  __ _ \ \ \ \
( ( )\___ | '_ | '_| | '_ \/ _` | \ \ \ \
 \\/  ___)| |_)| | | | | || (_| |  ) ) ) )
  '  |____| .__|_| |_|_| |_\__, | / / / /
 =========|_|==============|___/=/_/_/_/
 :: Spring Boot ::                (v3.1.5)

2023-11-26T17:02:23.743+01:00  INFO 4812 --- [           main] c.e.P.ProjectControllerTests             : Starting ProjectControllerTests using Java 17.0.8.1 with PID 4812 (started by mitch in D:\projecten\semester6individueel\ProjectService)
2023-11-26T17:02:23.744+01:00  INFO 4812 --- [           main] c.e.P.ProjectControllerTests             : The following 1 profile is active: "test"
2023-11-26T17:02:23.956+01:00  INFO 4812 --- [           main] .s.d.r.c.RepositoryConfigurationDelegate : Multiple Spring Data modules found, entering strict repository configuration mode
2023-11-26T17:02:23.956+01:00  INFO 4812 --- [           main] .s.d.r.c.RepositoryConfigurationDelegate : Bootstrapping Spring Data JPA repositories in DEFAULT mode.
2023-11-26T17:02:23.972+01:00  INFO 4812 --- [           main] .s.d.r.c.RepositoryConfigurationDelegate : Finished Spring Data repository scanning in 17 ms. Found 2 JPA repository interfaces.
2023-11-26T17:02:23.977+01:00  INFO 4812 --- [           main] .s.d.r.c.RepositoryConfigurationDelegate : Multiple Spring Data modules found, entering strict repository configuration mode
2023-11-26T17:02:23.977+01:00  INFO 4812 --- [           main] .s.d.r.c.RepositoryConfigurationDelegate : Bootstrapping Spring Data Redis repositories in DEFAULT mode.
2023-11-26T17:02:23.984+01:00  INFO 4812 --- [           main] .RepositoryConfigurationExtensionSupport : Spring Data Redis - Could not safely identify store assignment for repository candidate interface com.example.ProjectService.repositories.IAccountRepository; If you want this repository to be a Redis repository, consider annotating your entities with one of these annotations: org.springframework.data.redis.core.RedisHash (preferred), or consider extending one of the following types with your repository: org.springframework.data.keyvalue.repository.KeyValueRepository
2023-11-26T17:02:23.984+01:00  INFO 4812 --- [           main] .RepositoryConfigurationExtensionSupport : Spring Data Redis - Could not safely identify store assignment for repository candidate interface com.example.ProjectService.repositories.IProjectRepository; If you want this repository to be a Redis repository, consider annotating your entities with one of these annotations: org.springframework.data.redis.core.RedisHash (preferred), or consider extending one of the following types with your repository: org.springframework.data.keyvalue.repository.KeyValueRepository
2023-11-26T17:02:23.988+01:00  INFO 4812 --- [           main] .s.d.r.c.RepositoryConfigurationDelegate : Finished Spring Data repository scanning in 8 ms. Found 0 Redis repository interfaces.
2023-11-26T17:02:24.119+01:00  INFO 4812 --- [           main] o.s.b.w.embedded.tomcat.TomcatWebServer  : Tomcat initialized with port(s): 0 (http)
2023-11-26T17:02:24.120+01:00  INFO 4812 --- [           main] o.apache.catalina.core.StandardService   : Starting service [Tomcat]
2023-11-26T17:02:24.120+01:00  INFO 4812 --- [           main] o.apache.catalina.core.StandardEngine    : Starting Servlet engine: [Apache Tomcat/10.1.15]
2023-11-26T17:02:24.170+01:00  INFO 4812 --- [           main] o.a.c.c.C.[Tomcat].[localhost].[/]       : Initializing Spring embedded WebApplicationContext
2023-11-26T17:02:24.170+01:00  INFO 4812 --- [           main] w.s.c.ServletWebServerApplicationContext : Root WebApplicationContext: initialization completed in 418 ms
2023-11-26T17:02:24.206+01:00  INFO 4812 --- [           main] o.hibernate.jpa.internal.util.LogHelper  : HHH000204: Processing PersistenceUnitInfo [name: default]
2023-11-26T17:02:24.214+01:00  INFO 4812 --- [           main] o.s.o.j.p.SpringPersistenceUnitInfo      : No LoadTimeWeaver setup: ignoring JPA class transformer
2023-11-26T17:02:24.214+01:00  INFO 4812 --- [           main] com.zaxxer.hikari.HikariDataSource       : HikariPool-2 - Starting...
2023-11-26T17:02:24.214+01:00  INFO 4812 --- [           main] com.zaxxer.hikari.pool.HikariPool        : HikariPool-2 - Added connection conn10: url=jdbc:h2:mem:db user=SA
2023-11-26T17:02:24.218+01:00  INFO 4812 --- [           main] com.zaxxer.hikari.HikariDataSource       : HikariPool-2 - Start completed.
2023-11-26T17:02:24.218+01:00  WARN 4812 --- [           main] org.hibernate.orm.deprecation            : HHH90000025: H2Dialect does not need to be specified explicitly using 'hibernate.dialect' (remove the property setting and it will be selected by default)
2023-11-26T17:02:24.234+01:00  WARN 4812 --- [           main] org.hibernate.mapping.RootClass          : HHH000038: Composite-id class does not override equals(): com.example.ProjectService.JoinTable.ProjectMembership
2023-11-26T17:02:24.234+01:00  WARN 4812 --- [           main] org.hibernate.mapping.RootClass          : HHH000039: Composite-id class does not override hashCode(): com.example.ProjectService.JoinTable.ProjectMembership
2023-11-26T17:02:24.294+01:00  INFO 4812 --- [           main] o.h.e.t.j.p.i.JtaPlatformInitiator       : HHH000489: No JTA platform available (set 'hibernate.transaction.jta.platform' to enable JTA platform integration)
2023-11-26T17:02:24.294+01:00 DEBUG 4812 --- [           main] org.hibernate.SQL                        : drop table if exists project cascade 
2023-11-26T17:02:24.294+01:00 DEBUG 4812 --- [           main] org.hibernate.SQL                        : drop table if exists projectmember cascade 
2023-11-26T17:02:24.294+01:00 DEBUG 4812 --- [           main] org.hibernate.SQL                        : drop table if exists projectmembership cascade 
2023-11-26T17:02:24.294+01:00 DEBUG 4812 --- [           main] org.hibernate.SQL                        : drop table if exists projectrole cascade 
2023-11-26T17:02:24.294+01:00 DEBUG 4812 --- [           main] org.hibernate.SQL                        : create table project (createdat timestamp(6) not null, id bigint generated by default as identity, lastupdatedat timestamp(6) not null, owner_id bigint, projectname varchar(20) not null, projectdescription varchar(50) not null, primary key (id))
2023-11-26T17:02:24.298+01:00 DEBUG 4812 --- [           main] org.hibernate.SQL                        : create table projectmember (id bigint not null, email varchar(255) unique, primary key (id))
2023-11-26T17:02:24.298+01:00 DEBUG 4812 --- [           main] org.hibernate.SQL                        : create table projectmembership (joinedproject_id bigint not null, member_id bigint not null, role_id bigint not null, primary key (joinedproject_id, member_id, role_id))
2023-11-26T17:02:24.298+01:00 DEBUG 4812 --- [           main] org.hibernate.SQL                        : create table projectrole (id bigint generated by default as identity, name varchar(255) unique, primary key (id))
2023-11-26T17:02:24.298+01:00 DEBUG 4812 --- [           main] org.hibernate.SQL                        : alter table if exists project add constraint FKgela6raf25bsa6thxog5x8lkv foreign key (owner_id) references projectmember
2023-11-26T17:02:24.302+01:00 DEBUG 4812 --- [           main] org.hibernate.SQL                        : alter table if exists projectmembership add constraint FKr5hoxnh9k5nutty4hon93c6fe foreign key (joinedproject_id) references project
2023-11-26T17:02:24.302+01:00 DEBUG 4812 --- [           main] org.hibernate.SQL                        : alter table if exists projectmembership add constraint FKt45jjcbtrrsgom05jwu0fje4b foreign key (member_id) references projectmember
2023-11-26T17:02:24.302+01:00 DEBUG 4812 --- [           main] org.hibernate.SQL                        : alter table if exists projectmembership add constraint FKfnovlarbluovef58uneoi1li1 foreign key (role_id) references projectrole
2023-11-26T17:02:24.306+01:00  INFO 4812 --- [           main] j.LocalContainerEntityManagerFactoryBean : Initialized JPA EntityManagerFactory for persistence unit 'default'
2023-11-26T17:02:24.406+01:00  WARN 4812 --- [           main] JpaBaseConfiguration$JpaWebConfiguration : spring.jpa.open-in-view is enabled by default. Therefore, database queries may be performed during view rendering. Explicitly configure spring.jpa.open-in-view to disable this warning
2023-11-26T17:02:24.594+01:00  INFO 4812 --- [           main] o.a.c.c.C.[Tomcat].[localhost].[/]       : Initializing Spring TestDispatcherServlet ''
2023-11-26T17:02:24.594+01:00  INFO 4812 --- [           main] o.s.t.web.servlet.TestDispatcherServlet  : Initializing Servlet ''
2023-11-26T17:02:24.598+01:00  INFO 4812 --- [           main] o.s.t.web.servlet.TestDispatcherServlet  : Completed initialization in 4 ms
2023-11-26T17:02:24.610+01:00  INFO 4812 --- [           main] o.s.b.w.embedded.tomcat.TomcatWebServer  : Tomcat started on port(s): 52516 (http) with context path ''
2023-11-26T17:02:24.610+01:00  INFO 4812 --- [           main] c.e.P.ProjectControllerTests             : Started ProjectControllerTests in 0.916 seconds (process running for 9.922)
2023-11-26T17:02:24.882+01:00  WARN 4812 --- [           main] .w.s.m.s.DefaultHandlerExceptionResolver : Resolved [org.springframework.http.converter.HttpMessageNotReadableException: Required request body is missing: public org.springframework.http.ResponseEntity<java.util.List<com.example.ProjectService.Project.dtos.ProjectDto>> com.example.ProjectService.Project.ProjectController.GetAllProjectsFromOwner(com.example.ProjectService.Project.dtos.ProjectMemberDto)]
]]></system-out>
  </testcase>
  <testcase name="shouldNotCreateProjectAndThrowConflicted" classname="com.example.ProjectService.ProjectControllerTests" time="1.027">
    <system-out><![CDATA[2023-11-26T17:02:24.910+01:00  INFO 4812 --- [           main] o.apache.catalina.core.StandardService   : Stopping service [Tomcat]
2023-11-26T17:02:24.918+01:00  INFO 4812 --- [           main] j.LocalContainerEntityManagerFactoryBean : Closing JPA EntityManagerFactory for persistence unit 'default'
2023-11-26T17:02:24.918+01:00 DEBUG 4812 --- [           main] org.hibernate.SQL                        : drop table if exists project cascade 
2023-11-26T17:02:24.918+01:00 DEBUG 4812 --- [           main] org.hibernate.SQL                        : drop table if exists projectmember cascade 
2023-11-26T17:02:24.918+01:00 DEBUG 4812 --- [           main] org.hibernate.SQL                        : drop table if exists projectmembership cascade 
2023-11-26T17:02:24.922+01:00 DEBUG 4812 --- [           main] org.hibernate.SQL                        : drop table if exists projectrole cascade 
2023-11-26T17:02:24.922+01:00  INFO 4812 --- [           main] com.zaxxer.hikari.HikariDataSource       : HikariPool-2 - Shutdown initiated...
2023-11-26T17:02:24.922+01:00  INFO 4812 --- [           main] com.zaxxer.hikari.HikariDataSource       : HikariPool-2 - Shutdown completed.

  .   ____          _            __ _ _
 /\\ / ___'_ __ _ _(_)_ __  __ _ \ \ \ \
( ( )\___ | '_ | '_| | '_ \/ _` | \ \ \ \
 \\/  ___)| |_)| | | | | || (_| |  ) ) ) )
  '  |____| .__|_| |_|_| |_\__, | / / / /
 =========|_|==============|___/=/_/_/_/
 :: Spring Boot ::                (v3.1.5)

2023-11-26T17:02:24.942+01:00  INFO 4812 --- [           main] c.e.P.ProjectControllerTests             : Starting ProjectControllerTests using Java 17.0.8.1 with PID 4812 (started by mitch in D:\projecten\semester6individueel\ProjectService)
2023-11-26T17:02:24.942+01:00  INFO 4812 --- [           main] c.e.P.ProjectControllerTests             : The following 1 profile is active: "test"
2023-11-26T17:02:25.138+01:00  INFO 4812 --- [           main] .s.d.r.c.RepositoryConfigurationDelegate : Multiple Spring Data modules found, entering strict repository configuration mode
2023-11-26T17:02:25.138+01:00  INFO 4812 --- [           main] .s.d.r.c.RepositoryConfigurationDelegate : Bootstrapping Spring Data JPA repositories in DEFAULT mode.
2023-11-26T17:02:25.158+01:00  INFO 4812 --- [           main] .s.d.r.c.RepositoryConfigurationDelegate : Finished Spring Data repository scanning in 17 ms. Found 2 JPA repository interfaces.
2023-11-26T17:02:25.158+01:00  INFO 4812 --- [           main] .s.d.r.c.RepositoryConfigurationDelegate : Multiple Spring Data modules found, entering strict repository configuration mode
2023-11-26T17:02:25.158+01:00  INFO 4812 --- [           main] .s.d.r.c.RepositoryConfigurationDelegate : Bootstrapping Spring Data Redis repositories in DEFAULT mode.
2023-11-26T17:02:25.166+01:00  INFO 4812 --- [           main] .RepositoryConfigurationExtensionSupport : Spring Data Redis - Could not safely identify store assignment for repository candidate interface com.example.ProjectService.repositories.IAccountRepository; If you want this repository to be a Redis repository, consider annotating your entities with one of these annotations: org.springframework.data.redis.core.RedisHash (preferred), or consider extending one of the following types with your repository: org.springframework.data.keyvalue.repository.KeyValueRepository
2023-11-26T17:02:25.166+01:00  INFO 4812 --- [           main] .RepositoryConfigurationExtensionSupport : Spring Data Redis - Could not safely identify store assignment for repository candidate interface com.example.ProjectService.repositories.IProjectRepository; If you want this repository to be a Redis repository, consider annotating your entities with one of these annotations: org.springframework.data.redis.core.RedisHash (preferred), or consider extending one of the following types with your repository: org.springframework.data.keyvalue.repository.KeyValueRepository
2023-11-26T17:02:25.166+01:00  INFO 4812 --- [           main] .s.d.r.c.RepositoryConfigurationDelegate : Finished Spring Data repository scanning in 6 ms. Found 0 Redis repository interfaces.
2023-11-26T17:02:25.262+01:00  INFO 4812 --- [           main] o.s.b.w.embedded.tomcat.TomcatWebServer  : Tomcat initialized with port(s): 0 (http)
2023-11-26T17:02:25.262+01:00  INFO 4812 --- [           main] o.apache.catalina.core.StandardService   : Starting service [Tomcat]
2023-11-26T17:02:25.262+01:00  INFO 4812 --- [           main] o.apache.catalina.core.StandardEngine    : Starting Servlet engine: [Apache Tomcat/10.1.15]
2023-11-26T17:02:25.342+01:00  INFO 4812 --- [           main] o.a.c.c.C.[Tomcat].[localhost].[/]       : Initializing Spring embedded WebApplicationContext
2023-11-26T17:02:25.342+01:00  INFO 4812 --- [           main] w.s.c.ServletWebServerApplicationContext : Root WebApplicationContext: initialization completed in 396 ms
2023-11-26T17:02:25.379+01:00  INFO 4812 --- [           main] o.hibernate.jpa.internal.util.LogHelper  : HHH000204: Processing PersistenceUnitInfo [name: default]
2023-11-26T17:02:25.386+01:00  INFO 4812 --- [           main] o.s.o.j.p.SpringPersistenceUnitInfo      : No LoadTimeWeaver setup: ignoring JPA class transformer
2023-11-26T17:02:25.386+01:00  INFO 4812 --- [           main] com.zaxxer.hikari.HikariDataSource       : HikariPool-3 - Starting...
2023-11-26T17:02:25.390+01:00  INFO 4812 --- [           main] com.zaxxer.hikari.pool.HikariPool        : HikariPool-3 - Added connection conn20: url=jdbc:h2:mem:db user=SA
2023-11-26T17:02:25.390+01:00  INFO 4812 --- [           main] com.zaxxer.hikari.HikariDataSource       : HikariPool-3 - Start completed.
2023-11-26T17:02:25.390+01:00  WARN 4812 --- [           main] org.hibernate.orm.deprecation            : HHH90000025: H2Dialect does not need to be specified explicitly using 'hibernate.dialect' (remove the property setting and it will be selected by default)
2023-11-26T17:02:25.410+01:00  WARN 4812 --- [           main] org.hibernate.mapping.RootClass          : HHH000038: Composite-id class does not override equals(): com.example.ProjectService.JoinTable.ProjectMembership
2023-11-26T17:02:25.414+01:00  WARN 4812 --- [           main] org.hibernate.mapping.RootClass          : HHH000039: Composite-id class does not override hashCode(): com.example.ProjectService.JoinTable.ProjectMembership
2023-11-26T17:02:25.466+01:00  INFO 4812 --- [           main] o.h.e.t.j.p.i.JtaPlatformInitiator       : HHH000489: No JTA platform available (set 'hibernate.transaction.jta.platform' to enable JTA platform integration)
2023-11-26T17:02:25.466+01:00 DEBUG 4812 --- [           main] org.hibernate.SQL                        : drop table if exists project cascade 
2023-11-26T17:02:25.466+01:00 DEBUG 4812 --- [           main] org.hibernate.SQL                        : drop table if exists projectmember cascade 
2023-11-26T17:02:25.466+01:00 DEBUG 4812 --- [           main] org.hibernate.SQL                        : drop table if exists projectmembership cascade 
2023-11-26T17:02:25.466+01:00 DEBUG 4812 --- [           main] org.hibernate.SQL                        : drop table if exists projectrole cascade 
2023-11-26T17:02:25.466+01:00 DEBUG 4812 --- [           main] org.hibernate.SQL                        : create table project (createdat timestamp(6) not null, id bigint generated by default as identity, lastupdatedat timestamp(6) not null, owner_id bigint, projectname varchar(20) not null, projectdescription varchar(50) not null, primary key (id))
2023-11-26T17:02:25.470+01:00 DEBUG 4812 --- [           main] org.hibernate.SQL                        : create table projectmember (id bigint not null, email varchar(255) unique, primary key (id))
2023-11-26T17:02:25.470+01:00 DEBUG 4812 --- [           main] org.hibernate.SQL                        : create table projectmembership (joinedproject_id bigint not null, member_id bigint not null, role_id bigint not null, primary key (joinedproject_id, member_id, role_id))
2023-11-26T17:02:25.470+01:00 DEBUG 4812 --- [           main] org.hibernate.SQL                        : create table projectrole (id bigint generated by default as identity, name varchar(255) unique, primary key (id))
2023-11-26T17:02:25.470+01:00 DEBUG 4812 --- [           main] org.hibernate.SQL                        : alter table if exists project add constraint FKgela6raf25bsa6thxog5x8lkv foreign key (owner_id) references projectmember
2023-11-26T17:02:25.474+01:00 DEBUG 4812 --- [           main] org.hibernate.SQL                        : alter table if exists projectmembership add constraint FKr5hoxnh9k5nutty4hon93c6fe foreign key (joinedproject_id) references project
2023-11-26T17:02:25.474+01:00 DEBUG 4812 --- [           main] org.hibernate.SQL                        : alter table if exists projectmembership add constraint FKt45jjcbtrrsgom05jwu0fje4b foreign key (member_id) references projectmember
2023-11-26T17:02:25.474+01:00 DEBUG 4812 --- [           main] org.hibernate.SQL                        : alter table if exists projectmembership add constraint FKfnovlarbluovef58uneoi1li1 foreign key (role_id) references projectrole
2023-11-26T17:02:25.474+01:00  INFO 4812 --- [           main] j.LocalContainerEntityManagerFactoryBean : Initialized JPA EntityManagerFactory for persistence unit 'default'
2023-11-26T17:02:25.546+01:00  WARN 4812 --- [           main] JpaBaseConfiguration$JpaWebConfiguration : spring.jpa.open-in-view is enabled by default. Therefore, database queries may be performed during view rendering. Explicitly configure spring.jpa.open-in-view to disable this warning
2023-11-26T17:02:25.669+01:00  INFO 4812 --- [           main] o.a.c.c.C.[Tomcat].[localhost].[/]       : Initializing Spring TestDispatcherServlet ''
2023-11-26T17:02:25.669+01:00  INFO 4812 --- [           main] o.s.t.web.servlet.TestDispatcherServlet  : Initializing Servlet ''
2023-11-26T17:02:25.669+01:00  INFO 4812 --- [           main] o.s.t.web.servlet.TestDispatcherServlet  : Completed initialization in 0 ms
2023-11-26T17:02:25.685+01:00  INFO 4812 --- [           main] o.s.b.w.embedded.tomcat.TomcatWebServer  : Tomcat started on port(s): 52520 (http) with context path ''
2023-11-26T17:02:25.689+01:00  INFO 4812 --- [           main] c.e.P.ProjectControllerTests             : Started ProjectControllerTests in 0.764 seconds (process running for 11.0)
2023-11-26T17:02:25.840+01:00 DEBUG 4812 --- [           main] org.hibernate.SQL                        : select p1_0.id,p1_0.email from projectmember p1_0 where p1_0.id=?
2023-11-26T17:02:25.872+01:00  INFO 4812 --- [           main] c.e.P.Project.ProjectService             : new project dto => Project{Id=null, Projectname='thisnameiswaytolongforaprojectandsonotallowed', Projectdescription='description16666', Createdat=Sun Nov 26 17:02:25 CET 2023, Lastupdatedat=Sun Nov 26 17:02:25 CET 2023, Owner=ProjectMember{Id=140, Email='testuser140@gmail.com'}, Memberships=[]}
2023-11-26T17:02:25.897+01:00 DEBUG 4812 --- [           main] org.hibernate.SQL                        : insert into project (createdat,lastupdatedat,owner_id,projectdescription,projectname,id) values (?,?,?,?,?,default)
2023-11-26T17:02:25.905+01:00  WARN 4812 --- [           main] o.h.engine.jdbc.spi.SqlExceptionHelper   : SQL Error: 22001, SQLState: 22001
2023-11-26T17:02:25.905+01:00 ERROR 4812 --- [           main] o.h.engine.jdbc.spi.SqlExceptionHelper   : Value too long for column "projectname CHARACTER VARYING(20)": "'thisnameiswaytolongforaprojectandsonotallowed' (45)"; SQL statement:
insert into project (createdat,lastupdatedat,owner_id,projectdescription,projectname,id) values (?,?,?,?,?,default) [22001-214]
2023-11-26T17:02:25.913+01:00 ERROR 4812 --- [           main] c.e.P.Project.ProjectController          : Error creating project

org.springframework.dao.DataIntegrityViolationException: could not execute statement [Value too long for column "projectname CHARACTER VARYING(20)": "'thisnameiswaytolongforaprojectandsonotallowed' (45)"; SQL statement:
insert into project (createdat,lastupdatedat,owner_id,projectdescription,projectname,id) values (?,?,?,?,?,default) [22001-214]] [insert into project (createdat,lastupdatedat,owner_id,projectdescription,projectname,id) values (?,?,?,?,?,default)]; SQL [insert into project (createdat,lastupdatedat,owner_id,projectdescription,projectname,id) values (?,?,?,?,?,default)]
	at org.springframework.orm.jpa.vendor.HibernateJpaDialect.convertHibernateAccessException(HibernateJpaDialect.java:272) ~[spring-orm-6.0.13.jar:6.0.13]
	at org.springframework.orm.jpa.vendor.HibernateJpaDialect.translateExceptionIfPossible(HibernateJpaDialect.java:229) ~[spring-orm-6.0.13.jar:6.0.13]
	at org.springframework.orm.jpa.AbstractEntityManagerFactoryBean.translateExceptionIfPossible(AbstractEntityManagerFactoryBean.java:550) ~[spring-orm-6.0.13.jar:6.0.13]
	at org.springframework.dao.support.ChainedPersistenceExceptionTranslator.translateExceptionIfPossible(ChainedPersistenceExceptionTranslator.java:61) ~[spring-tx-6.0.13.jar:6.0.13]
	at org.springframework.dao.support.DataAccessUtils.translateIfNecessary(DataAccessUtils.java:243) ~[spring-tx-6.0.13.jar:6.0.13]
	at org.springframework.dao.support.PersistenceExceptionTranslationInterceptor.invoke(PersistenceExceptionTranslationInterceptor.java:152) ~[spring-tx-6.0.13.jar:6.0.13]
	at org.springframework.aop.framework.ReflectiveMethodInvocation.proceed(ReflectiveMethodInvocation.java:184) ~[spring-aop-6.0.13.jar:6.0.13]
	at org.springframework.data.jpa.repository.support.CrudMethodMetadataPostProcessor$CrudMethodMetadataPopulatingMethodInterceptor.invoke(CrudMethodMetadataPostProcessor.java:164) ~[spring-data-jpa-3.1.5.jar:3.1.5]
	at org.springframework.aop.framework.ReflectiveMethodInvocation.proceed(ReflectiveMethodInvocation.java:184) ~[spring-aop-6.0.13.jar:6.0.13]
	at org.springframework.aop.interceptor.ExposeInvocationInterceptor.invoke(ExposeInvocationInterceptor.java:97) ~[spring-aop-6.0.13.jar:6.0.13]
	at org.springframework.aop.framework.ReflectiveMethodInvocation.proceed(ReflectiveMethodInvocation.java:184) ~[spring-aop-6.0.13.jar:6.0.13]
	at org.springframework.aop.framework.JdkDynamicAopProxy.invoke(JdkDynamicAopProxy.java:244) ~[spring-aop-6.0.13.jar:6.0.13]
	at jdk.proxy2/jdk.proxy2.$Proxy168.save(Unknown Source) ~[na:na]
	at com.example.ProjectService.Project.ProjectService.CreateProject(ProjectService.java:125) ~[classes/:na]
	at java.base/jdk.internal.reflect.NativeMethodAccessorImpl.invoke0(Native Method) ~[na:na]
	at java.base/jdk.internal.reflect.NativeMethodAccessorImpl.invoke(NativeMethodAccessorImpl.java:77) ~[na:na]
	at java.base/jdk.internal.reflect.DelegatingMethodAccessorImpl.invoke(DelegatingMethodAccessorImpl.java:43) ~[na:na]
	at java.base/java.lang.reflect.Method.invoke(Method.java:568) ~[na:na]
	at org.springframework.aop.support.AopUtils.invokeJoinpointUsingReflection(AopUtils.java:343) ~[spring-aop-6.0.13.jar:6.0.13]
	at org.springframework.aop.framework.CglibAopProxy$DynamicAdvisedInterceptor.intercept(CglibAopProxy.java:699) ~[spring-aop-6.0.13.jar:6.0.13]
	at com.example.ProjectService.Project.ProjectService$$SpringCGLIB$$0.CreateProject(<generated>) ~[classes/:na]
	at com.example.ProjectService.Project.ProjectController.CreateProject(ProjectController.java:39) ~[classes/:na]
	at java.base/jdk.internal.reflect.NativeMethodAccessorImpl.invoke0(Native Method) ~[na:na]
	at java.base/jdk.internal.reflect.NativeMethodAccessorImpl.invoke(NativeMethodAccessorImpl.java:77) ~[na:na]
	at java.base/jdk.internal.reflect.DelegatingMethodAccessorImpl.invoke(DelegatingMethodAccessorImpl.java:43) ~[na:na]
	at java.base/java.lang.reflect.Method.invoke(Method.java:568) ~[na:na]
	at org.springframework.web.method.support.InvocableHandlerMethod.doInvoke(InvocableHandlerMethod.java:205) ~[spring-web-6.0.13.jar:6.0.13]
	at org.springframework.web.method.support.InvocableHandlerMethod.invokeForRequest(InvocableHandlerMethod.java:150) ~[spring-web-6.0.13.jar:6.0.13]
	at org.springframework.web.servlet.mvc.method.annotation.ServletInvocableHandlerMethod.invokeAndHandle(ServletInvocableHandlerMethod.java:118) ~[spring-webmvc-6.0.13.jar:6.0.13]
	at org.springframework.web.servlet.mvc.method.annotation.RequestMappingHandlerAdapter.invokeHandlerMethod(RequestMappingHandlerAdapter.java:884) ~[spring-webmvc-6.0.13.jar:6.0.13]
	at org.springframework.web.servlet.mvc.method.annotation.RequestMappingHandlerAdapter.handleInternal(RequestMappingHandlerAdapter.java:797) ~[spring-webmvc-6.0.13.jar:6.0.13]
	at org.springframework.web.servlet.mvc.method.AbstractHandlerMethodAdapter.handle(AbstractHandlerMethodAdapter.java:87) ~[spring-webmvc-6.0.13.jar:6.0.13]
	at org.springframework.web.servlet.DispatcherServlet.doDispatch(DispatcherServlet.java:1081) ~[spring-webmvc-6.0.13.jar:6.0.13]
	at org.springframework.web.servlet.DispatcherServlet.doService(DispatcherServlet.java:974) ~[spring-webmvc-6.0.13.jar:6.0.13]
	at org.springframework.web.servlet.FrameworkServlet.processRequest(FrameworkServlet.java:1011) ~[spring-webmvc-6.0.13.jar:6.0.13]
	at org.springframework.web.servlet.FrameworkServlet.doPost(FrameworkServlet.java:914) ~[spring-webmvc-6.0.13.jar:6.0.13]
	at jakarta.servlet.http.HttpServlet.service(HttpServlet.java:590) ~[tomcat-embed-core-10.1.15.jar:6.0]
	at org.springframework.web.servlet.FrameworkServlet.service(FrameworkServlet.java:885) ~[spring-webmvc-6.0.13.jar:6.0.13]
	at org.springframework.test.web.servlet.TestDispatcherServlet.service(TestDispatcherServlet.java:72) ~[spring-test-6.0.13.jar:6.0.13]
	at jakarta.servlet.http.HttpServlet.service(HttpServlet.java:658) ~[tomcat-embed-core-10.1.15.jar:6.0]
	at org.springframework.mock.web.MockFilterChain$ServletFilterProxy.doFilter(MockFilterChain.java:165) ~[spring-test-6.0.13.jar:6.0.13]
	at org.springframework.mock.web.MockFilterChain.doFilter(MockFilterChain.java:132) ~[spring-test-6.0.13.jar:6.0.13]
	at org.springframework.web.filter.RequestContextFilter.doFilterInternal(RequestContextFilter.java:100) ~[spring-web-6.0.13.jar:6.0.13]
	at org.springframework.web.filter.OncePerRequestFilter.doFilter(OncePerRequestFilter.java:116) ~[spring-web-6.0.13.jar:6.0.13]
	at org.springframework.mock.web.MockFilterChain.doFilter(MockFilterChain.java:132) ~[spring-test-6.0.13.jar:6.0.13]
	at org.springframework.web.filter.FormContentFilter.doFilterInternal(FormContentFilter.java:93) ~[spring-web-6.0.13.jar:6.0.13]
	at org.springframework.web.filter.OncePerRequestFilter.doFilter(OncePerRequestFilter.java:116) ~[spring-web-6.0.13.jar:6.0.13]
	at org.springframework.mock.web.MockFilterChain.doFilter(MockFilterChain.java:132) ~[spring-test-6.0.13.jar:6.0.13]
	at org.springframework.web.filter.CharacterEncodingFilter.doFilterInternal(CharacterEncodingFilter.java:201) ~[spring-web-6.0.13.jar:6.0.13]
	at org.springframework.web.filter.OncePerRequestFilter.doFilter(OncePerRequestFilter.java:116) ~[spring-web-6.0.13.jar:6.0.13]
	at org.springframework.mock.web.MockFilterChain.doFilter(MockFilterChain.java:132) ~[spring-test-6.0.13.jar:6.0.13]
	at org.springframework.test.web.servlet.MockMvc.perform(MockMvc.java:201) ~[spring-test-6.0.13.jar:6.0.13]
	at com.example.ProjectService.ProjectControllerTests.shouldNotCreateProjectAndThrowConflicted(ProjectControllerTests.java:160) ~[test-classes/:na]
	at java.base/jdk.internal.reflect.NativeMethodAccessorImpl.invoke0(Native Method) ~[na:na]
	at java.base/jdk.internal.reflect.NativeMethodAccessorImpl.invoke(NativeMethodAccessorImpl.java:77) ~[na:na]
	at java.base/jdk.internal.reflect.DelegatingMethodAccessorImpl.invoke(DelegatingMethodAccessorImpl.java:43) ~[na:na]
	at java.base/java.lang.reflect.Method.invoke(Method.java:568) ~[na:na]
	at org.junit.platform.commons.util.ReflectionUtils.invokeMethod(ReflectionUtils.java:727) ~[junit-platform-commons-1.9.3.jar:1.9.3]
	at org.junit.jupiter.engine.execution.MethodInvocation.proceed(MethodInvocation.java:60) ~[junit-jupiter-engine-5.9.3.jar:5.9.3]
	at org.junit.jupiter.engine.execution.InvocationInterceptorChain$ValidatingInvocation.proceed(InvocationInterceptorChain.java:131) ~[junit-jupiter-engine-5.9.3.jar:5.9.3]
	at org.junit.jupiter.engine.extension.TimeoutExtension.intercept(TimeoutExtension.java:156) ~[junit-jupiter-engine-5.9.3.jar:5.9.3]
	at org.junit.jupiter.engine.extension.TimeoutExtension.interceptTestableMethod(TimeoutExtension.java:147) ~[junit-jupiter-engine-5.9.3.jar:5.9.3]
	at org.junit.jupiter.engine.extension.TimeoutExtension.interceptTestMethod(TimeoutExtension.java:86) ~[junit-jupiter-engine-5.9.3.jar:5.9.3]
	at org.junit.jupiter.engine.execution.InterceptingExecutableInvoker$ReflectiveInterceptorCall.lambda$ofVoidMethod$0(InterceptingExecutableInvoker.java:103) ~[junit-jupiter-engine-5.9.3.jar:5.9.3]
	at org.junit.jupiter.engine.execution.InterceptingExecutableInvoker.lambda$invoke$0(InterceptingExecutableInvoker.java:93) ~[junit-jupiter-engine-5.9.3.jar:5.9.3]
	at org.junit.jupiter.engine.execution.InvocationInterceptorChain$InterceptedInvocation.proceed(InvocationInterceptorChain.java:106) ~[junit-jupiter-engine-5.9.3.jar:5.9.3]
	at org.junit.jupiter.engine.execution.InvocationInterceptorChain.proceed(InvocationInterceptorChain.java:64) ~[junit-jupiter-engine-5.9.3.jar:5.9.3]
	at org.junit.jupiter.engine.execution.InvocationInterceptorChain.chainAndInvoke(InvocationInterceptorChain.java:45) ~[junit-jupiter-engine-5.9.3.jar:5.9.3]
	at org.junit.jupiter.engine.execution.InvocationInterceptorChain.invoke(InvocationInterceptorChain.java:37) ~[junit-jupiter-engine-5.9.3.jar:5.9.3]
	at org.junit.jupiter.engine.execution.InterceptingExecutableInvoker.invoke(InterceptingExecutableInvoker.java:92) ~[junit-jupiter-engine-5.9.3.jar:5.9.3]
	at org.junit.jupiter.engine.execution.InterceptingExecutableInvoker.invoke(InterceptingExecutableInvoker.java:86) ~[junit-jupiter-engine-5.9.3.jar:5.9.3]
	at org.junit.jupiter.engine.descriptor.TestMethodTestDescriptor.lambda$invokeTestMethod$7(TestMethodTestDescriptor.java:217) ~[junit-jupiter-engine-5.9.3.jar:5.9.3]
	at org.junit.platform.engine.support.hierarchical.ThrowableCollector.execute(ThrowableCollector.java:73) ~[junit-platform-engine-1.9.3.jar:1.9.3]
	at org.junit.jupiter.engine.descriptor.TestMethodTestDescriptor.invokeTestMethod(TestMethodTestDescriptor.java:213) ~[junit-jupiter-engine-5.9.3.jar:5.9.3]
	at org.junit.jupiter.engine.descriptor.TestMethodTestDescriptor.execute(TestMethodTestDescriptor.java:138) ~[junit-jupiter-engine-5.9.3.jar:5.9.3]
	at org.junit.jupiter.engine.descriptor.TestMethodTestDescriptor.execute(TestMethodTestDescriptor.java:68) ~[junit-jupiter-engine-5.9.3.jar:5.9.3]
	at org.junit.platform.engine.support.hierarchical.NodeTestTask.lambda$executeRecursively$6(NodeTestTask.java:151) ~[junit-platform-engine-1.9.3.jar:1.9.3]
	at org.junit.platform.engine.support.hierarchical.ThrowableCollector.execute(ThrowableCollector.java:73) ~[junit-platform-engine-1.9.3.jar:1.9.3]
	at org.junit.platform.engine.support.hierarchical.NodeTestTask.lambda$executeRecursively$8(NodeTestTask.java:141) ~[junit-platform-engine-1.9.3.jar:1.9.3]
	at org.junit.platform.engine.support.hierarchical.Node.around(Node.java:137) ~[junit-platform-engine-1.9.3.jar:1.9.3]
	at org.junit.platform.engine.support.hierarchical.NodeTestTask.lambda$executeRecursively$9(NodeTestTask.java:139) ~[junit-platform-engine-1.9.3.jar:1.9.3]
	at org.junit.platform.engine.support.hierarchical.ThrowableCollector.execute(ThrowableCollector.java:73) ~[junit-platform-engine-1.9.3.jar:1.9.3]
	at org.junit.platform.engine.support.hierarchical.NodeTestTask.executeRecursively(NodeTestTask.java:138) ~[junit-platform-engine-1.9.3.jar:1.9.3]
	at org.junit.platform.engine.support.hierarchical.NodeTestTask.execute(NodeTestTask.java:95) ~[junit-platform-engine-1.9.3.jar:1.9.3]
	at java.base/java.util.ArrayList.forEach(ArrayList.java:1511) ~[na:na]
	at org.junit.platform.engine.support.hierarchical.SameThreadHierarchicalTestExecutorService.invokeAll(SameThreadHierarchicalTestExecutorService.java:41) ~[junit-platform-engine-1.9.3.jar:1.9.3]
	at org.junit.platform.engine.support.hierarchical.NodeTestTask.lambda$executeRecursively$6(NodeTestTask.java:155) ~[junit-platform-engine-1.9.3.jar:1.9.3]
	at org.junit.platform.engine.support.hierarchical.ThrowableCollector.execute(ThrowableCollector.java:73) ~[junit-platform-engine-1.9.3.jar:1.9.3]
	at org.junit.platform.engine.support.hierarchical.NodeTestTask.lambda$executeRecursively$8(NodeTestTask.java:141) ~[junit-platform-engine-1.9.3.jar:1.9.3]
	at org.junit.platform.engine.support.hierarchical.Node.around(Node.java:137) ~[junit-platform-engine-1.9.3.jar:1.9.3]
	at org.junit.platform.engine.support.hierarchical.NodeTestTask.lambda$executeRecursively$9(NodeTestTask.java:139) ~[junit-platform-engine-1.9.3.jar:1.9.3]
	at org.junit.platform.engine.support.hierarchical.ThrowableCollector.execute(ThrowableCollector.java:73) ~[junit-platform-engine-1.9.3.jar:1.9.3]
	at org.junit.platform.engine.support.hierarchical.NodeTestTask.executeRecursively(NodeTestTask.java:138) ~[junit-platform-engine-1.9.3.jar:1.9.3]
	at org.junit.platform.engine.support.hierarchical.NodeTestTask.execute(NodeTestTask.java:95) ~[junit-platform-engine-1.9.3.jar:1.9.3]
	at java.base/java.util.ArrayList.forEach(ArrayList.java:1511) ~[na:na]
	at org.junit.platform.engine.support.hierarchical.SameThreadHierarchicalTestExecutorService.invokeAll(SameThreadHierarchicalTestExecutorService.java:41) ~[junit-platform-engine-1.9.3.jar:1.9.3]
	at org.junit.platform.engine.support.hierarchical.NodeTestTask.lambda$executeRecursively$6(NodeTestTask.java:155) ~[junit-platform-engine-1.9.3.jar:1.9.3]
	at org.junit.platform.engine.support.hierarchical.ThrowableCollector.execute(ThrowableCollector.java:73) ~[junit-platform-engine-1.9.3.jar:1.9.3]
	at org.junit.platform.engine.support.hierarchical.NodeTestTask.lambda$executeRecursively$8(NodeTestTask.java:141) ~[junit-platform-engine-1.9.3.jar:1.9.3]
	at org.junit.platform.engine.support.hierarchical.Node.around(Node.java:137) ~[junit-platform-engine-1.9.3.jar:1.9.3]
	at org.junit.platform.engine.support.hierarchical.NodeTestTask.lambda$executeRecursively$9(NodeTestTask.java:139) ~[junit-platform-engine-1.9.3.jar:1.9.3]
	at org.junit.platform.engine.support.hierarchical.ThrowableCollector.execute(ThrowableCollector.java:73) ~[junit-platform-engine-1.9.3.jar:1.9.3]
	at org.junit.platform.engine.support.hierarchical.NodeTestTask.executeRecursively(NodeTestTask.java:138) ~[junit-platform-engine-1.9.3.jar:1.9.3]
	at org.junit.platform.engine.support.hierarchical.NodeTestTask.execute(NodeTestTask.java:95) ~[junit-platform-engine-1.9.3.jar:1.9.3]
	at org.junit.platform.engine.support.hierarchical.SameThreadHierarchicalTestExecutorService.submit(SameThreadHierarchicalTestExecutorService.java:35) ~[junit-platform-engine-1.9.3.jar:1.9.3]
	at org.junit.platform.engine.support.hierarchical.HierarchicalTestExecutor.execute(HierarchicalTestExecutor.java:57) ~[junit-platform-engine-1.9.3.jar:1.9.3]
	at org.junit.platform.engine.support.hierarchical.HierarchicalTestEngine.execute(HierarchicalTestEngine.java:54) ~[junit-platform-engine-1.9.3.jar:1.9.3]
	at org.junit.platform.launcher.core.EngineExecutionOrchestrator.execute(EngineExecutionOrchestrator.java:147) ~[junit-platform-launcher-1.9.3.jar:1.9.3]
	at org.junit.platform.launcher.core.EngineExecutionOrchestrator.execute(EngineExecutionOrchestrator.java:127) ~[junit-platform-launcher-1.9.3.jar:1.9.3]
	at org.junit.platform.launcher.core.EngineExecutionOrchestrator.execute(EngineExecutionOrchestrator.java:90) ~[junit-platform-launcher-1.9.3.jar:1.9.3]
	at org.junit.platform.launcher.core.EngineExecutionOrchestrator.lambda$execute$0(EngineExecutionOrchestrator.java:55) ~[junit-platform-launcher-1.9.3.jar:1.9.3]
	at org.junit.platform.launcher.core.EngineExecutionOrchestrator.withInterceptedStreams(EngineExecutionOrchestrator.java:102) ~[junit-platform-launcher-1.9.3.jar:1.9.3]
	at org.junit.platform.launcher.core.EngineExecutionOrchestrator.execute(EngineExecutionOrchestrator.java:54) ~[junit-platform-launcher-1.9.3.jar:1.9.3]
	at org.junit.platform.launcher.core.DefaultLauncher.execute(DefaultLauncher.java:114) ~[junit-platform-launcher-1.9.3.jar:1.9.3]
	at org.junit.platform.launcher.core.DefaultLauncher.execute(DefaultLauncher.java:86) ~[junit-platform-launcher-1.9.3.jar:1.9.3]
	at org.junit.platform.launcher.core.DefaultLauncherSession$DelegatingLauncher.execute(DefaultLauncherSession.java:86) ~[junit-platform-launcher-1.9.3.jar:1.9.3]
	at org.apache.maven.surefire.junitplatform.LazyLauncher.execute(LazyLauncher.java:50) ~[surefire-junit-platform-3.0.0.jar:3.0.0]
	at org.apache.maven.surefire.junitplatform.JUnitPlatformProvider.execute(JUnitPlatformProvider.java:184) ~[surefire-junit-platform-3.0.0.jar:3.0.0]
	at org.apache.maven.surefire.junitplatform.JUnitPlatformProvider.invokeAllTests(JUnitPlatformProvider.java:148) ~[surefire-junit-platform-3.0.0.jar:3.0.0]
	at org.apache.maven.surefire.junitplatform.JUnitPlatformProvider.invoke(JUnitPlatformProvider.java:122) ~[surefire-junit-platform-3.0.0.jar:3.0.0]
	at org.apache.maven.surefire.booter.ForkedBooter.runSuitesInProcess(ForkedBooter.java:385) ~[surefire-booter-3.0.0.jar:3.0.0]
	at org.apache.maven.surefire.booter.ForkedBooter.execute(ForkedBooter.java:162) ~[surefire-booter-3.0.0.jar:3.0.0]
	at org.apache.maven.surefire.booter.ForkedBooter.run(ForkedBooter.java:507) ~[surefire-booter-3.0.0.jar:3.0.0]
	at org.apache.maven.surefire.booter.ForkedBooter.main(ForkedBooter.java:495) ~[surefire-booter-3.0.0.jar:3.0.0]
Caused by: org.hibernate.exception.DataException: could not execute statement [Value too long for column "projectname CHARACTER VARYING(20)": "'thisnameiswaytolongforaprojectandsonotallowed' (45)"; SQL statement:
insert into project (createdat,lastupdatedat,owner_id,projectdescription,projectname,id) values (?,?,?,?,?,default) [22001-214]] [insert into project (createdat,lastupdatedat,owner_id,projectdescription,projectname,id) values (?,?,?,?,?,default)]
	at org.hibernate.exception.internal.SQLExceptionTypeDelegate.convert(SQLExceptionTypeDelegate.java:53) ~[hibernate-core-6.2.13.Final.jar:6.2.13.Final]
	at org.hibernate.exception.internal.StandardSQLExceptionConverter.convert(StandardSQLExceptionConverter.java:56) ~[hibernate-core-6.2.13.Final.jar:6.2.13.Final]
	at org.hibernate.engine.jdbc.spi.SqlExceptionHelper.convert(SqlExceptionHelper.java:108) ~[hibernate-core-6.2.13.Final.jar:6.2.13.Final]
	at org.hibernate.engine.jdbc.internal.ResultSetReturnImpl.executeUpdate(ResultSetReturnImpl.java:278) ~[hibernate-core-6.2.13.Final.jar:6.2.13.Final]
	at org.hibernate.id.insert.GetGeneratedKeysDelegate.performInsert(GetGeneratedKeysDelegate.java:107) ~[hibernate-core-6.2.13.Final.jar:6.2.13.Final]
	at org.hibernate.engine.jdbc.mutation.internal.MutationExecutorPostInsertSingleTable.execute(MutationExecutorPostInsertSingleTable.java:100) ~[hibernate-core-6.2.13.Final.jar:6.2.13.Final]
	at org.hibernate.persister.entity.mutation.InsertCoordinator.doStaticInserts(InsertCoordinator.java:171) ~[hibernate-core-6.2.13.Final.jar:6.2.13.Final]
	at org.hibernate.persister.entity.mutation.InsertCoordinator.coordinateInsert(InsertCoordinator.java:112) ~[hibernate-core-6.2.13.Final.jar:6.2.13.Final]
	at org.hibernate.persister.entity.AbstractEntityPersister.insert(AbstractEntityPersister.java:2780) ~[hibernate-core-6.2.13.Final.jar:6.2.13.Final]
	at org.hibernate.action.internal.EntityIdentityInsertAction.execute(EntityIdentityInsertAction.java:81) ~[hibernate-core-6.2.13.Final.jar:6.2.13.Final]
	at org.hibernate.engine.spi.ActionQueue.execute(ActionQueue.java:676) ~[hibernate-core-6.2.13.Final.jar:6.2.13.Final]
	at org.hibernate.engine.spi.ActionQueue.addResolvedEntityInsertAction(ActionQueue.java:291) ~[hibernate-core-6.2.13.Final.jar:6.2.13.Final]
	at org.hibernate.engine.spi.ActionQueue.addInsertAction(ActionQueue.java:272) ~[hibernate-core-6.2.13.Final.jar:6.2.13.Final]
	at org.hibernate.engine.spi.ActionQueue.addAction(ActionQueue.java:322) ~[hibernate-core-6.2.13.Final.jar:6.2.13.Final]
	at org.hibernate.event.internal.AbstractSaveEventListener.addInsertAction(AbstractSaveEventListener.java:363) ~[hibernate-core-6.2.13.Final.jar:6.2.13.Final]
	at org.hibernate.event.internal.AbstractSaveEventListener.performSaveOrReplicate(AbstractSaveEventListener.java:277) ~[hibernate-core-6.2.13.Final.jar:6.2.13.Final]
	at org.hibernate.event.internal.AbstractSaveEventListener.performSave(AbstractSaveEventListener.java:180) ~[hibernate-core-6.2.13.Final.jar:6.2.13.Final]
	at org.hibernate.event.internal.AbstractSaveEventListener.saveWithGeneratedId(AbstractSaveEventListener.java:140) ~[hibernate-core-6.2.13.Final.jar:6.2.13.Final]
	at org.hibernate.event.internal.DefaultPersistEventListener.entityIsTransient(DefaultPersistEventListener.java:175) ~[hibernate-core-6.2.13.Final.jar:6.2.13.Final]
	at org.hibernate.event.internal.DefaultPersistEventListener.persist(DefaultPersistEventListener.java:93) ~[hibernate-core-6.2.13.Final.jar:6.2.13.Final]
	at org.hibernate.event.internal.DefaultPersistEventListener.onPersist(DefaultPersistEventListener.java:77) ~[hibernate-core-6.2.13.Final.jar:6.2.13.Final]
	at org.hibernate.event.internal.DefaultPersistEventListener.onPersist(DefaultPersistEventListener.java:54) ~[hibernate-core-6.2.13.Final.jar:6.2.13.Final]
	at org.hibernate.event.service.internal.EventListenerGroupImpl.fireEventOnEachListener(EventListenerGroupImpl.java:127) ~[hibernate-core-6.2.13.Final.jar:6.2.13.Final]
	at org.hibernate.internal.SessionImpl.firePersist(SessionImpl.java:755) ~[hibernate-core-6.2.13.Final.jar:6.2.13.Final]
	at org.hibernate.internal.SessionImpl.persist(SessionImpl.java:739) ~[hibernate-core-6.2.13.Final.jar:6.2.13.Final]
	at java.base/jdk.internal.reflect.NativeMethodAccessorImpl.invoke0(Native Method) ~[na:na]
	at java.base/jdk.internal.reflect.NativeMethodAccessorImpl.invoke(NativeMethodAccessorImpl.java:77) ~[na:na]
	at java.base/jdk.internal.reflect.DelegatingMethodAccessorImpl.invoke(DelegatingMethodAccessorImpl.java:43) ~[na:na]
	at java.base/java.lang.reflect.Method.invoke(Method.java:568) ~[na:na]
	at org.springframework.orm.jpa.ExtendedEntityManagerCreator$ExtendedEntityManagerInvocationHandler.invoke(ExtendedEntityManagerCreator.java:360) ~[spring-orm-6.0.13.jar:6.0.13]
	at jdk.proxy2/jdk.proxy2.$Proxy164.persist(Unknown Source) ~[na:na]
	at java.base/jdk.internal.reflect.NativeMethodAccessorImpl.invoke0(Native Method) ~[na:na]
	at java.base/jdk.internal.reflect.NativeMethodAccessorImpl.invoke(NativeMethodAccessorImpl.java:77) ~[na:na]
	at java.base/jdk.internal.reflect.DelegatingMethodAccessorImpl.invoke(DelegatingMethodAccessorImpl.java:43) ~[na:na]
	at java.base/java.lang.reflect.Method.invoke(Method.java:568) ~[na:na]
	at org.springframework.orm.jpa.SharedEntityManagerCreator$SharedEntityManagerInvocationHandler.invoke(SharedEntityManagerCreator.java:311) ~[spring-orm-6.0.13.jar:6.0.13]
	at jdk.proxy2/jdk.proxy2.$Proxy164.persist(Unknown Source) ~[na:na]
	at org.springframework.data.jpa.repository.support.SimpleJpaRepository.save(SimpleJpaRepository.java:618) ~[spring-data-jpa-3.1.5.jar:3.1.5]
	at java.base/jdk.internal.reflect.NativeMethodAccessorImpl.invoke0(Native Method) ~[na:na]
	at java.base/jdk.internal.reflect.NativeMethodAccessorImpl.invoke(NativeMethodAccessorImpl.java:77) ~[na:na]
	at java.base/jdk.internal.reflect.DelegatingMethodAccessorImpl.invoke(DelegatingMethodAccessorImpl.java:43) ~[na:na]
	at java.base/java.lang.reflect.Method.invoke(Method.java:568) ~[na:na]
	at org.springframework.data.repository.core.support.RepositoryMethodInvoker$RepositoryFragmentMethodInvoker.lambda$new$0(RepositoryMethodInvoker.java:288) ~[spring-data-commons-3.1.5.jar:3.1.5]
	at org.springframework.data.repository.core.support.RepositoryMethodInvoker.doInvoke(RepositoryMethodInvoker.java:136) ~[spring-data-commons-3.1.5.jar:3.1.5]
	at org.springframework.data.repository.core.support.RepositoryMethodInvoker.invoke(RepositoryMethodInvoker.java:120) ~[spring-data-commons-3.1.5.jar:3.1.5]
	at org.springframework.data.repository.core.support.RepositoryComposition$RepositoryFragments.invoke(RepositoryComposition.java:516) ~[spring-data-commons-3.1.5.jar:3.1.5]
	at org.springframework.data.repository.core.support.RepositoryComposition.invoke(RepositoryComposition.java:285) ~[spring-data-commons-3.1.5.jar:3.1.5]
	at org.springframework.data.repository.core.support.RepositoryFactorySupport$ImplementationMethodExecutionInterceptor.invoke(RepositoryFactorySupport.java:628) ~[spring-data-commons-3.1.5.jar:3.1.5]
	at org.springframework.aop.framework.ReflectiveMethodInvocation.proceed(ReflectiveMethodInvocation.java:184) ~[spring-aop-6.0.13.jar:6.0.13]
	at org.springframework.data.repository.core.support.QueryExecutorMethodInterceptor.doInvoke(QueryExecutorMethodInterceptor.java:168) ~[spring-data-commons-3.1.5.jar:3.1.5]
	at org.springframework.data.repository.core.support.QueryExecutorMethodInterceptor.invoke(QueryExecutorMethodInterceptor.java:143) ~[spring-data-commons-3.1.5.jar:3.1.5]
	at org.springframework.aop.framework.ReflectiveMethodInvocation.proceed(ReflectiveMethodInvocation.java:184) ~[spring-aop-6.0.13.jar:6.0.13]
	at org.springframework.data.projection.DefaultMethodInvokingMethodInterceptor.invoke(DefaultMethodInvokingMethodInterceptor.java:72) ~[spring-data-commons-3.1.5.jar:3.1.5]
	at org.springframework.aop.framework.ReflectiveMethodInvocation.proceed(ReflectiveMethodInvocation.java:184) ~[spring-aop-6.0.13.jar:6.0.13]
	at org.springframework.transaction.interceptor.TransactionInterceptor$1.proceedWithInvocation(TransactionInterceptor.java:123) ~[spring-tx-6.0.13.jar:6.0.13]
	at org.springframework.transaction.interceptor.TransactionAspectSupport.invokeWithinTransaction(TransactionAspectSupport.java:391) ~[spring-tx-6.0.13.jar:6.0.13]
	at org.springframework.transaction.interceptor.TransactionInterceptor.invoke(TransactionInterceptor.java:119) ~[spring-tx-6.0.13.jar:6.0.13]
	at org.springframework.aop.framework.ReflectiveMethodInvocation.proceed(ReflectiveMethodInvocation.java:184) ~[spring-aop-6.0.13.jar:6.0.13]
	at org.springframework.dao.support.PersistenceExceptionTranslationInterceptor.invoke(PersistenceExceptionTranslationInterceptor.java:137) ~[spring-tx-6.0.13.jar:6.0.13]
	... 118 common frames omitted
Caused by: org.h2.jdbc.JdbcSQLDataException: Value too long for column "projectname CHARACTER VARYING(20)": "'thisnameiswaytolongforaprojectandsonotallowed' (45)"; SQL statement:
insert into project (createdat,lastupdatedat,owner_id,projectdescription,projectname,id) values (?,?,?,?,?,default) [22001-214]
	at org.h2.message.DbException.getJdbcSQLException(DbException.java:506) ~[h2-2.1.214.jar:2.1.214]
	at org.h2.message.DbException.getJdbcSQLException(DbException.java:477) ~[h2-2.1.214.jar:2.1.214]
	at org.h2.message.DbException.get(DbException.java:223) ~[h2-2.1.214.jar:2.1.214]
	at org.h2.message.DbException.getValueTooLongException(DbException.java:322) ~[h2-2.1.214.jar:2.1.214]
	at org.h2.value.Value.getValueTooLongException(Value.java:2573) ~[h2-2.1.214.jar:2.1.214]
	at org.h2.value.Value.convertToVarchar(Value.java:1261) ~[h2-2.1.214.jar:2.1.214]
	at org.h2.value.Value.convertTo(Value.java:1117) ~[h2-2.1.214.jar:2.1.214]
	at org.h2.value.Value.convertForAssignTo(Value.java:1092) ~[h2-2.1.214.jar:2.1.214]
	at org.h2.table.Column.validateConvertUpdateSequence(Column.java:369) ~[h2-2.1.214.jar:2.1.214]
	at org.h2.table.Table.convertInsertRow(Table.java:926) ~[h2-2.1.214.jar:2.1.214]
	at org.h2.command.dml.Insert.insertRows(Insert.java:167) ~[h2-2.1.214.jar:2.1.214]
	at org.h2.command.dml.Insert.update(Insert.java:135) ~[h2-2.1.214.jar:2.1.214]
	at org.h2.command.CommandContainer.executeUpdateWithGeneratedKeys(CommandContainer.java:242) ~[h2-2.1.214.jar:2.1.214]
	at org.h2.command.CommandContainer.update(CommandContainer.java:163) ~[h2-2.1.214.jar:2.1.214]
	at org.h2.command.Command.executeUpdate(Command.java:252) ~[h2-2.1.214.jar:2.1.214]
	at org.h2.jdbc.JdbcPreparedStatement.executeUpdateInternal(JdbcPreparedStatement.java:209) ~[h2-2.1.214.jar:2.1.214]
	at org.h2.jdbc.JdbcPreparedStatement.executeUpdate(JdbcPreparedStatement.java:169) ~[h2-2.1.214.jar:2.1.214]
	at com.zaxxer.hikari.pool.ProxyPreparedStatement.executeUpdate(ProxyPreparedStatement.java:61) ~[HikariCP-5.0.1.jar:na]
	at com.zaxxer.hikari.pool.HikariProxyPreparedStatement.executeUpdate(HikariProxyPreparedStatement.java) ~[HikariCP-5.0.1.jar:na]
	at org.hibernate.engine.jdbc.internal.ResultSetReturnImpl.executeUpdate(ResultSetReturnImpl.java:275) ~[hibernate-core-6.2.13.Final.jar:6.2.13.Final]
	... 173 common frames omitted

]]></system-out>
  </testcase>
  <testcase name="shouldNotCreateProject" classname="com.example.ProjectService.ProjectControllerTests" time="0.606">
    <system-out><![CDATA[2023-11-26T17:02:25.945+01:00  INFO 4812 --- [           main] o.apache.catalina.core.StandardService   : Stopping service [Tomcat]
2023-11-26T17:02:25.951+01:00  INFO 4812 --- [           main] j.LocalContainerEntityManagerFactoryBean : Closing JPA EntityManagerFactory for persistence unit 'default'
2023-11-26T17:02:25.951+01:00 DEBUG 4812 --- [           main] org.hibernate.SQL                        : drop table if exists project cascade 
2023-11-26T17:02:25.951+01:00 DEBUG 4812 --- [           main] org.hibernate.SQL                        : drop table if exists projectmember cascade 
2023-11-26T17:02:25.951+01:00 DEBUG 4812 --- [           main] org.hibernate.SQL                        : drop table if exists projectmembership cascade 
2023-11-26T17:02:25.951+01:00 DEBUG 4812 --- [           main] org.hibernate.SQL                        : drop table if exists projectrole cascade 
2023-11-26T17:02:25.951+01:00  INFO 4812 --- [           main] com.zaxxer.hikari.HikariDataSource       : HikariPool-3 - Shutdown initiated...
2023-11-26T17:02:25.951+01:00  INFO 4812 --- [           main] com.zaxxer.hikari.HikariDataSource       : HikariPool-3 - Shutdown completed.

  .   ____          _            __ _ _
 /\\ / ___'_ __ _ _(_)_ __  __ _ \ \ \ \
( ( )\___ | '_ | '_| | '_ \/ _` | \ \ \ \
 \\/  ___)| |_)| | | | | || (_| |  ) ) ) )
  '  |____| .__|_| |_|_| |_\__, | / / / /
 =========|_|==============|___/=/_/_/_/
 :: Spring Boot ::                (v3.1.5)

2023-11-26T17:02:25.967+01:00  INFO 4812 --- [           main] c.e.P.ProjectControllerTests             : Starting ProjectControllerTests using Java 17.0.8.1 with PID 4812 (started by mitch in D:\projecten\semester6individueel\ProjectService)
2023-11-26T17:02:25.967+01:00  INFO 4812 --- [           main] c.e.P.ProjectControllerTests             : The following 1 profile is active: "test"
2023-11-26T17:02:26.112+01:00  INFO 4812 --- [           main] .s.d.r.c.RepositoryConfigurationDelegate : Multiple Spring Data modules found, entering strict repository configuration mode
2023-11-26T17:02:26.112+01:00  INFO 4812 --- [           main] .s.d.r.c.RepositoryConfigurationDelegate : Bootstrapping Spring Data JPA repositories in DEFAULT mode.
2023-11-26T17:02:26.124+01:00  INFO 4812 --- [           main] .s.d.r.c.RepositoryConfigurationDelegate : Finished Spring Data repository scanning in 10 ms. Found 2 JPA repository interfaces.
2023-11-26T17:02:26.124+01:00  INFO 4812 --- [           main] .s.d.r.c.RepositoryConfigurationDelegate : Multiple Spring Data modules found, entering strict repository configuration mode
2023-11-26T17:02:26.128+01:00  INFO 4812 --- [           main] .s.d.r.c.RepositoryConfigurationDelegate : Bootstrapping Spring Data Redis repositories in DEFAULT mode.
2023-11-26T17:02:26.128+01:00  INFO 4812 --- [           main] .RepositoryConfigurationExtensionSupport : Spring Data Redis - Could not safely identify store assignment for repository candidate interface com.example.ProjectService.repositories.IAccountRepository; If you want this repository to be a Redis repository, consider annotating your entities with one of these annotations: org.springframework.data.redis.core.RedisHash (preferred), or consider extending one of the following types with your repository: org.springframework.data.keyvalue.repository.KeyValueRepository
2023-11-26T17:02:26.128+01:00  INFO 4812 --- [           main] .RepositoryConfigurationExtensionSupport : Spring Data Redis - Could not safely identify store assignment for repository candidate interface com.example.ProjectService.repositories.IProjectRepository; If you want this repository to be a Redis repository, consider annotating your entities with one of these annotations: org.springframework.data.redis.core.RedisHash (preferred), or consider extending one of the following types with your repository: org.springframework.data.keyvalue.repository.KeyValueRepository
2023-11-26T17:02:26.132+01:00  INFO 4812 --- [           main] .s.d.r.c.RepositoryConfigurationDelegate : Finished Spring Data repository scanning in 3 ms. Found 0 Redis repository interfaces.
2023-11-26T17:02:26.208+01:00  INFO 4812 --- [           main] o.s.b.w.embedded.tomcat.TomcatWebServer  : Tomcat initialized with port(s): 0 (http)
2023-11-26T17:02:26.208+01:00  INFO 4812 --- [           main] o.apache.catalina.core.StandardService   : Starting service [Tomcat]
2023-11-26T17:02:26.212+01:00  INFO 4812 --- [           main] o.apache.catalina.core.StandardEngine    : Starting Servlet engine: [Apache Tomcat/10.1.15]
2023-11-26T17:02:26.244+01:00  INFO 4812 --- [           main] o.a.c.c.C.[Tomcat].[localhost].[/]       : Initializing Spring embedded WebApplicationContext
2023-11-26T17:02:26.244+01:00  INFO 4812 --- [           main] w.s.c.ServletWebServerApplicationContext : Root WebApplicationContext: initialization completed in 265 ms
2023-11-26T17:02:26.268+01:00  INFO 4812 --- [           main] o.hibernate.jpa.internal.util.LogHelper  : HHH000204: Processing PersistenceUnitInfo [name: default]
2023-11-26T17:02:26.272+01:00  INFO 4812 --- [           main] o.s.o.j.p.SpringPersistenceUnitInfo      : No LoadTimeWeaver setup: ignoring JPA class transformer
2023-11-26T17:02:26.272+01:00  INFO 4812 --- [           main] com.zaxxer.hikari.HikariDataSource       : HikariPool-4 - Starting...
2023-11-26T17:02:26.272+01:00  INFO 4812 --- [           main] com.zaxxer.hikari.pool.HikariPool        : HikariPool-4 - Added connection conn30: url=jdbc:h2:mem:db user=SA
2023-11-26T17:02:26.272+01:00  INFO 4812 --- [           main] com.zaxxer.hikari.HikariDataSource       : HikariPool-4 - Start completed.
2023-11-26T17:02:26.272+01:00  WARN 4812 --- [           main] org.hibernate.orm.deprecation            : HHH90000025: H2Dialect does not need to be specified explicitly using 'hibernate.dialect' (remove the property setting and it will be selected by default)
2023-11-26T17:02:26.288+01:00  WARN 4812 --- [           main] org.hibernate.mapping.RootClass          : HHH000038: Composite-id class does not override equals(): com.example.ProjectService.JoinTable.ProjectMembership
2023-11-26T17:02:26.288+01:00  WARN 4812 --- [           main] org.hibernate.mapping.RootClass          : HHH000039: Composite-id class does not override hashCode(): com.example.ProjectService.JoinTable.ProjectMembership
2023-11-26T17:02:26.328+01:00  INFO 4812 --- [           main] o.h.e.t.j.p.i.JtaPlatformInitiator       : HHH000489: No JTA platform available (set 'hibernate.transaction.jta.platform' to enable JTA platform integration)
2023-11-26T17:02:26.328+01:00 DEBUG 4812 --- [           main] org.hibernate.SQL                        : drop table if exists project cascade 
2023-11-26T17:02:26.328+01:00 DEBUG 4812 --- [           main] org.hibernate.SQL                        : drop table if exists projectmember cascade 
2023-11-26T17:02:26.328+01:00 DEBUG 4812 --- [           main] org.hibernate.SQL                        : drop table if exists projectmembership cascade 
2023-11-26T17:02:26.328+01:00 DEBUG 4812 --- [           main] org.hibernate.SQL                        : drop table if exists projectrole cascade 
2023-11-26T17:02:26.328+01:00 DEBUG 4812 --- [           main] org.hibernate.SQL                        : create table project (createdat timestamp(6) not null, id bigint generated by default as identity, lastupdatedat timestamp(6) not null, owner_id bigint, projectname varchar(20) not null, projectdescription varchar(50) not null, primary key (id))
2023-11-26T17:02:26.328+01:00 DEBUG 4812 --- [           main] org.hibernate.SQL                        : create table projectmember (id bigint not null, email varchar(255) unique, primary key (id))
2023-11-26T17:02:26.328+01:00 DEBUG 4812 --- [           main] org.hibernate.SQL                        : create table projectmembership (joinedproject_id bigint not null, member_id bigint not null, role_id bigint not null, primary key (joinedproject_id, member_id, role_id))
2023-11-26T17:02:26.332+01:00 DEBUG 4812 --- [           main] org.hibernate.SQL                        : create table projectrole (id bigint generated by default as identity, name varchar(255) unique, primary key (id))
2023-11-26T17:02:26.332+01:00 DEBUG 4812 --- [           main] org.hibernate.SQL                        : alter table if exists project add constraint FKgela6raf25bsa6thxog5x8lkv foreign key (owner_id) references projectmember
2023-11-26T17:02:26.332+01:00 DEBUG 4812 --- [           main] org.hibernate.SQL                        : alter table if exists projectmembership add constraint FKr5hoxnh9k5nutty4hon93c6fe foreign key (joinedproject_id) references project
2023-11-26T17:02:26.332+01:00 DEBUG 4812 --- [           main] org.hibernate.SQL                        : alter table if exists projectmembership add constraint FKt45jjcbtrrsgom05jwu0fje4b foreign key (member_id) references projectmember
2023-11-26T17:02:26.336+01:00 DEBUG 4812 --- [           main] org.hibernate.SQL                        : alter table if exists projectmembership add constraint FKfnovlarbluovef58uneoi1li1 foreign key (role_id) references projectrole
2023-11-26T17:02:26.336+01:00  INFO 4812 --- [           main] j.LocalContainerEntityManagerFactoryBean : Initialized JPA EntityManagerFactory for persistence unit 'default'
2023-11-26T17:02:26.406+01:00  WARN 4812 --- [           main] JpaBaseConfiguration$JpaWebConfiguration : spring.jpa.open-in-view is enabled by default. Therefore, database queries may be performed during view rendering. Explicitly configure spring.jpa.open-in-view to disable this warning
2023-11-26T17:02:26.511+01:00  INFO 4812 --- [           main] o.a.c.c.C.[Tomcat].[localhost].[/]       : Initializing Spring TestDispatcherServlet ''
2023-11-26T17:02:26.511+01:00  INFO 4812 --- [           main] o.s.t.web.servlet.TestDispatcherServlet  : Initializing Servlet ''
2023-11-26T17:02:26.511+01:00  INFO 4812 --- [           main] o.s.t.web.servlet.TestDispatcherServlet  : Completed initialization in 0 ms
2023-11-26T17:02:26.523+01:00  INFO 4812 --- [           main] o.s.b.w.embedded.tomcat.TomcatWebServer  : Tomcat started on port(s): 52523 (http) with context path ''
2023-11-26T17:02:26.523+01:00  INFO 4812 --- [           main] c.e.P.ProjectControllerTests             : Started ProjectControllerTests in 0.569 seconds (process running for 11.835)
2023-11-26T17:02:26.535+01:00  WARN 4812 --- [           main] .w.s.m.s.DefaultHandlerExceptionResolver : Resolved [org.springframework.http.converter.HttpMessageNotReadableException: Required request body is missing: public org.springframework.http.ResponseEntity<java.lang.String> com.example.ProjectService.Project.ProjectController.CreateProject(com.example.ProjectService.Project.dtos.ProjectDto)]
]]></system-out>
  </testcase>
  <testcase name="shouldCreateProject" classname="com.example.ProjectService.ProjectControllerTests" time="0.698">
    <system-out><![CDATA[2023-11-26T17:02:26.551+01:00  INFO 4812 --- [           main] o.apache.catalina.core.StandardService   : Stopping service [Tomcat]
2023-11-26T17:02:26.559+01:00  INFO 4812 --- [           main] j.LocalContainerEntityManagerFactoryBean : Closing JPA EntityManagerFactory for persistence unit 'default'
2023-11-26T17:02:26.559+01:00 DEBUG 4812 --- [           main] org.hibernate.SQL                        : drop table if exists project cascade 
2023-11-26T17:02:26.559+01:00 DEBUG 4812 --- [           main] org.hibernate.SQL                        : drop table if exists projectmember cascade 
2023-11-26T17:02:26.559+01:00 DEBUG 4812 --- [           main] org.hibernate.SQL                        : drop table if exists projectmembership cascade 
2023-11-26T17:02:26.559+01:00 DEBUG 4812 --- [           main] org.hibernate.SQL                        : drop table if exists projectrole cascade 
2023-11-26T17:02:26.559+01:00  INFO 4812 --- [           main] com.zaxxer.hikari.HikariDataSource       : HikariPool-4 - Shutdown initiated...
2023-11-26T17:02:26.563+01:00  INFO 4812 --- [           main] com.zaxxer.hikari.HikariDataSource       : HikariPool-4 - Shutdown completed.

  .   ____          _            __ _ _
 /\\ / ___'_ __ _ _(_)_ __  __ _ \ \ \ \
( ( )\___ | '_ | '_| | '_ \/ _` | \ \ \ \
 \\/  ___)| |_)| | | | | || (_| |  ) ) ) )
  '  |____| .__|_| |_|_| |_\__, | / / / /
 =========|_|==============|___/=/_/_/_/
 :: Spring Boot ::                (v3.1.5)

2023-11-26T17:02:26.583+01:00  INFO 4812 --- [           main] c.e.P.ProjectControllerTests             : Starting ProjectControllerTests using Java 17.0.8.1 with PID 4812 (started by mitch in D:\projecten\semester6individueel\ProjectService)
2023-11-26T17:02:26.583+01:00  INFO 4812 --- [           main] c.e.P.ProjectControllerTests             : The following 1 profile is active: "test"
2023-11-26T17:02:26.706+01:00  INFO 4812 --- [           main] .s.d.r.c.RepositoryConfigurationDelegate : Multiple Spring Data modules found, entering strict repository configuration mode
2023-11-26T17:02:26.706+01:00  INFO 4812 --- [           main] .s.d.r.c.RepositoryConfigurationDelegate : Bootstrapping Spring Data JPA repositories in DEFAULT mode.
2023-11-26T17:02:26.718+01:00  INFO 4812 --- [           main] .s.d.r.c.RepositoryConfigurationDelegate : Finished Spring Data repository scanning in 11 ms. Found 2 JPA repository interfaces.
2023-11-26T17:02:26.718+01:00  INFO 4812 --- [           main] .s.d.r.c.RepositoryConfigurationDelegate : Multiple Spring Data modules found, entering strict repository configuration mode
2023-11-26T17:02:26.718+01:00  INFO 4812 --- [           main] .s.d.r.c.RepositoryConfigurationDelegate : Bootstrapping Spring Data Redis repositories in DEFAULT mode.
2023-11-26T17:02:26.722+01:00  INFO 4812 --- [           main] .RepositoryConfigurationExtensionSupport : Spring Data Redis - Could not safely identify store assignment for repository candidate interface com.example.ProjectService.repositories.IAccountRepository; If you want this repository to be a Redis repository, consider annotating your entities with one of these annotations: org.springframework.data.redis.core.RedisHash (preferred), or consider extending one of the following types with your repository: org.springframework.data.keyvalue.repository.KeyValueRepository
2023-11-26T17:02:26.722+01:00  INFO 4812 --- [           main] .RepositoryConfigurationExtensionSupport : Spring Data Redis - Could not safely identify store assignment for repository candidate interface com.example.ProjectService.repositories.IProjectRepository; If you want this repository to be a Redis repository, consider annotating your entities with one of these annotations: org.springframework.data.redis.core.RedisHash (preferred), or consider extending one of the following types with your repository: org.springframework.data.keyvalue.repository.KeyValueRepository
2023-11-26T17:02:26.722+01:00  INFO 4812 --- [           main] .s.d.r.c.RepositoryConfigurationDelegate : Finished Spring Data repository scanning in 3 ms. Found 0 Redis repository interfaces.
2023-11-26T17:02:26.770+01:00  INFO 4812 --- [           main] o.s.b.w.embedded.tomcat.TomcatWebServer  : Tomcat initialized with port(s): 0 (http)
2023-11-26T17:02:26.770+01:00  INFO 4812 --- [           main] o.apache.catalina.core.StandardService   : Starting service [Tomcat]
2023-11-26T17:02:26.770+01:00  INFO 4812 --- [           main] o.apache.catalina.core.StandardEngine    : Starting Servlet engine: [Apache Tomcat/10.1.15]
2023-11-26T17:02:26.806+01:00  INFO 4812 --- [           main] o.a.c.c.C.[Tomcat].[localhost].[/]       : Initializing Spring embedded WebApplicationContext
2023-11-26T17:02:26.806+01:00  INFO 4812 --- [           main] w.s.c.ServletWebServerApplicationContext : Root WebApplicationContext: initialization completed in 223 ms
2023-11-26T17:02:26.834+01:00  INFO 4812 --- [           main] o.hibernate.jpa.internal.util.LogHelper  : HHH000204: Processing PersistenceUnitInfo [name: default]
2023-11-26T17:02:26.842+01:00  INFO 4812 --- [           main] o.s.o.j.p.SpringPersistenceUnitInfo      : No LoadTimeWeaver setup: ignoring JPA class transformer
2023-11-26T17:02:26.842+01:00  INFO 4812 --- [           main] com.zaxxer.hikari.HikariDataSource       : HikariPool-5 - Starting...
2023-11-26T17:02:26.842+01:00  INFO 4812 --- [           main] com.zaxxer.hikari.pool.HikariPool        : HikariPool-5 - Added connection conn40: url=jdbc:h2:mem:db user=SA
2023-11-26T17:02:26.842+01:00  INFO 4812 --- [           main] com.zaxxer.hikari.HikariDataSource       : HikariPool-5 - Start completed.
2023-11-26T17:02:26.846+01:00  WARN 4812 --- [           main] org.hibernate.orm.deprecation            : HHH90000025: H2Dialect does not need to be specified explicitly using 'hibernate.dialect' (remove the property setting and it will be selected by default)
2023-11-26T17:02:26.862+01:00  WARN 4812 --- [           main] org.hibernate.mapping.RootClass          : HHH000038: Composite-id class does not override equals(): com.example.ProjectService.JoinTable.ProjectMembership
2023-11-26T17:02:26.862+01:00  WARN 4812 --- [           main] org.hibernate.mapping.RootClass          : HHH000039: Composite-id class does not override hashCode(): com.example.ProjectService.JoinTable.ProjectMembership
2023-11-26T17:02:26.910+01:00  INFO 4812 --- [           main] o.h.e.t.j.p.i.JtaPlatformInitiator       : HHH000489: No JTA platform available (set 'hibernate.transaction.jta.platform' to enable JTA platform integration)
2023-11-26T17:02:26.910+01:00 DEBUG 4812 --- [           main] org.hibernate.SQL                        : drop table if exists project cascade 
2023-11-26T17:02:26.910+01:00 DEBUG 4812 --- [           main] org.hibernate.SQL                        : drop table if exists projectmember cascade 
2023-11-26T17:02:26.910+01:00 DEBUG 4812 --- [           main] org.hibernate.SQL                        : drop table if exists projectmembership cascade 
2023-11-26T17:02:26.910+01:00 DEBUG 4812 --- [           main] org.hibernate.SQL                        : drop table if exists projectrole cascade 
2023-11-26T17:02:26.910+01:00 DEBUG 4812 --- [           main] org.hibernate.SQL                        : create table project (createdat timestamp(6) not null, id bigint generated by default as identity, lastupdatedat timestamp(6) not null, owner_id bigint, projectname varchar(20) not null, projectdescription varchar(50) not null, primary key (id))
2023-11-26T17:02:26.910+01:00 DEBUG 4812 --- [           main] org.hibernate.SQL                        : create table projectmember (id bigint not null, email varchar(255) unique, primary key (id))
2023-11-26T17:02:26.914+01:00 DEBUG 4812 --- [           main] org.hibernate.SQL                        : create table projectmembership (joinedproject_id bigint not null, member_id bigint not null, role_id bigint not null, primary key (joinedproject_id, member_id, role_id))
2023-11-26T17:02:26.914+01:00 DEBUG 4812 --- [           main] org.hibernate.SQL                        : create table projectrole (id bigint generated by default as identity, name varchar(255) unique, primary key (id))
2023-11-26T17:02:26.914+01:00 DEBUG 4812 --- [           main] org.hibernate.SQL                        : alter table if exists project add constraint FKgela6raf25bsa6thxog5x8lkv foreign key (owner_id) references projectmember
2023-11-26T17:02:26.914+01:00 DEBUG 4812 --- [           main] org.hibernate.SQL                        : alter table if exists projectmembership add constraint FKr5hoxnh9k5nutty4hon93c6fe foreign key (joinedproject_id) references project
2023-11-26T17:02:26.918+01:00 DEBUG 4812 --- [           main] org.hibernate.SQL                        : alter table if exists projectmembership add constraint FKt45jjcbtrrsgom05jwu0fje4b foreign key (member_id) references projectmember
2023-11-26T17:02:26.918+01:00 DEBUG 4812 --- [           main] org.hibernate.SQL                        : alter table if exists projectmembership add constraint FKfnovlarbluovef58uneoi1li1 foreign key (role_id) references projectrole
2023-11-26T17:02:26.918+01:00  INFO 4812 --- [           main] j.LocalContainerEntityManagerFactoryBean : Initialized JPA EntityManagerFactory for persistence unit 'default'
2023-11-26T17:02:26.970+01:00  WARN 4812 --- [           main] JpaBaseConfiguration$JpaWebConfiguration : spring.jpa.open-in-view is enabled by default. Therefore, database queries may be performed during view rendering. Explicitly configure spring.jpa.open-in-view to disable this warning
2023-11-26T17:02:27.065+01:00  INFO 4812 --- [           main] o.a.c.c.C.[Tomcat].[localhost].[/]       : Initializing Spring TestDispatcherServlet ''
2023-11-26T17:02:27.065+01:00  INFO 4812 --- [           main] o.s.t.web.servlet.TestDispatcherServlet  : Initializing Servlet ''
2023-11-26T17:02:27.066+01:00  INFO 4812 --- [           main] o.s.t.web.servlet.TestDispatcherServlet  : Completed initialization in 1 ms
2023-11-26T17:02:27.078+01:00  INFO 4812 --- [           main] o.s.b.w.embedded.tomcat.TomcatWebServer  : Tomcat started on port(s): 52525 (http) with context path ''
2023-11-26T17:02:27.085+01:00  INFO 4812 --- [           main] c.e.P.ProjectControllerTests             : Started ProjectControllerTests in 0.52 seconds (process running for 12.394)
2023-11-26T17:02:27.101+01:00 DEBUG 4812 --- [           main] org.hibernate.SQL                        : select p1_0.id,p1_0.email from projectmember p1_0 where p1_0.id=?
2023-11-26T17:02:27.105+01:00  INFO 4812 --- [           main] c.e.P.Project.ProjectService             : new project dto => Project{Id=null, Projectname='project66', Projectdescription='description1', Createdat=Sun Nov 26 17:02:27 CET 2023, Lastupdatedat=Sun Nov 26 17:02:27 CET 2023, Owner=ProjectMember{Id=140, Email='testuser140@gmail.com'}, Memberships=[]}
2023-11-26T17:02:27.105+01:00 DEBUG 4812 --- [           main] org.hibernate.SQL                        : insert into project (createdat,lastupdatedat,owner_id,projectdescription,projectname,id) values (?,?,?,?,?,default)
2023-11-26T17:02:27.221+01:00 DEBUG 4812 --- [           main] org.hibernate.SQL                        : SELECT * FROM `project` ORDER BY `id` DESC LIMIT 1
]]></system-out>
  </testcase>
  <testcase name="shouldGetNoProjectsFromAccount" classname="com.example.ProjectService.ProjectControllerTests" time="1.058">
    <system-out><![CDATA[2023-11-26T17:02:27.249+01:00  INFO 4812 --- [           main] o.apache.catalina.core.StandardService   : Stopping service [Tomcat]
2023-11-26T17:02:27.257+01:00  INFO 4812 --- [           main] j.LocalContainerEntityManagerFactoryBean : Closing JPA EntityManagerFactory for persistence unit 'default'
2023-11-26T17:02:27.257+01:00 DEBUG 4812 --- [           main] org.hibernate.SQL                        : drop table if exists project cascade 
2023-11-26T17:02:27.257+01:00 DEBUG 4812 --- [           main] org.hibernate.SQL                        : drop table if exists projectmember cascade 
2023-11-26T17:02:27.257+01:00 DEBUG 4812 --- [           main] org.hibernate.SQL                        : drop table if exists projectmembership cascade 
2023-11-26T17:02:27.257+01:00 DEBUG 4812 --- [           main] org.hibernate.SQL                        : drop table if exists projectrole cascade 
2023-11-26T17:02:27.257+01:00  INFO 4812 --- [           main] com.zaxxer.hikari.HikariDataSource       : HikariPool-5 - Shutdown initiated...
2023-11-26T17:02:27.261+01:00  INFO 4812 --- [           main] com.zaxxer.hikari.HikariDataSource       : HikariPool-5 - Shutdown completed.

  .   ____          _            __ _ _
 /\\ / ___'_ __ _ _(_)_ __  __ _ \ \ \ \
( ( )\___ | '_ | '_| | '_ \/ _` | \ \ \ \
 \\/  ___)| |_)| | | | | || (_| |  ) ) ) )
  '  |____| .__|_| |_|_| |_\__, | / / / /
 =========|_|==============|___/=/_/_/_/
 :: Spring Boot ::                (v3.1.5)

2023-11-26T17:02:27.281+01:00  INFO 4812 --- [           main] c.e.P.ProjectControllerTests             : Starting ProjectControllerTests using Java 17.0.8.1 with PID 4812 (started by mitch in D:\projecten\semester6individueel\ProjectService)
2023-11-26T17:02:27.281+01:00  INFO 4812 --- [           main] c.e.P.ProjectControllerTests             : The following 1 profile is active: "test"
2023-11-26T17:02:27.425+01:00  INFO 4812 --- [           main] .s.d.r.c.RepositoryConfigurationDelegate : Multiple Spring Data modules found, entering strict repository configuration mode
2023-11-26T17:02:27.425+01:00  INFO 4812 --- [           main] .s.d.r.c.RepositoryConfigurationDelegate : Bootstrapping Spring Data JPA repositories in DEFAULT mode.
2023-11-26T17:02:27.437+01:00  INFO 4812 --- [           main] .s.d.r.c.RepositoryConfigurationDelegate : Finished Spring Data repository scanning in 11 ms. Found 2 JPA repository interfaces.
2023-11-26T17:02:27.441+01:00  INFO 4812 --- [           main] .s.d.r.c.RepositoryConfigurationDelegate : Multiple Spring Data modules found, entering strict repository configuration mode
2023-11-26T17:02:27.441+01:00  INFO 4812 --- [           main] .s.d.r.c.RepositoryConfigurationDelegate : Bootstrapping Spring Data Redis repositories in DEFAULT mode.
2023-11-26T17:02:27.445+01:00  INFO 4812 --- [           main] .RepositoryConfigurationExtensionSupport : Spring Data Redis - Could not safely identify store assignment for repository candidate interface com.example.ProjectService.repositories.IAccountRepository; If you want this repository to be a Redis repository, consider annotating your entities with one of these annotations: org.springframework.data.redis.core.RedisHash (preferred), or consider extending one of the following types with your repository: org.springframework.data.keyvalue.repository.KeyValueRepository
2023-11-26T17:02:27.449+01:00  INFO 4812 --- [           main] .RepositoryConfigurationExtensionSupport : Spring Data Redis - Could not safely identify store assignment for repository candidate interface com.example.ProjectService.repositories.IProjectRepository; If you want this repository to be a Redis repository, consider annotating your entities with one of these annotations: org.springframework.data.redis.core.RedisHash (preferred), or consider extending one of the following types with your repository: org.springframework.data.keyvalue.repository.KeyValueRepository
2023-11-26T17:02:27.449+01:00  INFO 4812 --- [           main] .s.d.r.c.RepositoryConfigurationDelegate : Finished Spring Data repository scanning in 6 ms. Found 0 Redis repository interfaces.
2023-11-26T17:02:27.501+01:00  INFO 4812 --- [           main] o.s.b.w.embedded.tomcat.TomcatWebServer  : Tomcat initialized with port(s): 0 (http)
2023-11-26T17:02:27.501+01:00  INFO 4812 --- [           main] o.apache.catalina.core.StandardService   : Starting service [Tomcat]
2023-11-26T17:02:27.501+01:00  INFO 4812 --- [           main] o.apache.catalina.core.StandardEngine    : Starting Servlet engine: [Apache Tomcat/10.1.15]
2023-11-26T17:02:27.541+01:00  INFO 4812 --- [           main] o.a.c.c.C.[Tomcat].[localhost].[/]       : Initializing Spring embedded WebApplicationContext
2023-11-26T17:02:27.541+01:00  INFO 4812 --- [           main] w.s.c.ServletWebServerApplicationContext : Root WebApplicationContext: initialization completed in 260 ms
2023-11-26T17:02:27.565+01:00  INFO 4812 --- [           main] o.hibernate.jpa.internal.util.LogHelper  : HHH000204: Processing PersistenceUnitInfo [name: default]
2023-11-26T17:02:27.569+01:00  INFO 4812 --- [           main] o.s.o.j.p.SpringPersistenceUnitInfo      : No LoadTimeWeaver setup: ignoring JPA class transformer
2023-11-26T17:02:27.573+01:00  INFO 4812 --- [           main] com.zaxxer.hikari.HikariDataSource       : HikariPool-6 - Starting...
2023-11-26T17:02:27.573+01:00  INFO 4812 --- [           main] com.zaxxer.hikari.pool.HikariPool        : HikariPool-6 - Added connection conn50: url=jdbc:h2:mem:db user=SA
2023-11-26T17:02:27.573+01:00  INFO 4812 --- [           main] com.zaxxer.hikari.HikariDataSource       : HikariPool-6 - Start completed.
2023-11-26T17:02:27.573+01:00  WARN 4812 --- [           main] org.hibernate.orm.deprecation            : HHH90000025: H2Dialect does not need to be specified explicitly using 'hibernate.dialect' (remove the property setting and it will be selected by default)
2023-11-26T17:02:27.585+01:00  WARN 4812 --- [           main] org.hibernate.mapping.RootClass          : HHH000038: Composite-id class does not override equals(): com.example.ProjectService.JoinTable.ProjectMembership
2023-11-26T17:02:27.585+01:00  WARN 4812 --- [           main] org.hibernate.mapping.RootClass          : HHH000039: Composite-id class does not override hashCode(): com.example.ProjectService.JoinTable.ProjectMembership
2023-11-26T17:02:27.625+01:00  INFO 4812 --- [           main] o.h.e.t.j.p.i.JtaPlatformInitiator       : HHH000489: No JTA platform available (set 'hibernate.transaction.jta.platform' to enable JTA platform integration)
2023-11-26T17:02:27.625+01:00 DEBUG 4812 --- [           main] org.hibernate.SQL                        : drop table if exists project cascade 
2023-11-26T17:02:27.625+01:00 DEBUG 4812 --- [           main] org.hibernate.SQL                        : drop table if exists projectmember cascade 
2023-11-26T17:02:27.625+01:00 DEBUG 4812 --- [           main] org.hibernate.SQL                        : drop table if exists projectmembership cascade 
2023-11-26T17:02:27.625+01:00 DEBUG 4812 --- [           main] org.hibernate.SQL                        : drop table if exists projectrole cascade 
2023-11-26T17:02:27.629+01:00 DEBUG 4812 --- [           main] org.hibernate.SQL                        : create table project (createdat timestamp(6) not null, id bigint generated by default as identity, lastupdatedat timestamp(6) not null, owner_id bigint, projectname varchar(20) not null, projectdescription varchar(50) not null, primary key (id))
2023-11-26T17:02:27.629+01:00 DEBUG 4812 --- [           main] org.hibernate.SQL                        : create table projectmember (id bigint not null, email varchar(255) unique, primary key (id))
2023-11-26T17:02:27.629+01:00 DEBUG 4812 --- [           main] org.hibernate.SQL                        : create table projectmembership (joinedproject_id bigint not null, member_id bigint not null, role_id bigint not null, primary key (joinedproject_id, member_id, role_id))
2023-11-26T17:02:27.629+01:00 DEBUG 4812 --- [           main] org.hibernate.SQL                        : create table projectrole (id bigint generated by default as identity, name varchar(255) unique, primary key (id))
2023-11-26T17:02:27.629+01:00 DEBUG 4812 --- [           main] org.hibernate.SQL                        : alter table if exists project add constraint FKgela6raf25bsa6thxog5x8lkv foreign key (owner_id) references projectmember
2023-11-26T17:02:27.633+01:00 DEBUG 4812 --- [           main] org.hibernate.SQL                        : alter table if exists projectmembership add constraint FKr5hoxnh9k5nutty4hon93c6fe foreign key (joinedproject_id) references project
2023-11-26T17:02:27.633+01:00 DEBUG 4812 --- [           main] org.hibernate.SQL                        : alter table if exists projectmembership add constraint FKt45jjcbtrrsgom05jwu0fje4b foreign key (member_id) references projectmember
2023-11-26T17:02:27.633+01:00 DEBUG 4812 --- [           main] org.hibernate.SQL                        : alter table if exists projectmembership add constraint FKfnovlarbluovef58uneoi1li1 foreign key (role_id) references projectrole
2023-11-26T17:02:27.637+01:00  INFO 4812 --- [           main] j.LocalContainerEntityManagerFactoryBean : Initialized JPA EntityManagerFactory for persistence unit 'default'
2023-11-26T17:02:27.693+01:00  WARN 4812 --- [           main] JpaBaseConfiguration$JpaWebConfiguration : spring.jpa.open-in-view is enabled by default. Therefore, database queries may be performed during view rendering. Explicitly configure spring.jpa.open-in-view to disable this warning
2023-11-26T17:02:27.812+01:00  INFO 4812 --- [           main] o.a.c.c.C.[Tomcat].[localhost].[/]       : Initializing Spring TestDispatcherServlet ''
2023-11-26T17:02:27.812+01:00  INFO 4812 --- [           main] o.s.t.web.servlet.TestDispatcherServlet  : Initializing Servlet ''
2023-11-26T17:02:27.814+01:00  INFO 4812 --- [           main] o.s.t.web.servlet.TestDispatcherServlet  : Completed initialization in 0 ms
2023-11-26T17:02:27.824+01:00  INFO 4812 --- [           main] o.s.b.w.embedded.tomcat.TomcatWebServer  : Tomcat started on port(s): 52528 (http) with context path ''
2023-11-26T17:02:27.828+01:00  INFO 4812 --- [           main] c.e.P.ProjectControllerTests             : Started ProjectControllerTests in 0.565 seconds (process running for 13.138)
2023-11-26T17:02:28.259+01:00 DEBUG 4812 --- [           main] org.hibernate.SQL                        : select p1_0.id,p1_0.email from projectmember p1_0 where p1_0.id=?
2023-11-26T17:02:28.263+01:00 DEBUG 4812 --- [           main] org.hibernate.SQL                        : SELECT * FROM project WHERE owner_id = ?
]]></system-out>
  </testcase>
  <testcase name="shouldCreateProjectWithNewUser" classname="com.example.ProjectService.ProjectControllerTests" time="0.622">
    <system-out><![CDATA[2023-11-26T17:02:28.311+01:00  INFO 4812 --- [           main] o.apache.catalina.core.StandardService   : Stopping service [Tomcat]
2023-11-26T17:02:28.426+01:00  INFO 4812 --- [           main] j.LocalContainerEntityManagerFactoryBean : Closing JPA EntityManagerFactory for persistence unit 'default'
2023-11-26T17:02:28.426+01:00 DEBUG 4812 --- [           main] org.hibernate.SQL                        : drop table if exists project cascade 
2023-11-26T17:02:28.426+01:00 DEBUG 4812 --- [           main] org.hibernate.SQL                        : drop table if exists projectmember cascade 
2023-11-26T17:02:28.426+01:00 DEBUG 4812 --- [           main] org.hibernate.SQL                        : drop table if exists projectmembership cascade 
2023-11-26T17:02:28.426+01:00 DEBUG 4812 --- [           main] org.hibernate.SQL                        : drop table if exists projectrole cascade 
2023-11-26T17:02:28.426+01:00  INFO 4812 --- [           main] com.zaxxer.hikari.HikariDataSource       : HikariPool-6 - Shutdown initiated...
2023-11-26T17:02:28.426+01:00  INFO 4812 --- [           main] com.zaxxer.hikari.HikariDataSource       : HikariPool-6 - Shutdown completed.

  .   ____          _            __ _ _
 /\\ / ___'_ __ _ _(_)_ __  __ _ \ \ \ \
( ( )\___ | '_ | '_| | '_ \/ _` | \ \ \ \
 \\/  ___)| |_)| | | | | || (_| |  ) ) ) )
  '  |____| .__|_| |_|_| |_\__, | / / / /
 =========|_|==============|___/=/_/_/_/
 :: Spring Boot ::                (v3.1.5)

2023-11-26T17:02:28.442+01:00  INFO 4812 --- [           main] c.e.P.ProjectControllerTests             : Starting ProjectControllerTests using Java 17.0.8.1 with PID 4812 (started by mitch in D:\projecten\semester6individueel\ProjectService)
2023-11-26T17:02:28.442+01:00  INFO 4812 --- [           main] c.e.P.ProjectControllerTests             : The following 1 profile is active: "test"
2023-11-26T17:02:28.523+01:00  INFO 4812 --- [           main] .s.d.r.c.RepositoryConfigurationDelegate : Multiple Spring Data modules found, entering strict repository configuration mode
2023-11-26T17:02:28.526+01:00  INFO 4812 --- [           main] .s.d.r.c.RepositoryConfigurationDelegate : Bootstrapping Spring Data JPA repositories in DEFAULT mode.
2023-11-26T17:02:28.534+01:00  INFO 4812 --- [           main] .s.d.r.c.RepositoryConfigurationDelegate : Finished Spring Data repository scanning in 8 ms. Found 2 JPA repository interfaces.
2023-11-26T17:02:28.534+01:00  INFO 4812 --- [           main] .s.d.r.c.RepositoryConfigurationDelegate : Multiple Spring Data modules found, entering strict repository configuration mode
2023-11-26T17:02:28.534+01:00  INFO 4812 --- [           main] .s.d.r.c.RepositoryConfigurationDelegate : Bootstrapping Spring Data Redis repositories in DEFAULT mode.
2023-11-26T17:02:28.538+01:00  INFO 4812 --- [           main] .RepositoryConfigurationExtensionSupport : Spring Data Redis - Could not safely identify store assignment for repository candidate interface com.example.ProjectService.repositories.IAccountRepository; If you want this repository to be a Redis repository, consider annotating your entities with one of these annotations: org.springframework.data.redis.core.RedisHash (preferred), or consider extending one of the following types with your repository: org.springframework.data.keyvalue.repository.KeyValueRepository
2023-11-26T17:02:28.538+01:00  INFO 4812 --- [           main] .RepositoryConfigurationExtensionSupport : Spring Data Redis - Could not safely identify store assignment for repository candidate interface com.example.ProjectService.repositories.IProjectRepository; If you want this repository to be a Redis repository, consider annotating your entities with one of these annotations: org.springframework.data.redis.core.RedisHash (preferred), or consider extending one of the following types with your repository: org.springframework.data.keyvalue.repository.KeyValueRepository
2023-11-26T17:02:28.538+01:00  INFO 4812 --- [           main] .s.d.r.c.RepositoryConfigurationDelegate : Finished Spring Data repository scanning in 3 ms. Found 0 Redis repository interfaces.
2023-11-26T17:02:28.590+01:00  INFO 4812 --- [           main] o.s.b.w.embedded.tomcat.TomcatWebServer  : Tomcat initialized with port(s): 0 (http)
2023-11-26T17:02:28.590+01:00  INFO 4812 --- [           main] o.apache.catalina.core.StandardService   : Starting service [Tomcat]
2023-11-26T17:02:28.590+01:00  INFO 4812 --- [           main] o.apache.catalina.core.StandardEngine    : Starting Servlet engine: [Apache Tomcat/10.1.15]
2023-11-26T17:02:28.630+01:00  INFO 4812 --- [           main] o.a.c.c.C.[Tomcat].[localhost].[/]       : Initializing Spring embedded WebApplicationContext
2023-11-26T17:02:28.630+01:00  INFO 4812 --- [           main] w.s.c.ServletWebServerApplicationContext : Root WebApplicationContext: initialization completed in 188 ms
2023-11-26T17:02:28.654+01:00  INFO 4812 --- [           main] o.hibernate.jpa.internal.util.LogHelper  : HHH000204: Processing PersistenceUnitInfo [name: default]
2023-11-26T17:02:28.658+01:00  INFO 4812 --- [           main] o.s.o.j.p.SpringPersistenceUnitInfo      : No LoadTimeWeaver setup: ignoring JPA class transformer
2023-11-26T17:02:28.658+01:00  INFO 4812 --- [           main] com.zaxxer.hikari.HikariDataSource       : HikariPool-7 - Starting...
2023-11-26T17:02:28.658+01:00  INFO 4812 --- [           main] com.zaxxer.hikari.pool.HikariPool        : HikariPool-7 - Added connection conn60: url=jdbc:h2:mem:db user=SA
2023-11-26T17:02:28.658+01:00  INFO 4812 --- [           main] com.zaxxer.hikari.HikariDataSource       : HikariPool-7 - Start completed.
2023-11-26T17:02:28.658+01:00  WARN 4812 --- [           main] org.hibernate.orm.deprecation            : HHH90000025: H2Dialect does not need to be specified explicitly using 'hibernate.dialect' (remove the property setting and it will be selected by default)
2023-11-26T17:02:28.670+01:00  WARN 4812 --- [           main] org.hibernate.mapping.RootClass          : HHH000038: Composite-id class does not override equals(): com.example.ProjectService.JoinTable.ProjectMembership
2023-11-26T17:02:28.670+01:00  WARN 4812 --- [           main] org.hibernate.mapping.RootClass          : HHH000039: Composite-id class does not override hashCode(): com.example.ProjectService.JoinTable.ProjectMembership
2023-11-26T17:02:28.706+01:00  INFO 4812 --- [           main] o.h.e.t.j.p.i.JtaPlatformInitiator       : HHH000489: No JTA platform available (set 'hibernate.transaction.jta.platform' to enable JTA platform integration)
2023-11-26T17:02:28.706+01:00 DEBUG 4812 --- [           main] org.hibernate.SQL                        : drop table if exists project cascade 
2023-11-26T17:02:28.706+01:00 DEBUG 4812 --- [           main] org.hibernate.SQL                        : drop table if exists projectmember cascade 
2023-11-26T17:02:28.706+01:00 DEBUG 4812 --- [           main] org.hibernate.SQL                        : drop table if exists projectmembership cascade 
2023-11-26T17:02:28.706+01:00 DEBUG 4812 --- [           main] org.hibernate.SQL                        : drop table if exists projectrole cascade 
2023-11-26T17:02:28.706+01:00 DEBUG 4812 --- [           main] org.hibernate.SQL                        : create table project (createdat timestamp(6) not null, id bigint generated by default as identity, lastupdatedat timestamp(6) not null, owner_id bigint, projectname varchar(20) not null, projectdescription varchar(50) not null, primary key (id))
2023-11-26T17:02:28.706+01:00 DEBUG 4812 --- [           main] org.hibernate.SQL                        : create table projectmember (id bigint not null, email varchar(255) unique, primary key (id))
2023-11-26T17:02:28.706+01:00 DEBUG 4812 --- [           main] org.hibernate.SQL                        : create table projectmembership (joinedproject_id bigint not null, member_id bigint not null, role_id bigint not null, primary key (joinedproject_id, member_id, role_id))
2023-11-26T17:02:28.706+01:00 DEBUG 4812 --- [           main] org.hibernate.SQL                        : create table projectrole (id bigint generated by default as identity, name varchar(255) unique, primary key (id))
2023-11-26T17:02:28.706+01:00 DEBUG 4812 --- [           main] org.hibernate.SQL                        : alter table if exists project add constraint FKgela6raf25bsa6thxog5x8lkv foreign key (owner_id) references projectmember
2023-11-26T17:02:28.710+01:00 DEBUG 4812 --- [           main] org.hibernate.SQL                        : alter table if exists projectmembership add constraint FKr5hoxnh9k5nutty4hon93c6fe foreign key (joinedproject_id) references project
2023-11-26T17:02:28.710+01:00 DEBUG 4812 --- [           main] org.hibernate.SQL                        : alter table if exists projectmembership add constraint FKt45jjcbtrrsgom05jwu0fje4b foreign key (member_id) references projectmember
2023-11-26T17:02:28.710+01:00 DEBUG 4812 --- [           main] org.hibernate.SQL                        : alter table if exists projectmembership add constraint FKfnovlarbluovef58uneoi1li1 foreign key (role_id) references projectrole
2023-11-26T17:02:28.714+01:00  INFO 4812 --- [           main] j.LocalContainerEntityManagerFactoryBean : Initialized JPA EntityManagerFactory for persistence unit 'default'
2023-11-26T17:02:28.762+01:00  WARN 4812 --- [           main] JpaBaseConfiguration$JpaWebConfiguration : spring.jpa.open-in-view is enabled by default. Therefore, database queries may be performed during view rendering. Explicitly configure spring.jpa.open-in-view to disable this warning
2023-11-26T17:02:28.861+01:00  INFO 4812 --- [           main] o.a.c.c.C.[Tomcat].[localhost].[/]       : Initializing Spring TestDispatcherServlet ''
2023-11-26T17:02:28.861+01:00  INFO 4812 --- [           main] o.s.t.web.servlet.TestDispatcherServlet  : Initializing Servlet ''
2023-11-26T17:02:28.861+01:00  INFO 4812 --- [           main] o.s.t.web.servlet.TestDispatcherServlet  : Completed initialization in 0 ms
2023-11-26T17:02:28.877+01:00  INFO 4812 --- [           main] o.s.b.w.embedded.tomcat.TomcatWebServer  : Tomcat started on port(s): 52533 (http) with context path ''
2023-11-26T17:02:28.881+01:00  INFO 4812 --- [           main] c.e.P.ProjectControllerTests             : Started ProjectControllerTests in 0.45 seconds (process running for 14.191)
2023-11-26T17:02:28.897+01:00 DEBUG 4812 --- [           main] org.hibernate.SQL                        : select p1_0.id,p1_0.email from projectmember p1_0 where p1_0.id=?
2023-11-26T17:02:28.905+01:00 DEBUG 4812 --- [           main] org.hibernate.SQL                        : select p1_0.id,p1_0.email from projectmember p1_0 where p1_0.id=?
2023-11-26T17:02:28.913+01:00 DEBUG 4812 --- [           main] org.hibernate.SQL                        : insert into projectmember (email,id) values (?,?)
2023-11-26T17:02:28.913+01:00  INFO 4812 --- [           main] c.e.P.Project.ProjectService             : new project dto => Project{Id=null, Projectname='project666666', Projectdescription='description16666', Createdat=Sun Nov 26 17:02:28 CET 2023, Lastupdatedat=Sun Nov 26 17:02:28 CET 2023, Owner=ProjectMember{Id=144, Email='testuser144@gmail.com'}, Memberships=[]}
2023-11-26T17:02:28.917+01:00 DEBUG 4812 --- [           main] org.hibernate.SQL                        : insert into project (createdat,lastupdatedat,owner_id,projectdescription,projectname,id) values (?,?,?,?,?,default)
2023-11-26T17:02:28.917+01:00 DEBUG 4812 --- [           main] org.hibernate.SQL                        : SELECT * FROM `project` ORDER BY `id` DESC LIMIT 1
]]></system-out>
  </testcase>
  <testcase name="shouldGetAll3ProjectsFromAccount" classname="com.example.ProjectService.ProjectControllerTests" time="0.555">
    <system-out><![CDATA[2023-11-26T17:02:28.933+01:00  INFO 4812 --- [           main] o.apache.catalina.core.StandardService   : Stopping service [Tomcat]
2023-11-26T17:02:28.937+01:00  INFO 4812 --- [           main] j.LocalContainerEntityManagerFactoryBean : Closing JPA EntityManagerFactory for persistence unit 'default'
2023-11-26T17:02:28.937+01:00 DEBUG 4812 --- [           main] org.hibernate.SQL                        : drop table if exists project cascade 
2023-11-26T17:02:28.937+01:00 DEBUG 4812 --- [           main] org.hibernate.SQL                        : drop table if exists projectmember cascade 
2023-11-26T17:02:28.937+01:00 DEBUG 4812 --- [           main] org.hibernate.SQL                        : drop table if exists projectmembership cascade 
2023-11-26T17:02:28.937+01:00 DEBUG 4812 --- [           main] org.hibernate.SQL                        : drop table if exists projectrole cascade 
2023-11-26T17:02:28.937+01:00  INFO 4812 --- [           main] com.zaxxer.hikari.HikariDataSource       : HikariPool-7 - Shutdown initiated...
2023-11-26T17:02:28.941+01:00  INFO 4812 --- [           main] com.zaxxer.hikari.HikariDataSource       : HikariPool-7 - Shutdown completed.

  .   ____          _            __ _ _
 /\\ / ___'_ __ _ _(_)_ __  __ _ \ \ \ \
( ( )\___ | '_ | '_| | '_ \/ _` | \ \ \ \
 \\/  ___)| |_)| | | | | || (_| |  ) ) ) )
  '  |____| .__|_| |_|_| |_\__, | / / / /
 =========|_|==============|___/=/_/_/_/
 :: Spring Boot ::                (v3.1.5)

2023-11-26T17:02:28.957+01:00  INFO 4812 --- [           main] c.e.P.ProjectControllerTests             : Starting ProjectControllerTests using Java 17.0.8.1 with PID 4812 (started by mitch in D:\projecten\semester6individueel\ProjectService)
2023-11-26T17:02:28.957+01:00  INFO 4812 --- [           main] c.e.P.ProjectControllerTests             : The following 1 profile is active: "test"
2023-11-26T17:02:29.059+01:00  INFO 4812 --- [           main] .s.d.r.c.RepositoryConfigurationDelegate : Multiple Spring Data modules found, entering strict repository configuration mode
2023-11-26T17:02:29.059+01:00  INFO 4812 --- [           main] .s.d.r.c.RepositoryConfigurationDelegate : Bootstrapping Spring Data JPA repositories in DEFAULT mode.
2023-11-26T17:02:29.067+01:00  INFO 4812 --- [           main] .s.d.r.c.RepositoryConfigurationDelegate : Finished Spring Data repository scanning in 10 ms. Found 2 JPA repository interfaces.
2023-11-26T17:02:29.071+01:00  INFO 4812 --- [           main] .s.d.r.c.RepositoryConfigurationDelegate : Multiple Spring Data modules found, entering strict repository configuration mode
2023-11-26T17:02:29.071+01:00  INFO 4812 --- [           main] .s.d.r.c.RepositoryConfigurationDelegate : Bootstrapping Spring Data Redis repositories in DEFAULT mode.
2023-11-26T17:02:29.075+01:00  INFO 4812 --- [           main] .RepositoryConfigurationExtensionSupport : Spring Data Redis - Could not safely identify store assignment for repository candidate interface com.example.ProjectService.repositories.IAccountRepository; If you want this repository to be a Redis repository, consider annotating your entities with one of these annotations: org.springframework.data.redis.core.RedisHash (preferred), or consider extending one of the following types with your repository: org.springframework.data.keyvalue.repository.KeyValueRepository
2023-11-26T17:02:29.075+01:00  INFO 4812 --- [           main] .RepositoryConfigurationExtensionSupport : Spring Data Redis - Could not safely identify store assignment for repository candidate interface com.example.ProjectService.repositories.IProjectRepository; If you want this repository to be a Redis repository, consider annotating your entities with one of these annotations: org.springframework.data.redis.core.RedisHash (preferred), or consider extending one of the following types with your repository: org.springframework.data.keyvalue.repository.KeyValueRepository
2023-11-26T17:02:29.075+01:00  INFO 4812 --- [           main] .s.d.r.c.RepositoryConfigurationDelegate : Finished Spring Data repository scanning in 2 ms. Found 0 Redis repository interfaces.
2023-11-26T17:02:29.120+01:00  INFO 4812 --- [           main] o.s.b.w.embedded.tomcat.TomcatWebServer  : Tomcat initialized with port(s): 0 (http)
2023-11-26T17:02:29.120+01:00  INFO 4812 --- [           main] o.apache.catalina.core.StandardService   : Starting service [Tomcat]
2023-11-26T17:02:29.120+01:00  INFO 4812 --- [           main] o.apache.catalina.core.StandardEngine    : Starting Servlet engine: [Apache Tomcat/10.1.15]
2023-11-26T17:02:29.164+01:00  INFO 4812 --- [           main] o.a.c.c.C.[Tomcat].[localhost].[/]       : Initializing Spring embedded WebApplicationContext
2023-11-26T17:02:29.164+01:00  INFO 4812 --- [           main] w.s.c.ServletWebServerApplicationContext : Root WebApplicationContext: initialization completed in 207 ms
2023-11-26T17:02:29.200+01:00  INFO 4812 --- [           main] o.hibernate.jpa.internal.util.LogHelper  : HHH000204: Processing PersistenceUnitInfo [name: default]
2023-11-26T17:02:29.208+01:00  INFO 4812 --- [           main] o.s.o.j.p.SpringPersistenceUnitInfo      : No LoadTimeWeaver setup: ignoring JPA class transformer
2023-11-26T17:02:29.208+01:00  INFO 4812 --- [           main] com.zaxxer.hikari.HikariDataSource       : HikariPool-8 - Starting...
2023-11-26T17:02:29.208+01:00  INFO 4812 --- [           main] com.zaxxer.hikari.pool.HikariPool        : HikariPool-8 - Added connection conn70: url=jdbc:h2:mem:db user=SA
2023-11-26T17:02:29.208+01:00  INFO 4812 --- [           main] com.zaxxer.hikari.HikariDataSource       : HikariPool-8 - Start completed.
2023-11-26T17:02:29.208+01:00  WARN 4812 --- [           main] org.hibernate.orm.deprecation            : HHH90000025: H2Dialect does not need to be specified explicitly using 'hibernate.dialect' (remove the property setting and it will be selected by default)
2023-11-26T17:02:29.220+01:00  WARN 4812 --- [           main] org.hibernate.mapping.RootClass          : HHH000038: Composite-id class does not override equals(): com.example.ProjectService.JoinTable.ProjectMembership
2023-11-26T17:02:29.220+01:00  WARN 4812 --- [           main] org.hibernate.mapping.RootClass          : HHH000039: Composite-id class does not override hashCode(): com.example.ProjectService.JoinTable.ProjectMembership
2023-11-26T17:02:29.252+01:00  INFO 4812 --- [           main] o.h.e.t.j.p.i.JtaPlatformInitiator       : HHH000489: No JTA platform available (set 'hibernate.transaction.jta.platform' to enable JTA platform integration)
2023-11-26T17:02:29.252+01:00 DEBUG 4812 --- [           main] org.hibernate.SQL                        : drop table if exists project cascade 
2023-11-26T17:02:29.252+01:00 DEBUG 4812 --- [           main] org.hibernate.SQL                        : drop table if exists projectmember cascade 
2023-11-26T17:02:29.256+01:00 DEBUG 4812 --- [           main] org.hibernate.SQL                        : drop table if exists projectmembership cascade 
2023-11-26T17:02:29.256+01:00 DEBUG 4812 --- [           main] org.hibernate.SQL                        : drop table if exists projectrole cascade 
2023-11-26T17:02:29.256+01:00 DEBUG 4812 --- [           main] org.hibernate.SQL                        : create table project (createdat timestamp(6) not null, id bigint generated by default as identity, lastupdatedat timestamp(6) not null, owner_id bigint, projectname varchar(20) not null, projectdescription varchar(50) not null, primary key (id))
2023-11-26T17:02:29.256+01:00 DEBUG 4812 --- [           main] org.hibernate.SQL                        : create table projectmember (id bigint not null, email varchar(255) unique, primary key (id))
2023-11-26T17:02:29.256+01:00 DEBUG 4812 --- [           main] org.hibernate.SQL                        : create table projectmembership (joinedproject_id bigint not null, member_id bigint not null, role_id bigint not null, primary key (joinedproject_id, member_id, role_id))
2023-11-26T17:02:29.256+01:00 DEBUG 4812 --- [           main] org.hibernate.SQL                        : create table projectrole (id bigint generated by default as identity, name varchar(255) unique, primary key (id))
2023-11-26T17:02:29.256+01:00 DEBUG 4812 --- [           main] org.hibernate.SQL                        : alter table if exists project add constraint FKgela6raf25bsa6thxog5x8lkv foreign key (owner_id) references projectmember
2023-11-26T17:02:29.256+01:00 DEBUG 4812 --- [           main] org.hibernate.SQL                        : alter table if exists projectmembership add constraint FKr5hoxnh9k5nutty4hon93c6fe foreign key (joinedproject_id) references project
2023-11-26T17:02:29.256+01:00 DEBUG 4812 --- [           main] org.hibernate.SQL                        : alter table if exists projectmembership add constraint FKt45jjcbtrrsgom05jwu0fje4b foreign key (member_id) references projectmember
2023-11-26T17:02:29.256+01:00 DEBUG 4812 --- [           main] org.hibernate.SQL                        : alter table if exists projectmembership add constraint FKfnovlarbluovef58uneoi1li1 foreign key (role_id) references projectrole
2023-11-26T17:02:29.260+01:00  INFO 4812 --- [           main] j.LocalContainerEntityManagerFactoryBean : Initialized JPA EntityManagerFactory for persistence unit 'default'
2023-11-26T17:02:29.312+01:00  WARN 4812 --- [           main] JpaBaseConfiguration$JpaWebConfiguration : spring.jpa.open-in-view is enabled by default. Therefore, database queries may be performed during view rendering. Explicitly configure spring.jpa.open-in-view to disable this warning
2023-11-26T17:02:29.392+01:00  INFO 4812 --- [           main] o.a.c.c.C.[Tomcat].[localhost].[/]       : Initializing Spring TestDispatcherServlet ''
2023-11-26T17:02:29.396+01:00  INFO 4812 --- [           main] o.s.t.web.servlet.TestDispatcherServlet  : Initializing Servlet ''
2023-11-26T17:02:29.396+01:00  INFO 4812 --- [           main] o.s.t.web.servlet.TestDispatcherServlet  : Completed initialization in 0 ms
2023-11-26T17:02:29.404+01:00  INFO 4812 --- [           main] o.s.b.w.embedded.tomcat.TomcatWebServer  : Tomcat started on port(s): 52535 (http) with context path ''
2023-11-26T17:02:29.408+01:00  INFO 4812 --- [           main] c.e.P.ProjectControllerTests             : Started ProjectControllerTests in 0.466 seconds (process running for 14.719)
2023-11-26T17:02:29.456+01:00 DEBUG 4812 --- [           main] org.hibernate.SQL                        : select p1_0.id,p1_0.email from projectmember p1_0 where p1_0.id=?
2023-11-26T17:02:29.460+01:00 DEBUG 4812 --- [           main] org.hibernate.SQL                        : SELECT * FROM project WHERE owner_id = ?
]]></system-out>
  </testcase>
</testsuite>